[0.073s] Invoking command in '/home/vincentspada/unitree_ws/build/realtime_tools': CMAKE_PREFIX_PATH=/opt/ros/humble:${CMAKE_PREFIX_PATH} /usr/bin/cmake --build /home/vincentspada/unitree_ws/build/realtime_tools -- -j4 -l4
[0.413s] [  9%] Built target thread_priority
[0.427s] [ 19%] Built target realtime_tools
[0.437s] [ 28%] Built target gmock_main
[0.453s] [ 42%] Built target gmock
[0.638s] [ 52%] Built target realtime_buffer_tests
[0.650s] [ 61%] Built target realtime_box_tests
[0.652s] [ 71%] Built target realtime_publisher_tests_non_polling
[0.690s] [ 80%] Built target realtime_clock_tests
[0.778s] [ 90%] Built target realtime_publisher_tests
[0.899s] [100%] Built target realtime_server_goal_handle_tests
[0.946s] Invoked command in '/home/vincentspada/unitree_ws/build/realtime_tools' returned '0': CMAKE_PREFIX_PATH=/opt/ros/humble:${CMAKE_PREFIX_PATH} /usr/bin/cmake --build /home/vincentspada/unitree_ws/build/realtime_tools -- -j4 -l4
[1.476s] Invoking command in '/home/vincentspada/unitree_ws/build/realtime_tools': CMAKE_PREFIX_PATH=/opt/ros/humble:${CMAKE_PREFIX_PATH} /usr/bin/cmake --install /home/vincentspada/unitree_ws/build/realtime_tools
[1.497s] -- Install configuration: ""
[1.499s] -- Up-to-date: /home/vincentspada/unitree_ws/install/realtime_tools/include/realtime_tools
[1.499s] -- Up-to-date: /home/vincentspada/unitree_ws/install/realtime_tools/include/realtime_tools/realtime_tools
[1.500s] -- Up-to-date: /home/vincentspada/unitree_ws/install/realtime_tools/include/realtime_tools/realtime_tools/realtime_publisher.h
[1.500s] -- Up-to-date: /home/vincentspada/unitree_ws/install/realtime_tools/include/realtime_tools/realtime_tools/realtime_server_goal_handle.h
[1.500s] -- Up-to-date: /home/vincentspada/unitree_ws/install/realtime_tools/include/realtime_tools/realtime_tools/realtime_box.h
[1.501s] -- Up-to-date: /home/vincentspada/unitree_ws/install/realtime_tools/include/realtime_tools/realtime_tools/thread_priority.hpp
[1.501s] -- Up-to-date: /home/vincentspada/unitree_ws/install/realtime_tools/include/realtime_tools/realtime_tools/realtime_clock.h
[1.502s] -- Up-to-date: /home/vincentspada/unitree_ws/install/realtime_tools/include/realtime_tools/realtime_tools/realtime_buffer.h
[1.503s] -- Up-to-date: /home/vincentspada/unitree_ws/install/realtime_tools/lib/librealtime_tools.so
[1.504s] -- Up-to-date: /home/vincentspada/unitree_ws/install/realtime_tools/lib/libthread_priority.so
[1.506s] -- Up-to-date: /home/vincentspada/unitree_ws/install/realtime_tools/share/realtime_tools/environment/library_path.sh
[1.507s] -- Up-to-date: /home/vincentspada/unitree_ws/install/realtime_tools/share/realtime_tools/environment/library_path.dsv
[1.507s] -- Up-to-date: /home/vincentspada/unitree_ws/install/realtime_tools/share/ament_index/resource_index/package_run_dependencies/realtime_tools
[1.507s] -- Up-to-date: /home/vincentspada/unitree_ws/install/realtime_tools/share/ament_index/resource_index/parent_prefix_path/realtime_tools
[1.507s] -- Up-to-date: /home/vincentspada/unitree_ws/install/realtime_tools/share/realtime_tools/environment/ament_prefix_path.sh
[1.512s] -- Up-to-date: /home/vincentspada/unitree_ws/install/realtime_tools/share/realtime_tools/environment/ament_prefix_path.dsv
[1.513s] -- Up-to-date: /home/vincentspada/unitree_ws/install/realtime_tools/share/realtime_tools/environment/path.sh
[1.513s] -- Up-to-date: /home/vincentspada/unitree_ws/install/realtime_tools/share/realtime_tools/environment/path.dsv
[1.513s] -- Up-to-date: /home/vincentspada/unitree_ws/install/realtime_tools/share/realtime_tools/local_setup.bash
[1.513s] -- Up-to-date: /home/vincentspada/unitree_ws/install/realtime_tools/share/realtime_tools/local_setup.sh
[1.514s] -- Up-to-date: /home/vincentspada/unitree_ws/install/realtime_tools/share/realtime_tools/local_setup.zsh
[1.514s] -- Up-to-date: /home/vincentspada/unitree_ws/install/realtime_tools/share/realtime_tools/local_setup.dsv
[1.514s] -- Installing: /home/vincentspada/unitree_ws/install/realtime_tools/share/realtime_tools/package.dsv
[1.514s] -- Up-to-date: /home/vincentspada/unitree_ws/install/realtime_tools/share/ament_index/resource_index/packages/realtime_tools
[1.515s] -- Up-to-date: /home/vincentspada/unitree_ws/install/realtime_tools/share/realtime_tools/cmake/export_realtime_toolsExport.cmake
[1.515s] -- Up-to-date: /home/vincentspada/unitree_ws/install/realtime_tools/share/realtime_tools/cmake/export_realtime_toolsExport-noconfig.cmake
[1.515s] -- Up-to-date: /home/vincentspada/unitree_ws/install/realtime_tools/share/realtime_tools/cmake/ament_cmake_export_targets-extras.cmake
[1.516s] -- Up-to-date: /home/vincentspada/unitree_ws/install/realtime_tools/share/realtime_tools/cmake/ament_cmake_export_dependencies-extras.cmake
[1.516s] -- Up-to-date: /home/vincentspada/unitree_ws/install/realtime_tools/share/realtime_tools/cmake/realtime_toolsConfig.cmake
[1.516s] -- Up-to-date: /home/vincentspada/unitree_ws/install/realtime_tools/share/realtime_tools/cmake/realtime_toolsConfig-version.cmake
[1.516s] -- Up-to-date: /home/vincentspada/unitree_ws/install/realtime_tools/share/realtime_tools/package.xml
[1.526s] Invoked command in '/home/vincentspada/unitree_ws/build/realtime_tools' returned '0': CMAKE_PREFIX_PATH=/opt/ros/humble:${CMAKE_PREFIX_PATH} /usr/bin/cmake --install /home/vincentspada/unitree_ws/build/realtime_tools
