[0.045s] Invoking command in '/home/vincentspada/unitree_ws/build/go1_description': /usr/bin/cmake /home/vincentspada/unitree_ws/src/robots/go1_description -DCATKIN_INSTALL_INTO_PREFIX_ROOT=0 -DCMAKE_INSTALL_PREFIX=/home/vincentspada/unitree_ws/install/go1_description
[0.219s] -- The C compiler identification is GNU 11.4.0
[0.428s] -- The CXX compiler identification is GNU 11.4.0
[0.437s] -- Detecting C compiler ABI info
[0.655s] -- Detecting C compiler ABI info - done
[0.677s] -- Check for working C compiler: /usr/bin/cc - skipped
[0.678s] -- Detecting C compile features
[0.679s] -- Detecting C compile features - done
[0.687s] -- Detecting CXX compiler ABI info
[0.968s] -- Detecting CXX compiler ABI info - done
[0.998s] -- Check for working CXX compiler: /usr/bin/c++ - skipped
[1.000s] -- Detecting CXX compile features
[1.003s] -- Detecting CXX compile features - done
[1.008s] -- Found ament_cmake: 1.3.5 (/opt/ros/humble/share/ament_cmake/cmake)
[1.448s] -- Found Python3: /usr/bin/python3.10 (found version "3.10.12") found components: Interpreter 
[1.646s] -- Found rclcpp: 16.0.5 (/opt/ros/humble/share/rclcpp/cmake)
[1.775s] -- Found rosidl_generator_c: 3.1.5 (/opt/ros/humble/share/rosidl_generator_c/cmake)
[1.788s] -- Found rosidl_adapter: 3.1.5 (/opt/ros/humble/share/rosidl_adapter/cmake)
[1.817s] -- Found rosidl_generator_cpp: 3.1.5 (/opt/ros/humble/share/rosidl_generator_cpp/cmake)
[1.851s] -- Using all available rosidl_typesupport_c: rosidl_typesupport_fastrtps_c;rosidl_typesupport_introspection_c
[1.904s] -- Using all available rosidl_typesupport_cpp: rosidl_typesupport_fastrtps_cpp;rosidl_typesupport_introspection_cpp
[2.124s] -- Found rmw_implementation_cmake: 6.1.1 (/opt/ros/humble/share/rmw_implementation_cmake/cmake)
[2.134s] -- Found rmw_fastrtps_cpp: 6.2.3 (/opt/ros/humble/share/rmw_fastrtps_cpp/cmake)
[2.519s] -- Found OpenSSL: /usr/lib/x86_64-linux-gnu/libcrypto.so (found version "3.0.2")  
[2.600s] -- Found FastRTPS: /opt/ros/humble/include  
[2.813s] -- Using RMW implementation 'rmw_fastrtps_cpp' as default
[2.856s] -- Looking for pthread.h
[3.319s] -- Looking for pthread.h - found
[3.319s] -- Performing Test CMAKE_HAVE_LIBC_PTHREAD
[3.700s] -- Performing Test CMAKE_HAVE_LIBC_PTHREAD - Success
[3.704s] -- Found Threads: TRUE  
[4.557s] -- Found tf2: 0.25.3 (/opt/ros/humble/share/tf2/cmake)
[4.844s] [31mCMake Error at /opt/ros/humble/share/ament_cmake_target_dependencies/cmake/ament_target_dependencies.cmake:42 (message):
[4.844s]   ament_target_dependencies() the first argument must be a valid target name
[4.845s] Call Stack (most recent call first):
[4.846s]   CMakeLists.txt:27 (ament_target_dependencies)
[4.848s] 
[4.850s] [0m
[4.850s] -- Configuring incomplete, errors occurred!
[4.851s] See also "/home/vincentspada/unitree_ws/build/go1_description/CMakeFiles/CMakeOutput.log".
[4.899s] Invoked command in '/home/vincentspada/unitree_ws/build/go1_description' returned '1': /usr/bin/cmake /home/vincentspada/unitree_ws/src/robots/go1_description -DCATKIN_INSTALL_INTO_PREFIX_ROOT=0 -DCMAKE_INSTALL_PREFIX=/home/vincentspada/unitree_ws/install/go1_description
