[0.112s] Invoking command in '/home/vincentspada/unitree_ws/build/joint_limits': CMAKE_PREFIX_PATH=/opt/ros/humble:${CMAKE_PREFIX_PATH} /usr/bin/cmake /home/vincentspada/unitree_ws/src/ros-controls/ros2_control/joint_limits -DCMAKE_INSTALL_PREFIX=/home/vincentspada/unitree_ws/install/joint_limits
[0.656s] -- The C compiler identification is GNU 11.4.0
[1.123s] -- The CXX compiler identification is GNU 11.4.0
[1.176s] -- Detecting C compiler ABI info
[1.805s] -- Detecting C compiler ABI info - done
[1.835s] -- Check for working C compiler: /usr/bin/cc - skipped
[1.836s] -- Detecting C compile features
[1.837s] -- Detecting C compile features - done
[1.854s] -- Detecting CXX compiler ABI info
[2.655s] -- Detecting CXX compiler ABI info - done
[2.736s] -- Check for working CXX compiler: /usr/bin/c++ - skipped
[2.737s] -- Detecting CXX compile features
[2.738s] -- Detecting CXX compile features - done
[2.753s] -- Found ament_cmake: 1.3.5 (/opt/ros/humble/share/ament_cmake/cmake)
[3.931s] -- Found Python3: /usr/bin/python3.10 (found version "3.10.12") found components: Interpreter 
[4.445s] -- Found rclcpp: 16.0.5 (/opt/ros/humble/share/rclcpp/cmake)
[4.698s] -- Found rosidl_generator_c: 3.1.5 (/opt/ros/humble/share/rosidl_generator_c/cmake)
[4.729s] -- Found rosidl_adapter: 3.1.5 (/opt/ros/humble/share/rosidl_adapter/cmake)
[4.753s] -- Found rosidl_generator_cpp: 3.1.5 (/opt/ros/humble/share/rosidl_generator_cpp/cmake)
[4.830s] -- Using all available rosidl_typesupport_c: rosidl_typesupport_fastrtps_c;rosidl_typesupport_introspection_c
[4.893s] -- Using all available rosidl_typesupport_cpp: rosidl_typesupport_fastrtps_cpp;rosidl_typesupport_introspection_cpp
[5.352s] -- Found rmw_implementation_cmake: 6.1.1 (/opt/ros/humble/share/rmw_implementation_cmake/cmake)
[5.362s] -- Found rmw_fastrtps_cpp: 6.2.3 (/opt/ros/humble/share/rmw_fastrtps_cpp/cmake)
[6.063s] -- Found OpenSSL: /usr/lib/x86_64-linux-gnu/libcrypto.so (found version "3.0.2")  
[6.327s] -- Found FastRTPS: /opt/ros/humble/include  
[6.648s] -- Using RMW implementation 'rmw_fastrtps_cpp' as default
[6.705s] -- Looking for pthread.h
[7.329s] -- Looking for pthread.h - found
[7.329s] -- Performing Test CMAKE_HAVE_LIBC_PTHREAD
[8.074s] -- Performing Test CMAKE_HAVE_LIBC_PTHREAD - Success
[8.074s] -- Found Threads: TRUE  
[9.486s] -- Found rclcpp_lifecycle: 16.0.5 (/opt/ros/humble/share/rclcpp_lifecycle/cmake)
[9.909s] -- Found ament_cmake_gtest: 1.3.5 (/opt/ros/humble/share/ament_cmake_gtest/cmake)
[9.912s] -- Found launch_testing_ament_cmake: 1.0.4 (/opt/ros/humble/share/launch_testing_ament_cmake/cmake)
[9.932s] -- Found python_cmake_module: 0.10.0 (/opt/ros/humble/share/python_cmake_module/cmake)
[10.094s] -- Found PythonInterp: /usr/bin/python3 (found suitable version "3.10.12", minimum required is "3.6") 
[10.134s] -- Found PythonLibs: /usr/lib/x86_64-linux-gnu/libpython3.10.so (found suitable version "3.10.12", minimum required is "3.5") 
[10.135s] -- Using PYTHON_EXECUTABLE: /usr/bin/python3
[10.139s] -- Using PYTHON_INCLUDE_DIRS: /usr/include/python3.10
[10.140s] -- Using PYTHON_LIBRARIES: /usr/lib/x86_64-linux-gnu/libpython3.10.so
[10.280s] -- Found PythonExtra: .so  
[10.292s] -- Found gtest sources under '/opt/ros/humble/src/gtest_vendor': C++ tests using 'Google Test' will be built
[10.713s] -- Configuring done
[10.834s] -- Generating done
[10.845s] -- Build files have been written to: /home/vincentspada/unitree_ws/build/joint_limits
[10.948s] Invoked command in '/home/vincentspada/unitree_ws/build/joint_limits' returned '0': CMAKE_PREFIX_PATH=/opt/ros/humble:${CMAKE_PREFIX_PATH} /usr/bin/cmake /home/vincentspada/unitree_ws/src/ros-controls/ros2_control/joint_limits -DCMAKE_INSTALL_PREFIX=/home/vincentspada/unitree_ws/install/joint_limits
[10.951s] Invoking command in '/home/vincentspada/unitree_ws/build/joint_limits': CMAKE_PREFIX_PATH=/opt/ros/humble:${CMAKE_PREFIX_PATH} /usr/bin/cmake --build /home/vincentspada/unitree_ws/build/joint_limits -- -j4 -l4
[11.337s] [ 16%] [32mBuilding CXX object gtest/CMakeFiles/gtest_main.dir/src/gtest_main.cc.o[0m
[15.358s] [ 33%] [32m[1mLinking CXX static library libgtest_main.a[0m
[15.660s] [ 33%] Built target gtest_main
[15.824s] [ 50%] [32mBuilding CXX object gtest/CMakeFiles/gtest.dir/src/gtest-all.cc.o[0m
[31.930s] [ 66%] [32m[1mLinking CXX static library libgtest.a[0m
[32.157s] [ 66%] Built target gtest
[32.213s] [ 83%] [32mBuilding CXX object CMakeFiles/joint_limits_rosparam_test.dir/test/joint_limits_rosparam_test.cpp.o[0m
[48.692s] [100%] [32m[1mLinking CXX executable joint_limits_rosparam_test[0m
[49.487s] [100%] Built target joint_limits_rosparam_test
[49.567s] Invoked command in '/home/vincentspada/unitree_ws/build/joint_limits' returned '0': CMAKE_PREFIX_PATH=/opt/ros/humble:${CMAKE_PREFIX_PATH} /usr/bin/cmake --build /home/vincentspada/unitree_ws/build/joint_limits -- -j4 -l4
[49.901s] Invoking command in '/home/vincentspada/unitree_ws/build/joint_limits': CMAKE_PREFIX_PATH=/opt/ros/humble:${CMAKE_PREFIX_PATH} /usr/bin/cmake --install /home/vincentspada/unitree_ws/build/joint_limits
[49.930s] -- Install configuration: ""
[49.931s] -- Installing: /home/vincentspada/unitree_ws/install/joint_limits/include
[49.932s] -- Installing: /home/vincentspada/unitree_ws/install/joint_limits/include/joint_limits
[49.932s] -- Installing: /home/vincentspada/unitree_ws/install/joint_limits/include/joint_limits/joint_limits.hpp
[49.933s] -- Installing: /home/vincentspada/unitree_ws/install/joint_limits/include/joint_limits/joint_limits_rosparam.hpp
[49.934s] -- Installing: /home/vincentspada/unitree_ws/install/joint_limits/lib/joint_limits/joint_limits_rosparam_test
[49.951s] -- Set runtime path of "/home/vincentspada/unitree_ws/install/joint_limits/lib/joint_limits/joint_limits_rosparam_test" to ""
[49.951s] -- Installing: /home/vincentspada/unitree_ws/install/joint_limits/share/joint_limits/test/joint_limits_rosparam.yaml
[49.952s] -- Installing: /home/vincentspada/unitree_ws/install/joint_limits/share/ament_index/resource_index/package_run_dependencies/joint_limits
[49.953s] -- Installing: /home/vincentspada/unitree_ws/install/joint_limits/share/ament_index/resource_index/parent_prefix_path/joint_limits
[49.954s] -- Installing: /home/vincentspada/unitree_ws/install/joint_limits/share/joint_limits/environment/ament_prefix_path.sh
[49.955s] -- Installing: /home/vincentspada/unitree_ws/install/joint_limits/share/joint_limits/environment/ament_prefix_path.dsv
[49.955s] -- Installing: /home/vincentspada/unitree_ws/install/joint_limits/share/joint_limits/environment/path.sh
[49.956s] -- Installing: /home/vincentspada/unitree_ws/install/joint_limits/share/joint_limits/environment/path.dsv
[49.957s] -- Installing: /home/vincentspada/unitree_ws/install/joint_limits/share/joint_limits/local_setup.bash
[49.958s] -- Installing: /home/vincentspada/unitree_ws/install/joint_limits/share/joint_limits/local_setup.sh
[49.958s] -- Installing: /home/vincentspada/unitree_ws/install/joint_limits/share/joint_limits/local_setup.zsh
[49.959s] -- Installing: /home/vincentspada/unitree_ws/install/joint_limits/share/joint_limits/local_setup.dsv
[49.960s] -- Installing: /home/vincentspada/unitree_ws/install/joint_limits/share/joint_limits/package.dsv
[49.961s] -- Installing: /home/vincentspada/unitree_ws/install/joint_limits/share/ament_index/resource_index/packages/joint_limits
[49.962s] -- Installing: /home/vincentspada/unitree_ws/install/joint_limits/share/joint_limits/cmake/ament_cmake_export_dependencies-extras.cmake
[49.962s] -- Installing: /home/vincentspada/unitree_ws/install/joint_limits/share/joint_limits/cmake/ament_cmake_export_include_directories-extras.cmake
[49.963s] -- Installing: /home/vincentspada/unitree_ws/install/joint_limits/share/joint_limits/cmake/joint_limitsConfig.cmake
[49.964s] -- Installing: /home/vincentspada/unitree_ws/install/joint_limits/share/joint_limits/cmake/joint_limitsConfig-version.cmake
[49.965s] -- Installing: /home/vincentspada/unitree_ws/install/joint_limits/share/joint_limits/package.xml
[49.974s] Invoked command in '/home/vincentspada/unitree_ws/build/joint_limits' returned '0': CMAKE_PREFIX_PATH=/opt/ros/humble:${CMAKE_PREFIX_PATH} /usr/bin/cmake --install /home/vincentspada/unitree_ws/build/joint_limits
