[  2%] [32mBuilding CXX object gmock/CMakeFiles/gmock.dir/opt/ros/humble/src/gtest_vendor/src/gtest-all.cc.o[0m
[  5%] [32mBuilding CXX object CMakeFiles/hardware_interface.dir/src/actuator.cpp.o[0m
[  7%] [32mBuilding CXX object gmock/CMakeFiles/gmock.dir/src/gmock-all.cc.o[0m
[ 10%] [32mBuilding CXX object gmock/CMakeFiles/gmock_main.dir/src/gmock_main.cc.o[0m
[ 12%] [32mBuilding CXX object CMakeFiles/hardware_interface.dir/src/component_parser.cpp.o[0m
[ 15%] [32m[1mLinking CXX static library libgmock_main.a[0m
[ 15%] Built target gmock_main
[ 17%] [32mBuilding CXX object CMakeFiles/hardware_interface.dir/src/resource_manager.cpp.o[0m
[ 20%] [32mBuilding CXX object CMakeFiles/hardware_interface.dir/src/sensor.cpp.o[0m
[ 23%] [32m[1mLinking CXX static library libgmock.a[0m
[ 23%] Built target gmock
[ 25%] [32mBuilding CXX object CMakeFiles/hardware_interface.dir/src/system.cpp.o[0m
[ 28%] [32m[1mLinking CXX shared library libhardware_interface.so[0m
[ 28%] Built target hardware_interface
[ 30%] [32mBuilding CXX object CMakeFiles/test_macros.dir/test/test_macros.cpp.o[0m
[ 33%] [32mBuilding CXX object CMakeFiles/test_inst_hardwares.dir/test/test_inst_hardwares.cpp.o[0m
[ 35%] [32mBuilding CXX object CMakeFiles/fake_components.dir/src/mock_components/generic_system.cpp.o[0m
[ 38%] [32m[1mLinking CXX executable test_macros[0m
[ 41%] [32mBuilding CXX object CMakeFiles/mock_components.dir/src/mock_components/generic_system.cpp.o[0m
[ 41%] Built target test_macros
[ 43%] [32mBuilding CXX object CMakeFiles/test_joint_handle.dir/test/test_handle.cpp.o[0m
[ 46%] [32m[1mLinking CXX executable test_inst_hardwares[0m
[ 46%] Built target test_inst_hardwares
[ 48%] [32mBuilding CXX object CMakeFiles/test_component_interfaces.dir/test/test_component_interfaces.cpp.o[0m
[ 51%] [32mBuilding CXX object CMakeFiles/fake_components.dir/src/mock_components/fake_generic_system.cpp.o[0m
[ 53%] [32m[1mLinking CXX executable test_joint_handle[0m
[ 56%] [32m[1mLinking CXX shared library libmock_components.so[0m
[ 56%] Built target test_joint_handle
[ 56%] Built target mock_components
[ 58%] [32mBuilding CXX object CMakeFiles/test_component_parser.dir/test/test_component_parser.cpp.o[0m
[ 61%] [32mBuilding CXX object CMakeFiles/test_components.dir/test/test_components/test_actuator.cpp.o[0m
[ 64%] [32m[1mLinking CXX shared library libfake_components.so[0m
[ 64%] Built target fake_components
[ 66%] [32mBuilding CXX object CMakeFiles/test_components.dir/test/test_components/test_sensor.cpp.o[0m
[ 69%] [32m[1mLinking CXX executable test_component_interfaces[0m
[ 71%] [32mBuilding CXX object CMakeFiles/test_components.dir/test/test_components/test_system.cpp.o[0m
[ 71%] Built target test_component_interfaces
[ 74%] [32m[1mLinking CXX executable test_component_parser[0m
[ 76%] [32m[1mLinking CXX shared library libtest_components.so[0m
[ 76%] Built target test_component_parser
[ 76%] Built target test_components
[ 79%] [32mBuilding CXX object CMakeFiles/test_generic_system.dir/test/mock_components/test_generic_system.cpp.o[0m
[ 82%] [32m[1mLinking CXX executable test_generic_system[0m
[ 82%] Built target test_generic_system
[ 84%] [32mBuilding CXX object CMakeFiles/test_resource_manager.dir/test/test_resource_manager.cpp.o[0m
[ 87%] [32m[1mLinking CXX executable test_resource_manager[0m
[ 87%] Built target test_resource_manager
[ 89%] [32mBuilding CXX object CMakeFiles/test_hardware_components.dir/test/test_hardware_components/test_single_joint_actuator.cpp.o[0m
[ 92%] [32mBuilding CXX object CMakeFiles/test_hardware_components.dir/test/test_hardware_components/test_system_with_command_modes.cpp.o[0m
[ 94%] [32mBuilding CXX object CMakeFiles/test_hardware_components.dir/test/test_hardware_components/test_two_joint_system.cpp.o[0m
[ 97%] [32mBuilding CXX object CMakeFiles/test_hardware_components.dir/test/test_hardware_components/test_force_torque_sensor.cpp.o[0m
[100%] [32m[1mLinking CXX shared library libtest_hardware_components.so[0m
[100%] Built target test_hardware_components
