[0.071s] Invoking command in '/home/vincentspada/unitree_ws/build/realtime_tools': CMAKE_PREFIX_PATH=/opt/ros/humble:${CMAKE_PREFIX_PATH} /usr/bin/cmake /home/vincentspada/unitree_ws/src/ros-controls/realtime_tools -DCMAKE_INSTALL_PREFIX=/home/vincentspada/unitree_ws/install/realtime_tools
[0.107s] -- Found ament_cmake: 1.3.5 (/opt/ros/humble/share/ament_cmake/cmake)
[0.657s] -- Found Python3: /usr/bin/python3.10 (found version "3.10.12") found components: Interpreter 
[0.903s] -- Found rclcpp: 16.0.5 (/opt/ros/humble/share/rclcpp/cmake)
[1.025s] -- Found rosidl_generator_c: 3.1.5 (/opt/ros/humble/share/rosidl_generator_c/cmake)
[1.041s] -- Found rosidl_adapter: 3.1.5 (/opt/ros/humble/share/rosidl_adapter/cmake)
[1.063s] -- Found rosidl_generator_cpp: 3.1.5 (/opt/ros/humble/share/rosidl_generator_cpp/cmake)
[1.148s] -- Using all available rosidl_typesupport_c: rosidl_typesupport_fastrtps_c;rosidl_typesupport_introspection_c
[1.264s] -- Using all available rosidl_typesupport_cpp: rosidl_typesupport_fastrtps_cpp;rosidl_typesupport_introspection_cpp
[1.509s] -- Found rmw_implementation_cmake: 6.1.1 (/opt/ros/humble/share/rmw_implementation_cmake/cmake)
[1.516s] -- Found rmw_fastrtps_cpp: 6.2.3 (/opt/ros/humble/share/rmw_fastrtps_cpp/cmake)
[1.792s] -- Found OpenSSL: /usr/lib/x86_64-linux-gnu/libcrypto.so (found version "3.0.2")  
[1.940s] -- Found FastRTPS: /opt/ros/humble/include  
[2.136s] -- Using RMW implementation 'rmw_fastrtps_cpp' as default
[2.180s] -- Looking for C++ include pthread.h
[2.548s] -- Looking for C++ include pthread.h - found
[2.548s] -- Performing Test CMAKE_HAVE_LIBC_PTHREAD
[2.888s] -- Performing Test CMAKE_HAVE_LIBC_PTHREAD - Success
[2.891s] -- Found Threads: TRUE  
[3.587s] -- Found rclcpp_action: 16.0.5 (/opt/ros/humble/share/rclcpp_action/cmake)
[3.906s] -- Found ament_cmake_gmock: 1.3.5 (/opt/ros/humble/share/ament_cmake_gmock/cmake)
[3.906s] -- Found test_msgs: 1.2.1 (/opt/ros/humble/share/test_msgs/cmake)
[4.193s] -- Found gmock sources under '/opt/ros/humble/src/gmock_vendor': C++ tests using 'Google Mock' will be built
[4.412s] -- The C compiler identification is GNU 11.4.0
[4.444s] -- Detecting C compiler ABI info
[4.808s] -- Detecting C compiler ABI info - done
[4.832s] -- Check for working C compiler: /usr/bin/cc - skipped
[4.833s] -- Detecting C compile features
[4.833s] -- Detecting C compile features - done
[4.852s] -- Found ament_cmake_gtest: 1.3.5 (/opt/ros/humble/share/ament_cmake_gtest/cmake)
[4.852s] -- Found gtest sources under '/opt/ros/humble/src/gtest_vendor': C++ tests using 'Google Test' will be built
[5.129s] -- Configuring done
[5.279s] -- Generating done
[5.296s] -- Build files have been written to: /home/vincentspada/unitree_ws/build/realtime_tools
[5.746s] Invoked command in '/home/vincentspada/unitree_ws/build/realtime_tools' returned '0': CMAKE_PREFIX_PATH=/opt/ros/humble:${CMAKE_PREFIX_PATH} /usr/bin/cmake /home/vincentspada/unitree_ws/src/ros-controls/realtime_tools -DCMAKE_INSTALL_PREFIX=/home/vincentspada/unitree_ws/install/realtime_tools
[5.748s] Invoking command in '/home/vincentspada/unitree_ws/build/realtime_tools': CMAKE_PREFIX_PATH=/opt/ros/humble:${CMAKE_PREFIX_PATH} /usr/bin/cmake --build /home/vincentspada/unitree_ws/build/realtime_tools -- -j4 -l4
[5.945s] [  4%] [32mBuilding CXX object CMakeFiles/thread_priority.dir/src/thread_priority.cpp.o[0m
[6.004s] [ 14%] [32mBuilding CXX object gmock/CMakeFiles/gmock.dir/opt/ros/humble/src/gtest_vendor/src/gtest-all.cc.o[0m
[6.021s] [ 19%] [32mBuilding CXX object CMakeFiles/realtime_tools.dir/src/realtime_clock.cpp.o[0m
[6.021s] [ 19%] [32mBuilding CXX object gmock/CMakeFiles/gmock_main.dir/src/gmock_main.cc.o[0m
[8.273s] [ 23%] [32m[1mLinking CXX shared library libthread_priority.so[0m
[8.902s] [ 23%] Built target thread_priority
[8.929s] [ 28%] [32mBuilding CXX object gmock/CMakeFiles/gmock.dir/src/gmock-all.cc.o[0m
[11.132s] [ 33%] [32m[1mLinking CXX shared library librealtime_tools.so[0m
[12.441s] [ 33%] Built target realtime_tools
[15.950s] [ 38%] [32m[1mLinking CXX static library libgmock_main.a[0m
[16.400s] [ 38%] Built target gmock_main
[31.032s] [ 42%] [32m[1mLinking CXX static library libgmock.a[0m
[31.728s] [ 42%] Built target gmock
[31.891s] [ 47%] [32mBuilding CXX object CMakeFiles/realtime_box_tests.dir/test/realtime_box_tests.cpp.o[0m
[41.664s] [ 52%] [32m[1mLinking CXX executable realtime_box_tests[0m
[42.853s] [ 52%] Built target realtime_box_tests
[43.021s] [ 57%] [32mBuilding CXX object CMakeFiles/realtime_publisher_tests_non_polling.dir/test/realtime_publisher_tests_non_polling.cpp.o[0m
[77.960s] [ 61%] [32m[1mLinking CXX executable realtime_publisher_tests_non_polling[0m
[80.034s] [ 61%] Built target realtime_publisher_tests_non_polling
[80.094s] [ 66%] [32mBuilding CXX object CMakeFiles/realtime_publisher_tests.dir/test/realtime_publisher_tests.cpp.o[0m
[111.513s] [ 71%] [32m[1mLinking CXX executable realtime_publisher_tests[0m
[113.935s] [ 71%] Built target realtime_publisher_tests
[114.043s] [ 76%] [32mBuilding CXX object CMakeFiles/realtime_server_goal_handle_tests.dir/test/realtime_server_goal_handle_tests.cpp.o[0m
[123.539s] [01m[K/home/vincentspada/unitree_ws/src/ros-controls/realtime_tools/test/realtime_server_goal_handle_tests.cpp:[m[K In function ‘[01m[Kstd::shared_ptr<rclcpp_action::ClientGoalHandle<test_msgs::action::Fibonacci> > send_goal(rclcpp::Node::SharedPtr, std::shared_ptr<rclcpp_action::Client<test_msgs::action::Fibonacci> >, const string&, ActionClientCallbacks&)[m[K’:
[123.539s] [01m[K/home/vincentspada/unitree_ws/src/ros-controls/realtime_tools/test/realtime_server_goal_handle_tests.cpp:127:23:[m[K [01;35m[Kwarning: [m[Kunused parameter ‘[01m[Kserver_name[m[K’ [[01;35m[K]8;;https://gcc.gnu.org/onlinedocs/gcc/Warning-Options.html#index-Wunused-parameter-Wunused-parameter]8;;[m[K]
[123.540s]   127 |   [01;35m[Kconst std::string & server_name[m[K, ActionClientCallbacks & client_callbacks)
[123.540s]       |   [01;35m[K~~~~~~~~~~~~~~~~~~~~^~~~~~~~~~~[m[K
[124.827s] In file included from [01m[K/opt/ros/humble/src/gmock_vendor/include/gmock/internal/gmock-internal-utils.h:47[m[K,
[124.828s]                  from [01m[K/opt/ros/humble/src/gmock_vendor/include/gmock/gmock-actions.h:51[m[K,
[124.828s]                  from [01m[K/opt/ros/humble/src/gmock_vendor/include/gmock/gmock.h:59[m[K,
[124.828s]                  from [01m[K/home/vincentspada/unitree_ws/src/ros-controls/realtime_tools/test/realtime_server_goal_handle_tests.cpp:29[m[K:
[124.829s] /opt/ros/humble/src/gtest_vendor/include/gtest/gtest.h: In instantiation of ‘[01m[Ktesting::AssertionResult testing::internal::CmpHelperEQ(const char*, const char*, const T1&, const T2&) [with T1 = int; T2 = long unsigned int][m[K’:
[124.829s] [01m[K/opt/ros/humble/src/gtest_vendor/include/gtest/gtest.h:1554:23:[m[K   required from ‘[01m[Kstatic testing::AssertionResult testing::internal::EqHelper::Compare(const char*, const char*, const T1&, const T2&) [with T1 = int; T2 = long unsigned int; typename std::enable_if<((! std::is_integral<_Tp>::value) || (! std::is_pointer<_Dp>::value))>::type* <anonymous> = 0][m[K’
[124.829s] [01m[K/home/vincentspada/unitree_ws/src/ros-controls/realtime_tools/test/realtime_server_goal_handle_tests.cpp:203:3:[m[K   required from here
[124.829s] [01m[K/opt/ros/humble/src/gtest_vendor/include/gtest/gtest.h:1527:11:[m[K [01;35m[Kwarning: [m[Kcomparison of integer expressions of different signedness: ‘[01m[Kconst int[m[K’ and ‘[01m[Kconst long unsigned int[m[K’ [[01;35m[K]8;;https://gcc.gnu.org/onlinedocs/gcc/Warning-Options.html#index-Wsign-compare-Wsign-compare]8;;[m[K]
[124.829s]  1527 |   if ([01;35m[Klhs == rhs[m[K) {
[124.830s]       |       [01;35m[K~~~~^~~~~~[m[K
[132.205s] [ 80%] [32m[1mLinking CXX executable realtime_server_goal_handle_tests[0m
[133.527s] [ 80%] Built target realtime_server_goal_handle_tests
[133.593s] [ 85%] [32mBuilding CXX object CMakeFiles/realtime_clock_tests.dir/test/realtime_clock_tests.cpp.o[0m
[138.490s] [ 90%] [32m[1mLinking CXX executable realtime_clock_tests[0m
[139.083s] [ 90%] Built target realtime_clock_tests
[139.130s] [ 95%] [32mBuilding CXX object CMakeFiles/realtime_buffer_tests.dir/test/realtime_buffer_tests.cpp.o[0m
[143.519s] [100%] [32m[1mLinking CXX executable realtime_buffer_tests[0m
[144.178s] [100%] Built target realtime_buffer_tests
