[0.556s] Invoking command in '/home/vincentspada/unitree_ws/build/kinematics_interface': CMAKE_PREFIX_PATH=/opt/ros/humble:${CMAKE_PREFIX_PATH} /usr/bin/cmake --build /home/vincentspada/unitree_ws/build/kinematics_interface -- -j4 -l4
[0.645s] Invoked command in '/home/vincentspada/unitree_ws/build/kinematics_interface' returned '0': CMAKE_PREFIX_PATH=/opt/ros/humble:${CMAKE_PREFIX_PATH} /usr/bin/cmake --build /home/vincentspada/unitree_ws/build/kinematics_interface -- -j4 -l4
[0.702s] Invoking command in '/home/vincentspada/unitree_ws/build/kinematics_interface': CMAKE_PREFIX_PATH=/opt/ros/humble:${CMAKE_PREFIX_PATH} /usr/bin/cmake --install /home/vincentspada/unitree_ws/build/kinematics_interface
[0.726s] -- Install configuration: ""
[0.728s] -- Up-to-date: /home/vincentspada/unitree_ws/install/kinematics_interface/include/kinematics_interface
[0.730s] -- Up-to-date: /home/vincentspada/unitree_ws/install/kinematics_interface/include/kinematics_interface/kinematics_interface
[0.733s] -- Up-to-date: /home/vincentspada/unitree_ws/install/kinematics_interface/include/kinematics_interface/kinematics_interface/visibility_control.h
[0.735s] -- Up-to-date: /home/vincentspada/unitree_ws/install/kinematics_interface/include/kinematics_interface/kinematics_interface/kinematics_interface.hpp
[0.737s] -- Up-to-date: /home/vincentspada/unitree_ws/install/kinematics_interface/share/kinematics_interface/environment/library_path.sh
[0.738s] -- Up-to-date: /home/vincentspada/unitree_ws/install/kinematics_interface/share/kinematics_interface/environment/library_path.dsv
[0.740s] -- Up-to-date: /home/vincentspada/unitree_ws/install/kinematics_interface/share/ament_index/resource_index/package_run_dependencies/kinematics_interface
[0.742s] -- Up-to-date: /home/vincentspada/unitree_ws/install/kinematics_interface/share/ament_index/resource_index/parent_prefix_path/kinematics_interface
[0.743s] -- Up-to-date: /home/vincentspada/unitree_ws/install/kinematics_interface/share/kinematics_interface/environment/ament_prefix_path.sh
[0.743s] -- Up-to-date: /home/vincentspada/unitree_ws/install/kinematics_interface/share/kinematics_interface/environment/ament_prefix_path.dsv
[0.743s] -- Up-to-date: /home/vincentspada/unitree_ws/install/kinematics_interface/share/kinematics_interface/environment/path.sh
[0.743s] -- Up-to-date: /home/vincentspada/unitree_ws/install/kinematics_interface/share/kinematics_interface/environment/path.dsv
[0.743s] -- Up-to-date: /home/vincentspada/unitree_ws/install/kinematics_interface/share/kinematics_interface/local_setup.bash
[0.743s] -- Up-to-date: /home/vincentspada/unitree_ws/install/kinematics_interface/share/kinematics_interface/local_setup.sh
[0.744s] -- Up-to-date: /home/vincentspada/unitree_ws/install/kinematics_interface/share/kinematics_interface/local_setup.zsh
[0.744s] -- Up-to-date: /home/vincentspada/unitree_ws/install/kinematics_interface/share/kinematics_interface/local_setup.dsv
[0.744s] -- Installing: /home/vincentspada/unitree_ws/install/kinematics_interface/share/kinematics_interface/package.dsv
[0.744s] -- Up-to-date: /home/vincentspada/unitree_ws/install/kinematics_interface/share/ament_index/resource_index/packages/kinematics_interface
[0.744s] -- Up-to-date: /home/vincentspada/unitree_ws/install/kinematics_interface/share/kinematics_interface/cmake/export_kinematics_interfaceExport.cmake
[0.744s] -- Up-to-date: /home/vincentspada/unitree_ws/install/kinematics_interface/share/kinematics_interface/cmake/ament_cmake_export_targets-extras.cmake
[0.745s] -- Up-to-date: /home/vincentspada/unitree_ws/install/kinematics_interface/share/kinematics_interface/cmake/ament_cmake_export_dependencies-extras.cmake
[0.745s] -- Up-to-date: /home/vincentspada/unitree_ws/install/kinematics_interface/share/kinematics_interface/cmake/kinematics_interfaceConfig.cmake
[0.745s] -- Up-to-date: /home/vincentspada/unitree_ws/install/kinematics_interface/share/kinematics_interface/cmake/kinematics_interfaceConfig-version.cmake
[0.745s] -- Up-to-date: /home/vincentspada/unitree_ws/install/kinematics_interface/share/kinematics_interface/package.xml
[0.746s] Invoked command in '/home/vincentspada/unitree_ws/build/kinematics_interface' returned '0': CMAKE_PREFIX_PATH=/opt/ros/humble:${CMAKE_PREFIX_PATH} /usr/bin/cmake --install /home/vincentspada/unitree_ws/build/kinematics_interface
