[0.093s] Invoking command in '/home/vincentspada/unitree_ws/build/joint_limits': CMAKE_PREFIX_PATH=/opt/ros/humble:${CMAKE_PREFIX_PATH} /usr/bin/cmake --build /home/vincentspada/unitree_ws/build/joint_limits -- -j4 -l4
[0.280s] [ 33%] Built target gtest_main
[0.295s] [ 66%] Built target gtest
[0.383s] [100%] Built target joint_limits_rosparam_test
[0.409s] Invoked command in '/home/vincentspada/unitree_ws/build/joint_limits' returned '0': CMAKE_PREFIX_PATH=/opt/ros/humble:${CMAKE_PREFIX_PATH} /usr/bin/cmake --build /home/vincentspada/unitree_ws/build/joint_limits -- -j4 -l4
[0.489s] Invoking command in '/home/vincentspada/unitree_ws/build/joint_limits': CMAKE_PREFIX_PATH=/opt/ros/humble:${CMAKE_PREFIX_PATH} /usr/bin/cmake --install /home/vincentspada/unitree_ws/build/joint_limits
[0.513s] -- Install configuration: ""
[0.514s] -- Up-to-date: /home/vincentspada/unitree_ws/install/joint_limits/include
[0.514s] -- Up-to-date: /home/vincentspada/unitree_ws/install/joint_limits/include/joint_limits
[0.514s] -- Up-to-date: /home/vincentspada/unitree_ws/install/joint_limits/include/joint_limits/joint_limits.hpp
[0.514s] -- Up-to-date: /home/vincentspada/unitree_ws/install/joint_limits/include/joint_limits/joint_limits_rosparam.hpp
[0.514s] -- Up-to-date: /home/vincentspada/unitree_ws/install/joint_limits/lib/joint_limits/joint_limits_rosparam_test
[0.515s] -- Up-to-date: /home/vincentspada/unitree_ws/install/joint_limits/share/joint_limits/test/joint_limits_rosparam.yaml
[0.515s] -- Up-to-date: /home/vincentspada/unitree_ws/install/joint_limits/share/ament_index/resource_index/package_run_dependencies/joint_limits
[0.515s] -- Up-to-date: /home/vincentspada/unitree_ws/install/joint_limits/share/ament_index/resource_index/parent_prefix_path/joint_limits
[0.515s] -- Up-to-date: /home/vincentspada/unitree_ws/install/joint_limits/share/joint_limits/environment/ament_prefix_path.sh
[0.515s] -- Up-to-date: /home/vincentspada/unitree_ws/install/joint_limits/share/joint_limits/environment/ament_prefix_path.dsv
[0.515s] -- Up-to-date: /home/vincentspada/unitree_ws/install/joint_limits/share/joint_limits/environment/path.sh
[0.515s] -- Up-to-date: /home/vincentspada/unitree_ws/install/joint_limits/share/joint_limits/environment/path.dsv
[0.515s] -- Up-to-date: /home/vincentspada/unitree_ws/install/joint_limits/share/joint_limits/local_setup.bash
[0.516s] -- Up-to-date: /home/vincentspada/unitree_ws/install/joint_limits/share/joint_limits/local_setup.sh
[0.516s] -- Up-to-date: /home/vincentspada/unitree_ws/install/joint_limits/share/joint_limits/local_setup.zsh
[0.516s] -- Up-to-date: /home/vincentspada/unitree_ws/install/joint_limits/share/joint_limits/local_setup.dsv
[0.522s] -- Installing: /home/vincentspada/unitree_ws/install/joint_limits/share/joint_limits/package.dsv
[0.522s] -- Up-to-date: /home/vincentspada/unitree_ws/install/joint_limits/share/ament_index/resource_index/packages/joint_limits
[0.523s] -- Up-to-date: /home/vincentspada/unitree_ws/install/joint_limits/share/joint_limits/cmake/ament_cmake_export_dependencies-extras.cmake
[0.523s] -- Up-to-date: /home/vincentspada/unitree_ws/install/joint_limits/share/joint_limits/cmake/ament_cmake_export_include_directories-extras.cmake
[0.524s] -- Up-to-date: /home/vincentspada/unitree_ws/install/joint_limits/share/joint_limits/cmake/joint_limitsConfig.cmake
[0.524s] -- Up-to-date: /home/vincentspada/unitree_ws/install/joint_limits/share/joint_limits/cmake/joint_limitsConfig-version.cmake
[0.524s] -- Up-to-date: /home/vincentspada/unitree_ws/install/joint_limits/share/joint_limits/package.xml
[0.536s] Invoked command in '/home/vincentspada/unitree_ws/build/joint_limits' returned '0': CMAKE_PREFIX_PATH=/opt/ros/humble:${CMAKE_PREFIX_PATH} /usr/bin/cmake --install /home/vincentspada/unitree_ws/build/joint_limits
