[0.067s] Invoking command in '/home/vincentspada/unitree_ws/build/go1_description': /usr/bin/cmake /home/vincentspada/unitree_ws/src/robots/go1_description -DCATKIN_INSTALL_INTO_PREFIX_ROOT=0 -DCMAKE_INSTALL_PREFIX=/home/vincentspada/unitree_ws/install/go1_description
[0.189s] -- Found ament_cmake: 1.3.5 (/opt/ros/humble/share/ament_cmake/cmake)
[0.602s] -- Found rclcpp: 16.0.5 (/opt/ros/humble/share/rclcpp/cmake)
[0.677s] -- Found rosidl_generator_c: 3.1.5 (/opt/ros/humble/share/rosidl_generator_c/cmake)
[0.683s] -- Found rosidl_adapter: 3.1.5 (/opt/ros/humble/share/rosidl_adapter/cmake)
[0.697s] -- Found rosidl_generator_cpp: 3.1.5 (/opt/ros/humble/share/rosidl_generator_cpp/cmake)
[0.729s] -- Using all available rosidl_typesupport_c: rosidl_typesupport_fastrtps_c;rosidl_typesupport_introspection_c
[0.781s] -- Using all available rosidl_typesupport_cpp: rosidl_typesupport_fastrtps_cpp;rosidl_typesupport_introspection_cpp
[0.954s] -- Found rmw_implementation_cmake: 6.1.1 (/opt/ros/humble/share/rmw_implementation_cmake/cmake)
[0.958s] -- Found rmw_fastrtps_cpp: 6.2.3 (/opt/ros/humble/share/rmw_fastrtps_cpp/cmake)
[1.255s] -- Using RMW implementation 'rmw_fastrtps_cpp' as default
[1.574s] -- Found tf2: 0.25.3 (/opt/ros/humble/share/tf2/cmake)
[1.835s] -- Configuring done
[1.842s] [31mCMake Error at CMakeLists.txt:24 (add_executable):
[1.843s]   Cannot find source file:
[1.843s] 
[1.844s]     src/go1_description_node.cpp
[1.844s] 
[1.844s]   Tried extensions .c .C .c++ .cc .cpp .cxx .cu .mpp .m .M .mm .ixx .cppm .h
[1.845s]   .hh .h++ .hm .hpp .hxx .in .txx .f .F .for .f77 .f90 .f95 .f03 .hip .ispc
[1.845s] 
[1.845s] [0m
[1.846s] [31mCMake Error at CMakeLists.txt:24 (add_executable):
[1.846s]   No SOURCES given to target: go1_description_node
[1.846s] 
[1.846s] [0m
[1.846s] [0mCMake Generate step failed.  Build files cannot be regenerated correctly.[0m
[1.877s] Invoked command in '/home/vincentspada/unitree_ws/build/go1_description' returned '1': /usr/bin/cmake /home/vincentspada/unitree_ws/src/robots/go1_description -DCATKIN_INSTALL_INTO_PREFIX_ROOT=0 -DCMAKE_INSTALL_PREFIX=/home/vincentspada/unitree_ws/install/go1_description
