[0.070s] Invoking command in '/home/vincentspada/unitree_ws/build/control_msgs': CMAKE_PREFIX_PATH=/opt/ros/humble:${CMAKE_PREFIX_PATH} /usr/bin/cmake --build /home/vincentspada/unitree_ws/build/control_msgs -- -j4 -l4
[0.633s] [  0%] Built target control_msgs__cpp
[0.636s] [  0%] Built target ament_cmake_python_copy_control_msgs
[0.709s] [ 12%] Built target control_msgs__rosidl_generator_c
[0.916s] [ 24%] Built target control_msgs__rosidl_typesupport_cpp
[1.015s] [ 36%] Built target control_msgs__rosidl_typesupport_fastrtps_cpp
[1.024s] [ 48%] Built target control_msgs__rosidl_typesupport_introspection_cpp
[1.156s] [ 60%] Built target control_msgs__rosidl_typesupport_fastrtps_c
[1.181s] [ 72%] Built target control_msgs__rosidl_typesupport_introspection_c
[1.223s] [ 84%] Built target control_msgs__rosidl_typesupport_c
[1.311s] [ 84%] Built target control_msgs
[1.411s] [ 85%] Built target control_msgs__py
[1.646s] [ 96%] Built target control_msgs__rosidl_generator_py
[1.791s] [ 98%] Built target control_msgs__rosidl_typesupport_introspection_c__pyext
[1.793s] [ 99%] Built target control_msgs__rosidl_typesupport_fastrtps_c__pyext
[1.821s] [100%] Built target control_msgs__rosidl_typesupport_c__pyext
[2.036s] running egg_info
[2.039s] writing control_msgs.egg-info/PKG-INFO
[2.041s] writing dependency_links to control_msgs.egg-info/dependency_links.txt
[2.041s] writing top-level names to control_msgs.egg-info/top_level.txt
[2.049s] reading manifest file 'control_msgs.egg-info/SOURCES.txt'
[2.051s] writing manifest file 'control_msgs.egg-info/SOURCES.txt'
[2.112s] [100%] Built target ament_cmake_python_build_control_msgs_egg
[2.450s] Invoked command in '/home/vincentspada/unitree_ws/build/control_msgs' returned '0': CMAKE_PREFIX_PATH=/opt/ros/humble:${CMAKE_PREFIX_PATH} /usr/bin/cmake --build /home/vincentspada/unitree_ws/build/control_msgs -- -j4 -l4
[4.269s] Invoking command in '/home/vincentspada/unitree_ws/build/control_msgs': CMAKE_PREFIX_PATH=/opt/ros/humble:${CMAKE_PREFIX_PATH} /usr/bin/cmake --install /home/vincentspada/unitree_ws/build/control_msgs
[4.286s] -- Install configuration: ""
[4.287s] -- Up-to-date: /home/vincentspada/unitree_ws/install/control_msgs/share/ament_index/resource_index/rosidl_interfaces/control_msgs
[4.288s] -- Up-to-date: /home/vincentspada/unitree_ws/install/control_msgs/include/control_msgs/control_msgs
[4.288s] -- Up-to-date: /home/vincentspada/unitree_ws/install/control_msgs/include/control_msgs/control_msgs/action
[4.288s] -- Up-to-date: /home/vincentspada/unitree_ws/install/control_msgs/include/control_msgs/control_msgs/action/joint_trajectory.h
[4.288s] -- Up-to-date: /home/vincentspada/unitree_ws/install/control_msgs/include/control_msgs/control_msgs/action/single_joint_position.h
[4.288s] -- Up-to-date: /home/vincentspada/unitree_ws/install/control_msgs/include/control_msgs/control_msgs/action/follow_joint_trajectory.h
[4.307s] -- Up-to-date: /home/vincentspada/unitree_ws/install/control_msgs/include/control_msgs/control_msgs/action/detail
[4.308s] -- Up-to-date: /home/vincentspada/unitree_ws/install/control_msgs/include/control_msgs/control_msgs/action/detail/gripper_command__functions.h
[4.308s] -- Up-to-date: /home/vincentspada/unitree_ws/install/control_msgs/include/control_msgs/control_msgs/action/detail/follow_joint_trajectory__functions.h
[4.308s] -- Up-to-date: /home/vincentspada/unitree_ws/install/control_msgs/include/control_msgs/control_msgs/action/detail/joint_trajectory__type_support.h
[4.308s] -- Up-to-date: /home/vincentspada/unitree_ws/install/control_msgs/include/control_msgs/control_msgs/action/detail/gripper_command__type_support.h
[4.308s] -- Up-to-date: /home/vincentspada/unitree_ws/install/control_msgs/include/control_msgs/control_msgs/action/detail/follow_joint_trajectory__type_support.h
[4.309s] -- Up-to-date: /home/vincentspada/unitree_ws/install/control_msgs/include/control_msgs/control_msgs/action/detail/point_head__struct.h
[4.309s] -- Up-to-date: /home/vincentspada/unitree_ws/install/control_msgs/include/control_msgs/control_msgs/action/detail/joint_trajectory__functions.h
[4.309s] -- Up-to-date: /home/vincentspada/unitree_ws/install/control_msgs/include/control_msgs/control_msgs/action/detail/follow_joint_trajectory__struct.h
[4.309s] -- Up-to-date: /home/vincentspada/unitree_ws/install/control_msgs/include/control_msgs/control_msgs/action/detail/point_head__functions.h
[4.310s] -- Up-to-date: /home/vincentspada/unitree_ws/install/control_msgs/include/control_msgs/control_msgs/action/detail/joint_trajectory__struct.h
[4.310s] -- Up-to-date: /home/vincentspada/unitree_ws/install/control_msgs/include/control_msgs/control_msgs/action/detail/single_joint_position__type_support.h
[4.310s] -- Up-to-date: /home/vincentspada/unitree_ws/install/control_msgs/include/control_msgs/control_msgs/action/detail/single_joint_position__functions.h
[4.311s] -- Up-to-date: /home/vincentspada/unitree_ws/install/control_msgs/include/control_msgs/control_msgs/action/detail/point_head__type_support.h
[4.311s] -- Up-to-date: /home/vincentspada/unitree_ws/install/control_msgs/include/control_msgs/control_msgs/action/detail/gripper_command__struct.h
[4.311s] -- Up-to-date: /home/vincentspada/unitree_ws/install/control_msgs/include/control_msgs/control_msgs/action/detail/point_head__functions.c
[4.312s] -- Up-to-date: /home/vincentspada/unitree_ws/install/control_msgs/include/control_msgs/control_msgs/action/detail/follow_joint_trajectory__functions.c
[4.312s] -- Up-to-date: /home/vincentspada/unitree_ws/install/control_msgs/include/control_msgs/control_msgs/action/detail/gripper_command__functions.c
[4.312s] -- Up-to-date: /home/vincentspada/unitree_ws/install/control_msgs/include/control_msgs/control_msgs/action/detail/single_joint_position__struct.h
[4.312s] -- Up-to-date: /home/vincentspada/unitree_ws/install/control_msgs/include/control_msgs/control_msgs/action/detail/single_joint_position__functions.c
[4.312s] -- Up-to-date: /home/vincentspada/unitree_ws/install/control_msgs/include/control_msgs/control_msgs/action/detail/joint_trajectory__functions.c
[4.313s] -- Up-to-date: /home/vincentspada/unitree_ws/install/control_msgs/include/control_msgs/control_msgs/action/gripper_command.h
[4.313s] -- Up-to-date: /home/vincentspada/unitree_ws/install/control_msgs/include/control_msgs/control_msgs/action/point_head.h
[4.315s] -- Up-to-date: /home/vincentspada/unitree_ws/install/control_msgs/include/control_msgs/control_msgs/srv
[4.316s] -- Up-to-date: /home/vincentspada/unitree_ws/install/control_msgs/include/control_msgs/control_msgs/srv/query_calibration_state.h
[4.316s] -- Up-to-date: /home/vincentspada/unitree_ws/install/control_msgs/include/control_msgs/control_msgs/srv/query_trajectory_state.h
[4.316s] -- Up-to-date: /home/vincentspada/unitree_ws/install/control_msgs/include/control_msgs/control_msgs/srv/detail
[4.316s] -- Up-to-date: /home/vincentspada/unitree_ws/install/control_msgs/include/control_msgs/control_msgs/srv/detail/query_calibration_state__struct.h
[4.316s] -- Up-to-date: /home/vincentspada/unitree_ws/install/control_msgs/include/control_msgs/control_msgs/srv/detail/query_calibration_state__functions.c
[4.317s] -- Up-to-date: /home/vincentspada/unitree_ws/install/control_msgs/include/control_msgs/control_msgs/srv/detail/query_trajectory_state__struct.h
[4.317s] -- Up-to-date: /home/vincentspada/unitree_ws/install/control_msgs/include/control_msgs/control_msgs/srv/detail/query_calibration_state__type_support.h
[4.317s] -- Up-to-date: /home/vincentspada/unitree_ws/install/control_msgs/include/control_msgs/control_msgs/srv/detail/query_trajectory_state__functions.c
[4.317s] -- Up-to-date: /home/vincentspada/unitree_ws/install/control_msgs/include/control_msgs/control_msgs/srv/detail/query_trajectory_state__type_support.h
[4.318s] -- Up-to-date: /home/vincentspada/unitree_ws/install/control_msgs/include/control_msgs/control_msgs/srv/detail/query_calibration_state__functions.h
[4.318s] -- Up-to-date: /home/vincentspada/unitree_ws/install/control_msgs/include/control_msgs/control_msgs/srv/detail/query_trajectory_state__functions.h
[4.318s] -- Up-to-date: /home/vincentspada/unitree_ws/install/control_msgs/include/control_msgs/control_msgs/msg
[4.318s] -- Up-to-date: /home/vincentspada/unitree_ws/install/control_msgs/include/control_msgs/control_msgs/msg/joint_trajectory_controller_state.h
[4.318s] -- Up-to-date: /home/vincentspada/unitree_ws/install/control_msgs/include/control_msgs/control_msgs/msg/joint_tolerance.h
[4.319s] -- Up-to-date: /home/vincentspada/unitree_ws/install/control_msgs/include/control_msgs/control_msgs/msg/joint_component_tolerance.h
[4.319s] -- Up-to-date: /home/vincentspada/unitree_ws/install/control_msgs/include/control_msgs/control_msgs/msg/joint_controller_state.h
[4.319s] -- Up-to-date: /home/vincentspada/unitree_ws/install/control_msgs/include/control_msgs/control_msgs/msg/rosidl_generator_c__visibility_control.h
[4.319s] -- Up-to-date: /home/vincentspada/unitree_ws/install/control_msgs/include/control_msgs/control_msgs/msg/dynamic_joint_state.h
[4.319s] -- Up-to-date: /home/vincentspada/unitree_ws/install/control_msgs/include/control_msgs/control_msgs/msg/admittance_controller_state.h
[4.319s] -- Up-to-date: /home/vincentspada/unitree_ws/install/control_msgs/include/control_msgs/control_msgs/msg/joint_jog.h
[4.320s] -- Up-to-date: /home/vincentspada/unitree_ws/install/control_msgs/include/control_msgs/control_msgs/msg/mecanum_drive_controller_state.h
[4.320s] -- Up-to-date: /home/vincentspada/unitree_ws/install/control_msgs/include/control_msgs/control_msgs/msg/pid_state.h
[4.320s] -- Up-to-date: /home/vincentspada/unitree_ws/install/control_msgs/include/control_msgs/control_msgs/msg/detail
[4.320s] -- Up-to-date: /home/vincentspada/unitree_ws/install/control_msgs/include/control_msgs/control_msgs/msg/detail/dynamic_joint_state__functions.c
[4.320s] -- Up-to-date: /home/vincentspada/unitree_ws/install/control_msgs/include/control_msgs/control_msgs/msg/detail/joint_tolerance__functions.c
[4.320s] -- Up-to-date: /home/vincentspada/unitree_ws/install/control_msgs/include/control_msgs/control_msgs/msg/detail/joint_controller_state__struct.h
[4.320s] -- Up-to-date: /home/vincentspada/unitree_ws/install/control_msgs/include/control_msgs/control_msgs/msg/detail/gripper_command__functions.h
[4.321s] -- Up-to-date: /home/vincentspada/unitree_ws/install/control_msgs/include/control_msgs/control_msgs/msg/detail/steering_controller_status__functions.c
[4.321s] -- Up-to-date: /home/vincentspada/unitree_ws/install/control_msgs/include/control_msgs/control_msgs/msg/detail/interface_value__type_support.h
[4.321s] -- Up-to-date: /home/vincentspada/unitree_ws/install/control_msgs/include/control_msgs/control_msgs/msg/detail/admittance_controller_state__type_support.h
[4.322s] -- Up-to-date: /home/vincentspada/unitree_ws/install/control_msgs/include/control_msgs/control_msgs/msg/detail/joint_component_tolerance__functions.c
[4.322s] -- Up-to-date: /home/vincentspada/unitree_ws/install/control_msgs/include/control_msgs/control_msgs/msg/detail/joint_controller_state__functions.c
[4.322s] -- Up-to-date: /home/vincentspada/unitree_ws/install/control_msgs/include/control_msgs/control_msgs/msg/detail/joint_tolerance__struct.h
[4.322s] -- Up-to-date: /home/vincentspada/unitree_ws/install/control_msgs/include/control_msgs/control_msgs/msg/detail/gripper_command__type_support.h
[4.323s] -- Up-to-date: /home/vincentspada/unitree_ws/install/control_msgs/include/control_msgs/control_msgs/msg/detail/steering_controller_status__functions.h
[4.324s] -- Up-to-date: /home/vincentspada/unitree_ws/install/control_msgs/include/control_msgs/control_msgs/msg/detail/dynamic_joint_state__functions.h
[4.324s] -- Up-to-date: /home/vincentspada/unitree_ws/install/control_msgs/include/control_msgs/control_msgs/msg/detail/joint_jog__struct.h
[4.324s] -- Up-to-date: /home/vincentspada/unitree_ws/install/control_msgs/include/control_msgs/control_msgs/msg/detail/admittance_controller_state__struct.h
[4.325s] -- Up-to-date: /home/vincentspada/unitree_ws/install/control_msgs/include/control_msgs/control_msgs/msg/detail/mecanum_drive_controller_state__struct.h
[4.326s] -- Up-to-date: /home/vincentspada/unitree_ws/install/control_msgs/include/control_msgs/control_msgs/msg/detail/joint_controller_state__functions.h
[4.326s] -- Up-to-date: /home/vincentspada/unitree_ws/install/control_msgs/include/control_msgs/control_msgs/msg/detail/joint_tolerance__functions.h
[4.327s] -- Up-to-date: /home/vincentspada/unitree_ws/install/control_msgs/include/control_msgs/control_msgs/msg/detail/interface_value__functions.h
[4.327s] -- Up-to-date: /home/vincentspada/unitree_ws/install/control_msgs/include/control_msgs/control_msgs/msg/detail/interface_value__struct.h
[4.327s] -- Up-to-date: /home/vincentspada/unitree_ws/install/control_msgs/include/control_msgs/control_msgs/msg/detail/joint_controller_state__type_support.h
[4.327s] -- Up-to-date: /home/vincentspada/unitree_ws/install/control_msgs/include/control_msgs/control_msgs/msg/detail/steering_controller_status__type_support.h
[4.327s] -- Up-to-date: /home/vincentspada/unitree_ws/install/control_msgs/include/control_msgs/control_msgs/msg/detail/pid_state__type_support.h
[4.327s] -- Up-to-date: /home/vincentspada/unitree_ws/install/control_msgs/include/control_msgs/control_msgs/msg/detail/mecanum_drive_controller_state__functions.h
[4.327s] -- Up-to-date: /home/vincentspada/unitree_ws/install/control_msgs/include/control_msgs/control_msgs/msg/detail/admittance_controller_state__functions.c
[4.328s] -- Up-to-date: /home/vincentspada/unitree_ws/install/control_msgs/include/control_msgs/control_msgs/msg/detail/dynamic_joint_state__struct.h
[4.328s] -- Up-to-date: /home/vincentspada/unitree_ws/install/control_msgs/include/control_msgs/control_msgs/msg/detail/joint_tolerance__type_support.h
[4.328s] -- Up-to-date: /home/vincentspada/unitree_ws/install/control_msgs/include/control_msgs/control_msgs/msg/detail/mecanum_drive_controller_state__functions.c
[4.328s] -- Up-to-date: /home/vincentspada/unitree_ws/install/control_msgs/include/control_msgs/control_msgs/msg/detail/joint_jog__functions.h
[4.328s] -- Up-to-date: /home/vincentspada/unitree_ws/install/control_msgs/include/control_msgs/control_msgs/msg/detail/steering_controller_status__struct.h
[4.329s] -- Up-to-date: /home/vincentspada/unitree_ws/install/control_msgs/include/control_msgs/control_msgs/msg/detail/admittance_controller_state__functions.h
[4.329s] -- Up-to-date: /home/vincentspada/unitree_ws/install/control_msgs/include/control_msgs/control_msgs/msg/detail/mecanum_drive_controller_state__type_support.h
[4.329s] -- Up-to-date: /home/vincentspada/unitree_ws/install/control_msgs/include/control_msgs/control_msgs/msg/detail/interface_value__functions.c
[4.329s] -- Up-to-date: /home/vincentspada/unitree_ws/install/control_msgs/include/control_msgs/control_msgs/msg/detail/pid_state__struct.h
[4.329s] -- Up-to-date: /home/vincentspada/unitree_ws/install/control_msgs/include/control_msgs/control_msgs/msg/detail/gripper_command__struct.h
[4.329s] -- Up-to-date: /home/vincentspada/unitree_ws/install/control_msgs/include/control_msgs/control_msgs/msg/detail/joint_trajectory_controller_state__functions.c
[4.330s] -- Up-to-date: /home/vincentspada/unitree_ws/install/control_msgs/include/control_msgs/control_msgs/msg/detail/joint_component_tolerance__struct.h
[4.330s] -- Up-to-date: /home/vincentspada/unitree_ws/install/control_msgs/include/control_msgs/control_msgs/msg/detail/joint_trajectory_controller_state__struct.h
[4.330s] -- Up-to-date: /home/vincentspada/unitree_ws/install/control_msgs/include/control_msgs/control_msgs/msg/detail/joint_jog__type_support.h
[4.330s] -- Up-to-date: /home/vincentspada/unitree_ws/install/control_msgs/include/control_msgs/control_msgs/msg/detail/pid_state__functions.h
[4.330s] -- Up-to-date: /home/vincentspada/unitree_ws/install/control_msgs/include/control_msgs/control_msgs/msg/detail/dynamic_joint_state__type_support.h
[4.330s] -- Up-to-date: /home/vincentspada/unitree_ws/install/control_msgs/include/control_msgs/control_msgs/msg/detail/joint_jog__functions.c
[4.331s] -- Up-to-date: /home/vincentspada/unitree_ws/install/control_msgs/include/control_msgs/control_msgs/msg/detail/pid_state__functions.c
[4.331s] -- Up-to-date: /home/vincentspada/unitree_ws/install/control_msgs/include/control_msgs/control_msgs/msg/detail/joint_trajectory_controller_state__functions.h
[4.331s] -- Up-to-date: /home/vincentspada/unitree_ws/install/control_msgs/include/control_msgs/control_msgs/msg/detail/joint_trajectory_controller_state__type_support.h
[4.331s] -- Up-to-date: /home/vincentspada/unitree_ws/install/control_msgs/include/control_msgs/control_msgs/msg/detail/joint_component_tolerance__type_support.h
[4.331s] -- Up-to-date: /home/vincentspada/unitree_ws/install/control_msgs/include/control_msgs/control_msgs/msg/detail/gripper_command__functions.c
[4.331s] -- Up-to-date: /home/vincentspada/unitree_ws/install/control_msgs/include/control_msgs/control_msgs/msg/detail/joint_component_tolerance__functions.h
[4.331s] -- Up-to-date: /home/vincentspada/unitree_ws/install/control_msgs/include/control_msgs/control_msgs/msg/gripper_command.h
[4.332s] -- Up-to-date: /home/vincentspada/unitree_ws/install/control_msgs/include/control_msgs/control_msgs/msg/interface_value.h
[4.332s] -- Up-to-date: /home/vincentspada/unitree_ws/install/control_msgs/include/control_msgs/control_msgs/msg/steering_controller_status.h
[4.332s] -- Up-to-date: /home/vincentspada/unitree_ws/install/control_msgs/share/control_msgs/environment/library_path.sh
[4.332s] -- Up-to-date: /home/vincentspada/unitree_ws/install/control_msgs/share/control_msgs/environment/library_path.dsv
[4.332s] -- Up-to-date: /home/vincentspada/unitree_ws/install/control_msgs/lib/libcontrol_msgs__rosidl_generator_c.so
[4.333s] -- Up-to-date: /home/vincentspada/unitree_ws/install/control_msgs/include/control_msgs/control_msgs
[4.333s] -- Up-to-date: /home/vincentspada/unitree_ws/install/control_msgs/include/control_msgs/control_msgs/action
[4.336s] -- Up-to-date: /home/vincentspada/unitree_ws/install/control_msgs/include/control_msgs/control_msgs/action/detail
[4.337s] -- Up-to-date: /home/vincentspada/unitree_ws/install/control_msgs/include/control_msgs/control_msgs/action/detail/follow_joint_trajectory__rosidl_typesupport_fastrtps_c.h
[4.337s] -- Up-to-date: /home/vincentspada/unitree_ws/install/control_msgs/include/control_msgs/control_msgs/action/detail/joint_trajectory__rosidl_typesupport_fastrtps_c.h
[4.337s] -- Up-to-date: /home/vincentspada/unitree_ws/install/control_msgs/include/control_msgs/control_msgs/action/detail/point_head__rosidl_typesupport_fastrtps_c.h
[4.337s] -- Up-to-date: /home/vincentspada/unitree_ws/install/control_msgs/include/control_msgs/control_msgs/action/detail/single_joint_position__rosidl_typesupport_fastrtps_c.h
[4.337s] -- Up-to-date: /home/vincentspada/unitree_ws/install/control_msgs/include/control_msgs/control_msgs/action/detail/gripper_command__rosidl_typesupport_fastrtps_c.h
[4.338s] -- Up-to-date: /home/vincentspada/unitree_ws/install/control_msgs/include/control_msgs/control_msgs/srv
[4.338s] -- Up-to-date: /home/vincentspada/unitree_ws/install/control_msgs/include/control_msgs/control_msgs/srv/detail
[4.339s] -- Up-to-date: /home/vincentspada/unitree_ws/install/control_msgs/include/control_msgs/control_msgs/srv/detail/query_trajectory_state__rosidl_typesupport_fastrtps_c.h
[4.339s] -- Up-to-date: /home/vincentspada/unitree_ws/install/control_msgs/include/control_msgs/control_msgs/srv/detail/query_calibration_state__rosidl_typesupport_fastrtps_c.h
[4.339s] -- Up-to-date: /home/vincentspada/unitree_ws/install/control_msgs/include/control_msgs/control_msgs/msg
[4.339s] -- Up-to-date: /home/vincentspada/unitree_ws/install/control_msgs/include/control_msgs/control_msgs/msg/detail
[4.339s] -- Up-to-date: /home/vincentspada/unitree_ws/install/control_msgs/include/control_msgs/control_msgs/msg/detail/joint_tolerance__rosidl_typesupport_fastrtps_c.h
[4.339s] -- Up-to-date: /home/vincentspada/unitree_ws/install/control_msgs/include/control_msgs/control_msgs/msg/detail/joint_jog__rosidl_typesupport_fastrtps_c.h
[4.342s] -- Up-to-date: /home/vincentspada/unitree_ws/install/control_msgs/include/control_msgs/control_msgs/msg/detail/pid_state__rosidl_typesupport_fastrtps_c.h
[4.345s] -- Up-to-date: /home/vincentspada/unitree_ws/install/control_msgs/include/control_msgs/control_msgs/msg/detail/joint_trajectory_controller_state__rosidl_typesupport_fastrtps_c.h
[4.345s] -- Up-to-date: /home/vincentspada/unitree_ws/install/control_msgs/include/control_msgs/control_msgs/msg/detail/steering_controller_status__rosidl_typesupport_fastrtps_c.h
[4.345s] -- Up-to-date: /home/vincentspada/unitree_ws/install/control_msgs/include/control_msgs/control_msgs/msg/detail/interface_value__rosidl_typesupport_fastrtps_c.h
[4.345s] -- Up-to-date: /home/vincentspada/unitree_ws/install/control_msgs/include/control_msgs/control_msgs/msg/detail/mecanum_drive_controller_state__rosidl_typesupport_fastrtps_c.h
[4.345s] -- Up-to-date: /home/vincentspada/unitree_ws/install/control_msgs/include/control_msgs/control_msgs/msg/detail/admittance_controller_state__rosidl_typesupport_fastrtps_c.h
[4.345s] -- Up-to-date: /home/vincentspada/unitree_ws/install/control_msgs/include/control_msgs/control_msgs/msg/detail/dynamic_joint_state__rosidl_typesupport_fastrtps_c.h
[4.346s] -- Up-to-date: /home/vincentspada/unitree_ws/install/control_msgs/include/control_msgs/control_msgs/msg/detail/joint_controller_state__rosidl_typesupport_fastrtps_c.h
[4.346s] -- Up-to-date: /home/vincentspada/unitree_ws/install/control_msgs/include/control_msgs/control_msgs/msg/detail/gripper_command__rosidl_typesupport_fastrtps_c.h
[4.346s] -- Up-to-date: /home/vincentspada/unitree_ws/install/control_msgs/include/control_msgs/control_msgs/msg/detail/joint_component_tolerance__rosidl_typesupport_fastrtps_c.h
[4.346s] -- Up-to-date: /home/vincentspada/unitree_ws/install/control_msgs/include/control_msgs/control_msgs/msg/rosidl_typesupport_fastrtps_c__visibility_control.h
[4.346s] -- Up-to-date: /home/vincentspada/unitree_ws/install/control_msgs/lib/libcontrol_msgs__rosidl_typesupport_fastrtps_c.so
[4.346s] -- Up-to-date: /home/vincentspada/unitree_ws/install/control_msgs/include/control_msgs/control_msgs
[4.347s] -- Up-to-date: /home/vincentspada/unitree_ws/install/control_msgs/include/control_msgs/control_msgs/action
[4.347s] -- Up-to-date: /home/vincentspada/unitree_ws/install/control_msgs/include/control_msgs/control_msgs/action/point_head.hpp
[4.347s] -- Up-to-date: /home/vincentspada/unitree_ws/install/control_msgs/include/control_msgs/control_msgs/action/joint_trajectory.hpp
[4.347s] -- Up-to-date: /home/vincentspada/unitree_ws/install/control_msgs/include/control_msgs/control_msgs/action/follow_joint_trajectory.hpp
[4.347s] -- Up-to-date: /home/vincentspada/unitree_ws/install/control_msgs/include/control_msgs/control_msgs/action/gripper_command.hpp
[4.347s] -- Up-to-date: /home/vincentspada/unitree_ws/install/control_msgs/include/control_msgs/control_msgs/action/single_joint_position.hpp
[4.348s] -- Up-to-date: /home/vincentspada/unitree_ws/install/control_msgs/include/control_msgs/control_msgs/action/detail
[4.348s] -- Up-to-date: /home/vincentspada/unitree_ws/install/control_msgs/include/control_msgs/control_msgs/action/detail/single_joint_position__builder.hpp
[4.348s] -- Up-to-date: /home/vincentspada/unitree_ws/install/control_msgs/include/control_msgs/control_msgs/action/detail/point_head__builder.hpp
[4.348s] -- Up-to-date: /home/vincentspada/unitree_ws/install/control_msgs/include/control_msgs/control_msgs/action/detail/point_head__traits.hpp
[4.348s] -- Up-to-date: /home/vincentspada/unitree_ws/install/control_msgs/include/control_msgs/control_msgs/action/detail/joint_trajectory__traits.hpp
[4.348s] -- Up-to-date: /home/vincentspada/unitree_ws/install/control_msgs/include/control_msgs/control_msgs/action/detail/joint_trajectory__struct.hpp
[4.348s] -- Up-to-date: /home/vincentspada/unitree_ws/install/control_msgs/include/control_msgs/control_msgs/action/detail/point_head__struct.hpp
[4.349s] -- Up-to-date: /home/vincentspada/unitree_ws/install/control_msgs/include/control_msgs/control_msgs/action/detail/follow_joint_trajectory__builder.hpp
[4.349s] -- Up-to-date: /home/vincentspada/unitree_ws/install/control_msgs/include/control_msgs/control_msgs/action/detail/gripper_command__struct.hpp
[4.357s] -- Up-to-date: /home/vincentspada/unitree_ws/install/control_msgs/include/control_msgs/control_msgs/action/detail/single_joint_position__struct.hpp
[4.358s] -- Up-to-date: /home/vincentspada/unitree_ws/install/control_msgs/include/control_msgs/control_msgs/action/detail/gripper_command__traits.hpp
[4.358s] -- Up-to-date: /home/vincentspada/unitree_ws/install/control_msgs/include/control_msgs/control_msgs/action/detail/single_joint_position__traits.hpp
[4.358s] -- Up-to-date: /home/vincentspada/unitree_ws/install/control_msgs/include/control_msgs/control_msgs/action/detail/follow_joint_trajectory__traits.hpp
[4.358s] -- Up-to-date: /home/vincentspada/unitree_ws/install/control_msgs/include/control_msgs/control_msgs/action/detail/gripper_command__builder.hpp
[4.358s] -- Up-to-date: /home/vincentspada/unitree_ws/install/control_msgs/include/control_msgs/control_msgs/action/detail/joint_trajectory__builder.hpp
[4.358s] -- Up-to-date: /home/vincentspada/unitree_ws/install/control_msgs/include/control_msgs/control_msgs/action/detail/follow_joint_trajectory__struct.hpp
[4.359s] -- Up-to-date: /home/vincentspada/unitree_ws/install/control_msgs/include/control_msgs/control_msgs/srv
[4.359s] -- Up-to-date: /home/vincentspada/unitree_ws/install/control_msgs/include/control_msgs/control_msgs/srv/detail
[4.359s] -- Up-to-date: /home/vincentspada/unitree_ws/install/control_msgs/include/control_msgs/control_msgs/srv/detail/query_calibration_state__builder.hpp
[4.359s] -- Up-to-date: /home/vincentspada/unitree_ws/install/control_msgs/include/control_msgs/control_msgs/srv/detail/query_calibration_state__struct.hpp
[4.359s] -- Up-to-date: /home/vincentspada/unitree_ws/install/control_msgs/include/control_msgs/control_msgs/srv/detail/query_calibration_state__traits.hpp
[4.359s] -- Up-to-date: /home/vincentspada/unitree_ws/install/control_msgs/include/control_msgs/control_msgs/srv/detail/query_trajectory_state__traits.hpp
[4.360s] -- Up-to-date: /home/vincentspada/unitree_ws/install/control_msgs/include/control_msgs/control_msgs/srv/detail/query_trajectory_state__struct.hpp
[4.360s] -- Up-to-date: /home/vincentspada/unitree_ws/install/control_msgs/include/control_msgs/control_msgs/srv/detail/query_trajectory_state__builder.hpp
[4.360s] -- Up-to-date: /home/vincentspada/unitree_ws/install/control_msgs/include/control_msgs/control_msgs/srv/query_trajectory_state.hpp
[4.360s] -- Up-to-date: /home/vincentspada/unitree_ws/install/control_msgs/include/control_msgs/control_msgs/srv/query_calibration_state.hpp
[4.360s] -- Up-to-date: /home/vincentspada/unitree_ws/install/control_msgs/include/control_msgs/control_msgs/msg
[4.360s] -- Up-to-date: /home/vincentspada/unitree_ws/install/control_msgs/include/control_msgs/control_msgs/msg/interface_value.hpp
[4.360s] -- Up-to-date: /home/vincentspada/unitree_ws/install/control_msgs/include/control_msgs/control_msgs/msg/pid_state.hpp
[4.361s] -- Up-to-date: /home/vincentspada/unitree_ws/install/control_msgs/include/control_msgs/control_msgs/msg/gripper_command.hpp
[4.361s] -- Up-to-date: /home/vincentspada/unitree_ws/install/control_msgs/include/control_msgs/control_msgs/msg/joint_tolerance.hpp
[4.369s] -- Up-to-date: /home/vincentspada/unitree_ws/install/control_msgs/include/control_msgs/control_msgs/msg/joint_trajectory_controller_state.hpp
[4.369s] -- Up-to-date: /home/vincentspada/unitree_ws/install/control_msgs/include/control_msgs/control_msgs/msg/joint_component_tolerance.hpp
[4.371s] -- Up-to-date: /home/vincentspada/unitree_ws/install/control_msgs/include/control_msgs/control_msgs/msg/steering_controller_status.hpp
[4.371s] -- Up-to-date: /home/vincentspada/unitree_ws/install/control_msgs/include/control_msgs/control_msgs/msg/dynamic_joint_state.hpp
[4.373s] -- Up-to-date: /home/vincentspada/unitree_ws/install/control_msgs/include/control_msgs/control_msgs/msg/mecanum_drive_controller_state.hpp
[4.373s] -- Up-to-date: /home/vincentspada/unitree_ws/install/control_msgs/include/control_msgs/control_msgs/msg/joint_controller_state.hpp
[4.373s] -- Up-to-date: /home/vincentspada/unitree_ws/install/control_msgs/include/control_msgs/control_msgs/msg/detail
[4.374s] -- Up-to-date: /home/vincentspada/unitree_ws/install/control_msgs/include/control_msgs/control_msgs/msg/detail/dynamic_joint_state__struct.hpp
[4.374s] -- Up-to-date: /home/vincentspada/unitree_ws/install/control_msgs/include/control_msgs/control_msgs/msg/detail/mecanum_drive_controller_state__struct.hpp
[4.374s] -- Up-to-date: /home/vincentspada/unitree_ws/install/control_msgs/include/control_msgs/control_msgs/msg/detail/mecanum_drive_controller_state__traits.hpp
[4.374s] -- Up-to-date: /home/vincentspada/unitree_ws/install/control_msgs/include/control_msgs/control_msgs/msg/detail/interface_value__builder.hpp
[4.374s] -- Up-to-date: /home/vincentspada/unitree_ws/install/control_msgs/include/control_msgs/control_msgs/msg/detail/steering_controller_status__struct.hpp
[4.374s] -- Up-to-date: /home/vincentspada/unitree_ws/install/control_msgs/include/control_msgs/control_msgs/msg/detail/steering_controller_status__traits.hpp
[4.375s] -- Up-to-date: /home/vincentspada/unitree_ws/install/control_msgs/include/control_msgs/control_msgs/msg/detail/joint_jog__traits.hpp
[4.375s] -- Up-to-date: /home/vincentspada/unitree_ws/install/control_msgs/include/control_msgs/control_msgs/msg/detail/joint_controller_state__struct.hpp
[4.375s] -- Up-to-date: /home/vincentspada/unitree_ws/install/control_msgs/include/control_msgs/control_msgs/msg/detail/joint_tolerance__builder.hpp
[4.375s] -- Up-to-date: /home/vincentspada/unitree_ws/install/control_msgs/include/control_msgs/control_msgs/msg/detail/mecanum_drive_controller_state__builder.hpp
[4.375s] -- Up-to-date: /home/vincentspada/unitree_ws/install/control_msgs/include/control_msgs/control_msgs/msg/detail/joint_component_tolerance__traits.hpp
[4.382s] -- Up-to-date: /home/vincentspada/unitree_ws/install/control_msgs/include/control_msgs/control_msgs/msg/detail/admittance_controller_state__struct.hpp
[4.382s] -- Up-to-date: /home/vincentspada/unitree_ws/install/control_msgs/include/control_msgs/control_msgs/msg/detail/interface_value__traits.hpp
[4.382s] -- Up-to-date: /home/vincentspada/unitree_ws/install/control_msgs/include/control_msgs/control_msgs/msg/detail/joint_trajectory_controller_state__builder.hpp
[4.382s] -- Up-to-date: /home/vincentspada/unitree_ws/install/control_msgs/include/control_msgs/control_msgs/msg/detail/pid_state__builder.hpp
[4.385s] -- Up-to-date: /home/vincentspada/unitree_ws/install/control_msgs/include/control_msgs/control_msgs/msg/detail/gripper_command__struct.hpp
[4.385s] -- Up-to-date: /home/vincentspada/unitree_ws/install/control_msgs/include/control_msgs/control_msgs/msg/detail/joint_jog__struct.hpp
[4.385s] -- Up-to-date: /home/vincentspada/unitree_ws/install/control_msgs/include/control_msgs/control_msgs/msg/detail/joint_trajectory_controller_state__traits.hpp
[4.385s] -- Up-to-date: /home/vincentspada/unitree_ws/install/control_msgs/include/control_msgs/control_msgs/msg/detail/joint_controller_state__builder.hpp
[4.399s] -- Up-to-date: /home/vincentspada/unitree_ws/install/control_msgs/include/control_msgs/control_msgs/msg/detail/gripper_command__traits.hpp
[4.399s] -- Up-to-date: /home/vincentspada/unitree_ws/install/control_msgs/include/control_msgs/control_msgs/msg/detail/joint_controller_state__traits.hpp
[4.399s] -- Up-to-date: /home/vincentspada/unitree_ws/install/control_msgs/include/control_msgs/control_msgs/msg/detail/dynamic_joint_state__traits.hpp
[4.399s] -- Up-to-date: /home/vincentspada/unitree_ws/install/control_msgs/include/control_msgs/control_msgs/msg/detail/joint_tolerance__struct.hpp
[4.401s] -- Up-to-date: /home/vincentspada/unitree_ws/install/control_msgs/include/control_msgs/control_msgs/msg/detail/joint_component_tolerance__builder.hpp
[4.401s] -- Up-to-date: /home/vincentspada/unitree_ws/install/control_msgs/include/control_msgs/control_msgs/msg/detail/dynamic_joint_state__builder.hpp
[4.402s] -- Up-to-date: /home/vincentspada/unitree_ws/install/control_msgs/include/control_msgs/control_msgs/msg/detail/gripper_command__builder.hpp
[4.403s] -- Up-to-date: /home/vincentspada/unitree_ws/install/control_msgs/include/control_msgs/control_msgs/msg/detail/pid_state__traits.hpp
[4.404s] -- Up-to-date: /home/vincentspada/unitree_ws/install/control_msgs/include/control_msgs/control_msgs/msg/detail/admittance_controller_state__builder.hpp
[4.410s] -- Up-to-date: /home/vincentspada/unitree_ws/install/control_msgs/include/control_msgs/control_msgs/msg/detail/joint_jog__builder.hpp
[4.410s] -- Up-to-date: /home/vincentspada/unitree_ws/install/control_msgs/include/control_msgs/control_msgs/msg/detail/interface_value__struct.hpp
[4.410s] -- Up-to-date: /home/vincentspada/unitree_ws/install/control_msgs/include/control_msgs/control_msgs/msg/detail/steering_controller_status__builder.hpp
[4.410s] -- Up-to-date: /home/vincentspada/unitree_ws/install/control_msgs/include/control_msgs/control_msgs/msg/detail/joint_trajectory_controller_state__struct.hpp
[4.411s] -- Up-to-date: /home/vincentspada/unitree_ws/install/control_msgs/include/control_msgs/control_msgs/msg/detail/joint_component_tolerance__struct.hpp
[4.411s] -- Up-to-date: /home/vincentspada/unitree_ws/install/control_msgs/include/control_msgs/control_msgs/msg/detail/admittance_controller_state__traits.hpp
[4.411s] -- Up-to-date: /home/vincentspada/unitree_ws/install/control_msgs/include/control_msgs/control_msgs/msg/detail/joint_tolerance__traits.hpp
[4.411s] -- Up-to-date: /home/vincentspada/unitree_ws/install/control_msgs/include/control_msgs/control_msgs/msg/detail/pid_state__struct.hpp
[4.411s] -- Up-to-date: /home/vincentspada/unitree_ws/install/control_msgs/include/control_msgs/control_msgs/msg/admittance_controller_state.hpp
[4.411s] -- Up-to-date: /home/vincentspada/unitree_ws/install/control_msgs/include/control_msgs/control_msgs/msg/joint_jog.hpp
[4.412s] -- Up-to-date: /home/vincentspada/unitree_ws/install/control_msgs/include/control_msgs/control_msgs
[4.412s] -- Up-to-date: /home/vincentspada/unitree_ws/install/control_msgs/include/control_msgs/control_msgs/action
[4.412s] -- Up-to-date: /home/vincentspada/unitree_ws/install/control_msgs/include/control_msgs/control_msgs/action/detail
[4.412s] -- Up-to-date: /home/vincentspada/unitree_ws/install/control_msgs/include/control_msgs/control_msgs/action/detail/joint_trajectory__rosidl_typesupport_fastrtps_cpp.hpp
[4.412s] -- Up-to-date: /home/vincentspada/unitree_ws/install/control_msgs/include/control_msgs/control_msgs/action/detail/follow_joint_trajectory__rosidl_typesupport_fastrtps_cpp.hpp
[4.412s] -- Up-to-date: /home/vincentspada/unitree_ws/install/control_msgs/include/control_msgs/control_msgs/action/detail/gripper_command__rosidl_typesupport_fastrtps_cpp.hpp
[4.412s] -- Up-to-date: /home/vincentspada/unitree_ws/install/control_msgs/include/control_msgs/control_msgs/action/detail/point_head__rosidl_typesupport_fastrtps_cpp.hpp
[4.413s] -- Up-to-date: /home/vincentspada/unitree_ws/install/control_msgs/include/control_msgs/control_msgs/action/detail/single_joint_position__rosidl_typesupport_fastrtps_cpp.hpp
[4.413s] -- Up-to-date: /home/vincentspada/unitree_ws/install/control_msgs/include/control_msgs/control_msgs/action/detail/dds_fastrtps
[4.413s] -- Up-to-date: /home/vincentspada/unitree_ws/install/control_msgs/include/control_msgs/control_msgs/srv
[4.413s] -- Up-to-date: /home/vincentspada/unitree_ws/install/control_msgs/include/control_msgs/control_msgs/srv/detail
[4.413s] -- Up-to-date: /home/vincentspada/unitree_ws/install/control_msgs/include/control_msgs/control_msgs/srv/detail/query_calibration_state__rosidl_typesupport_fastrtps_cpp.hpp
[4.414s] -- Up-to-date: /home/vincentspada/unitree_ws/install/control_msgs/include/control_msgs/control_msgs/srv/detail/dds_fastrtps
[4.414s] -- Up-to-date: /home/vincentspada/unitree_ws/install/control_msgs/include/control_msgs/control_msgs/srv/detail/query_trajectory_state__rosidl_typesupport_fastrtps_cpp.hpp
[4.414s] -- Up-to-date: /home/vincentspada/unitree_ws/install/control_msgs/include/control_msgs/control_msgs/msg
[4.414s] -- Up-to-date: /home/vincentspada/unitree_ws/install/control_msgs/include/control_msgs/control_msgs/msg/detail
[4.414s] -- Up-to-date: /home/vincentspada/unitree_ws/install/control_msgs/include/control_msgs/control_msgs/msg/detail/interface_value__rosidl_typesupport_fastrtps_cpp.hpp
[4.415s] -- Up-to-date: /home/vincentspada/unitree_ws/install/control_msgs/include/control_msgs/control_msgs/msg/detail/pid_state__rosidl_typesupport_fastrtps_cpp.hpp
[4.415s] -- Up-to-date: /home/vincentspada/unitree_ws/install/control_msgs/include/control_msgs/control_msgs/msg/detail/mecanum_drive_controller_state__rosidl_typesupport_fastrtps_cpp.hpp
[4.415s] -- Up-to-date: /home/vincentspada/unitree_ws/install/control_msgs/include/control_msgs/control_msgs/msg/detail/gripper_command__rosidl_typesupport_fastrtps_cpp.hpp
[4.415s] -- Up-to-date: /home/vincentspada/unitree_ws/install/control_msgs/include/control_msgs/control_msgs/msg/detail/joint_controller_state__rosidl_typesupport_fastrtps_cpp.hpp
[4.415s] -- Up-to-date: /home/vincentspada/unitree_ws/install/control_msgs/include/control_msgs/control_msgs/msg/detail/joint_tolerance__rosidl_typesupport_fastrtps_cpp.hpp
[4.416s] -- Up-to-date: /home/vincentspada/unitree_ws/install/control_msgs/include/control_msgs/control_msgs/msg/detail/dds_fastrtps
[4.416s] -- Up-to-date: /home/vincentspada/unitree_ws/install/control_msgs/include/control_msgs/control_msgs/msg/detail/joint_component_tolerance__rosidl_typesupport_fastrtps_cpp.hpp
[4.416s] -- Up-to-date: /home/vincentspada/unitree_ws/install/control_msgs/include/control_msgs/control_msgs/msg/detail/steering_controller_status__rosidl_typesupport_fastrtps_cpp.hpp
[4.417s] -- Up-to-date: /home/vincentspada/unitree_ws/install/control_msgs/include/control_msgs/control_msgs/msg/detail/admittance_controller_state__rosidl_typesupport_fastrtps_cpp.hpp
[4.417s] -- Up-to-date: /home/vincentspada/unitree_ws/install/control_msgs/include/control_msgs/control_msgs/msg/detail/dynamic_joint_state__rosidl_typesupport_fastrtps_cpp.hpp
[4.433s] -- Up-to-date: /home/vincentspada/unitree_ws/install/control_msgs/include/control_msgs/control_msgs/msg/detail/joint_trajectory_controller_state__rosidl_typesupport_fastrtps_cpp.hpp
[4.433s] -- Up-to-date: /home/vincentspada/unitree_ws/install/control_msgs/include/control_msgs/control_msgs/msg/detail/joint_jog__rosidl_typesupport_fastrtps_cpp.hpp
[4.433s] -- Up-to-date: /home/vincentspada/unitree_ws/install/control_msgs/include/control_msgs/control_msgs/msg/rosidl_typesupport_fastrtps_cpp__visibility_control.h
[4.433s] -- Up-to-date: /home/vincentspada/unitree_ws/install/control_msgs/lib/libcontrol_msgs__rosidl_typesupport_fastrtps_cpp.so
[4.433s] -- Up-to-date: /home/vincentspada/unitree_ws/install/control_msgs/include/control_msgs/control_msgs
[4.434s] -- Up-to-date: /home/vincentspada/unitree_ws/install/control_msgs/include/control_msgs/control_msgs/action
[4.434s] -- Up-to-date: /home/vincentspada/unitree_ws/install/control_msgs/include/control_msgs/control_msgs/action/detail
[4.434s] -- Up-to-date: /home/vincentspada/unitree_ws/install/control_msgs/include/control_msgs/control_msgs/action/detail/point_head__rosidl_typesupport_introspection_c.h
[4.434s] -- Up-to-date: /home/vincentspada/unitree_ws/install/control_msgs/include/control_msgs/control_msgs/action/detail/single_joint_position__type_support.c
[4.434s] -- Up-to-date: /home/vincentspada/unitree_ws/install/control_msgs/include/control_msgs/control_msgs/action/detail/joint_trajectory__type_support.c
[4.435s] -- Up-to-date: /home/vincentspada/unitree_ws/install/control_msgs/include/control_msgs/control_msgs/action/detail/single_joint_position__rosidl_typesupport_introspection_c.h
[4.435s] -- Up-to-date: /home/vincentspada/unitree_ws/install/control_msgs/include/control_msgs/control_msgs/action/detail/follow_joint_trajectory__type_support.c
[4.435s] -- Up-to-date: /home/vincentspada/unitree_ws/install/control_msgs/include/control_msgs/control_msgs/action/detail/gripper_command__rosidl_typesupport_introspection_c.h
[4.435s] -- Up-to-date: /home/vincentspada/unitree_ws/install/control_msgs/include/control_msgs/control_msgs/action/detail/joint_trajectory__rosidl_typesupport_introspection_c.h
[4.435s] -- Up-to-date: /home/vincentspada/unitree_ws/install/control_msgs/include/control_msgs/control_msgs/action/detail/gripper_command__type_support.c
[4.436s] -- Up-to-date: /home/vincentspada/unitree_ws/install/control_msgs/include/control_msgs/control_msgs/action/detail/point_head__type_support.c
[4.436s] -- Up-to-date: /home/vincentspada/unitree_ws/install/control_msgs/include/control_msgs/control_msgs/action/detail/follow_joint_trajectory__rosidl_typesupport_introspection_c.h
[4.436s] -- Up-to-date: /home/vincentspada/unitree_ws/install/control_msgs/include/control_msgs/control_msgs/srv
[4.436s] -- Up-to-date: /home/vincentspada/unitree_ws/install/control_msgs/include/control_msgs/control_msgs/srv/detail
[4.436s] -- Up-to-date: /home/vincentspada/unitree_ws/install/control_msgs/include/control_msgs/control_msgs/srv/detail/query_calibration_state__rosidl_typesupport_introspection_c.h
[4.436s] -- Up-to-date: /home/vincentspada/unitree_ws/install/control_msgs/include/control_msgs/control_msgs/srv/detail/query_calibration_state__type_support.c
[4.436s] -- Up-to-date: /home/vincentspada/unitree_ws/install/control_msgs/include/control_msgs/control_msgs/srv/detail/query_trajectory_state__rosidl_typesupport_introspection_c.h
[4.437s] -- Up-to-date: /home/vincentspada/unitree_ws/install/control_msgs/include/control_msgs/control_msgs/srv/detail/query_trajectory_state__type_support.c
[4.437s] -- Up-to-date: /home/vincentspada/unitree_ws/install/control_msgs/include/control_msgs/control_msgs/msg
[4.437s] -- Up-to-date: /home/vincentspada/unitree_ws/install/control_msgs/include/control_msgs/control_msgs/msg/rosidl_typesupport_introspection_c__visibility_control.h
[4.437s] -- Up-to-date: /home/vincentspada/unitree_ws/install/control_msgs/include/control_msgs/control_msgs/msg/detail
[4.438s] -- Up-to-date: /home/vincentspada/unitree_ws/install/control_msgs/include/control_msgs/control_msgs/msg/detail/steering_controller_status__rosidl_typesupport_introspection_c.h
[4.438s] -- Up-to-date: /home/vincentspada/unitree_ws/install/control_msgs/include/control_msgs/control_msgs/msg/detail/steering_controller_status__type_support.c
[4.438s] -- Up-to-date: /home/vincentspada/unitree_ws/install/control_msgs/include/control_msgs/control_msgs/msg/detail/joint_jog__rosidl_typesupport_introspection_c.h
[4.439s] -- Up-to-date: /home/vincentspada/unitree_ws/install/control_msgs/include/control_msgs/control_msgs/msg/detail/admittance_controller_state__type_support.c
[4.439s] -- Up-to-date: /home/vincentspada/unitree_ws/install/control_msgs/include/control_msgs/control_msgs/msg/detail/joint_trajectory_controller_state__rosidl_typesupport_introspection_c.h
[4.440s] -- Up-to-date: /home/vincentspada/unitree_ws/install/control_msgs/include/control_msgs/control_msgs/msg/detail/mecanum_drive_controller_state__type_support.c
[4.440s] -- Up-to-date: /home/vincentspada/unitree_ws/install/control_msgs/include/control_msgs/control_msgs/msg/detail/joint_tolerance__type_support.c
[4.440s] -- Up-to-date: /home/vincentspada/unitree_ws/install/control_msgs/include/control_msgs/control_msgs/msg/detail/dynamic_joint_state__rosidl_typesupport_introspection_c.h
[4.441s] -- Up-to-date: /home/vincentspada/unitree_ws/install/control_msgs/include/control_msgs/control_msgs/msg/detail/gripper_command__rosidl_typesupport_introspection_c.h
[4.441s] -- Up-to-date: /home/vincentspada/unitree_ws/install/control_msgs/include/control_msgs/control_msgs/msg/detail/pid_state__type_support.c
[4.442s] -- Up-to-date: /home/vincentspada/unitree_ws/install/control_msgs/include/control_msgs/control_msgs/msg/detail/joint_component_tolerance__rosidl_typesupport_introspection_c.h
[4.442s] -- Up-to-date: /home/vincentspada/unitree_ws/install/control_msgs/include/control_msgs/control_msgs/msg/detail/joint_component_tolerance__type_support.c
[4.443s] -- Up-to-date: /home/vincentspada/unitree_ws/install/control_msgs/include/control_msgs/control_msgs/msg/detail/interface_value__rosidl_typesupport_introspection_c.h
[4.443s] -- Up-to-date: /home/vincentspada/unitree_ws/install/control_msgs/include/control_msgs/control_msgs/msg/detail/joint_controller_state__rosidl_typesupport_introspection_c.h
[4.443s] -- Up-to-date: /home/vincentspada/unitree_ws/install/control_msgs/include/control_msgs/control_msgs/msg/detail/mecanum_drive_controller_state__rosidl_typesupport_introspection_c.h
[4.443s] -- Up-to-date: /home/vincentspada/unitree_ws/install/control_msgs/include/control_msgs/control_msgs/msg/detail/joint_trajectory_controller_state__type_support.c
[4.443s] -- Up-to-date: /home/vincentspada/unitree_ws/install/control_msgs/include/control_msgs/control_msgs/msg/detail/gripper_command__type_support.c
[4.443s] -- Up-to-date: /home/vincentspada/unitree_ws/install/control_msgs/include/control_msgs/control_msgs/msg/detail/interface_value__type_support.c
[4.460s] -- Up-to-date: /home/vincentspada/unitree_ws/install/control_msgs/include/control_msgs/control_msgs/msg/detail/admittance_controller_state__rosidl_typesupport_introspection_c.h
[4.460s] -- Up-to-date: /home/vincentspada/unitree_ws/install/control_msgs/include/control_msgs/control_msgs/msg/detail/pid_state__rosidl_typesupport_introspection_c.h
[4.460s] -- Up-to-date: /home/vincentspada/unitree_ws/install/control_msgs/include/control_msgs/control_msgs/msg/detail/joint_controller_state__type_support.c
[4.460s] -- Up-to-date: /home/vincentspada/unitree_ws/install/control_msgs/include/control_msgs/control_msgs/msg/detail/joint_tolerance__rosidl_typesupport_introspection_c.h
[4.460s] -- Up-to-date: /home/vincentspada/unitree_ws/install/control_msgs/include/control_msgs/control_msgs/msg/detail/joint_jog__type_support.c
[4.461s] -- Up-to-date: /home/vincentspada/unitree_ws/install/control_msgs/include/control_msgs/control_msgs/msg/detail/dynamic_joint_state__type_support.c
[4.461s] -- Up-to-date: /home/vincentspada/unitree_ws/install/control_msgs/lib/libcontrol_msgs__rosidl_typesupport_introspection_c.so
[4.461s] -- Up-to-date: /home/vincentspada/unitree_ws/install/control_msgs/lib/libcontrol_msgs__rosidl_typesupport_c.so
[4.461s] -- Up-to-date: /home/vincentspada/unitree_ws/install/control_msgs/include/control_msgs/control_msgs
[4.461s] -- Up-to-date: /home/vincentspada/unitree_ws/install/control_msgs/include/control_msgs/control_msgs/action
[4.461s] -- Up-to-date: /home/vincentspada/unitree_ws/install/control_msgs/include/control_msgs/control_msgs/action/detail
[4.462s] -- Up-to-date: /home/vincentspada/unitree_ws/install/control_msgs/include/control_msgs/control_msgs/action/detail/single_joint_position__rosidl_typesupport_introspection_cpp.hpp
[4.462s] -- Up-to-date: /home/vincentspada/unitree_ws/install/control_msgs/include/control_msgs/control_msgs/action/detail/point_head__type_support.cpp
[4.462s] -- Up-to-date: /home/vincentspada/unitree_ws/install/control_msgs/include/control_msgs/control_msgs/action/detail/gripper_command__rosidl_typesupport_introspection_cpp.hpp
[4.462s] -- Up-to-date: /home/vincentspada/unitree_ws/install/control_msgs/include/control_msgs/control_msgs/action/detail/single_joint_position__type_support.cpp
[4.462s] -- Up-to-date: /home/vincentspada/unitree_ws/install/control_msgs/include/control_msgs/control_msgs/action/detail/gripper_command__type_support.cpp
[4.462s] -- Up-to-date: /home/vincentspada/unitree_ws/install/control_msgs/include/control_msgs/control_msgs/action/detail/follow_joint_trajectory__type_support.cpp
[4.463s] -- Up-to-date: /home/vincentspada/unitree_ws/install/control_msgs/include/control_msgs/control_msgs/action/detail/follow_joint_trajectory__rosidl_typesupport_introspection_cpp.hpp
[4.463s] -- Up-to-date: /home/vincentspada/unitree_ws/install/control_msgs/include/control_msgs/control_msgs/action/detail/joint_trajectory__type_support.cpp
[4.463s] -- Up-to-date: /home/vincentspada/unitree_ws/install/control_msgs/include/control_msgs/control_msgs/action/detail/joint_trajectory__rosidl_typesupport_introspection_cpp.hpp
[4.463s] -- Up-to-date: /home/vincentspada/unitree_ws/install/control_msgs/include/control_msgs/control_msgs/action/detail/point_head__rosidl_typesupport_introspection_cpp.hpp
[4.463s] -- Up-to-date: /home/vincentspada/unitree_ws/install/control_msgs/include/control_msgs/control_msgs/srv
[4.463s] -- Up-to-date: /home/vincentspada/unitree_ws/install/control_msgs/include/control_msgs/control_msgs/srv/detail
[4.464s] -- Up-to-date: /home/vincentspada/unitree_ws/install/control_msgs/include/control_msgs/control_msgs/srv/detail/query_calibration_state__type_support.cpp
[4.464s] -- Up-to-date: /home/vincentspada/unitree_ws/install/control_msgs/include/control_msgs/control_msgs/srv/detail/query_calibration_state__rosidl_typesupport_introspection_cpp.hpp
[4.464s] -- Up-to-date: /home/vincentspada/unitree_ws/install/control_msgs/include/control_msgs/control_msgs/srv/detail/query_trajectory_state__rosidl_typesupport_introspection_cpp.hpp
[4.464s] -- Up-to-date: /home/vincentspada/unitree_ws/install/control_msgs/include/control_msgs/control_msgs/srv/detail/query_trajectory_state__type_support.cpp
[4.464s] -- Up-to-date: /home/vincentspada/unitree_ws/install/control_msgs/include/control_msgs/control_msgs/msg
[4.464s] -- Up-to-date: /home/vincentspada/unitree_ws/install/control_msgs/include/control_msgs/control_msgs/msg/detail
[4.464s] -- Up-to-date: /home/vincentspada/unitree_ws/install/control_msgs/include/control_msgs/control_msgs/msg/detail/admittance_controller_state__type_support.cpp
[4.472s] -- Up-to-date: /home/vincentspada/unitree_ws/install/control_msgs/include/control_msgs/control_msgs/msg/detail/joint_tolerance__type_support.cpp
[4.472s] -- Up-to-date: /home/vincentspada/unitree_ws/install/control_msgs/include/control_msgs/control_msgs/msg/detail/interface_value__rosidl_typesupport_introspection_cpp.hpp
[4.472s] -- Up-to-date: /home/vincentspada/unitree_ws/install/control_msgs/include/control_msgs/control_msgs/msg/detail/pid_state__type_support.cpp
[4.472s] -- Up-to-date: /home/vincentspada/unitree_ws/install/control_msgs/include/control_msgs/control_msgs/msg/detail/gripper_command__rosidl_typesupport_introspection_cpp.hpp
[4.472s] -- Up-to-date: /home/vincentspada/unitree_ws/install/control_msgs/include/control_msgs/control_msgs/msg/detail/steering_controller_status__type_support.cpp
[4.472s] -- Up-to-date: /home/vincentspada/unitree_ws/install/control_msgs/include/control_msgs/control_msgs/msg/detail/joint_controller_state__type_support.cpp
[4.473s] -- Up-to-date: /home/vincentspada/unitree_ws/install/control_msgs/include/control_msgs/control_msgs/msg/detail/joint_tolerance__rosidl_typesupport_introspection_cpp.hpp
[4.473s] -- Up-to-date: /home/vincentspada/unitree_ws/install/control_msgs/include/control_msgs/control_msgs/msg/detail/steering_controller_status__rosidl_typesupport_introspection_cpp.hpp
[4.473s] -- Up-to-date: /home/vincentspada/unitree_ws/install/control_msgs/include/control_msgs/control_msgs/msg/detail/joint_trajectory_controller_state__rosidl_typesupport_introspection_cpp.hpp
[4.473s] -- Up-to-date: /home/vincentspada/unitree_ws/install/control_msgs/include/control_msgs/control_msgs/msg/detail/pid_state__rosidl_typesupport_introspection_cpp.hpp
[4.473s] -- Up-to-date: /home/vincentspada/unitree_ws/install/control_msgs/include/control_msgs/control_msgs/msg/detail/joint_controller_state__rosidl_typesupport_introspection_cpp.hpp
[4.473s] -- Up-to-date: /home/vincentspada/unitree_ws/install/control_msgs/include/control_msgs/control_msgs/msg/detail/joint_jog__type_support.cpp
[4.474s] -- Up-to-date: /home/vincentspada/unitree_ws/install/control_msgs/include/control_msgs/control_msgs/msg/detail/admittance_controller_state__rosidl_typesupport_introspection_cpp.hpp
[4.474s] -- Up-to-date: /home/vincentspada/unitree_ws/install/control_msgs/include/control_msgs/control_msgs/msg/detail/joint_component_tolerance__type_support.cpp
[4.474s] -- Up-to-date: /home/vincentspada/unitree_ws/install/control_msgs/include/control_msgs/control_msgs/msg/detail/gripper_command__type_support.cpp
[4.474s] -- Up-to-date: /home/vincentspada/unitree_ws/install/control_msgs/include/control_msgs/control_msgs/msg/detail/joint_component_tolerance__rosidl_typesupport_introspection_cpp.hpp
[4.474s] -- Up-to-date: /home/vincentspada/unitree_ws/install/control_msgs/include/control_msgs/control_msgs/msg/detail/dynamic_joint_state__type_support.cpp
[4.475s] -- Up-to-date: /home/vincentspada/unitree_ws/install/control_msgs/include/control_msgs/control_msgs/msg/detail/dynamic_joint_state__rosidl_typesupport_introspection_cpp.hpp
[4.475s] -- Up-to-date: /home/vincentspada/unitree_ws/install/control_msgs/include/control_msgs/control_msgs/msg/detail/mecanum_drive_controller_state__rosidl_typesupport_introspection_cpp.hpp
[4.475s] -- Up-to-date: /home/vincentspada/unitree_ws/install/control_msgs/include/control_msgs/control_msgs/msg/detail/mecanum_drive_controller_state__type_support.cpp
[4.475s] -- Up-to-date: /home/vincentspada/unitree_ws/install/control_msgs/include/control_msgs/control_msgs/msg/detail/interface_value__type_support.cpp
[4.475s] -- Up-to-date: /home/vincentspada/unitree_ws/install/control_msgs/include/control_msgs/control_msgs/msg/detail/joint_jog__rosidl_typesupport_introspection_cpp.hpp
[4.475s] -- Up-to-date: /home/vincentspada/unitree_ws/install/control_msgs/include/control_msgs/control_msgs/msg/detail/joint_trajectory_controller_state__type_support.cpp
[4.476s] -- Up-to-date: /home/vincentspada/unitree_ws/install/control_msgs/lib/libcontrol_msgs__rosidl_typesupport_introspection_cpp.so
[4.476s] -- Up-to-date: /home/vincentspada/unitree_ws/install/control_msgs/lib/libcontrol_msgs__rosidl_typesupport_cpp.so
[4.476s] -- Up-to-date: /home/vincentspada/unitree_ws/install/control_msgs/share/control_msgs/environment/pythonpath.sh
[4.476s] -- Up-to-date: /home/vincentspada/unitree_ws/install/control_msgs/share/control_msgs/environment/pythonpath.dsv
[4.476s] -- Up-to-date: /home/vincentspada/unitree_ws/install/control_msgs/local/lib/python3.10/dist-packages/control_msgs-4.4.0-py3.10.egg-info
[4.477s] -- Installing: /home/vincentspada/unitree_ws/install/control_msgs/local/lib/python3.10/dist-packages/control_msgs-4.4.0-py3.10.egg-info/dependency_links.txt
[4.491s] -- Installing: /home/vincentspada/unitree_ws/install/control_msgs/local/lib/python3.10/dist-packages/control_msgs-4.4.0-py3.10.egg-info/PKG-INFO
[4.491s] -- Installing: /home/vincentspada/unitree_ws/install/control_msgs/local/lib/python3.10/dist-packages/control_msgs-4.4.0-py3.10.egg-info/top_level.txt
[4.492s] -- Installing: /home/vincentspada/unitree_ws/install/control_msgs/local/lib/python3.10/dist-packages/control_msgs-4.4.0-py3.10.egg-info/SOURCES.txt
[4.492s] -- Up-to-date: /home/vincentspada/unitree_ws/install/control_msgs/local/lib/python3.10/dist-packages/control_msgs
[4.492s] -- Up-to-date: /home/vincentspada/unitree_ws/install/control_msgs/local/lib/python3.10/dist-packages/control_msgs/control_msgs_s__rosidl_typesupport_introspection_c.cpython-310-x86_64-linux-gnu.so
[4.492s] -- Up-to-date: /home/vincentspada/unitree_ws/install/control_msgs/local/lib/python3.10/dist-packages/control_msgs/libcontrol_msgs__rosidl_generator_py.so
[4.492s] -- Up-to-date: /home/vincentspada/unitree_ws/install/control_msgs/local/lib/python3.10/dist-packages/control_msgs/_control_msgs_s.ep.rosidl_typesupport_introspection_c.c
[4.493s] -- Up-to-date: /home/vincentspada/unitree_ws/install/control_msgs/local/lib/python3.10/dist-packages/control_msgs/action
[4.493s] -- Up-to-date: /home/vincentspada/unitree_ws/install/control_msgs/local/lib/python3.10/dist-packages/control_msgs/action/_gripper_command.py
[4.493s] -- Up-to-date: /home/vincentspada/unitree_ws/install/control_msgs/local/lib/python3.10/dist-packages/control_msgs/action/_joint_trajectory_s.c
[4.493s] -- Up-to-date: /home/vincentspada/unitree_ws/install/control_msgs/local/lib/python3.10/dist-packages/control_msgs/action/_single_joint_position.py
[4.493s] -- Up-to-date: /home/vincentspada/unitree_ws/install/control_msgs/local/lib/python3.10/dist-packages/control_msgs/action/_follow_joint_trajectory_s.c
[4.493s] -- Up-to-date: /home/vincentspada/unitree_ws/install/control_msgs/local/lib/python3.10/dist-packages/control_msgs/action/__init__.py
[4.494s] -- Up-to-date: /home/vincentspada/unitree_ws/install/control_msgs/local/lib/python3.10/dist-packages/control_msgs/action/_gripper_command_s.c
[4.494s] -- Up-to-date: /home/vincentspada/unitree_ws/install/control_msgs/local/lib/python3.10/dist-packages/control_msgs/action/_single_joint_position_s.c
[4.494s] -- Up-to-date: /home/vincentspada/unitree_ws/install/control_msgs/local/lib/python3.10/dist-packages/control_msgs/action/_joint_trajectory.py
[4.494s] -- Up-to-date: /home/vincentspada/unitree_ws/install/control_msgs/local/lib/python3.10/dist-packages/control_msgs/action/_point_head_s.c
[4.494s] -- Up-to-date: /home/vincentspada/unitree_ws/install/control_msgs/local/lib/python3.10/dist-packages/control_msgs/action/_follow_joint_trajectory.py
[4.494s] -- Up-to-date: /home/vincentspada/unitree_ws/install/control_msgs/local/lib/python3.10/dist-packages/control_msgs/action/_point_head.py
[4.495s] -- Up-to-date: /home/vincentspada/unitree_ws/install/control_msgs/local/lib/python3.10/dist-packages/control_msgs/_control_msgs_s.ep.rosidl_typesupport_c.c
[4.495s] -- Up-to-date: /home/vincentspada/unitree_ws/install/control_msgs/local/lib/python3.10/dist-packages/control_msgs/__init__.py
[4.506s] -- Up-to-date: /home/vincentspada/unitree_ws/install/control_msgs/local/lib/python3.10/dist-packages/control_msgs/srv
[4.507s] -- Up-to-date: /home/vincentspada/unitree_ws/install/control_msgs/local/lib/python3.10/dist-packages/control_msgs/srv/_query_trajectory_state.py
[4.507s] -- Up-to-date: /home/vincentspada/unitree_ws/install/control_msgs/local/lib/python3.10/dist-packages/control_msgs/srv/__init__.py
[4.507s] -- Up-to-date: /home/vincentspada/unitree_ws/install/control_msgs/local/lib/python3.10/dist-packages/control_msgs/srv/_query_trajectory_state_s.c
[4.507s] -- Up-to-date: /home/vincentspada/unitree_ws/install/control_msgs/local/lib/python3.10/dist-packages/control_msgs/srv/_query_calibration_state_s.c
[4.507s] -- Up-to-date: /home/vincentspada/unitree_ws/install/control_msgs/local/lib/python3.10/dist-packages/control_msgs/srv/_query_calibration_state.py
[4.507s] -- Up-to-date: /home/vincentspada/unitree_ws/install/control_msgs/local/lib/python3.10/dist-packages/control_msgs/control_msgs_s__rosidl_typesupport_fastrtps_c.cpython-310-x86_64-linux-gnu.so
[4.508s] -- Up-to-date: /home/vincentspada/unitree_ws/install/control_msgs/local/lib/python3.10/dist-packages/control_msgs/msg
[4.508s] -- Up-to-date: /home/vincentspada/unitree_ws/install/control_msgs/local/lib/python3.10/dist-packages/control_msgs/msg/_admittance_controller_state_s.c
[4.508s] -- Up-to-date: /home/vincentspada/unitree_ws/install/control_msgs/local/lib/python3.10/dist-packages/control_msgs/msg/_joint_tolerance.py
[4.508s] -- Up-to-date: /home/vincentspada/unitree_ws/install/control_msgs/local/lib/python3.10/dist-packages/control_msgs/msg/_mecanum_drive_controller_state_s.c
[4.508s] -- Up-to-date: /home/vincentspada/unitree_ws/install/control_msgs/local/lib/python3.10/dist-packages/control_msgs/msg/_admittance_controller_state.py
[4.508s] -- Up-to-date: /home/vincentspada/unitree_ws/install/control_msgs/local/lib/python3.10/dist-packages/control_msgs/msg/_gripper_command.py
[4.508s] -- Up-to-date: /home/vincentspada/unitree_ws/install/control_msgs/local/lib/python3.10/dist-packages/control_msgs/msg/_interface_value.py
[4.509s] -- Up-to-date: /home/vincentspada/unitree_ws/install/control_msgs/local/lib/python3.10/dist-packages/control_msgs/msg/_joint_component_tolerance.py
[4.509s] -- Up-to-date: /home/vincentspada/unitree_ws/install/control_msgs/local/lib/python3.10/dist-packages/control_msgs/msg/_dynamic_joint_state_s.c
[4.509s] -- Up-to-date: /home/vincentspada/unitree_ws/install/control_msgs/local/lib/python3.10/dist-packages/control_msgs/msg/_joint_trajectory_controller_state_s.c
[4.509s] -- Up-to-date: /home/vincentspada/unitree_ws/install/control_msgs/local/lib/python3.10/dist-packages/control_msgs/msg/__init__.py
[4.509s] -- Up-to-date: /home/vincentspada/unitree_ws/install/control_msgs/local/lib/python3.10/dist-packages/control_msgs/msg/_gripper_command_s.c
[4.509s] -- Up-to-date: /home/vincentspada/unitree_ws/install/control_msgs/local/lib/python3.10/dist-packages/control_msgs/msg/_pid_state_s.c
[4.510s] -- Up-to-date: /home/vincentspada/unitree_ws/install/control_msgs/local/lib/python3.10/dist-packages/control_msgs/msg/_interface_value_s.c
[4.513s] -- Up-to-date: /home/vincentspada/unitree_ws/install/control_msgs/local/lib/python3.10/dist-packages/control_msgs/msg/_joint_jog_s.c
[4.513s] -- Up-to-date: /home/vincentspada/unitree_ws/install/control_msgs/local/lib/python3.10/dist-packages/control_msgs/msg/_joint_controller_state.py
[4.514s] -- Up-to-date: /home/vincentspada/unitree_ws/install/control_msgs/local/lib/python3.10/dist-packages/control_msgs/msg/_pid_state.py
[4.514s] -- Up-to-date: /home/vincentspada/unitree_ws/install/control_msgs/local/lib/python3.10/dist-packages/control_msgs/msg/_mecanum_drive_controller_state.py
[4.514s] -- Up-to-date: /home/vincentspada/unitree_ws/install/control_msgs/local/lib/python3.10/dist-packages/control_msgs/msg/_joint_jog.py
[4.514s] -- Up-to-date: /home/vincentspada/unitree_ws/install/control_msgs/local/lib/python3.10/dist-packages/control_msgs/msg/_joint_controller_state_s.c
[4.518s] -- Up-to-date: /home/vincentspada/unitree_ws/install/control_msgs/local/lib/python3.10/dist-packages/control_msgs/msg/_joint_trajectory_controller_state.py
[4.522s] -- Up-to-date: /home/vincentspada/unitree_ws/install/control_msgs/local/lib/python3.10/dist-packages/control_msgs/msg/_dynamic_joint_state.py
[4.527s] -- Up-to-date: /home/vincentspada/unitree_ws/install/control_msgs/local/lib/python3.10/dist-packages/control_msgs/msg/_steering_controller_status_s.c
[4.527s] -- Up-to-date: /home/vincentspada/unitree_ws/install/control_msgs/local/lib/python3.10/dist-packages/control_msgs/msg/_steering_controller_status.py
[4.527s] -- Up-to-date: /home/vincentspada/unitree_ws/install/control_msgs/local/lib/python3.10/dist-packages/control_msgs/msg/_joint_component_tolerance_s.c
[4.527s] -- Up-to-date: /home/vincentspada/unitree_ws/install/control_msgs/local/lib/python3.10/dist-packages/control_msgs/msg/_joint_tolerance_s.c
[4.528s] -- Up-to-date: /home/vincentspada/unitree_ws/install/control_msgs/local/lib/python3.10/dist-packages/control_msgs/control_msgs_s__rosidl_typesupport_c.cpython-310-x86_64-linux-gnu.so
[4.528s] -- Up-to-date: /home/vincentspada/unitree_ws/install/control_msgs/local/lib/python3.10/dist-packages/control_msgs/_control_msgs_s.ep.rosidl_typesupport_fastrtps_c.c
[4.528s] Listing '/home/vincentspada/unitree_ws/install/control_msgs/local/lib/python3.10/dist-packages/control_msgs'...
[4.529s] Listing '/home/vincentspada/unitree_ws/install/control_msgs/local/lib/python3.10/dist-packages/control_msgs/action'...
[4.529s] Listing '/home/vincentspada/unitree_ws/install/control_msgs/local/lib/python3.10/dist-packages/control_msgs/msg'...
[4.529s] Listing '/home/vincentspada/unitree_ws/install/control_msgs/local/lib/python3.10/dist-packages/control_msgs/srv'...
[4.530s] -- Up-to-date: /home/vincentspada/unitree_ws/install/control_msgs/local/lib/python3.10/dist-packages/control_msgs/control_msgs_s__rosidl_typesupport_fastrtps_c.cpython-310-x86_64-linux-gnu.so
[4.530s] -- Up-to-date: /home/vincentspada/unitree_ws/install/control_msgs/local/lib/python3.10/dist-packages/control_msgs/control_msgs_s__rosidl_typesupport_introspection_c.cpython-310-x86_64-linux-gnu.so
[4.530s] -- Up-to-date: /home/vincentspada/unitree_ws/install/control_msgs/local/lib/python3.10/dist-packages/control_msgs/control_msgs_s__rosidl_typesupport_c.cpython-310-x86_64-linux-gnu.so
[4.530s] -- Up-to-date: /home/vincentspada/unitree_ws/install/control_msgs/lib/libcontrol_msgs__rosidl_generator_py.so
[4.531s] -- Up-to-date: /home/vincentspada/unitree_ws/install/control_msgs/share/control_msgs/action/FollowJointTrajectory.idl
[4.531s] -- Up-to-date: /home/vincentspada/unitree_ws/install/control_msgs/share/control_msgs/action/GripperCommand.idl
[4.535s] -- Up-to-date: /home/vincentspada/unitree_ws/install/control_msgs/share/control_msgs/action/JointTrajectory.idl
[4.536s] -- Up-to-date: /home/vincentspada/unitree_ws/install/control_msgs/share/control_msgs/action/PointHead.idl
[4.536s] -- Up-to-date: /home/vincentspada/unitree_ws/install/control_msgs/share/control_msgs/action/SingleJointPosition.idl
[4.536s] -- Up-to-date: /home/vincentspada/unitree_ws/install/control_msgs/share/control_msgs/msg/AdmittanceControllerState.idl
[4.536s] -- Up-to-date: /home/vincentspada/unitree_ws/install/control_msgs/share/control_msgs/msg/DynamicJointState.idl
[4.536s] -- Up-to-date: /home/vincentspada/unitree_ws/install/control_msgs/share/control_msgs/msg/GripperCommand.idl
[4.537s] -- Up-to-date: /home/vincentspada/unitree_ws/install/control_msgs/share/control_msgs/msg/InterfaceValue.idl
[4.538s] -- Up-to-date: /home/vincentspada/unitree_ws/install/control_msgs/share/control_msgs/msg/JointComponentTolerance.idl
[4.540s] -- Up-to-date: /home/vincentspada/unitree_ws/install/control_msgs/share/control_msgs/msg/JointControllerState.idl
[4.541s] -- Up-to-date: /home/vincentspada/unitree_ws/install/control_msgs/share/control_msgs/msg/JointJog.idl
[4.542s] -- Up-to-date: /home/vincentspada/unitree_ws/install/control_msgs/share/control_msgs/msg/JointTolerance.idl
[4.543s] -- Up-to-date: /home/vincentspada/unitree_ws/install/control_msgs/share/control_msgs/msg/JointTrajectoryControllerState.idl
[4.545s] -- Up-to-date: /home/vincentspada/unitree_ws/install/control_msgs/share/control_msgs/msg/MecanumDriveControllerState.idl
[4.545s] -- Up-to-date: /home/vincentspada/unitree_ws/install/control_msgs/share/control_msgs/msg/PidState.idl
[4.545s] -- Up-to-date: /home/vincentspada/unitree_ws/install/control_msgs/share/control_msgs/msg/SteeringControllerStatus.idl
[4.546s] -- Up-to-date: /home/vincentspada/unitree_ws/install/control_msgs/share/control_msgs/srv/QueryCalibrationState.idl
[4.546s] -- Up-to-date: /home/vincentspada/unitree_ws/install/control_msgs/share/control_msgs/srv/QueryTrajectoryState.idl
[4.546s] -- Up-to-date: /home/vincentspada/unitree_ws/install/control_msgs/share/control_msgs/action/FollowJointTrajectory.action
[4.546s] -- Up-to-date: /home/vincentspada/unitree_ws/install/control_msgs/share/control_msgs/action/GripperCommand.action
[4.546s] -- Up-to-date: /home/vincentspada/unitree_ws/install/control_msgs/share/control_msgs/action/JointTrajectory.action
[4.547s] -- Up-to-date: /home/vincentspada/unitree_ws/install/control_msgs/share/control_msgs/action/PointHead.action
[4.547s] -- Up-to-date: /home/vincentspada/unitree_ws/install/control_msgs/share/control_msgs/action/SingleJointPosition.action
[4.547s] -- Up-to-date: /home/vincentspada/unitree_ws/install/control_msgs/share/control_msgs/msg/AdmittanceControllerState.msg
[4.547s] -- Up-to-date: /home/vincentspada/unitree_ws/install/control_msgs/share/control_msgs/msg/DynamicJointState.msg
[4.548s] -- Up-to-date: /home/vincentspada/unitree_ws/install/control_msgs/share/control_msgs/msg/GripperCommand.msg
[4.548s] -- Up-to-date: /home/vincentspada/unitree_ws/install/control_msgs/share/control_msgs/msg/InterfaceValue.msg
[4.548s] -- Up-to-date: /home/vincentspada/unitree_ws/install/control_msgs/share/control_msgs/msg/JointComponentTolerance.msg
[4.548s] -- Up-to-date: /home/vincentspada/unitree_ws/install/control_msgs/share/control_msgs/msg/JointControllerState.msg
[4.548s] -- Up-to-date: /home/vincentspada/unitree_ws/install/control_msgs/share/control_msgs/msg/JointJog.msg
[4.557s] -- Up-to-date: /home/vincentspada/unitree_ws/install/control_msgs/share/control_msgs/msg/JointTolerance.msg
[4.586s] -- Up-to-date: /home/vincentspada/unitree_ws/install/control_msgs/share/control_msgs/msg/JointTrajectoryControllerState.msg
[4.586s] -- Up-to-date: /home/vincentspada/unitree_ws/install/control_msgs/share/control_msgs/msg/MecanumDriveControllerState.msg
[4.587s] -- Up-to-date: /home/vincentspada/unitree_ws/install/control_msgs/share/control_msgs/msg/PidState.msg
[4.587s] -- Up-to-date: /home/vincentspada/unitree_ws/install/control_msgs/share/control_msgs/msg/SteeringControllerStatus.msg
[4.587s] -- Up-to-date: /home/vincentspada/unitree_ws/install/control_msgs/share/control_msgs/srv/QueryCalibrationState.srv
[4.587s] -- Up-to-date: /home/vincentspada/unitree_ws/install/control_msgs/share/control_msgs/srv/QueryCalibrationState_Request.msg
[4.588s] -- Up-to-date: /home/vincentspada/unitree_ws/install/control_msgs/share/control_msgs/srv/QueryCalibrationState_Response.msg
[4.588s] -- Up-to-date: /home/vincentspada/unitree_ws/install/control_msgs/share/control_msgs/srv/QueryTrajectoryState.srv
[4.588s] -- Up-to-date: /home/vincentspada/unitree_ws/install/control_msgs/share/control_msgs/srv/QueryTrajectoryState_Request.msg
[4.588s] -- Up-to-date: /home/vincentspada/unitree_ws/install/control_msgs/share/control_msgs/srv/QueryTrajectoryState_Response.msg
[4.588s] -- Up-to-date: /home/vincentspada/unitree_ws/install/control_msgs/share/ament_index/resource_index/package_run_dependencies/control_msgs
[4.589s] -- Up-to-date: /home/vincentspada/unitree_ws/install/control_msgs/share/ament_index/resource_index/parent_prefix_path/control_msgs
[4.589s] -- Up-to-date: /home/vincentspada/unitree_ws/install/control_msgs/share/control_msgs/environment/ament_prefix_path.sh
[4.589s] -- Up-to-date: /home/vincentspada/unitree_ws/install/control_msgs/share/control_msgs/environment/ament_prefix_path.dsv
[4.589s] -- Up-to-date: /home/vincentspada/unitree_ws/install/control_msgs/share/control_msgs/environment/path.sh
[4.589s] -- Up-to-date: /home/vincentspada/unitree_ws/install/control_msgs/share/control_msgs/environment/path.dsv
[4.590s] -- Up-to-date: /home/vincentspada/unitree_ws/install/control_msgs/share/control_msgs/local_setup.bash
[4.590s] -- Up-to-date: /home/vincentspada/unitree_ws/install/control_msgs/share/control_msgs/local_setup.sh
[4.590s] -- Up-to-date: /home/vincentspada/unitree_ws/install/control_msgs/share/control_msgs/local_setup.zsh
[4.590s] -- Up-to-date: /home/vincentspada/unitree_ws/install/control_msgs/share/control_msgs/local_setup.dsv
[4.591s] -- Installing: /home/vincentspada/unitree_ws/install/control_msgs/share/control_msgs/package.dsv
[4.591s] -- Up-to-date: /home/vincentspada/unitree_ws/install/control_msgs/share/ament_index/resource_index/packages/control_msgs
[4.591s] -- Up-to-date: /home/vincentspada/unitree_ws/install/control_msgs/share/control_msgs/cmake/export_control_msgs__rosidl_generator_cExport.cmake
[4.591s] -- Up-to-date: /home/vincentspada/unitree_ws/install/control_msgs/share/control_msgs/cmake/export_control_msgs__rosidl_generator_cExport-noconfig.cmake
[4.591s] -- Up-to-date: /home/vincentspada/unitree_ws/install/control_msgs/share/control_msgs/cmake/export_control_msgs__rosidl_typesupport_fastrtps_cExport.cmake
[4.592s] -- Up-to-date: /home/vincentspada/unitree_ws/install/control_msgs/share/control_msgs/cmake/export_control_msgs__rosidl_typesupport_fastrtps_cExport-noconfig.cmake
[4.592s] -- Up-to-date: /home/vincentspada/unitree_ws/install/control_msgs/share/control_msgs/cmake/export_control_msgs__rosidl_generator_cppExport.cmake
[4.592s] -- Up-to-date: /home/vincentspada/unitree_ws/install/control_msgs/share/control_msgs/cmake/export_control_msgs__rosidl_typesupport_fastrtps_cppExport.cmake
[4.592s] -- Up-to-date: /home/vincentspada/unitree_ws/install/control_msgs/share/control_msgs/cmake/export_control_msgs__rosidl_typesupport_fastrtps_cppExport-noconfig.cmake
[4.592s] -- Up-to-date: /home/vincentspada/unitree_ws/install/control_msgs/share/control_msgs/cmake/control_msgs__rosidl_typesupport_introspection_cExport.cmake
[4.593s] -- Up-to-date: /home/vincentspada/unitree_ws/install/control_msgs/share/control_msgs/cmake/control_msgs__rosidl_typesupport_introspection_cExport-noconfig.cmake
[4.593s] -- Up-to-date: /home/vincentspada/unitree_ws/install/control_msgs/share/control_msgs/cmake/control_msgs__rosidl_typesupport_cExport.cmake
[4.593s] -- Up-to-date: /home/vincentspada/unitree_ws/install/control_msgs/share/control_msgs/cmake/control_msgs__rosidl_typesupport_cExport-noconfig.cmake
[4.593s] -- Up-to-date: /home/vincentspada/unitree_ws/install/control_msgs/share/control_msgs/cmake/control_msgs__rosidl_typesupport_introspection_cppExport.cmake
[4.594s] -- Up-to-date: /home/vincentspada/unitree_ws/install/control_msgs/share/control_msgs/cmake/control_msgs__rosidl_typesupport_introspection_cppExport-noconfig.cmake
[4.594s] -- Up-to-date: /home/vincentspada/unitree_ws/install/control_msgs/share/control_msgs/cmake/control_msgs__rosidl_typesupport_cppExport.cmake
[4.594s] -- Up-to-date: /home/vincentspada/unitree_ws/install/control_msgs/share/control_msgs/cmake/control_msgs__rosidl_typesupport_cppExport-noconfig.cmake
[4.594s] -- Up-to-date: /home/vincentspada/unitree_ws/install/control_msgs/share/control_msgs/cmake/export_control_msgs__rosidl_generator_pyExport.cmake
[4.594s] -- Up-to-date: /home/vincentspada/unitree_ws/install/control_msgs/share/control_msgs/cmake/export_control_msgs__rosidl_generator_pyExport-noconfig.cmake
[4.595s] -- Up-to-date: /home/vincentspada/unitree_ws/install/control_msgs/share/control_msgs/cmake/rosidl_cmake-extras.cmake
[4.595s] -- Up-to-date: /home/vincentspada/unitree_ws/install/control_msgs/share/control_msgs/cmake/ament_cmake_export_dependencies-extras.cmake
[4.595s] -- Up-to-date: /home/vincentspada/unitree_ws/install/control_msgs/share/control_msgs/cmake/ament_cmake_export_include_directories-extras.cmake
[4.595s] -- Up-to-date: /home/vincentspada/unitree_ws/install/control_msgs/share/control_msgs/cmake/ament_cmake_export_libraries-extras.cmake
[4.596s] -- Up-to-date: /home/vincentspada/unitree_ws/install/control_msgs/share/control_msgs/cmake/ament_cmake_export_targets-extras.cmake
[4.596s] -- Up-to-date: /home/vincentspada/unitree_ws/install/control_msgs/share/control_msgs/cmake/rosidl_cmake_export_typesupport_targets-extras.cmake
[4.596s] -- Up-to-date: /home/vincentspada/unitree_ws/install/control_msgs/share/control_msgs/cmake/rosidl_cmake_export_typesupport_libraries-extras.cmake
[4.596s] -- Up-to-date: /home/vincentspada/unitree_ws/install/control_msgs/share/control_msgs/cmake/control_msgsConfig.cmake
[4.596s] -- Up-to-date: /home/vincentspada/unitree_ws/install/control_msgs/share/control_msgs/cmake/control_msgsConfig-version.cmake
[4.596s] -- Up-to-date: /home/vincentspada/unitree_ws/install/control_msgs/share/control_msgs/package.xml
[4.597s] Invoked command in '/home/vincentspada/unitree_ws/build/control_msgs' returned '0': CMAKE_PREFIX_PATH=/opt/ros/humble:${CMAKE_PREFIX_PATH} /usr/bin/cmake --install /home/vincentspada/unitree_ws/build/control_msgs
