[0.092s] Invoking command in '/home/vincentspada/unitree_ws/build/realtime_tools': CMAKE_PREFIX_PATH=/opt/ros/humble:${CMAKE_PREFIX_PATH} /usr/bin/cmake --build /home/vincentspada/unitree_ws/build/realtime_tools -- -j4 -l4
[0.414s] [  9%] Built target gmock_main
[0.426s] [ 19%] Built target thread_priority
[0.450s] [ 28%] Built target realtime_tools
[0.477s] [ 42%] Built target gmock
[0.633s] [ 52%] Built target realtime_box_tests
[0.665s] [ 61%] Built target realtime_buffer_tests
[0.677s] [ 71%] Built target realtime_publisher_tests_non_polling
[0.737s] [ 80%] Built target realtime_clock_tests
[0.839s] [ 90%] Built target realtime_publisher_tests
[0.926s] [100%] Built target realtime_server_goal_handle_tests
[0.986s] Invoked command in '/home/vincentspada/unitree_ws/build/realtime_tools' returned '0': CMAKE_PREFIX_PATH=/opt/ros/humble:${CMAKE_PREFIX_PATH} /usr/bin/cmake --build /home/vincentspada/unitree_ws/build/realtime_tools -- -j4 -l4
[1.610s] Invoking command in '/home/vincentspada/unitree_ws/build/realtime_tools': CMAKE_PREFIX_PATH=/opt/ros/humble:${CMAKE_PREFIX_PATH} /usr/bin/cmake --install /home/vincentspada/unitree_ws/build/realtime_tools
[1.635s] -- Install configuration: ""
[1.635s] -- Up-to-date: /home/vincentspada/unitree_ws/install/realtime_tools/include/realtime_tools
[1.636s] -- Up-to-date: /home/vincentspada/unitree_ws/install/realtime_tools/include/realtime_tools/realtime_tools
[1.636s] -- Up-to-date: /home/vincentspada/unitree_ws/install/realtime_tools/include/realtime_tools/realtime_tools/realtime_publisher.h
[1.636s] -- Up-to-date: /home/vincentspada/unitree_ws/install/realtime_tools/include/realtime_tools/realtime_tools/realtime_server_goal_handle.h
[1.636s] -- Up-to-date: /home/vincentspada/unitree_ws/install/realtime_tools/include/realtime_tools/realtime_tools/realtime_box.h
[1.637s] -- Up-to-date: /home/vincentspada/unitree_ws/install/realtime_tools/include/realtime_tools/realtime_tools/thread_priority.hpp
[1.637s] -- Up-to-date: /home/vincentspada/unitree_ws/install/realtime_tools/include/realtime_tools/realtime_tools/realtime_clock.h
[1.637s] -- Up-to-date: /home/vincentspada/unitree_ws/install/realtime_tools/include/realtime_tools/realtime_tools/realtime_buffer.h
[1.637s] -- Up-to-date: /home/vincentspada/unitree_ws/install/realtime_tools/lib/librealtime_tools.so
[1.638s] -- Up-to-date: /home/vincentspada/unitree_ws/install/realtime_tools/lib/libthread_priority.so
[1.638s] -- Up-to-date: /home/vincentspada/unitree_ws/install/realtime_tools/share/realtime_tools/environment/library_path.sh
[1.638s] -- Up-to-date: /home/vincentspada/unitree_ws/install/realtime_tools/share/realtime_tools/environment/library_path.dsv
[1.639s] -- Up-to-date: /home/vincentspada/unitree_ws/install/realtime_tools/share/ament_index/resource_index/package_run_dependencies/realtime_tools
[1.639s] -- Up-to-date: /home/vincentspada/unitree_ws/install/realtime_tools/share/ament_index/resource_index/parent_prefix_path/realtime_tools
[1.639s] -- Up-to-date: /home/vincentspada/unitree_ws/install/realtime_tools/share/realtime_tools/environment/ament_prefix_path.sh
[1.639s] -- Up-to-date: /home/vincentspada/unitree_ws/install/realtime_tools/share/realtime_tools/environment/ament_prefix_path.dsv
[1.640s] -- Up-to-date: /home/vincentspada/unitree_ws/install/realtime_tools/share/realtime_tools/environment/path.sh
[1.640s] -- Up-to-date: /home/vincentspada/unitree_ws/install/realtime_tools/share/realtime_tools/environment/path.dsv
[1.640s] -- Up-to-date: /home/vincentspada/unitree_ws/install/realtime_tools/share/realtime_tools/local_setup.bash
[1.640s] -- Up-to-date: /home/vincentspada/unitree_ws/install/realtime_tools/share/realtime_tools/local_setup.sh
[1.640s] -- Up-to-date: /home/vincentspada/unitree_ws/install/realtime_tools/share/realtime_tools/local_setup.zsh
[1.641s] -- Up-to-date: /home/vincentspada/unitree_ws/install/realtime_tools/share/realtime_tools/local_setup.dsv
[1.641s] -- Installing: /home/vincentspada/unitree_ws/install/realtime_tools/share/realtime_tools/package.dsv
[1.641s] -- Up-to-date: /home/vincentspada/unitree_ws/install/realtime_tools/share/ament_index/resource_index/packages/realtime_tools
[1.642s] -- Up-to-date: /home/vincentspada/unitree_ws/install/realtime_tools/share/realtime_tools/cmake/export_realtime_toolsExport.cmake
[1.642s] -- Up-to-date: /home/vincentspada/unitree_ws/install/realtime_tools/share/realtime_tools/cmake/export_realtime_toolsExport-noconfig.cmake
[1.642s] -- Up-to-date: /home/vincentspada/unitree_ws/install/realtime_tools/share/realtime_tools/cmake/ament_cmake_export_targets-extras.cmake
[1.642s] -- Up-to-date: /home/vincentspada/unitree_ws/install/realtime_tools/share/realtime_tools/cmake/ament_cmake_export_dependencies-extras.cmake
[1.642s] -- Up-to-date: /home/vincentspada/unitree_ws/install/realtime_tools/share/realtime_tools/cmake/realtime_toolsConfig.cmake
[1.643s] -- Up-to-date: /home/vincentspada/unitree_ws/install/realtime_tools/share/realtime_tools/cmake/realtime_toolsConfig-version.cmake
[1.643s] -- Up-to-date: /home/vincentspada/unitree_ws/install/realtime_tools/share/realtime_tools/package.xml
[1.659s] Invoked command in '/home/vincentspada/unitree_ws/build/realtime_tools' returned '0': CMAKE_PREFIX_PATH=/opt/ros/humble:${CMAKE_PREFIX_PATH} /usr/bin/cmake --install /home/vincentspada/unitree_ws/build/realtime_tools
