[0.038s] Invoking command in '/home/vincentspada/unitree_ws/build/kinematics_interface': CMAKE_PREFIX_PATH=/opt/ros/humble:${CMAKE_PREFIX_PATH} /usr/bin/cmake --build /home/vincentspada/unitree_ws/build/kinematics_interface -- -j4 -l4
[0.168s] Invoked command in '/home/vincentspada/unitree_ws/build/kinematics_interface' returned '0': CMAKE_PREFIX_PATH=/opt/ros/humble:${CMAKE_PREFIX_PATH} /usr/bin/cmake --build /home/vincentspada/unitree_ws/build/kinematics_interface -- -j4 -l4
[0.254s] Invoking command in '/home/vincentspada/unitree_ws/build/kinematics_interface': CMAKE_PREFIX_PATH=/opt/ros/humble:${CMAKE_PREFIX_PATH} /usr/bin/cmake --install /home/vincentspada/unitree_ws/build/kinematics_interface
[0.271s] -- Install configuration: ""
[0.271s] -- Up-to-date: /home/vincentspada/unitree_ws/install/kinematics_interface/include/kinematics_interface
[0.272s] -- Up-to-date: /home/vincentspada/unitree_ws/install/kinematics_interface/include/kinematics_interface/kinematics_interface
[0.273s] -- Up-to-date: /home/vincentspada/unitree_ws/install/kinematics_interface/include/kinematics_interface/kinematics_interface/visibility_control.h
[0.273s] -- Up-to-date: /home/vincentspada/unitree_ws/install/kinematics_interface/include/kinematics_interface/kinematics_interface/kinematics_interface.hpp
[0.274s] -- Up-to-date: /home/vincentspada/unitree_ws/install/kinematics_interface/share/kinematics_interface/environment/library_path.sh
[0.274s] -- Up-to-date: /home/vincentspada/unitree_ws/install/kinematics_interface/share/kinematics_interface/environment/library_path.dsv
[0.275s] -- Up-to-date: /home/vincentspada/unitree_ws/install/kinematics_interface/share/ament_index/resource_index/package_run_dependencies/kinematics_interface
[0.275s] -- Up-to-date: /home/vincentspada/unitree_ws/install/kinematics_interface/share/ament_index/resource_index/parent_prefix_path/kinematics_interface
[0.275s] -- Up-to-date: /home/vincentspada/unitree_ws/install/kinematics_interface/share/kinematics_interface/environment/ament_prefix_path.sh
[0.276s] -- Up-to-date: /home/vincentspada/unitree_ws/install/kinematics_interface/share/kinematics_interface/environment/ament_prefix_path.dsv
[0.276s] -- Up-to-date: /home/vincentspada/unitree_ws/install/kinematics_interface/share/kinematics_interface/environment/path.sh
[0.277s] -- Up-to-date: /home/vincentspada/unitree_ws/install/kinematics_interface/share/kinematics_interface/environment/path.dsv
[0.277s] -- Up-to-date: /home/vincentspada/unitree_ws/install/kinematics_interface/share/kinematics_interface/local_setup.bash
[0.278s] -- Up-to-date: /home/vincentspada/unitree_ws/install/kinematics_interface/share/kinematics_interface/local_setup.sh
[0.278s] -- Up-to-date: /home/vincentspada/unitree_ws/install/kinematics_interface/share/kinematics_interface/local_setup.zsh
[0.279s] -- Up-to-date: /home/vincentspada/unitree_ws/install/kinematics_interface/share/kinematics_interface/local_setup.dsv
[0.279s] -- Installing: /home/vincentspada/unitree_ws/install/kinematics_interface/share/kinematics_interface/package.dsv
[0.280s] -- Up-to-date: /home/vincentspada/unitree_ws/install/kinematics_interface/share/ament_index/resource_index/packages/kinematics_interface
[0.280s] -- Up-to-date: /home/vincentspada/unitree_ws/install/kinematics_interface/share/kinematics_interface/cmake/export_kinematics_interfaceExport.cmake
[0.281s] -- Up-to-date: /home/vincentspada/unitree_ws/install/kinematics_interface/share/kinematics_interface/cmake/ament_cmake_export_targets-extras.cmake
[0.281s] -- Up-to-date: /home/vincentspada/unitree_ws/install/kinematics_interface/share/kinematics_interface/cmake/ament_cmake_export_dependencies-extras.cmake
[0.282s] -- Up-to-date: /home/vincentspada/unitree_ws/install/kinematics_interface/share/kinematics_interface/cmake/kinematics_interfaceConfig.cmake
[0.282s] -- Up-to-date: /home/vincentspada/unitree_ws/install/kinematics_interface/share/kinematics_interface/cmake/kinematics_interfaceConfig-version.cmake
[0.283s] -- Up-to-date: /home/vincentspada/unitree_ws/install/kinematics_interface/share/kinematics_interface/package.xml
[0.292s] Invoked command in '/home/vincentspada/unitree_ws/build/kinematics_interface' returned '0': CMAKE_PREFIX_PATH=/opt/ros/humble:${CMAKE_PREFIX_PATH} /usr/bin/cmake --install /home/vincentspada/unitree_ws/build/kinematics_interface
