[0.047s] Invoking command in '/home/vincentspada/unitree_ws/build/ros2_control_demo_description': CMAKE_PREFIX_PATH=/opt/ros/humble:${CMAKE_PREFIX_PATH} /usr/bin/cmake --build /home/vincentspada/unitree_ws/build/ros2_control_demo_description -- -j4 -l4
[0.288s] Invoked command in '/home/vincentspada/unitree_ws/build/ros2_control_demo_description' returned '0': CMAKE_PREFIX_PATH=/opt/ros/humble:${CMAKE_PREFIX_PATH} /usr/bin/cmake --build /home/vincentspada/unitree_ws/build/ros2_control_demo_description -- -j4 -l4
[0.387s] Invoking command in '/home/vincentspada/unitree_ws/build/ros2_control_demo_description': CMAKE_PREFIX_PATH=/opt/ros/humble:${CMAKE_PREFIX_PATH} /usr/bin/cmake --install /home/vincentspada/unitree_ws/build/ros2_control_demo_description
[0.427s] -- Install configuration: ""
[0.427s] -- Up-to-date: /home/vincentspada/unitree_ws/install/ros2_control_demo_description/share/ros2_control_demo_description/rrbot/urdf
[0.430s] -- Up-to-date: /home/vincentspada/unitree_ws/install/ros2_control_demo_description/share/ros2_control_demo_description/rrbot/urdf/rrbot_description.urdf.xacro
[0.430s] -- Up-to-date: /home/vincentspada/unitree_ws/install/ros2_control_demo_description/share/ros2_control_demo_description/rrbot/urdf/rrbot.materials.xacro
[0.438s] -- Up-to-date: /home/vincentspada/unitree_ws/install/ros2_control_demo_description/share/ros2_control_demo_description/rrbot/rviz
[0.438s] -- Up-to-date: /home/vincentspada/unitree_ws/install/ros2_control_demo_description/share/ros2_control_demo_description/rrbot/rviz/rrbot.rviz
[0.438s] -- Up-to-date: /home/vincentspada/unitree_ws/install/ros2_control_demo_description/share/ros2_control_demo_description/diffbot/urdf
[0.439s] -- Up-to-date: /home/vincentspada/unitree_ws/install/ros2_control_demo_description/share/ros2_control_demo_description/diffbot/urdf/diffbot.materials.xacro
[0.439s] -- Up-to-date: /home/vincentspada/unitree_ws/install/ros2_control_demo_description/share/ros2_control_demo_description/diffbot/urdf/diffbot_description.urdf.xacro
[0.439s] -- Up-to-date: /home/vincentspada/unitree_ws/install/ros2_control_demo_description/share/ros2_control_demo_description/diffbot/rviz
[0.439s] -- Up-to-date: /home/vincentspada/unitree_ws/install/ros2_control_demo_description/share/ros2_control_demo_description/diffbot/rviz/diffbot_view.rviz
[0.439s] -- Up-to-date: /home/vincentspada/unitree_ws/install/ros2_control_demo_description/share/ros2_control_demo_description/diffbot/rviz/diffbot.rviz
[0.439s] -- Up-to-date: /home/vincentspada/unitree_ws/install/ros2_control_demo_description/share/ros2_control_demo_description/r6bot/meshes
[0.440s] -- Up-to-date: /home/vincentspada/unitree_ws/install/ros2_control_demo_description/share/ros2_control_demo_description/r6bot/meshes/collision
[0.440s] -- Up-to-date: /home/vincentspada/unitree_ws/install/ros2_control_demo_description/share/ros2_control_demo_description/r6bot/meshes/collision/link_1.stl
[0.440s] -- Up-to-date: /home/vincentspada/unitree_ws/install/ros2_control_demo_description/share/ros2_control_demo_description/r6bot/meshes/collision/link_5.stl
[0.440s] -- Up-to-date: /home/vincentspada/unitree_ws/install/ros2_control_demo_description/share/ros2_control_demo_description/r6bot/meshes/collision/link_6.stl
[0.440s] -- Up-to-date: /home/vincentspada/unitree_ws/install/ros2_control_demo_description/share/ros2_control_demo_description/r6bot/meshes/collision/link_4.stl
[0.440s] -- Up-to-date: /home/vincentspada/unitree_ws/install/ros2_control_demo_description/share/ros2_control_demo_description/r6bot/meshes/collision/link_0.stl
[0.440s] -- Up-to-date: /home/vincentspada/unitree_ws/install/ros2_control_demo_description/share/ros2_control_demo_description/r6bot/meshes/collision/link_3.stl
[0.441s] -- Up-to-date: /home/vincentspada/unitree_ws/install/ros2_control_demo_description/share/ros2_control_demo_description/r6bot/meshes/collision/link_2.stl
[0.441s] -- Up-to-date: /home/vincentspada/unitree_ws/install/ros2_control_demo_description/share/ros2_control_demo_description/r6bot/meshes/visual
[0.441s] -- Up-to-date: /home/vincentspada/unitree_ws/install/ros2_control_demo_description/share/ros2_control_demo_description/r6bot/meshes/visual/link_1.dae
[0.441s] -- Up-to-date: /home/vincentspada/unitree_ws/install/ros2_control_demo_description/share/ros2_control_demo_description/r6bot/meshes/visual/link_3.dae
[0.441s] -- Up-to-date: /home/vincentspada/unitree_ws/install/ros2_control_demo_description/share/ros2_control_demo_description/r6bot/meshes/visual/link_6.dae
[0.441s] -- Up-to-date: /home/vincentspada/unitree_ws/install/ros2_control_demo_description/share/ros2_control_demo_description/r6bot/meshes/visual/link_0.dae
[0.442s] -- Up-to-date: /home/vincentspada/unitree_ws/install/ros2_control_demo_description/share/ros2_control_demo_description/r6bot/meshes/visual/link_2.dae
[0.442s] -- Up-to-date: /home/vincentspada/unitree_ws/install/ros2_control_demo_description/share/ros2_control_demo_description/r6bot/meshes/visual/link_4.dae
[0.442s] -- Up-to-date: /home/vincentspada/unitree_ws/install/ros2_control_demo_description/share/ros2_control_demo_description/r6bot/meshes/visual/link_5.dae
[0.442s] -- Up-to-date: /home/vincentspada/unitree_ws/install/ros2_control_demo_description/share/ros2_control_demo_description/r6bot/srdf
[0.442s] -- Up-to-date: /home/vincentspada/unitree_ws/install/ros2_control_demo_description/share/ros2_control_demo_description/r6bot/srdf/r6bot.srdf
[0.442s] -- Up-to-date: /home/vincentspada/unitree_ws/install/ros2_control_demo_description/share/ros2_control_demo_description/r6bot/urdf
[0.442s] -- Up-to-date: /home/vincentspada/unitree_ws/install/ros2_control_demo_description/share/ros2_control_demo_description/r6bot/urdf/inc
[0.443s] -- Up-to-date: /home/vincentspada/unitree_ws/install/ros2_control_demo_description/share/ros2_control_demo_description/r6bot/urdf/inc/create_link.xacro
[0.443s] -- Up-to-date: /home/vincentspada/unitree_ws/install/ros2_control_demo_description/share/ros2_control_demo_description/r6bot/urdf/r6bot_description.urdf.xacro
[0.443s] -- Up-to-date: /home/vincentspada/unitree_ws/install/ros2_control_demo_description/share/ros2_control_demo_description/r6bot/rviz
[0.443s] -- Up-to-date: /home/vincentspada/unitree_ws/install/ros2_control_demo_description/share/ros2_control_demo_description/r6bot/rviz/view_robot.rviz
[0.443s] -- Up-to-date: /home/vincentspada/unitree_ws/install/ros2_control_demo_description/share/ament_index/resource_index/package_run_dependencies/ros2_control_demo_description
[0.443s] -- Up-to-date: /home/vincentspada/unitree_ws/install/ros2_control_demo_description/share/ament_index/resource_index/parent_prefix_path/ros2_control_demo_description
[0.443s] -- Up-to-date: /home/vincentspada/unitree_ws/install/ros2_control_demo_description/share/ros2_control_demo_description/environment/ament_prefix_path.sh
[0.444s] -- Up-to-date: /home/vincentspada/unitree_ws/install/ros2_control_demo_description/share/ros2_control_demo_description/environment/ament_prefix_path.dsv
[0.444s] -- Up-to-date: /home/vincentspada/unitree_ws/install/ros2_control_demo_description/share/ros2_control_demo_description/environment/path.sh
[0.444s] -- Up-to-date: /home/vincentspada/unitree_ws/install/ros2_control_demo_description/share/ros2_control_demo_description/environment/path.dsv
[0.444s] -- Up-to-date: /home/vincentspada/unitree_ws/install/ros2_control_demo_description/share/ros2_control_demo_description/local_setup.bash
[0.444s] -- Up-to-date: /home/vincentspada/unitree_ws/install/ros2_control_demo_description/share/ros2_control_demo_description/local_setup.sh
[0.444s] -- Up-to-date: /home/vincentspada/unitree_ws/install/ros2_control_demo_description/share/ros2_control_demo_description/local_setup.zsh
[0.445s] -- Up-to-date: /home/vincentspada/unitree_ws/install/ros2_control_demo_description/share/ros2_control_demo_description/local_setup.dsv
[0.445s] -- Installing: /home/vincentspada/unitree_ws/install/ros2_control_demo_description/share/ros2_control_demo_description/package.dsv
[0.445s] -- Up-to-date: /home/vincentspada/unitree_ws/install/ros2_control_demo_description/share/ament_index/resource_index/packages/ros2_control_demo_description
[0.446s] -- Up-to-date: /home/vincentspada/unitree_ws/install/ros2_control_demo_description/share/ros2_control_demo_description/cmake/ros2_control_demo_descriptionConfig.cmake
[0.446s] -- Up-to-date: /home/vincentspada/unitree_ws/install/ros2_control_demo_description/share/ros2_control_demo_description/cmake/ros2_control_demo_descriptionConfig-version.cmake
[0.447s] -- Up-to-date: /home/vincentspada/unitree_ws/install/ros2_control_demo_description/share/ros2_control_demo_description/package.xml
[0.462s] Invoked command in '/home/vincentspada/unitree_ws/build/ros2_control_demo_description' returned '0': CMAKE_PREFIX_PATH=/opt/ros/humble:${CMAKE_PREFIX_PATH} /usr/bin/cmake --install /home/vincentspada/unitree_ws/build/ros2_control_demo_description
