[0.078s] Invoking command in '/home/vincentspada/unitree_ws/build/control_msgs': CMAKE_PREFIX_PATH=/opt/ros/humble:${CMAKE_PREFIX_PATH} /usr/bin/cmake /home/vincentspada/unitree_ws/src/ros-controls/control_msgs/control_msgs -DCMAKE_INSTALL_PREFIX=/home/vincentspada/unitree_ws/install/control_msgs
[0.128s] -- Found action_msgs: 1.2.1 (/opt/ros/humble/share/action_msgs/cmake)
[0.640s] -- Found Python3: /usr/bin/python3.10 (found version "3.10.12") found components: Interpreter 
[0.986s] -- Found rosidl_generator_c: 3.1.5 (/opt/ros/humble/share/rosidl_generator_c/cmake)
[1.000s] -- Found rosidl_adapter: 3.1.5 (/opt/ros/humble/share/rosidl_adapter/cmake)
[1.023s] -- Found rosidl_generator_cpp: 3.1.5 (/opt/ros/humble/share/rosidl_generator_cpp/cmake)
[1.062s] -- Using all available rosidl_typesupport_c: rosidl_typesupport_fastrtps_c;rosidl_typesupport_introspection_c
[1.119s] -- Using all available rosidl_typesupport_cpp: rosidl_typesupport_fastrtps_cpp;rosidl_typesupport_introspection_cpp
[1.449s] -- Found geometry_msgs: 4.2.3 (/opt/ros/humble/share/geometry_msgs/cmake)
[1.829s] -- Found rosidl_default_generators: 1.2.0 (/opt/ros/humble/share/rosidl_default_generators/cmake)
[1.903s] -- Found sensor_msgs: 4.2.3 (/opt/ros/humble/share/sensor_msgs/cmake)
[2.392s] -- Found trajectory_msgs: 4.2.3 (/opt/ros/humble/share/trajectory_msgs/cmake)
[2.752s] -- Found ament_lint_auto: 0.12.7 (/opt/ros/humble/share/ament_lint_auto/cmake)
[4.826s] -- Found ament_cmake_ros: 0.10.0 (/opt/ros/humble/share/ament_cmake_ros/cmake)
[7.591s] -- Using all available rosidl_typesupport_c: rosidl_typesupport_fastrtps_c;rosidl_typesupport_introspection_c
[8.927s] -- Using all available rosidl_typesupport_cpp: rosidl_typesupport_fastrtps_cpp;rosidl_typesupport_introspection_cpp
[9.079s] -- Found PythonInterp: /usr/bin/python3 (found suitable version "3.10.12", minimum required is "3.6") 
[9.082s] -- Found python_cmake_module: 0.10.0 (/opt/ros/humble/share/python_cmake_module/cmake)
[9.204s] -- Found PythonLibs: /usr/lib/x86_64-linux-gnu/libpython3.10.so (found suitable version "3.10.12", minimum required is "3.5") 
[9.205s] -- Using PYTHON_EXECUTABLE: /usr/bin/python3
[9.206s] -- Using PYTHON_INCLUDE_DIRS: /usr/include/python3.10
[9.208s] -- Using PYTHON_LIBRARIES: /usr/lib/x86_64-linux-gnu/libpython3.10.so
[9.328s] -- Found PythonExtra: .so  
[9.916s] -- Added test 'copyright' to check source files copyright and LICENSE
[9.985s] -- Added test 'lint_cmake' to check CMake code style
[10.011s] -- Added test 'xmllint' to check XML markup files
[10.053s] -- Configuring done
[10.846s] -- Generating done
[10.864s] -- Build files have been written to: /home/vincentspada/unitree_ws/build/control_msgs
[10.953s] Invoked command in '/home/vincentspada/unitree_ws/build/control_msgs' returned '0': CMAKE_PREFIX_PATH=/opt/ros/humble:${CMAKE_PREFIX_PATH} /usr/bin/cmake /home/vincentspada/unitree_ws/src/ros-controls/control_msgs/control_msgs -DCMAKE_INSTALL_PREFIX=/home/vincentspada/unitree_ws/install/control_msgs
[10.954s] Invoking command in '/home/vincentspada/unitree_ws/build/control_msgs': CMAKE_PREFIX_PATH=/opt/ros/humble:${CMAKE_PREFIX_PATH} /usr/bin/cmake --build /home/vincentspada/unitree_ws/build/control_msgs -- -j4 -l4
[11.382s] [  0%] [34m[1mGenerating C code for ROS interfaces[0m
[11.491s] [  0%] [34m[1mGenerating C++ code for ROS interfaces[0m
[11.654s] [  0%] Built target ament_cmake_python_copy_control_msgs
[14.163s] running egg_info
[14.175s] creating control_msgs.egg-info
[14.176s] writing control_msgs.egg-info/PKG-INFO
[14.180s] writing dependency_links to control_msgs.egg-info/dependency_links.txt
[14.182s] writing top-level names to control_msgs.egg-info/top_level.txt
[14.184s] writing manifest file 'control_msgs.egg-info/SOURCES.txt'
[14.195s] reading manifest file 'control_msgs.egg-info/SOURCES.txt'
[14.203s] writing manifest file 'control_msgs.egg-info/SOURCES.txt'
[14.377s] [  0%] Built target ament_cmake_python_build_control_msgs_egg
[39.723s] [  1%] [32mBuilding C object CMakeFiles/control_msgs__rosidl_generator_c.dir/rosidl_generator_c/control_msgs/action/detail/follow_joint_trajectory__functions.c.o[0m
[40.631s] [  2%] [32mBuilding C object CMakeFiles/control_msgs__rosidl_generator_c.dir/rosidl_generator_c/control_msgs/action/detail/joint_trajectory__functions.c.o[0m
[41.448s] [  2%] Built target control_msgs__cpp
[41.551s] [  2%] [32mBuilding C object CMakeFiles/control_msgs__rosidl_generator_c.dir/rosidl_generator_c/control_msgs/action/detail/single_joint_position__functions.c.o[0m
[42.328s] [  3%] [32mBuilding C object CMakeFiles/control_msgs__rosidl_generator_c.dir/rosidl_generator_c/control_msgs/action/detail/point_head__functions.c.o[0m
[43.127s] [  3%] [32mBuilding C object CMakeFiles/control_msgs__rosidl_generator_c.dir/rosidl_generator_c/control_msgs/action/detail/gripper_command__functions.c.o[0m
[43.894s] [  4%] [32mBuilding C object CMakeFiles/control_msgs__rosidl_generator_c.dir/rosidl_generator_c/control_msgs/msg/detail/admittance_controller_state__functions.c.o[0m
[44.144s] [  4%] [32mBuilding C object CMakeFiles/control_msgs__rosidl_generator_c.dir/rosidl_generator_c/control_msgs/msg/detail/dynamic_joint_state__functions.c.o[0m
[44.492s] [  5%] [32mBuilding C object CMakeFiles/control_msgs__rosidl_generator_c.dir/rosidl_generator_c/control_msgs/msg/detail/gripper_command__functions.c.o[0m
[44.852s] [  5%] [32mBuilding C object CMakeFiles/control_msgs__rosidl_generator_c.dir/rosidl_generator_c/control_msgs/msg/detail/interface_value__functions.c.o[0m
[45.302s] [  6%] [32mBuilding C object CMakeFiles/control_msgs__rosidl_generator_c.dir/rosidl_generator_c/control_msgs/msg/detail/joint_component_tolerance__functions.c.o[0m
[45.664s] [  7%] [32mBuilding C object CMakeFiles/control_msgs__rosidl_generator_c.dir/rosidl_generator_c/control_msgs/msg/detail/joint_controller_state__functions.c.o[0m
[46.106s] [  7%] [32mBuilding C object CMakeFiles/control_msgs__rosidl_generator_c.dir/rosidl_generator_c/control_msgs/msg/detail/joint_jog__functions.c.o[0m
[46.450s] [  8%] [32mBuilding C object CMakeFiles/control_msgs__rosidl_generator_c.dir/rosidl_generator_c/control_msgs/msg/detail/joint_tolerance__functions.c.o[0m
[46.676s] [  8%] [32mBuilding C object CMakeFiles/control_msgs__rosidl_generator_c.dir/rosidl_generator_c/control_msgs/msg/detail/joint_trajectory_controller_state__functions.c.o[0m
[47.069s] [  9%] [32mBuilding C object CMakeFiles/control_msgs__rosidl_generator_c.dir/rosidl_generator_c/control_msgs/msg/detail/mecanum_drive_controller_state__functions.c.o[0m
[47.427s] [  9%] [32mBuilding C object CMakeFiles/control_msgs__rosidl_generator_c.dir/rosidl_generator_c/control_msgs/msg/detail/pid_state__functions.c.o[0m
[47.761s] [ 10%] [32mBuilding C object CMakeFiles/control_msgs__rosidl_generator_c.dir/rosidl_generator_c/control_msgs/msg/detail/steering_controller_status__functions.c.o[0m
[48.127s] [ 11%] [32mBuilding C object CMakeFiles/control_msgs__rosidl_generator_c.dir/rosidl_generator_c/control_msgs/srv/detail/query_calibration_state__functions.c.o[0m
[48.523s] [ 11%] [32mBuilding C object CMakeFiles/control_msgs__rosidl_generator_c.dir/rosidl_generator_c/control_msgs/srv/detail/query_trajectory_state__functions.c.o[0m
[48.931s] [ 12%] [32m[1mLinking C shared library libcontrol_msgs__rosidl_generator_c.so[0m
[49.180s] [ 12%] Built target control_msgs__rosidl_generator_c
[49.250s] [ 12%] [34m[1mGenerating C++ introspection for ROS interfaces[0m
[63.664s] [ 13%] [32mBuilding CXX object CMakeFiles/control_msgs__rosidl_typesupport_introspection_cpp.dir/rosidl_typesupport_introspection_cpp/control_msgs/action/detail/follow_joint_trajectory__type_support.cpp.o[0m
[66.251s] [ 13%] [32mBuilding CXX object CMakeFiles/control_msgs__rosidl_typesupport_introspection_cpp.dir/rosidl_typesupport_introspection_cpp/control_msgs/action/detail/gripper_command__type_support.cpp.o[0m
[68.726s] [ 14%] [32mBuilding CXX object CMakeFiles/control_msgs__rosidl_typesupport_introspection_cpp.dir/rosidl_typesupport_introspection_cpp/control_msgs/action/detail/joint_trajectory__type_support.cpp.o[0m
[70.924s] [ 14%] [32mBuilding CXX object CMakeFiles/control_msgs__rosidl_typesupport_introspection_cpp.dir/rosidl_typesupport_introspection_cpp/control_msgs/action/detail/point_head__type_support.cpp.o[0m
[73.269s] [ 15%] [32mBuilding CXX object CMakeFiles/control_msgs__rosidl_typesupport_introspection_cpp.dir/rosidl_typesupport_introspection_cpp/control_msgs/action/detail/single_joint_position__type_support.cpp.o[0m
[75.367s] [ 16%] [32mBuilding CXX object CMakeFiles/control_msgs__rosidl_typesupport_introspection_cpp.dir/rosidl_typesupport_introspection_cpp/control_msgs/msg/detail/admittance_controller_state__type_support.cpp.o[0m
[76.933s] [ 16%] [32mBuilding CXX object CMakeFiles/control_msgs__rosidl_typesupport_introspection_cpp.dir/rosidl_typesupport_introspection_cpp/control_msgs/msg/detail/dynamic_joint_state__type_support.cpp.o[0m
[78.885s] [ 17%] [32mBuilding CXX object CMakeFiles/control_msgs__rosidl_typesupport_introspection_cpp.dir/rosidl_typesupport_introspection_cpp/control_msgs/msg/detail/gripper_command__type_support.cpp.o[0m
[80.077s] [ 17%] [32mBuilding CXX object CMakeFiles/control_msgs__rosidl_typesupport_introspection_cpp.dir/rosidl_typesupport_introspection_cpp/control_msgs/msg/detail/interface_value__type_support.cpp.o[0m
[81.785s] [ 18%] [32mBuilding CXX object CMakeFiles/control_msgs__rosidl_typesupport_introspection_cpp.dir/rosidl_typesupport_introspection_cpp/control_msgs/msg/detail/joint_component_tolerance__type_support.cpp.o[0m
[83.027s] [ 18%] [32mBuilding CXX object CMakeFiles/control_msgs__rosidl_typesupport_introspection_cpp.dir/rosidl_typesupport_introspection_cpp/control_msgs/msg/detail/joint_controller_state__type_support.cpp.o[0m
[84.654s] [ 19%] [32mBuilding CXX object CMakeFiles/control_msgs__rosidl_typesupport_introspection_cpp.dir/rosidl_typesupport_introspection_cpp/control_msgs/msg/detail/joint_jog__type_support.cpp.o[0m
[86.309s] [ 20%] [32mBuilding CXX object CMakeFiles/control_msgs__rosidl_typesupport_introspection_cpp.dir/rosidl_typesupport_introspection_cpp/control_msgs/msg/detail/joint_tolerance__type_support.cpp.o[0m
[87.643s] [ 20%] [32mBuilding CXX object CMakeFiles/control_msgs__rosidl_typesupport_introspection_cpp.dir/rosidl_typesupport_introspection_cpp/control_msgs/msg/detail/joint_trajectory_controller_state__type_support.cpp.o[0m
[89.373s] [ 21%] [32mBuilding CXX object CMakeFiles/control_msgs__rosidl_typesupport_introspection_cpp.dir/rosidl_typesupport_introspection_cpp/control_msgs/msg/detail/mecanum_drive_controller_state__type_support.cpp.o[0m
[90.830s] [ 21%] [32mBuilding CXX object CMakeFiles/control_msgs__rosidl_typesupport_introspection_cpp.dir/rosidl_typesupport_introspection_cpp/control_msgs/msg/detail/pid_state__type_support.cpp.o[0m
[92.439s] [ 22%] [32mBuilding CXX object CMakeFiles/control_msgs__rosidl_typesupport_introspection_cpp.dir/rosidl_typesupport_introspection_cpp/control_msgs/msg/detail/steering_controller_status__type_support.cpp.o[0m
[94.331s] [ 22%] [32mBuilding CXX object CMakeFiles/control_msgs__rosidl_typesupport_introspection_cpp.dir/rosidl_typesupport_introspection_cpp/control_msgs/srv/detail/query_calibration_state__type_support.cpp.o[0m
[95.840s] [ 23%] [32mBuilding CXX object CMakeFiles/control_msgs__rosidl_typesupport_introspection_cpp.dir/rosidl_typesupport_introspection_cpp/control_msgs/srv/detail/query_trajectory_state__type_support.cpp.o[0m
[97.437s] [ 24%] [32m[1mLinking CXX shared library libcontrol_msgs__rosidl_typesupport_introspection_cpp.so[0m
[97.807s] [ 24%] Built target control_msgs__rosidl_typesupport_introspection_cpp
[97.882s] [ 25%] [34m[1mGenerating C type support for eProsima Fast-RTPS[0m
[109.335s] [ 25%] [32mBuilding CXX object CMakeFiles/control_msgs__rosidl_typesupport_fastrtps_c.dir/rosidl_typesupport_fastrtps_c/control_msgs/action/detail/follow_joint_trajectory__type_support_c.cpp.o[0m
[110.756s] [ 26%] [32mBuilding CXX object CMakeFiles/control_msgs__rosidl_typesupport_fastrtps_c.dir/rosidl_typesupport_fastrtps_c/control_msgs/action/detail/gripper_command__type_support_c.cpp.o[0m
[112.252s] [ 27%] [32mBuilding CXX object CMakeFiles/control_msgs__rosidl_typesupport_fastrtps_c.dir/rosidl_typesupport_fastrtps_c/control_msgs/action/detail/joint_trajectory__type_support_c.cpp.o[0m
[113.984s] [ 27%] [32mBuilding CXX object CMakeFiles/control_msgs__rosidl_typesupport_fastrtps_c.dir/rosidl_typesupport_fastrtps_c/control_msgs/action/detail/point_head__type_support_c.cpp.o[0m
[115.445s] [ 28%] [32mBuilding CXX object CMakeFiles/control_msgs__rosidl_typesupport_fastrtps_c.dir/rosidl_typesupport_fastrtps_c/control_msgs/action/detail/single_joint_position__type_support_c.cpp.o[0m
[117.059s] [ 28%] [32mBuilding CXX object CMakeFiles/control_msgs__rosidl_typesupport_fastrtps_c.dir/rosidl_typesupport_fastrtps_c/control_msgs/msg/detail/admittance_controller_state__type_support_c.cpp.o[0m
[118.365s] [ 29%] [32mBuilding CXX object CMakeFiles/control_msgs__rosidl_typesupport_fastrtps_c.dir/rosidl_typesupport_fastrtps_c/control_msgs/msg/detail/dynamic_joint_state__type_support_c.cpp.o[0m
[119.670s] [ 29%] [32mBuilding CXX object CMakeFiles/control_msgs__rosidl_typesupport_fastrtps_c.dir/rosidl_typesupport_fastrtps_c/control_msgs/msg/detail/gripper_command__type_support_c.cpp.o[0m
[121.030s] [ 30%] [32mBuilding CXX object CMakeFiles/control_msgs__rosidl_typesupport_fastrtps_c.dir/rosidl_typesupport_fastrtps_c/control_msgs/msg/detail/interface_value__type_support_c.cpp.o[0m
[122.172s] [ 31%] [32mBuilding CXX object CMakeFiles/control_msgs__rosidl_typesupport_fastrtps_c.dir/rosidl_typesupport_fastrtps_c/control_msgs/msg/detail/joint_component_tolerance__type_support_c.cpp.o[0m
[123.270s] [ 31%] [32mBuilding CXX object CMakeFiles/control_msgs__rosidl_typesupport_fastrtps_c.dir/rosidl_typesupport_fastrtps_c/control_msgs/msg/detail/joint_controller_state__type_support_c.cpp.o[0m
[124.362s] [ 32%] [32mBuilding CXX object CMakeFiles/control_msgs__rosidl_typesupport_fastrtps_c.dir/rosidl_typesupport_fastrtps_c/control_msgs/msg/detail/joint_jog__type_support_c.cpp.o[0m
[125.997s] [ 32%] [32mBuilding CXX object CMakeFiles/control_msgs__rosidl_typesupport_fastrtps_c.dir/rosidl_typesupport_fastrtps_c/control_msgs/msg/detail/joint_tolerance__type_support_c.cpp.o[0m
[127.129s] [ 33%] [32mBuilding CXX object CMakeFiles/control_msgs__rosidl_typesupport_fastrtps_c.dir/rosidl_typesupport_fastrtps_c/control_msgs/msg/detail/joint_trajectory_controller_state__type_support_c.cpp.o[0m
[128.591s] [ 33%] [32mBuilding CXX object CMakeFiles/control_msgs__rosidl_typesupport_fastrtps_c.dir/rosidl_typesupport_fastrtps_c/control_msgs/msg/detail/mecanum_drive_controller_state__type_support_c.cpp.o[0m
[129.731s] [ 34%] [32mBuilding CXX object CMakeFiles/control_msgs__rosidl_typesupport_fastrtps_c.dir/rosidl_typesupport_fastrtps_c/control_msgs/msg/detail/pid_state__type_support_c.cpp.o[0m
[130.906s] [ 35%] [32mBuilding CXX object CMakeFiles/control_msgs__rosidl_typesupport_fastrtps_c.dir/rosidl_typesupport_fastrtps_c/control_msgs/msg/detail/steering_controller_status__type_support_c.cpp.o[0m
[131.959s] [ 35%] [32mBuilding CXX object CMakeFiles/control_msgs__rosidl_typesupport_fastrtps_c.dir/rosidl_typesupport_fastrtps_c/control_msgs/srv/detail/query_calibration_state__type_support_c.cpp.o[0m
[133.291s] [ 36%] [32mBuilding CXX object CMakeFiles/control_msgs__rosidl_typesupport_fastrtps_c.dir/rosidl_typesupport_fastrtps_c/control_msgs/srv/detail/query_trajectory_state__type_support_c.cpp.o[0m
[134.662s] [ 36%] [32m[1mLinking CXX shared library libcontrol_msgs__rosidl_typesupport_fastrtps_c.so[0m
[134.935s] [ 36%] Built target control_msgs__rosidl_typesupport_fastrtps_c
[134.980s] [ 37%] [34m[1mGenerating C introspection for ROS interfaces[0m
[143.542s] [ 38%] [32mBuilding C object CMakeFiles/control_msgs__rosidl_typesupport_introspection_c.dir/rosidl_typesupport_introspection_c/control_msgs/action/detail/follow_joint_trajectory__type_support.c.o[0m
[143.752s] [ 38%] [32mBuilding C object CMakeFiles/control_msgs__rosidl_typesupport_introspection_c.dir/rosidl_typesupport_introspection_c/control_msgs/action/detail/gripper_command__type_support.c.o[0m
[143.882s] [ 39%] [32mBuilding C object CMakeFiles/control_msgs__rosidl_typesupport_introspection_c.dir/rosidl_typesupport_introspection_c/control_msgs/action/detail/joint_trajectory__type_support.c.o[0m
[143.999s] [ 39%] [32mBuilding C object CMakeFiles/control_msgs__rosidl_typesupport_introspection_c.dir/rosidl_typesupport_introspection_c/control_msgs/action/detail/point_head__type_support.c.o[0m
[144.130s] [ 40%] [32mBuilding C object CMakeFiles/control_msgs__rosidl_typesupport_introspection_c.dir/rosidl_typesupport_introspection_c/control_msgs/action/detail/single_joint_position__type_support.c.o[0m
[144.263s] [ 40%] [32mBuilding C object CMakeFiles/control_msgs__rosidl_typesupport_introspection_c.dir/rosidl_typesupport_introspection_c/control_msgs/msg/detail/admittance_controller_state__type_support.c.o[0m
[144.372s] [ 41%] [32mBuilding C object CMakeFiles/control_msgs__rosidl_typesupport_introspection_c.dir/rosidl_typesupport_introspection_c/control_msgs/msg/detail/dynamic_joint_state__type_support.c.o[0m
[144.512s] [ 42%] [32mBuilding C object CMakeFiles/control_msgs__rosidl_typesupport_introspection_c.dir/rosidl_typesupport_introspection_c/control_msgs/msg/detail/gripper_command__type_support.c.o[0m
[144.769s] [ 42%] [32mBuilding C object CMakeFiles/control_msgs__rosidl_typesupport_introspection_c.dir/rosidl_typesupport_introspection_c/control_msgs/msg/detail/interface_value__type_support.c.o[0m
[144.876s] [ 43%] [32mBuilding C object CMakeFiles/control_msgs__rosidl_typesupport_introspection_c.dir/rosidl_typesupport_introspection_c/control_msgs/msg/detail/joint_component_tolerance__type_support.c.o[0m
[144.967s] [ 43%] [32mBuilding C object CMakeFiles/control_msgs__rosidl_typesupport_introspection_c.dir/rosidl_typesupport_introspection_c/control_msgs/msg/detail/joint_controller_state__type_support.c.o[0m
[145.062s] [ 44%] [32mBuilding C object CMakeFiles/control_msgs__rosidl_typesupport_introspection_c.dir/rosidl_typesupport_introspection_c/control_msgs/msg/detail/joint_jog__type_support.c.o[0m
[145.178s] [ 44%] [32mBuilding C object CMakeFiles/control_msgs__rosidl_typesupport_introspection_c.dir/rosidl_typesupport_introspection_c/control_msgs/msg/detail/joint_tolerance__type_support.c.o[0m
[145.267s] [ 45%] [32mBuilding C object CMakeFiles/control_msgs__rosidl_typesupport_introspection_c.dir/rosidl_typesupport_introspection_c/control_msgs/msg/detail/joint_trajectory_controller_state__type_support.c.o[0m
[145.385s] [ 46%] [32mBuilding C object CMakeFiles/control_msgs__rosidl_typesupport_introspection_c.dir/rosidl_typesupport_introspection_c/control_msgs/msg/detail/mecanum_drive_controller_state__type_support.c.o[0m
[145.488s] [ 46%] [32mBuilding C object CMakeFiles/control_msgs__rosidl_typesupport_introspection_c.dir/rosidl_typesupport_introspection_c/control_msgs/msg/detail/pid_state__type_support.c.o[0m
[145.582s] [ 47%] [32mBuilding C object CMakeFiles/control_msgs__rosidl_typesupport_introspection_c.dir/rosidl_typesupport_introspection_c/control_msgs/msg/detail/steering_controller_status__type_support.c.o[0m
[145.678s] [ 47%] [32mBuilding C object CMakeFiles/control_msgs__rosidl_typesupport_introspection_c.dir/rosidl_typesupport_introspection_c/control_msgs/srv/detail/query_calibration_state__type_support.c.o[0m
[145.749s] [ 48%] [32mBuilding C object CMakeFiles/control_msgs__rosidl_typesupport_introspection_c.dir/rosidl_typesupport_introspection_c/control_msgs/srv/detail/query_trajectory_state__type_support.c.o[0m
[145.844s] [ 48%] [32m[1mLinking C shared library libcontrol_msgs__rosidl_typesupport_introspection_c.so[0m
[145.923s] [ 48%] Built target control_msgs__rosidl_typesupport_introspection_c
[145.948s] [ 49%] [34m[1mGenerating C type support dispatch for ROS interfaces[0m
[149.895s] [ 49%] [32mBuilding CXX object CMakeFiles/control_msgs__rosidl_typesupport_c.dir/rosidl_typesupport_c/control_msgs/action/follow_joint_trajectory__type_support.cpp.o[0m
[149.998s] [ 50%] [32mBuilding CXX object CMakeFiles/control_msgs__rosidl_typesupport_c.dir/rosidl_typesupport_c/control_msgs/action/gripper_command__type_support.cpp.o[0m
[150.085s] [ 50%] [32mBuilding CXX object CMakeFiles/control_msgs__rosidl_typesupport_c.dir/rosidl_typesupport_c/control_msgs/action/joint_trajectory__type_support.cpp.o[0m
[150.173s] [ 51%] [32mBuilding CXX object CMakeFiles/control_msgs__rosidl_typesupport_c.dir/rosidl_typesupport_c/control_msgs/action/point_head__type_support.cpp.o[0m
[150.260s] [ 52%] [32mBuilding CXX object CMakeFiles/control_msgs__rosidl_typesupport_c.dir/rosidl_typesupport_c/control_msgs/action/single_joint_position__type_support.cpp.o[0m
[150.347s] [ 52%] [32mBuilding CXX object CMakeFiles/control_msgs__rosidl_typesupport_c.dir/rosidl_typesupport_c/control_msgs/msg/admittance_controller_state__type_support.cpp.o[0m
[150.408s] [ 53%] [32mBuilding CXX object CMakeFiles/control_msgs__rosidl_typesupport_c.dir/rosidl_typesupport_c/control_msgs/msg/dynamic_joint_state__type_support.cpp.o[0m
[150.468s] [ 53%] [32mBuilding CXX object CMakeFiles/control_msgs__rosidl_typesupport_c.dir/rosidl_typesupport_c/control_msgs/msg/gripper_command__type_support.cpp.o[0m
[150.517s] [ 54%] [32mBuilding CXX object CMakeFiles/control_msgs__rosidl_typesupport_c.dir/rosidl_typesupport_c/control_msgs/msg/interface_value__type_support.cpp.o[0m
[150.572s] [ 54%] [32mBuilding CXX object CMakeFiles/control_msgs__rosidl_typesupport_c.dir/rosidl_typesupport_c/control_msgs/msg/joint_component_tolerance__type_support.cpp.o[0m
[150.622s] [ 55%] [32mBuilding CXX object CMakeFiles/control_msgs__rosidl_typesupport_c.dir/rosidl_typesupport_c/control_msgs/msg/joint_controller_state__type_support.cpp.o[0m
[150.677s] [ 56%] [32mBuilding CXX object CMakeFiles/control_msgs__rosidl_typesupport_c.dir/rosidl_typesupport_c/control_msgs/msg/joint_jog__type_support.cpp.o[0m
[150.730s] [ 56%] [32mBuilding CXX object CMakeFiles/control_msgs__rosidl_typesupport_c.dir/rosidl_typesupport_c/control_msgs/msg/joint_tolerance__type_support.cpp.o[0m
[150.783s] [ 57%] [32mBuilding CXX object CMakeFiles/control_msgs__rosidl_typesupport_c.dir/rosidl_typesupport_c/control_msgs/msg/joint_trajectory_controller_state__type_support.cpp.o[0m
[150.838s] [ 57%] [32mBuilding CXX object CMakeFiles/control_msgs__rosidl_typesupport_c.dir/rosidl_typesupport_c/control_msgs/msg/mecanum_drive_controller_state__type_support.cpp.o[0m
[150.905s] [ 58%] [32mBuilding CXX object CMakeFiles/control_msgs__rosidl_typesupport_c.dir/rosidl_typesupport_c/control_msgs/msg/pid_state__type_support.cpp.o[0m
[150.959s] [ 58%] [32mBuilding CXX object CMakeFiles/control_msgs__rosidl_typesupport_c.dir/rosidl_typesupport_c/control_msgs/msg/steering_controller_status__type_support.cpp.o[0m
[151.012s] [ 59%] [32mBuilding CXX object CMakeFiles/control_msgs__rosidl_typesupport_c.dir/rosidl_typesupport_c/control_msgs/srv/query_calibration_state__type_support.cpp.o[0m
[151.067s] [ 60%] [32mBuilding CXX object CMakeFiles/control_msgs__rosidl_typesupport_c.dir/rosidl_typesupport_c/control_msgs/srv/query_trajectory_state__type_support.cpp.o[0m
[151.123s] [ 60%] [32m[1mLinking CXX shared library libcontrol_msgs__rosidl_typesupport_c.so[0m
[151.202s] [ 60%] Built target control_msgs__rosidl_typesupport_c
[151.219s] [ 61%] [34m[1mGenerating C++ type support for eProsima Fast-RTPS[0m
[155.851s] [ 62%] [32mBuilding CXX object CMakeFiles/control_msgs__rosidl_typesupport_fastrtps_cpp.dir/rosidl_typesupport_fastrtps_cpp/control_msgs/action/detail/dds_fastrtps/follow_joint_trajectory__type_support.cpp.o[0m
[157.133s] [ 63%] [32mBuilding CXX object CMakeFiles/control_msgs__rosidl_typesupport_fastrtps_cpp.dir/rosidl_typesupport_fastrtps_cpp/control_msgs/action/detail/dds_fastrtps/joint_trajectory__type_support.cpp.o[0m
[158.090s] [ 63%] [32mBuilding CXX object CMakeFiles/control_msgs__rosidl_typesupport_fastrtps_cpp.dir/rosidl_typesupport_fastrtps_cpp/control_msgs/action/detail/dds_fastrtps/point_head__type_support.cpp.o[0m
[159.033s] [ 64%] [32mBuilding CXX object CMakeFiles/control_msgs__rosidl_typesupport_fastrtps_cpp.dir/rosidl_typesupport_fastrtps_cpp/control_msgs/action/detail/dds_fastrtps/single_joint_position__type_support.cpp.o[0m
[159.991s] [ 64%] [32mBuilding CXX object CMakeFiles/control_msgs__rosidl_typesupport_fastrtps_cpp.dir/rosidl_typesupport_fastrtps_cpp/control_msgs/msg/detail/dds_fastrtps/admittance_controller_state__type_support.cpp.o[0m
[160.711s] [ 65%] [32mBuilding CXX object CMakeFiles/control_msgs__rosidl_typesupport_fastrtps_cpp.dir/rosidl_typesupport_fastrtps_cpp/control_msgs/msg/detail/dds_fastrtps/dynamic_joint_state__type_support.cpp.o[0m
[161.637s] [ 66%] [32mBuilding CXX object CMakeFiles/control_msgs__rosidl_typesupport_fastrtps_cpp.dir/rosidl_typesupport_fastrtps_cpp/control_msgs/msg/detail/dds_fastrtps/gripper_command__type_support.cpp.o[0m
[162.378s] [ 66%] [32mBuilding CXX object CMakeFiles/control_msgs__rosidl_typesupport_fastrtps_cpp.dir/rosidl_typesupport_fastrtps_cpp/control_msgs/msg/detail/dds_fastrtps/interface_value__type_support.cpp.o[0m
[163.275s] [ 67%] [32mBuilding CXX object CMakeFiles/control_msgs__rosidl_typesupport_fastrtps_cpp.dir/rosidl_typesupport_fastrtps_cpp/control_msgs/msg/detail/dds_fastrtps/joint_component_tolerance__type_support.cpp.o[0m
[163.967s] [ 67%] [32mBuilding CXX object CMakeFiles/control_msgs__rosidl_typesupport_fastrtps_cpp.dir/rosidl_typesupport_fastrtps_cpp/control_msgs/msg/detail/dds_fastrtps/joint_controller_state__type_support.cpp.o[0m
[164.702s] [ 68%] [32mBuilding CXX object CMakeFiles/control_msgs__rosidl_typesupport_fastrtps_cpp.dir/rosidl_typesupport_fastrtps_cpp/control_msgs/msg/detail/dds_fastrtps/joint_jog__type_support.cpp.o[0m
[165.595s] [ 68%] [32mBuilding CXX object CMakeFiles/control_msgs__rosidl_typesupport_fastrtps_cpp.dir/rosidl_typesupport_fastrtps_cpp/control_msgs/msg/detail/dds_fastrtps/joint_tolerance__type_support.cpp.o[0m
[166.406s] [ 69%] [32mBuilding CXX object CMakeFiles/control_msgs__rosidl_typesupport_fastrtps_cpp.dir/rosidl_typesupport_fastrtps_cpp/control_msgs/msg/detail/dds_fastrtps/joint_trajectory_controller_state__type_support.cpp.o[0m
[167.188s] [ 70%] [32mBuilding CXX object CMakeFiles/control_msgs__rosidl_typesupport_fastrtps_cpp.dir/rosidl_typesupport_fastrtps_cpp/control_msgs/msg/detail/dds_fastrtps/mecanum_drive_controller_state__type_support.cpp.o[0m
[167.919s] [ 70%] [32mBuilding CXX object CMakeFiles/control_msgs__rosidl_typesupport_fastrtps_cpp.dir/rosidl_typesupport_fastrtps_cpp/control_msgs/msg/detail/dds_fastrtps/pid_state__type_support.cpp.o[0m
[168.624s] [ 71%] [32mBuilding CXX object CMakeFiles/control_msgs__rosidl_typesupport_fastrtps_cpp.dir/rosidl_typesupport_fastrtps_cpp/control_msgs/msg/detail/dds_fastrtps/steering_controller_status__type_support.cpp.o[0m
[169.392s] [ 71%] [32mBuilding CXX object CMakeFiles/control_msgs__rosidl_typesupport_fastrtps_cpp.dir/rosidl_typesupport_fastrtps_cpp/control_msgs/srv/detail/dds_fastrtps/query_calibration_state__type_support.cpp.o[0m
[170.157s] [ 72%] [32mBuilding CXX object CMakeFiles/control_msgs__rosidl_typesupport_fastrtps_cpp.dir/rosidl_typesupport_fastrtps_cpp/control_msgs/srv/detail/dds_fastrtps/query_trajectory_state__type_support.cpp.o[0m
[171.002s] [ 72%] [32mBuilding CXX object CMakeFiles/control_msgs__rosidl_typesupport_fastrtps_cpp.dir/rosidl_typesupport_fastrtps_cpp/control_msgs/action/detail/dds_fastrtps/gripper_command__type_support.cpp.o[0m
[172.040s] [ 72%] [32m[1mLinking CXX shared library libcontrol_msgs__rosidl_typesupport_fastrtps_cpp.so[0m
[172.243s] [ 72%] Built target control_msgs__rosidl_typesupport_fastrtps_cpp
[172.269s] [ 73%] [34m[1mGenerating C++ type support dispatch for ROS interfaces[0m
[176.398s] [ 73%] [32mBuilding CXX object CMakeFiles/control_msgs__rosidl_typesupport_cpp.dir/rosidl_typesupport_cpp/control_msgs/action/follow_joint_trajectory__type_support.cpp.o[0m
[177.193s] [ 73%] [32mBuilding CXX object CMakeFiles/control_msgs__rosidl_typesupport_cpp.dir/rosidl_typesupport_cpp/control_msgs/action/point_head__type_support.cpp.o[0m
[177.992s] [ 74%] [32mBuilding CXX object CMakeFiles/control_msgs__rosidl_typesupport_cpp.dir/rosidl_typesupport_cpp/control_msgs/action/single_joint_position__type_support.cpp.o[0m
[178.798s] [ 74%] [32mBuilding CXX object CMakeFiles/control_msgs__rosidl_typesupport_cpp.dir/rosidl_typesupport_cpp/control_msgs/msg/admittance_controller_state__type_support.cpp.o[0m
[179.291s] [ 75%] [32mBuilding CXX object CMakeFiles/control_msgs__rosidl_typesupport_cpp.dir/rosidl_typesupport_cpp/control_msgs/msg/dynamic_joint_state__type_support.cpp.o[0m
[179.977s] [ 75%] [32mBuilding CXX object CMakeFiles/control_msgs__rosidl_typesupport_cpp.dir/rosidl_typesupport_cpp/control_msgs/msg/gripper_command__type_support.cpp.o[0m
[180.472s] [ 76%] [32mBuilding CXX object CMakeFiles/control_msgs__rosidl_typesupport_cpp.dir/rosidl_typesupport_cpp/control_msgs/msg/interface_value__type_support.cpp.o[0m
[180.993s] [ 77%] [32mBuilding CXX object CMakeFiles/control_msgs__rosidl_typesupport_cpp.dir/rosidl_typesupport_cpp/control_msgs/msg/joint_component_tolerance__type_support.cpp.o[0m
[181.460s] [ 77%] [32mBuilding CXX object CMakeFiles/control_msgs__rosidl_typesupport_cpp.dir/rosidl_typesupport_cpp/control_msgs/msg/joint_controller_state__type_support.cpp.o[0m
[181.948s] [ 78%] [32mBuilding CXX object CMakeFiles/control_msgs__rosidl_typesupport_cpp.dir/rosidl_typesupport_cpp/control_msgs/msg/joint_jog__type_support.cpp.o[0m
[182.509s] [ 78%] [32mBuilding CXX object CMakeFiles/control_msgs__rosidl_typesupport_cpp.dir/rosidl_typesupport_cpp/control_msgs/msg/joint_tolerance__type_support.cpp.o[0m
[182.973s] [ 79%] [32mBuilding CXX object CMakeFiles/control_msgs__rosidl_typesupport_cpp.dir/rosidl_typesupport_cpp/control_msgs/msg/joint_trajectory_controller_state__type_support.cpp.o[0m
[183.507s] [ 79%] [32mBuilding CXX object CMakeFiles/control_msgs__rosidl_typesupport_cpp.dir/rosidl_typesupport_cpp/control_msgs/msg/mecanum_drive_controller_state__type_support.cpp.o[0m
[184.502s] [ 80%] [32mBuilding CXX object CMakeFiles/control_msgs__rosidl_typesupport_cpp.dir/rosidl_typesupport_cpp/control_msgs/msg/pid_state__type_support.cpp.o[0m
[185.002s] [ 81%] [32mBuilding CXX object CMakeFiles/control_msgs__rosidl_typesupport_cpp.dir/rosidl_typesupport_cpp/control_msgs/msg/steering_controller_status__type_support.cpp.o[0m
[185.504s] [ 81%] [32mBuilding CXX object CMakeFiles/control_msgs__rosidl_typesupport_cpp.dir/rosidl_typesupport_cpp/control_msgs/srv/query_calibration_state__type_support.cpp.o[0m
[186.040s] [ 82%] [32mBuilding CXX object CMakeFiles/control_msgs__rosidl_typesupport_cpp.dir/rosidl_typesupport_cpp/control_msgs/srv/query_trajectory_state__type_support.cpp.o[0m
[186.521s] [ 83%] [32mBuilding CXX object CMakeFiles/control_msgs__rosidl_typesupport_cpp.dir/rosidl_typesupport_cpp/control_msgs/action/joint_trajectory__type_support.cpp.o[0m
[187.326s] [ 84%] [32mBuilding CXX object CMakeFiles/control_msgs__rosidl_typesupport_cpp.dir/rosidl_typesupport_cpp/control_msgs/action/gripper_command__type_support.cpp.o[0m
[188.182s] [ 84%] [32m[1mLinking CXX shared library libcontrol_msgs__rosidl_typesupport_cpp.so[0m
[188.260s] [ 84%] Built target control_msgs__rosidl_typesupport_cpp
[188.296s] [ 84%] Built target control_msgs
[188.333s] [ 85%] [34m[1mGenerating Python code for ROS interfaces[0m
[199.564s] [ 85%] Built target control_msgs__py
[199.597s] [ 85%] [32mBuilding C object CMakeFiles/control_msgs__rosidl_generator_py.dir/rosidl_generator_py/control_msgs/action/_follow_joint_trajectory_s.c.o[0m
[199.893s] [ 86%] [32mBuilding C object CMakeFiles/control_msgs__rosidl_generator_py.dir/rosidl_generator_py/control_msgs/action/_point_head_s.c.o[0m
[200.145s] [ 87%] [32mBuilding C object CMakeFiles/control_msgs__rosidl_generator_py.dir/rosidl_generator_py/control_msgs/action/_single_joint_position_s.c.o[0m
[200.149s] [ 87%] [32mBuilding C object CMakeFiles/control_msgs__rosidl_generator_py.dir/rosidl_generator_py/control_msgs/action/_joint_trajectory_s.c.o[0m
[200.395s] [ 87%] [32mBuilding C object CMakeFiles/control_msgs__rosidl_generator_py.dir/rosidl_generator_py/control_msgs/msg/_admittance_controller_state_s.c.o[0m
[200.541s] [ 88%] [32mBuilding C object CMakeFiles/control_msgs__rosidl_generator_py.dir/rosidl_generator_py/control_msgs/msg/_dynamic_joint_state_s.c.o[0m
[200.690s] [ 88%] [32mBuilding C object CMakeFiles/control_msgs__rosidl_generator_py.dir/rosidl_generator_py/control_msgs/msg/_gripper_command_s.c.o[0m
[200.835s] [ 89%] [32mBuilding C object CMakeFiles/control_msgs__rosidl_generator_py.dir/rosidl_generator_py/control_msgs/msg/_interface_value_s.c.o[0m
[200.964s] [ 89%] [32mBuilding C object CMakeFiles/control_msgs__rosidl_generator_py.dir/rosidl_generator_py/control_msgs/msg/_joint_component_tolerance_s.c.o[0m
[201.144s] [ 90%] [32mBuilding C object CMakeFiles/control_msgs__rosidl_generator_py.dir/rosidl_generator_py/control_msgs/msg/_joint_controller_state_s.c.o[0m
[201.205s] [ 91%] [32mBuilding C object CMakeFiles/control_msgs__rosidl_generator_py.dir/rosidl_generator_py/control_msgs/msg/_joint_jog_s.c.o[0m
[201.448s] [ 91%] [32mBuilding C object CMakeFiles/control_msgs__rosidl_generator_py.dir/rosidl_generator_py/control_msgs/msg/_joint_tolerance_s.c.o[0m
[201.526s] [ 92%] [32mBuilding C object CMakeFiles/control_msgs__rosidl_generator_py.dir/rosidl_generator_py/control_msgs/msg/_joint_trajectory_controller_state_s.c.o[0m
[201.665s] [ 92%] [32mBuilding C object CMakeFiles/control_msgs__rosidl_generator_py.dir/rosidl_generator_py/control_msgs/msg/_mecanum_drive_controller_state_s.c.o[0m
[201.784s] [ 93%] [32mBuilding C object CMakeFiles/control_msgs__rosidl_generator_py.dir/rosidl_generator_py/control_msgs/msg/_pid_state_s.c.o[0m
[201.948s] [ 93%] [32mBuilding C object CMakeFiles/control_msgs__rosidl_generator_py.dir/rosidl_generator_py/control_msgs/msg/_steering_controller_status_s.c.o[0m
[201.987s] [ 94%] [32mBuilding C object CMakeFiles/control_msgs__rosidl_generator_py.dir/rosidl_generator_py/control_msgs/srv/_query_calibration_state_s.c.o[0m
[202.259s] [ 95%] [32mBuilding C object CMakeFiles/control_msgs__rosidl_generator_py.dir/rosidl_generator_py/control_msgs/srv/_query_trajectory_state_s.c.o[0m
[202.298s] [ 96%] [32mBuilding C object CMakeFiles/control_msgs__rosidl_generator_py.dir/rosidl_generator_py/control_msgs/action/_gripper_command_s.c.o[0m
[202.582s] [ 96%] [32m[1mLinking C shared library rosidl_generator_py/control_msgs/libcontrol_msgs__rosidl_generator_py.so[0m
[202.680s] [ 96%] Built target control_msgs__rosidl_generator_py
[202.723s] [ 97%] [32mBuilding C object CMakeFiles/control_msgs__rosidl_typesupport_fastrtps_c__pyext.dir/rosidl_generator_py/control_msgs/_control_msgs_s.ep.rosidl_typesupport_fastrtps_c.c.o[0m
[202.726s] [ 98%] [32mBuilding C object CMakeFiles/control_msgs__rosidl_typesupport_introspection_c__pyext.dir/rosidl_generator_py/control_msgs/_control_msgs_s.ep.rosidl_typesupport_introspection_c.c.o[0m
[203.230s] [ 98%] [32m[1mLinking C shared library rosidl_generator_py/control_msgs/control_msgs_s__rosidl_typesupport_fastrtps_c.cpython-310-x86_64-linux-gnu.so[0m
[203.330s] [ 98%] Built target control_msgs__rosidl_typesupport_fastrtps_c__pyext
[203.372s] [ 99%] [32mBuilding C object CMakeFiles/control_msgs__rosidl_typesupport_c__pyext.dir/rosidl_generator_py/control_msgs/_control_msgs_s.ep.rosidl_typesupport_c.c.o[0m
[203.456s] [100%] [32m[1mLinking C shared library rosidl_generator_py/control_msgs/control_msgs_s__rosidl_typesupport_introspection_c.cpython-310-x86_64-linux-gnu.so[0m
[203.588s] [100%] Built target control_msgs__rosidl_typesupport_introspection_c__pyext
[203.898s] [100%] [32m[1mLinking C shared library rosidl_generator_py/control_msgs/control_msgs_s__rosidl_typesupport_c.cpython-310-x86_64-linux-gnu.so[0m
[203.992s] [100%] Built target control_msgs__rosidl_typesupport_c__pyext
