[0.036s] Invoking command in '/home/vincentspada/unitree_ws/build/joint_limits': CMAKE_PREFIX_PATH=/opt/ros/humble:${CMAKE_PREFIX_PATH} /usr/bin/cmake --build /home/vincentspada/unitree_ws/build/joint_limits -- -j4 -l4
[0.187s] [ 33%] Built target gtest_main
[0.204s] [ 66%] Built target gtest
[0.277s] [100%] Built target joint_limits_rosparam_test
[0.302s] Invoked command in '/home/vincentspada/unitree_ws/build/joint_limits' returned '0': CMAKE_PREFIX_PATH=/opt/ros/humble:${CMAKE_PREFIX_PATH} /usr/bin/cmake --build /home/vincentspada/unitree_ws/build/joint_limits -- -j4 -l4
[0.391s] Invoking command in '/home/vincentspada/unitree_ws/build/joint_limits': CMAKE_PREFIX_PATH=/opt/ros/humble:${CMAKE_PREFIX_PATH} /usr/bin/cmake --install /home/vincentspada/unitree_ws/build/joint_limits
[0.412s] -- Install configuration: ""
[0.414s] -- Up-to-date: /home/vincentspada/unitree_ws/install/joint_limits/include
[0.415s] -- Up-to-date: /home/vincentspada/unitree_ws/install/joint_limits/include/joint_limits
[0.417s] -- Up-to-date: /home/vincentspada/unitree_ws/install/joint_limits/include/joint_limits/joint_limits.hpp
[0.418s] -- Up-to-date: /home/vincentspada/unitree_ws/install/joint_limits/include/joint_limits/joint_limits_rosparam.hpp
[0.418s] -- Up-to-date: /home/vincentspada/unitree_ws/install/joint_limits/lib/joint_limits/joint_limits_rosparam_test
[0.418s] -- Up-to-date: /home/vincentspada/unitree_ws/install/joint_limits/share/joint_limits/test/joint_limits_rosparam.yaml
[0.418s] -- Up-to-date: /home/vincentspada/unitree_ws/install/joint_limits/share/ament_index/resource_index/package_run_dependencies/joint_limits
[0.419s] -- Up-to-date: /home/vincentspada/unitree_ws/install/joint_limits/share/ament_index/resource_index/parent_prefix_path/joint_limits
[0.419s] -- Up-to-date: /home/vincentspada/unitree_ws/install/joint_limits/share/joint_limits/environment/ament_prefix_path.sh
[0.419s] -- Up-to-date: /home/vincentspada/unitree_ws/install/joint_limits/share/joint_limits/environment/ament_prefix_path.dsv
[0.419s] -- Up-to-date: /home/vincentspada/unitree_ws/install/joint_limits/share/joint_limits/environment/path.sh
[0.422s] -- Up-to-date: /home/vincentspada/unitree_ws/install/joint_limits/share/joint_limits/environment/path.dsv
[0.422s] -- Up-to-date: /home/vincentspada/unitree_ws/install/joint_limits/share/joint_limits/local_setup.bash
[0.423s] -- Up-to-date: /home/vincentspada/unitree_ws/install/joint_limits/share/joint_limits/local_setup.sh
[0.423s] -- Up-to-date: /home/vincentspada/unitree_ws/install/joint_limits/share/joint_limits/local_setup.zsh
[0.423s] -- Up-to-date: /home/vincentspada/unitree_ws/install/joint_limits/share/joint_limits/local_setup.dsv
[0.423s] -- Installing: /home/vincentspada/unitree_ws/install/joint_limits/share/joint_limits/package.dsv
[0.424s] -- Up-to-date: /home/vincentspada/unitree_ws/install/joint_limits/share/ament_index/resource_index/packages/joint_limits
[0.424s] -- Up-to-date: /home/vincentspada/unitree_ws/install/joint_limits/share/joint_limits/cmake/ament_cmake_export_dependencies-extras.cmake
[0.424s] -- Up-to-date: /home/vincentspada/unitree_ws/install/joint_limits/share/joint_limits/cmake/ament_cmake_export_include_directories-extras.cmake
[0.424s] -- Up-to-date: /home/vincentspada/unitree_ws/install/joint_limits/share/joint_limits/cmake/joint_limitsConfig.cmake
[0.424s] -- Up-to-date: /home/vincentspada/unitree_ws/install/joint_limits/share/joint_limits/cmake/joint_limitsConfig-version.cmake
[0.425s] -- Up-to-date: /home/vincentspada/unitree_ws/install/joint_limits/share/joint_limits/package.xml
[0.434s] Invoked command in '/home/vincentspada/unitree_ws/build/joint_limits' returned '0': CMAKE_PREFIX_PATH=/opt/ros/humble:${CMAKE_PREFIX_PATH} /usr/bin/cmake --install /home/vincentspada/unitree_ws/build/joint_limits
