[0.043s] Invoking command in '/home/vincentspada/unitree_ws/build/controller_manager_msgs': CMAKE_PREFIX_PATH=/home/vincentspada/unitree_ws/install/ros2_control_test_assets:/home/vincentspada/unitree_ws/install/ros2_control_demo_description:/home/vincentspada/unitree_ws/install/realtime_tools:/home/vincentspada/unitree_ws/install/kinematics_interface_kdl:/home/vincentspada/unitree_ws/install/kinematics_interface:/home/vincentspada/unitree_ws/install/joint_limits:/home/vincentspada/unitree_ws/install/controller_manager_msgs:/home/vincentspada/unitree_ws/install/ros2_controllers_test_nodes:/home/vincentspada/unitree_ws/install/control_msgs:/home/vincentspada/catkin_ws/devel /usr/bin/cmake /home/vincentspada/unitree_ws/src/ros-controls/ros2_control/controller_manager_msgs -DCMAKE_INSTALL_PREFIX=/home/vincentspada/unitree_ws/install/controller_manager_msgs
[0.341s] -- The C compiler identification is GNU 11.4.0
[0.575s] -- The CXX compiler identification is GNU 11.4.0
[0.597s] -- Detecting C compiler ABI info
[0.833s] -- Detecting C compiler ABI info - done
[0.865s] -- Check for working C compiler: /usr/bin/cc - skipped
[0.865s] -- Detecting C compile features
[0.865s] -- Detecting C compile features - done
[0.877s] -- Detecting CXX compiler ABI info
[1.086s] -- Detecting CXX compiler ABI info - done
[1.110s] -- Check for working CXX compiler: /usr/bin/c++ - skipped
[1.111s] -- Detecting CXX compile features
[1.112s] -- Detecting CXX compile features - done
[1.134s] [31mCMake Error at CMakeLists.txt:8 (find_package):
[1.135s]   By not providing "Findament_cmake.cmake" in CMAKE_MODULE_PATH this project
[1.136s]   has asked CMake to find a package configuration file provided by
[1.136s]   "ament_cmake", but CMake did not find one.
[1.136s] 
[1.137s]   Could not find a package configuration file provided by "ament_cmake" with
[1.137s]   any of the following names:
[1.137s] 
[1.137s]     ament_cmakeConfig.cmake
[1.137s]     ament_cmake-config.cmake
[1.137s] 
[1.138s]   Add the installation prefix of "ament_cmake" to CMAKE_PREFIX_PATH or set
[1.139s]   "ament_cmake_DIR" to a directory containing one of the above files.  If
[1.139s]   "ament_cmake" provides a separate development package or SDK, be sure it
[1.139s]   has been installed.
[1.140s] 
[1.140s] [0m
[1.140s] -- Configuring incomplete, errors occurred!
[1.140s] See also "/home/vincentspada/unitree_ws/build/controller_manager_msgs/CMakeFiles/CMakeOutput.log".
