[0.066s] Invoking command in '/home/vincentspada/unitree_ws/build/controller_manager_msgs': CMAKE_PREFIX_PATH=/opt/ros/humble:${CMAKE_PREFIX_PATH} /usr/bin/cmake --build /home/vincentspada/unitree_ws/build/controller_manager_msgs -- -j4 -l4
[0.375s] [  0%] Built target controller_manager_msgs__cpp
[0.419s] [ 12%] Built target controller_manager_msgs__rosidl_generator_c
[0.452s] [ 12%] Built target ament_cmake_python_copy_controller_manager_msgs
[0.580s] [ 24%] Built target controller_manager_msgs__rosidl_typesupport_introspection_cpp
[0.594s] [ 36%] Built target controller_manager_msgs__rosidl_typesupport_cpp
[0.632s] [ 48%] Built target controller_manager_msgs__rosidl_typesupport_fastrtps_cpp
[0.678s] [ 60%] Built target controller_manager_msgs__rosidl_typesupport_fastrtps_c
[0.746s] [ 72%] Built target controller_manager_msgs__rosidl_typesupport_c
[0.799s] [ 84%] Built target controller_manager_msgs__rosidl_typesupport_introspection_c
[0.861s] [ 84%] Built target controller_manager_msgs
[0.927s] [ 85%] Built target controller_manager_msgs__py
[1.106s] [ 96%] Built target controller_manager_msgs__rosidl_generator_py
[1.310s] [ 98%] Built target controller_manager_msgs__rosidl_typesupport_introspection_c__pyext
[1.310s] [ 99%] Built target controller_manager_msgs__rosidl_typesupport_fastrtps_c__pyext
[1.340s] [100%] Built target controller_manager_msgs__rosidl_typesupport_c__pyext
[1.853s] running egg_info
[1.853s] writing controller_manager_msgs.egg-info/PKG-INFO
[1.854s] writing dependency_links to controller_manager_msgs.egg-info/dependency_links.txt
[1.854s] writing top-level names to controller_manager_msgs.egg-info/top_level.txt
[1.858s] reading manifest file 'controller_manager_msgs.egg-info/SOURCES.txt'
[1.858s] writing manifest file 'controller_manager_msgs.egg-info/SOURCES.txt'
[1.931s] [100%] Built target ament_cmake_python_build_controller_manager_msgs_egg
[2.339s] Invoked command in '/home/vincentspada/unitree_ws/build/controller_manager_msgs' returned '0': CMAKE_PREFIX_PATH=/opt/ros/humble:${CMAKE_PREFIX_PATH} /usr/bin/cmake --build /home/vincentspada/unitree_ws/build/controller_manager_msgs -- -j4 -l4
[3.262s] Invoking command in '/home/vincentspada/unitree_ws/build/controller_manager_msgs': CMAKE_PREFIX_PATH=/opt/ros/humble:${CMAKE_PREFIX_PATH} /usr/bin/cmake --install /home/vincentspada/unitree_ws/build/controller_manager_msgs
[3.286s] -- Install configuration: ""
[3.286s] -- Up-to-date: /home/vincentspada/unitree_ws/install/controller_manager_msgs/share/ament_index/resource_index/rosidl_interfaces/controller_manager_msgs
[3.289s] -- Up-to-date: /home/vincentspada/unitree_ws/install/controller_manager_msgs/include/controller_manager_msgs/controller_manager_msgs
[3.290s] -- Up-to-date: /home/vincentspada/unitree_ws/install/controller_manager_msgs/include/controller_manager_msgs/controller_manager_msgs/srv
[3.291s] -- Up-to-date: /home/vincentspada/unitree_ws/install/controller_manager_msgs/include/controller_manager_msgs/controller_manager_msgs/srv/list_hardware_components.h
[3.292s] -- Up-to-date: /home/vincentspada/unitree_ws/install/controller_manager_msgs/include/controller_manager_msgs/controller_manager_msgs/srv/load_controller.h
[3.293s] -- Up-to-date: /home/vincentspada/unitree_ws/install/controller_manager_msgs/include/controller_manager_msgs/controller_manager_msgs/srv/list_hardware_interfaces.h
[3.295s] -- Up-to-date: /home/vincentspada/unitree_ws/install/controller_manager_msgs/include/controller_manager_msgs/controller_manager_msgs/srv/list_controller_types.h
[3.295s] -- Up-to-date: /home/vincentspada/unitree_ws/install/controller_manager_msgs/include/controller_manager_msgs/controller_manager_msgs/srv/set_hardware_component_state.h
[3.295s] -- Up-to-date: /home/vincentspada/unitree_ws/install/controller_manager_msgs/include/controller_manager_msgs/controller_manager_msgs/srv/unload_controller.h
[3.297s] -- Up-to-date: /home/vincentspada/unitree_ws/install/controller_manager_msgs/include/controller_manager_msgs/controller_manager_msgs/srv/reload_controller_libraries.h
[3.302s] -- Up-to-date: /home/vincentspada/unitree_ws/install/controller_manager_msgs/include/controller_manager_msgs/controller_manager_msgs/srv/detail
[3.302s] -- Up-to-date: /home/vincentspada/unitree_ws/install/controller_manager_msgs/include/controller_manager_msgs/controller_manager_msgs/srv/detail/list_hardware_components__struct.h
[3.302s] -- Up-to-date: /home/vincentspada/unitree_ws/install/controller_manager_msgs/include/controller_manager_msgs/controller_manager_msgs/srv/detail/configure_controller__functions.h
[3.303s] -- Up-to-date: /home/vincentspada/unitree_ws/install/controller_manager_msgs/include/controller_manager_msgs/controller_manager_msgs/srv/detail/unload_controller__functions.h
[3.303s] -- Up-to-date: /home/vincentspada/unitree_ws/install/controller_manager_msgs/include/controller_manager_msgs/controller_manager_msgs/srv/detail/load_controller__struct.h
[3.303s] -- Up-to-date: /home/vincentspada/unitree_ws/install/controller_manager_msgs/include/controller_manager_msgs/controller_manager_msgs/srv/detail/reload_controller_libraries__functions.c
[3.309s] -- Up-to-date: /home/vincentspada/unitree_ws/install/controller_manager_msgs/include/controller_manager_msgs/controller_manager_msgs/srv/detail/set_hardware_component_state__struct.h
[3.309s] -- Up-to-date: /home/vincentspada/unitree_ws/install/controller_manager_msgs/include/controller_manager_msgs/controller_manager_msgs/srv/detail/list_hardware_interfaces__functions.c
[3.309s] -- Up-to-date: /home/vincentspada/unitree_ws/install/controller_manager_msgs/include/controller_manager_msgs/controller_manager_msgs/srv/detail/load_controller__type_support.h
[3.314s] -- Up-to-date: /home/vincentspada/unitree_ws/install/controller_manager_msgs/include/controller_manager_msgs/controller_manager_msgs/srv/detail/list_hardware_components__functions.h
[3.314s] -- Up-to-date: /home/vincentspada/unitree_ws/install/controller_manager_msgs/include/controller_manager_msgs/controller_manager_msgs/srv/detail/configure_controller__struct.h
[3.315s] -- Up-to-date: /home/vincentspada/unitree_ws/install/controller_manager_msgs/include/controller_manager_msgs/controller_manager_msgs/srv/detail/list_controllers__functions.c
[3.315s] -- Up-to-date: /home/vincentspada/unitree_ws/install/controller_manager_msgs/include/controller_manager_msgs/controller_manager_msgs/srv/detail/list_controllers__struct.h
[3.315s] -- Up-to-date: /home/vincentspada/unitree_ws/install/controller_manager_msgs/include/controller_manager_msgs/controller_manager_msgs/srv/detail/list_hardware_interfaces__type_support.h
[3.325s] -- Up-to-date: /home/vincentspada/unitree_ws/install/controller_manager_msgs/include/controller_manager_msgs/controller_manager_msgs/srv/detail/reload_controller_libraries__functions.h
[3.326s] -- Up-to-date: /home/vincentspada/unitree_ws/install/controller_manager_msgs/include/controller_manager_msgs/controller_manager_msgs/srv/detail/list_hardware_interfaces__functions.h
[3.326s] -- Up-to-date: /home/vincentspada/unitree_ws/install/controller_manager_msgs/include/controller_manager_msgs/controller_manager_msgs/srv/detail/switch_controller__struct.h
[3.326s] -- Up-to-date: /home/vincentspada/unitree_ws/install/controller_manager_msgs/include/controller_manager_msgs/controller_manager_msgs/srv/detail/set_hardware_component_state__functions.h
[3.326s] -- Up-to-date: /home/vincentspada/unitree_ws/install/controller_manager_msgs/include/controller_manager_msgs/controller_manager_msgs/srv/detail/list_controller_types__type_support.h
[3.326s] -- Up-to-date: /home/vincentspada/unitree_ws/install/controller_manager_msgs/include/controller_manager_msgs/controller_manager_msgs/srv/detail/unload_controller__functions.c
[3.327s] -- Up-to-date: /home/vincentspada/unitree_ws/install/controller_manager_msgs/include/controller_manager_msgs/controller_manager_msgs/srv/detail/switch_controller__functions.h
[3.327s] -- Up-to-date: /home/vincentspada/unitree_ws/install/controller_manager_msgs/include/controller_manager_msgs/controller_manager_msgs/srv/detail/configure_controller__functions.c
[3.327s] -- Up-to-date: /home/vincentspada/unitree_ws/install/controller_manager_msgs/include/controller_manager_msgs/controller_manager_msgs/srv/detail/unload_controller__struct.h
[3.327s] -- Up-to-date: /home/vincentspada/unitree_ws/install/controller_manager_msgs/include/controller_manager_msgs/controller_manager_msgs/srv/detail/switch_controller__type_support.h
[3.327s] -- Up-to-date: /home/vincentspada/unitree_ws/install/controller_manager_msgs/include/controller_manager_msgs/controller_manager_msgs/srv/detail/list_hardware_components__functions.c
[3.328s] -- Up-to-date: /home/vincentspada/unitree_ws/install/controller_manager_msgs/include/controller_manager_msgs/controller_manager_msgs/srv/detail/list_controller_types__functions.c
[3.328s] -- Up-to-date: /home/vincentspada/unitree_ws/install/controller_manager_msgs/include/controller_manager_msgs/controller_manager_msgs/srv/detail/set_hardware_component_state__functions.c
[3.341s] -- Up-to-date: /home/vincentspada/unitree_ws/install/controller_manager_msgs/include/controller_manager_msgs/controller_manager_msgs/srv/detail/list_controller_types__functions.h
[3.349s] -- Up-to-date: /home/vincentspada/unitree_ws/install/controller_manager_msgs/include/controller_manager_msgs/controller_manager_msgs/srv/detail/list_hardware_interfaces__struct.h
[3.350s] -- Up-to-date: /home/vincentspada/unitree_ws/install/controller_manager_msgs/include/controller_manager_msgs/controller_manager_msgs/srv/detail/reload_controller_libraries__struct.h
[3.350s] -- Up-to-date: /home/vincentspada/unitree_ws/install/controller_manager_msgs/include/controller_manager_msgs/controller_manager_msgs/srv/detail/list_controller_types__struct.h
[3.350s] -- Up-to-date: /home/vincentspada/unitree_ws/install/controller_manager_msgs/include/controller_manager_msgs/controller_manager_msgs/srv/detail/list_controllers__functions.h
[3.350s] -- Up-to-date: /home/vincentspada/unitree_ws/install/controller_manager_msgs/include/controller_manager_msgs/controller_manager_msgs/srv/detail/list_controllers__type_support.h
[3.350s] -- Up-to-date: /home/vincentspada/unitree_ws/install/controller_manager_msgs/include/controller_manager_msgs/controller_manager_msgs/srv/detail/configure_controller__type_support.h
[3.351s] -- Up-to-date: /home/vincentspada/unitree_ws/install/controller_manager_msgs/include/controller_manager_msgs/controller_manager_msgs/srv/detail/load_controller__functions.c
[3.351s] -- Up-to-date: /home/vincentspada/unitree_ws/install/controller_manager_msgs/include/controller_manager_msgs/controller_manager_msgs/srv/detail/load_controller__functions.h
[3.351s] -- Up-to-date: /home/vincentspada/unitree_ws/install/controller_manager_msgs/include/controller_manager_msgs/controller_manager_msgs/srv/detail/unload_controller__type_support.h
[3.351s] -- Up-to-date: /home/vincentspada/unitree_ws/install/controller_manager_msgs/include/controller_manager_msgs/controller_manager_msgs/srv/detail/list_hardware_components__type_support.h
[3.351s] -- Up-to-date: /home/vincentspada/unitree_ws/install/controller_manager_msgs/include/controller_manager_msgs/controller_manager_msgs/srv/detail/reload_controller_libraries__type_support.h
[3.351s] -- Up-to-date: /home/vincentspada/unitree_ws/install/controller_manager_msgs/include/controller_manager_msgs/controller_manager_msgs/srv/detail/switch_controller__functions.c
[3.352s] -- Up-to-date: /home/vincentspada/unitree_ws/install/controller_manager_msgs/include/controller_manager_msgs/controller_manager_msgs/srv/detail/set_hardware_component_state__type_support.h
[3.352s] -- Up-to-date: /home/vincentspada/unitree_ws/install/controller_manager_msgs/include/controller_manager_msgs/controller_manager_msgs/srv/list_controllers.h
[3.352s] -- Up-to-date: /home/vincentspada/unitree_ws/install/controller_manager_msgs/include/controller_manager_msgs/controller_manager_msgs/srv/configure_controller.h
[3.352s] -- Up-to-date: /home/vincentspada/unitree_ws/install/controller_manager_msgs/include/controller_manager_msgs/controller_manager_msgs/srv/switch_controller.h
[3.352s] -- Up-to-date: /home/vincentspada/unitree_ws/install/controller_manager_msgs/include/controller_manager_msgs/controller_manager_msgs/msg
[3.353s] -- Up-to-date: /home/vincentspada/unitree_ws/install/controller_manager_msgs/include/controller_manager_msgs/controller_manager_msgs/msg/rosidl_generator_c__visibility_control.h
[3.353s] -- Up-to-date: /home/vincentspada/unitree_ws/install/controller_manager_msgs/include/controller_manager_msgs/controller_manager_msgs/msg/controller_state.h
[3.353s] -- Up-to-date: /home/vincentspada/unitree_ws/install/controller_manager_msgs/include/controller_manager_msgs/controller_manager_msgs/msg/hardware_component_state.h
[3.353s] -- Up-to-date: /home/vincentspada/unitree_ws/install/controller_manager_msgs/include/controller_manager_msgs/controller_manager_msgs/msg/chain_connection.h
[3.353s] -- Up-to-date: /home/vincentspada/unitree_ws/install/controller_manager_msgs/include/controller_manager_msgs/controller_manager_msgs/msg/detail
[3.353s] -- Up-to-date: /home/vincentspada/unitree_ws/install/controller_manager_msgs/include/controller_manager_msgs/controller_manager_msgs/msg/detail/chain_connection__type_support.h
[3.353s] -- Up-to-date: /home/vincentspada/unitree_ws/install/controller_manager_msgs/include/controller_manager_msgs/controller_manager_msgs/msg/detail/chain_connection__functions.c
[3.354s] -- Up-to-date: /home/vincentspada/unitree_ws/install/controller_manager_msgs/include/controller_manager_msgs/controller_manager_msgs/msg/detail/hardware_component_state__functions.h
[3.354s] -- Up-to-date: /home/vincentspada/unitree_ws/install/controller_manager_msgs/include/controller_manager_msgs/controller_manager_msgs/msg/detail/controller_state__type_support.h
[3.354s] -- Up-to-date: /home/vincentspada/unitree_ws/install/controller_manager_msgs/include/controller_manager_msgs/controller_manager_msgs/msg/detail/controller_state__struct.h
[3.354s] -- Up-to-date: /home/vincentspada/unitree_ws/install/controller_manager_msgs/include/controller_manager_msgs/controller_manager_msgs/msg/detail/hardware_component_state__functions.c
[3.354s] -- Up-to-date: /home/vincentspada/unitree_ws/install/controller_manager_msgs/include/controller_manager_msgs/controller_manager_msgs/msg/detail/hardware_component_state__type_support.h
[3.354s] -- Up-to-date: /home/vincentspada/unitree_ws/install/controller_manager_msgs/include/controller_manager_msgs/controller_manager_msgs/msg/detail/chain_connection__struct.h
[3.355s] -- Up-to-date: /home/vincentspada/unitree_ws/install/controller_manager_msgs/include/controller_manager_msgs/controller_manager_msgs/msg/detail/controller_state__functions.h
[3.355s] -- Up-to-date: /home/vincentspada/unitree_ws/install/controller_manager_msgs/include/controller_manager_msgs/controller_manager_msgs/msg/detail/hardware_component_state__struct.h
[3.355s] -- Up-to-date: /home/vincentspada/unitree_ws/install/controller_manager_msgs/include/controller_manager_msgs/controller_manager_msgs/msg/detail/hardware_interface__functions.c
[3.355s] -- Up-to-date: /home/vincentspada/unitree_ws/install/controller_manager_msgs/include/controller_manager_msgs/controller_manager_msgs/msg/detail/hardware_interface__functions.h
[3.355s] -- Up-to-date: /home/vincentspada/unitree_ws/install/controller_manager_msgs/include/controller_manager_msgs/controller_manager_msgs/msg/detail/hardware_interface__struct.h
[3.355s] -- Up-to-date: /home/vincentspada/unitree_ws/install/controller_manager_msgs/include/controller_manager_msgs/controller_manager_msgs/msg/detail/controller_state__functions.c
[3.356s] -- Up-to-date: /home/vincentspada/unitree_ws/install/controller_manager_msgs/include/controller_manager_msgs/controller_manager_msgs/msg/detail/hardware_interface__type_support.h
[3.356s] -- Up-to-date: /home/vincentspada/unitree_ws/install/controller_manager_msgs/include/controller_manager_msgs/controller_manager_msgs/msg/detail/chain_connection__functions.h
[3.356s] -- Up-to-date: /home/vincentspada/unitree_ws/install/controller_manager_msgs/include/controller_manager_msgs/controller_manager_msgs/msg/hardware_interface.h
[3.356s] -- Up-to-date: /home/vincentspada/unitree_ws/install/controller_manager_msgs/share/controller_manager_msgs/environment/library_path.sh
[3.357s] -- Up-to-date: /home/vincentspada/unitree_ws/install/controller_manager_msgs/share/controller_manager_msgs/environment/library_path.dsv
[3.357s] -- Up-to-date: /home/vincentspada/unitree_ws/install/controller_manager_msgs/lib/libcontroller_manager_msgs__rosidl_generator_c.so
[3.357s] -- Up-to-date: /home/vincentspada/unitree_ws/install/controller_manager_msgs/include/controller_manager_msgs/controller_manager_msgs
[3.357s] -- Up-to-date: /home/vincentspada/unitree_ws/install/controller_manager_msgs/include/controller_manager_msgs/controller_manager_msgs/srv
[3.357s] -- Up-to-date: /home/vincentspada/unitree_ws/install/controller_manager_msgs/include/controller_manager_msgs/controller_manager_msgs/srv/detail
[3.357s] -- Up-to-date: /home/vincentspada/unitree_ws/install/controller_manager_msgs/include/controller_manager_msgs/controller_manager_msgs/srv/detail/unload_controller__rosidl_typesupport_fastrtps_c.h
[3.357s] -- Up-to-date: /home/vincentspada/unitree_ws/install/controller_manager_msgs/include/controller_manager_msgs/controller_manager_msgs/srv/detail/set_hardware_component_state__rosidl_typesupport_fastrtps_c.h
[3.357s] -- Up-to-date: /home/vincentspada/unitree_ws/install/controller_manager_msgs/include/controller_manager_msgs/controller_manager_msgs/srv/detail/reload_controller_libraries__rosidl_typesupport_fastrtps_c.h
[3.358s] -- Up-to-date: /home/vincentspada/unitree_ws/install/controller_manager_msgs/include/controller_manager_msgs/controller_manager_msgs/srv/detail/load_controller__rosidl_typesupport_fastrtps_c.h
[3.358s] -- Up-to-date: /home/vincentspada/unitree_ws/install/controller_manager_msgs/include/controller_manager_msgs/controller_manager_msgs/srv/detail/switch_controller__rosidl_typesupport_fastrtps_c.h
[3.358s] -- Up-to-date: /home/vincentspada/unitree_ws/install/controller_manager_msgs/include/controller_manager_msgs/controller_manager_msgs/srv/detail/list_controller_types__rosidl_typesupport_fastrtps_c.h
[3.358s] -- Up-to-date: /home/vincentspada/unitree_ws/install/controller_manager_msgs/include/controller_manager_msgs/controller_manager_msgs/srv/detail/list_hardware_components__rosidl_typesupport_fastrtps_c.h
[3.358s] -- Up-to-date: /home/vincentspada/unitree_ws/install/controller_manager_msgs/include/controller_manager_msgs/controller_manager_msgs/srv/detail/list_hardware_interfaces__rosidl_typesupport_fastrtps_c.h
[3.358s] -- Up-to-date: /home/vincentspada/unitree_ws/install/controller_manager_msgs/include/controller_manager_msgs/controller_manager_msgs/srv/detail/list_controllers__rosidl_typesupport_fastrtps_c.h
[3.358s] -- Up-to-date: /home/vincentspada/unitree_ws/install/controller_manager_msgs/include/controller_manager_msgs/controller_manager_msgs/srv/detail/configure_controller__rosidl_typesupport_fastrtps_c.h
[3.358s] -- Up-to-date: /home/vincentspada/unitree_ws/install/controller_manager_msgs/include/controller_manager_msgs/controller_manager_msgs/msg
[3.359s] -- Up-to-date: /home/vincentspada/unitree_ws/install/controller_manager_msgs/include/controller_manager_msgs/controller_manager_msgs/msg/detail
[3.359s] -- Up-to-date: /home/vincentspada/unitree_ws/install/controller_manager_msgs/include/controller_manager_msgs/controller_manager_msgs/msg/detail/chain_connection__rosidl_typesupport_fastrtps_c.h
[3.359s] -- Up-to-date: /home/vincentspada/unitree_ws/install/controller_manager_msgs/include/controller_manager_msgs/controller_manager_msgs/msg/detail/hardware_component_state__rosidl_typesupport_fastrtps_c.h
[3.359s] -- Up-to-date: /home/vincentspada/unitree_ws/install/controller_manager_msgs/include/controller_manager_msgs/controller_manager_msgs/msg/detail/controller_state__rosidl_typesupport_fastrtps_c.h
[3.359s] -- Up-to-date: /home/vincentspada/unitree_ws/install/controller_manager_msgs/include/controller_manager_msgs/controller_manager_msgs/msg/detail/hardware_interface__rosidl_typesupport_fastrtps_c.h
[3.360s] -- Up-to-date: /home/vincentspada/unitree_ws/install/controller_manager_msgs/include/controller_manager_msgs/controller_manager_msgs/msg/rosidl_typesupport_fastrtps_c__visibility_control.h
[3.360s] -- Up-to-date: /home/vincentspada/unitree_ws/install/controller_manager_msgs/lib/libcontroller_manager_msgs__rosidl_typesupport_fastrtps_c.so
[3.360s] -- Up-to-date: /home/vincentspada/unitree_ws/install/controller_manager_msgs/include/controller_manager_msgs/controller_manager_msgs
[3.360s] -- Up-to-date: /home/vincentspada/unitree_ws/install/controller_manager_msgs/include/controller_manager_msgs/controller_manager_msgs/srv
[3.360s] -- Up-to-date: /home/vincentspada/unitree_ws/install/controller_manager_msgs/include/controller_manager_msgs/controller_manager_msgs/srv/set_hardware_component_state.hpp
[3.361s] -- Up-to-date: /home/vincentspada/unitree_ws/install/controller_manager_msgs/include/controller_manager_msgs/controller_manager_msgs/srv/list_controllers.hpp
[3.361s] -- Up-to-date: /home/vincentspada/unitree_ws/install/controller_manager_msgs/include/controller_manager_msgs/controller_manager_msgs/srv/unload_controller.hpp
[3.361s] -- Up-to-date: /home/vincentspada/unitree_ws/install/controller_manager_msgs/include/controller_manager_msgs/controller_manager_msgs/srv/configure_controller.hpp
[3.361s] -- Up-to-date: /home/vincentspada/unitree_ws/install/controller_manager_msgs/include/controller_manager_msgs/controller_manager_msgs/srv/list_controller_types.hpp
[3.361s] -- Up-to-date: /home/vincentspada/unitree_ws/install/controller_manager_msgs/include/controller_manager_msgs/controller_manager_msgs/srv/list_hardware_interfaces.hpp
[3.361s] -- Up-to-date: /home/vincentspada/unitree_ws/install/controller_manager_msgs/include/controller_manager_msgs/controller_manager_msgs/srv/list_hardware_components.hpp
[3.362s] -- Up-to-date: /home/vincentspada/unitree_ws/install/controller_manager_msgs/include/controller_manager_msgs/controller_manager_msgs/srv/detail
[3.362s] -- Up-to-date: /home/vincentspada/unitree_ws/install/controller_manager_msgs/include/controller_manager_msgs/controller_manager_msgs/srv/detail/configure_controller__builder.hpp
[3.362s] -- Up-to-date: /home/vincentspada/unitree_ws/install/controller_manager_msgs/include/controller_manager_msgs/controller_manager_msgs/srv/detail/switch_controller__struct.hpp
[3.362s] -- Up-to-date: /home/vincentspada/unitree_ws/install/controller_manager_msgs/include/controller_manager_msgs/controller_manager_msgs/srv/detail/list_controller_types__struct.hpp
[3.362s] -- Up-to-date: /home/vincentspada/unitree_ws/install/controller_manager_msgs/include/controller_manager_msgs/controller_manager_msgs/srv/detail/load_controller__struct.hpp
[3.369s] -- Up-to-date: /home/vincentspada/unitree_ws/install/controller_manager_msgs/include/controller_manager_msgs/controller_manager_msgs/srv/detail/list_hardware_components__traits.hpp
[3.369s] -- Up-to-date: /home/vincentspada/unitree_ws/install/controller_manager_msgs/include/controller_manager_msgs/controller_manager_msgs/srv/detail/unload_controller__builder.hpp
[3.370s] -- Up-to-date: /home/vincentspada/unitree_ws/install/controller_manager_msgs/include/controller_manager_msgs/controller_manager_msgs/srv/detail/list_controllers__builder.hpp
[3.370s] -- Up-to-date: /home/vincentspada/unitree_ws/install/controller_manager_msgs/include/controller_manager_msgs/controller_manager_msgs/srv/detail/set_hardware_component_state__builder.hpp
[3.370s] -- Up-to-date: /home/vincentspada/unitree_ws/install/controller_manager_msgs/include/controller_manager_msgs/controller_manager_msgs/srv/detail/reload_controller_libraries__struct.hpp
[3.370s] -- Up-to-date: /home/vincentspada/unitree_ws/install/controller_manager_msgs/include/controller_manager_msgs/controller_manager_msgs/srv/detail/list_hardware_interfaces__struct.hpp
[3.370s] -- Up-to-date: /home/vincentspada/unitree_ws/install/controller_manager_msgs/include/controller_manager_msgs/controller_manager_msgs/srv/detail/list_controller_types__builder.hpp
[3.371s] -- Up-to-date: /home/vincentspada/unitree_ws/install/controller_manager_msgs/include/controller_manager_msgs/controller_manager_msgs/srv/detail/reload_controller_libraries__builder.hpp
[3.371s] -- Up-to-date: /home/vincentspada/unitree_ws/install/controller_manager_msgs/include/controller_manager_msgs/controller_manager_msgs/srv/detail/list_hardware_components__builder.hpp
[3.371s] -- Up-to-date: /home/vincentspada/unitree_ws/install/controller_manager_msgs/include/controller_manager_msgs/controller_manager_msgs/srv/detail/list_hardware_interfaces__traits.hpp
[3.371s] -- Up-to-date: /home/vincentspada/unitree_ws/install/controller_manager_msgs/include/controller_manager_msgs/controller_manager_msgs/srv/detail/unload_controller__struct.hpp
[3.371s] -- Up-to-date: /home/vincentspada/unitree_ws/install/controller_manager_msgs/include/controller_manager_msgs/controller_manager_msgs/srv/detail/set_hardware_component_state__traits.hpp
[3.372s] -- Up-to-date: /home/vincentspada/unitree_ws/install/controller_manager_msgs/include/controller_manager_msgs/controller_manager_msgs/srv/detail/configure_controller__struct.hpp
[3.372s] -- Up-to-date: /home/vincentspada/unitree_ws/install/controller_manager_msgs/include/controller_manager_msgs/controller_manager_msgs/srv/detail/configure_controller__traits.hpp
[3.372s] -- Up-to-date: /home/vincentspada/unitree_ws/install/controller_manager_msgs/include/controller_manager_msgs/controller_manager_msgs/srv/detail/set_hardware_component_state__struct.hpp
[3.372s] -- Up-to-date: /home/vincentspada/unitree_ws/install/controller_manager_msgs/include/controller_manager_msgs/controller_manager_msgs/srv/detail/list_hardware_interfaces__builder.hpp
[3.373s] -- Up-to-date: /home/vincentspada/unitree_ws/install/controller_manager_msgs/include/controller_manager_msgs/controller_manager_msgs/srv/detail/unload_controller__traits.hpp
[3.373s] -- Up-to-date: /home/vincentspada/unitree_ws/install/controller_manager_msgs/include/controller_manager_msgs/controller_manager_msgs/srv/detail/list_controller_types__traits.hpp
[3.373s] -- Up-to-date: /home/vincentspada/unitree_ws/install/controller_manager_msgs/include/controller_manager_msgs/controller_manager_msgs/srv/detail/list_controllers__struct.hpp
[3.373s] -- Up-to-date: /home/vincentspada/unitree_ws/install/controller_manager_msgs/include/controller_manager_msgs/controller_manager_msgs/srv/detail/switch_controller__builder.hpp
[3.373s] -- Up-to-date: /home/vincentspada/unitree_ws/install/controller_manager_msgs/include/controller_manager_msgs/controller_manager_msgs/srv/detail/list_hardware_components__struct.hpp
[3.374s] -- Up-to-date: /home/vincentspada/unitree_ws/install/controller_manager_msgs/include/controller_manager_msgs/controller_manager_msgs/srv/detail/reload_controller_libraries__traits.hpp
[3.374s] -- Up-to-date: /home/vincentspada/unitree_ws/install/controller_manager_msgs/include/controller_manager_msgs/controller_manager_msgs/srv/detail/load_controller__traits.hpp
[3.374s] -- Up-to-date: /home/vincentspada/unitree_ws/install/controller_manager_msgs/include/controller_manager_msgs/controller_manager_msgs/srv/detail/load_controller__builder.hpp
[3.374s] -- Up-to-date: /home/vincentspada/unitree_ws/install/controller_manager_msgs/include/controller_manager_msgs/controller_manager_msgs/srv/detail/switch_controller__traits.hpp
[3.374s] -- Up-to-date: /home/vincentspada/unitree_ws/install/controller_manager_msgs/include/controller_manager_msgs/controller_manager_msgs/srv/detail/list_controllers__traits.hpp
[3.375s] -- Up-to-date: /home/vincentspada/unitree_ws/install/controller_manager_msgs/include/controller_manager_msgs/controller_manager_msgs/srv/reload_controller_libraries.hpp
[3.375s] -- Up-to-date: /home/vincentspada/unitree_ws/install/controller_manager_msgs/include/controller_manager_msgs/controller_manager_msgs/srv/switch_controller.hpp
[3.375s] -- Up-to-date: /home/vincentspada/unitree_ws/install/controller_manager_msgs/include/controller_manager_msgs/controller_manager_msgs/srv/load_controller.hpp
[3.375s] -- Up-to-date: /home/vincentspada/unitree_ws/install/controller_manager_msgs/include/controller_manager_msgs/controller_manager_msgs/msg
[3.375s] -- Up-to-date: /home/vincentspada/unitree_ws/install/controller_manager_msgs/include/controller_manager_msgs/controller_manager_msgs/msg/hardware_interface.hpp
[3.376s] -- Up-to-date: /home/vincentspada/unitree_ws/install/controller_manager_msgs/include/controller_manager_msgs/controller_manager_msgs/msg/controller_state.hpp
[3.376s] -- Up-to-date: /home/vincentspada/unitree_ws/install/controller_manager_msgs/include/controller_manager_msgs/controller_manager_msgs/msg/hardware_component_state.hpp
[3.376s] -- Up-to-date: /home/vincentspada/unitree_ws/install/controller_manager_msgs/include/controller_manager_msgs/controller_manager_msgs/msg/chain_connection.hpp
[3.376s] -- Up-to-date: /home/vincentspada/unitree_ws/install/controller_manager_msgs/include/controller_manager_msgs/controller_manager_msgs/msg/detail
[3.380s] -- Up-to-date: /home/vincentspada/unitree_ws/install/controller_manager_msgs/include/controller_manager_msgs/controller_manager_msgs/msg/detail/controller_state__builder.hpp
[3.380s] -- Up-to-date: /home/vincentspada/unitree_ws/install/controller_manager_msgs/include/controller_manager_msgs/controller_manager_msgs/msg/detail/hardware_component_state__struct.hpp
[3.380s] -- Up-to-date: /home/vincentspada/unitree_ws/install/controller_manager_msgs/include/controller_manager_msgs/controller_manager_msgs/msg/detail/controller_state__struct.hpp
[3.380s] -- Up-to-date: /home/vincentspada/unitree_ws/install/controller_manager_msgs/include/controller_manager_msgs/controller_manager_msgs/msg/detail/hardware_component_state__traits.hpp
[3.381s] -- Up-to-date: /home/vincentspada/unitree_ws/install/controller_manager_msgs/include/controller_manager_msgs/controller_manager_msgs/msg/detail/hardware_interface__traits.hpp
[3.381s] -- Up-to-date: /home/vincentspada/unitree_ws/install/controller_manager_msgs/include/controller_manager_msgs/controller_manager_msgs/msg/detail/chain_connection__builder.hpp
[3.381s] -- Up-to-date: /home/vincentspada/unitree_ws/install/controller_manager_msgs/include/controller_manager_msgs/controller_manager_msgs/msg/detail/hardware_interface__struct.hpp
[3.381s] -- Up-to-date: /home/vincentspada/unitree_ws/install/controller_manager_msgs/include/controller_manager_msgs/controller_manager_msgs/msg/detail/chain_connection__traits.hpp
[3.381s] -- Up-to-date: /home/vincentspada/unitree_ws/install/controller_manager_msgs/include/controller_manager_msgs/controller_manager_msgs/msg/detail/controller_state__traits.hpp
[3.381s] -- Up-to-date: /home/vincentspada/unitree_ws/install/controller_manager_msgs/include/controller_manager_msgs/controller_manager_msgs/msg/detail/hardware_interface__builder.hpp
[3.381s] -- Up-to-date: /home/vincentspada/unitree_ws/install/controller_manager_msgs/include/controller_manager_msgs/controller_manager_msgs/msg/detail/chain_connection__struct.hpp
[3.381s] -- Up-to-date: /home/vincentspada/unitree_ws/install/controller_manager_msgs/include/controller_manager_msgs/controller_manager_msgs/msg/detail/hardware_component_state__builder.hpp
[3.382s] -- Up-to-date: /home/vincentspada/unitree_ws/install/controller_manager_msgs/include/controller_manager_msgs/controller_manager_msgs
[3.382s] -- Up-to-date: /home/vincentspada/unitree_ws/install/controller_manager_msgs/include/controller_manager_msgs/controller_manager_msgs/srv
[3.382s] -- Up-to-date: /home/vincentspada/unitree_ws/install/controller_manager_msgs/include/controller_manager_msgs/controller_manager_msgs/srv/detail
[3.382s] -- Up-to-date: /home/vincentspada/unitree_ws/install/controller_manager_msgs/include/controller_manager_msgs/controller_manager_msgs/srv/detail/configure_controller__rosidl_typesupport_fastrtps_cpp.hpp
[3.382s] -- Up-to-date: /home/vincentspada/unitree_ws/install/controller_manager_msgs/include/controller_manager_msgs/controller_manager_msgs/srv/detail/reload_controller_libraries__rosidl_typesupport_fastrtps_cpp.hpp
[3.382s] -- Up-to-date: /home/vincentspada/unitree_ws/install/controller_manager_msgs/include/controller_manager_msgs/controller_manager_msgs/srv/detail/list_controllers__rosidl_typesupport_fastrtps_cpp.hpp
[3.383s] -- Up-to-date: /home/vincentspada/unitree_ws/install/controller_manager_msgs/include/controller_manager_msgs/controller_manager_msgs/srv/detail/list_hardware_components__rosidl_typesupport_fastrtps_cpp.hpp
[3.383s] -- Up-to-date: /home/vincentspada/unitree_ws/install/controller_manager_msgs/include/controller_manager_msgs/controller_manager_msgs/srv/detail/unload_controller__rosidl_typesupport_fastrtps_cpp.hpp
[3.383s] -- Up-to-date: /home/vincentspada/unitree_ws/install/controller_manager_msgs/include/controller_manager_msgs/controller_manager_msgs/srv/detail/list_hardware_interfaces__rosidl_typesupport_fastrtps_cpp.hpp
[3.383s] -- Up-to-date: /home/vincentspada/unitree_ws/install/controller_manager_msgs/include/controller_manager_msgs/controller_manager_msgs/srv/detail/set_hardware_component_state__rosidl_typesupport_fastrtps_cpp.hpp
[3.383s] -- Up-to-date: /home/vincentspada/unitree_ws/install/controller_manager_msgs/include/controller_manager_msgs/controller_manager_msgs/srv/detail/list_controller_types__rosidl_typesupport_fastrtps_cpp.hpp
[3.383s] -- Up-to-date: /home/vincentspada/unitree_ws/install/controller_manager_msgs/include/controller_manager_msgs/controller_manager_msgs/srv/detail/load_controller__rosidl_typesupport_fastrtps_cpp.hpp
[3.383s] -- Up-to-date: /home/vincentspada/unitree_ws/install/controller_manager_msgs/include/controller_manager_msgs/controller_manager_msgs/srv/detail/dds_fastrtps
[3.383s] -- Up-to-date: /home/vincentspada/unitree_ws/install/controller_manager_msgs/include/controller_manager_msgs/controller_manager_msgs/srv/detail/switch_controller__rosidl_typesupport_fastrtps_cpp.hpp
[3.384s] -- Up-to-date: /home/vincentspada/unitree_ws/install/controller_manager_msgs/include/controller_manager_msgs/controller_manager_msgs/msg
[3.384s] -- Up-to-date: /home/vincentspada/unitree_ws/install/controller_manager_msgs/include/controller_manager_msgs/controller_manager_msgs/msg/detail
[3.384s] -- Up-to-date: /home/vincentspada/unitree_ws/install/controller_manager_msgs/include/controller_manager_msgs/controller_manager_msgs/msg/detail/hardware_interface__rosidl_typesupport_fastrtps_cpp.hpp
[3.384s] -- Up-to-date: /home/vincentspada/unitree_ws/install/controller_manager_msgs/include/controller_manager_msgs/controller_manager_msgs/msg/detail/chain_connection__rosidl_typesupport_fastrtps_cpp.hpp
[3.384s] -- Up-to-date: /home/vincentspada/unitree_ws/install/controller_manager_msgs/include/controller_manager_msgs/controller_manager_msgs/msg/detail/hardware_component_state__rosidl_typesupport_fastrtps_cpp.hpp
[3.384s] -- Up-to-date: /home/vincentspada/unitree_ws/install/controller_manager_msgs/include/controller_manager_msgs/controller_manager_msgs/msg/detail/dds_fastrtps
[3.385s] -- Up-to-date: /home/vincentspada/unitree_ws/install/controller_manager_msgs/include/controller_manager_msgs/controller_manager_msgs/msg/detail/controller_state__rosidl_typesupport_fastrtps_cpp.hpp
[3.385s] -- Up-to-date: /home/vincentspada/unitree_ws/install/controller_manager_msgs/include/controller_manager_msgs/controller_manager_msgs/msg/rosidl_typesupport_fastrtps_cpp__visibility_control.h
[3.385s] -- Up-to-date: /home/vincentspada/unitree_ws/install/controller_manager_msgs/lib/libcontroller_manager_msgs__rosidl_typesupport_fastrtps_cpp.so
[3.385s] -- Up-to-date: /home/vincentspada/unitree_ws/install/controller_manager_msgs/include/controller_manager_msgs/controller_manager_msgs
[3.385s] -- Up-to-date: /home/vincentspada/unitree_ws/install/controller_manager_msgs/include/controller_manager_msgs/controller_manager_msgs/srv
[3.386s] -- Up-to-date: /home/vincentspada/unitree_ws/install/controller_manager_msgs/include/controller_manager_msgs/controller_manager_msgs/srv/detail
[3.387s] -- Up-to-date: /home/vincentspada/unitree_ws/install/controller_manager_msgs/include/controller_manager_msgs/controller_manager_msgs/srv/detail/list_controllers__type_support.c
[3.387s] -- Up-to-date: /home/vincentspada/unitree_ws/install/controller_manager_msgs/include/controller_manager_msgs/controller_manager_msgs/srv/detail/list_controller_types__rosidl_typesupport_introspection_c.h
[3.387s] -- Up-to-date: /home/vincentspada/unitree_ws/install/controller_manager_msgs/include/controller_manager_msgs/controller_manager_msgs/srv/detail/configure_controller__rosidl_typesupport_introspection_c.h
[3.387s] -- Up-to-date: /home/vincentspada/unitree_ws/install/controller_manager_msgs/include/controller_manager_msgs/controller_manager_msgs/srv/detail/reload_controller_libraries__rosidl_typesupport_introspection_c.h
[3.387s] -- Up-to-date: /home/vincentspada/unitree_ws/install/controller_manager_msgs/include/controller_manager_msgs/controller_manager_msgs/srv/detail/list_hardware_interfaces__type_support.c
[3.387s] -- Up-to-date: /home/vincentspada/unitree_ws/install/controller_manager_msgs/include/controller_manager_msgs/controller_manager_msgs/srv/detail/list_hardware_interfaces__rosidl_typesupport_introspection_c.h
[3.388s] -- Up-to-date: /home/vincentspada/unitree_ws/install/controller_manager_msgs/include/controller_manager_msgs/controller_manager_msgs/srv/detail/list_hardware_components__type_support.c
[3.388s] -- Up-to-date: /home/vincentspada/unitree_ws/install/controller_manager_msgs/include/controller_manager_msgs/controller_manager_msgs/srv/detail/load_controller__type_support.c
[3.388s] -- Up-to-date: /home/vincentspada/unitree_ws/install/controller_manager_msgs/include/controller_manager_msgs/controller_manager_msgs/srv/detail/load_controller__rosidl_typesupport_introspection_c.h
[3.388s] -- Up-to-date: /home/vincentspada/unitree_ws/install/controller_manager_msgs/include/controller_manager_msgs/controller_manager_msgs/srv/detail/switch_controller__rosidl_typesupport_introspection_c.h
[3.388s] -- Up-to-date: /home/vincentspada/unitree_ws/install/controller_manager_msgs/include/controller_manager_msgs/controller_manager_msgs/srv/detail/set_hardware_component_state__rosidl_typesupport_introspection_c.h
[3.389s] -- Up-to-date: /home/vincentspada/unitree_ws/install/controller_manager_msgs/include/controller_manager_msgs/controller_manager_msgs/srv/detail/unload_controller__type_support.c
[3.389s] -- Up-to-date: /home/vincentspada/unitree_ws/install/controller_manager_msgs/include/controller_manager_msgs/controller_manager_msgs/srv/detail/unload_controller__rosidl_typesupport_introspection_c.h
[3.389s] -- Up-to-date: /home/vincentspada/unitree_ws/install/controller_manager_msgs/include/controller_manager_msgs/controller_manager_msgs/srv/detail/list_controller_types__type_support.c
[3.389s] -- Up-to-date: /home/vincentspada/unitree_ws/install/controller_manager_msgs/include/controller_manager_msgs/controller_manager_msgs/srv/detail/list_hardware_components__rosidl_typesupport_introspection_c.h
[3.390s] -- Up-to-date: /home/vincentspada/unitree_ws/install/controller_manager_msgs/include/controller_manager_msgs/controller_manager_msgs/srv/detail/reload_controller_libraries__type_support.c
[3.390s] -- Up-to-date: /home/vincentspada/unitree_ws/install/controller_manager_msgs/include/controller_manager_msgs/controller_manager_msgs/srv/detail/switch_controller__type_support.c
[3.390s] -- Up-to-date: /home/vincentspada/unitree_ws/install/controller_manager_msgs/include/controller_manager_msgs/controller_manager_msgs/srv/detail/list_controllers__rosidl_typesupport_introspection_c.h
[3.390s] -- Up-to-date: /home/vincentspada/unitree_ws/install/controller_manager_msgs/include/controller_manager_msgs/controller_manager_msgs/srv/detail/configure_controller__type_support.c
[3.390s] -- Up-to-date: /home/vincentspada/unitree_ws/install/controller_manager_msgs/include/controller_manager_msgs/controller_manager_msgs/srv/detail/set_hardware_component_state__type_support.c
[3.390s] -- Up-to-date: /home/vincentspada/unitree_ws/install/controller_manager_msgs/include/controller_manager_msgs/controller_manager_msgs/msg
[3.391s] -- Up-to-date: /home/vincentspada/unitree_ws/install/controller_manager_msgs/include/controller_manager_msgs/controller_manager_msgs/msg/rosidl_typesupport_introspection_c__visibility_control.h
[3.391s] -- Up-to-date: /home/vincentspada/unitree_ws/install/controller_manager_msgs/include/controller_manager_msgs/controller_manager_msgs/msg/detail
[3.391s] -- Up-to-date: /home/vincentspada/unitree_ws/install/controller_manager_msgs/include/controller_manager_msgs/controller_manager_msgs/msg/detail/controller_state__rosidl_typesupport_introspection_c.h
[3.391s] -- Up-to-date: /home/vincentspada/unitree_ws/install/controller_manager_msgs/include/controller_manager_msgs/controller_manager_msgs/msg/detail/hardware_interface__type_support.c
[3.391s] -- Up-to-date: /home/vincentspada/unitree_ws/install/controller_manager_msgs/include/controller_manager_msgs/controller_manager_msgs/msg/detail/hardware_component_state__type_support.c
[3.392s] -- Up-to-date: /home/vincentspada/unitree_ws/install/controller_manager_msgs/include/controller_manager_msgs/controller_manager_msgs/msg/detail/hardware_interface__rosidl_typesupport_introspection_c.h
[3.392s] -- Up-to-date: /home/vincentspada/unitree_ws/install/controller_manager_msgs/include/controller_manager_msgs/controller_manager_msgs/msg/detail/chain_connection__rosidl_typesupport_introspection_c.h
[3.392s] -- Up-to-date: /home/vincentspada/unitree_ws/install/controller_manager_msgs/include/controller_manager_msgs/controller_manager_msgs/msg/detail/controller_state__type_support.c
[3.401s] -- Up-to-date: /home/vincentspada/unitree_ws/install/controller_manager_msgs/include/controller_manager_msgs/controller_manager_msgs/msg/detail/hardware_component_state__rosidl_typesupport_introspection_c.h
[3.401s] -- Up-to-date: /home/vincentspada/unitree_ws/install/controller_manager_msgs/include/controller_manager_msgs/controller_manager_msgs/msg/detail/chain_connection__type_support.c
[3.401s] -- Up-to-date: /home/vincentspada/unitree_ws/install/controller_manager_msgs/lib/libcontroller_manager_msgs__rosidl_typesupport_introspection_c.so
[3.402s] -- Up-to-date: /home/vincentspada/unitree_ws/install/controller_manager_msgs/lib/libcontroller_manager_msgs__rosidl_typesupport_c.so
[3.402s] -- Up-to-date: /home/vincentspada/unitree_ws/install/controller_manager_msgs/include/controller_manager_msgs/controller_manager_msgs
[3.402s] -- Up-to-date: /home/vincentspada/unitree_ws/install/controller_manager_msgs/include/controller_manager_msgs/controller_manager_msgs/srv
[3.403s] -- Up-to-date: /home/vincentspada/unitree_ws/install/controller_manager_msgs/include/controller_manager_msgs/controller_manager_msgs/srv/detail
[3.403s] -- Up-to-date: /home/vincentspada/unitree_ws/install/controller_manager_msgs/include/controller_manager_msgs/controller_manager_msgs/srv/detail/switch_controller__rosidl_typesupport_introspection_cpp.hpp
[3.403s] -- Up-to-date: /home/vincentspada/unitree_ws/install/controller_manager_msgs/include/controller_manager_msgs/controller_manager_msgs/srv/detail/list_hardware_interfaces__rosidl_typesupport_introspection_cpp.hpp
[3.403s] -- Up-to-date: /home/vincentspada/unitree_ws/install/controller_manager_msgs/include/controller_manager_msgs/controller_manager_msgs/srv/detail/unload_controller__type_support.cpp
[3.403s] -- Up-to-date: /home/vincentspada/unitree_ws/install/controller_manager_msgs/include/controller_manager_msgs/controller_manager_msgs/srv/detail/list_hardware_components__rosidl_typesupport_introspection_cpp.hpp
[3.403s] -- Up-to-date: /home/vincentspada/unitree_ws/install/controller_manager_msgs/include/controller_manager_msgs/controller_manager_msgs/srv/detail/list_controller_types__type_support.cpp
[3.404s] -- Up-to-date: /home/vincentspada/unitree_ws/install/controller_manager_msgs/include/controller_manager_msgs/controller_manager_msgs/srv/detail/set_hardware_component_state__type_support.cpp
[3.404s] -- Up-to-date: /home/vincentspada/unitree_ws/install/controller_manager_msgs/include/controller_manager_msgs/controller_manager_msgs/srv/detail/configure_controller__rosidl_typesupport_introspection_cpp.hpp
[3.404s] -- Up-to-date: /home/vincentspada/unitree_ws/install/controller_manager_msgs/include/controller_manager_msgs/controller_manager_msgs/srv/detail/list_controllers__type_support.cpp
[3.404s] -- Up-to-date: /home/vincentspada/unitree_ws/install/controller_manager_msgs/include/controller_manager_msgs/controller_manager_msgs/srv/detail/load_controller__type_support.cpp
[3.405s] -- Up-to-date: /home/vincentspada/unitree_ws/install/controller_manager_msgs/include/controller_manager_msgs/controller_manager_msgs/srv/detail/reload_controller_libraries__rosidl_typesupport_introspection_cpp.hpp
[3.405s] -- Up-to-date: /home/vincentspada/unitree_ws/install/controller_manager_msgs/include/controller_manager_msgs/controller_manager_msgs/srv/detail/load_controller__rosidl_typesupport_introspection_cpp.hpp
[3.405s] -- Up-to-date: /home/vincentspada/unitree_ws/install/controller_manager_msgs/include/controller_manager_msgs/controller_manager_msgs/srv/detail/set_hardware_component_state__rosidl_typesupport_introspection_cpp.hpp
[3.405s] -- Up-to-date: /home/vincentspada/unitree_ws/install/controller_manager_msgs/include/controller_manager_msgs/controller_manager_msgs/srv/detail/configure_controller__type_support.cpp
[3.405s] -- Up-to-date: /home/vincentspada/unitree_ws/install/controller_manager_msgs/include/controller_manager_msgs/controller_manager_msgs/srv/detail/list_hardware_components__type_support.cpp
[3.406s] -- Up-to-date: /home/vincentspada/unitree_ws/install/controller_manager_msgs/include/controller_manager_msgs/controller_manager_msgs/srv/detail/list_controller_types__rosidl_typesupport_introspection_cpp.hpp
[3.406s] -- Up-to-date: /home/vincentspada/unitree_ws/install/controller_manager_msgs/include/controller_manager_msgs/controller_manager_msgs/srv/detail/unload_controller__rosidl_typesupport_introspection_cpp.hpp
[3.406s] -- Up-to-date: /home/vincentspada/unitree_ws/install/controller_manager_msgs/include/controller_manager_msgs/controller_manager_msgs/srv/detail/reload_controller_libraries__type_support.cpp
[3.406s] -- Up-to-date: /home/vincentspada/unitree_ws/install/controller_manager_msgs/include/controller_manager_msgs/controller_manager_msgs/srv/detail/list_controllers__rosidl_typesupport_introspection_cpp.hpp
[3.406s] -- Up-to-date: /home/vincentspada/unitree_ws/install/controller_manager_msgs/include/controller_manager_msgs/controller_manager_msgs/srv/detail/list_hardware_interfaces__type_support.cpp
[3.406s] -- Up-to-date: /home/vincentspada/unitree_ws/install/controller_manager_msgs/include/controller_manager_msgs/controller_manager_msgs/srv/detail/switch_controller__type_support.cpp
[3.407s] -- Up-to-date: /home/vincentspada/unitree_ws/install/controller_manager_msgs/include/controller_manager_msgs/controller_manager_msgs/msg
[3.407s] -- Up-to-date: /home/vincentspada/unitree_ws/install/controller_manager_msgs/include/controller_manager_msgs/controller_manager_msgs/msg/detail
[3.407s] -- Up-to-date: /home/vincentspada/unitree_ws/install/controller_manager_msgs/include/controller_manager_msgs/controller_manager_msgs/msg/detail/hardware_component_state__type_support.cpp
[3.407s] -- Up-to-date: /home/vincentspada/unitree_ws/install/controller_manager_msgs/include/controller_manager_msgs/controller_manager_msgs/msg/detail/chain_connection__type_support.cpp
[3.407s] -- Up-to-date: /home/vincentspada/unitree_ws/install/controller_manager_msgs/include/controller_manager_msgs/controller_manager_msgs/msg/detail/controller_state__rosidl_typesupport_introspection_cpp.hpp
[3.408s] -- Up-to-date: /home/vincentspada/unitree_ws/install/controller_manager_msgs/include/controller_manager_msgs/controller_manager_msgs/msg/detail/chain_connection__rosidl_typesupport_introspection_cpp.hpp
[3.408s] -- Up-to-date: /home/vincentspada/unitree_ws/install/controller_manager_msgs/include/controller_manager_msgs/controller_manager_msgs/msg/detail/hardware_interface__type_support.cpp
[3.408s] -- Up-to-date: /home/vincentspada/unitree_ws/install/controller_manager_msgs/include/controller_manager_msgs/controller_manager_msgs/msg/detail/hardware_interface__rosidl_typesupport_introspection_cpp.hpp
[3.408s] -- Up-to-date: /home/vincentspada/unitree_ws/install/controller_manager_msgs/include/controller_manager_msgs/controller_manager_msgs/msg/detail/hardware_component_state__rosidl_typesupport_introspection_cpp.hpp
[3.408s] -- Up-to-date: /home/vincentspada/unitree_ws/install/controller_manager_msgs/include/controller_manager_msgs/controller_manager_msgs/msg/detail/controller_state__type_support.cpp
[3.409s] -- Up-to-date: /home/vincentspada/unitree_ws/install/controller_manager_msgs/lib/libcontroller_manager_msgs__rosidl_typesupport_introspection_cpp.so
[3.409s] -- Up-to-date: /home/vincentspada/unitree_ws/install/controller_manager_msgs/lib/libcontroller_manager_msgs__rosidl_typesupport_cpp.so
[3.409s] -- Up-to-date: /home/vincentspada/unitree_ws/install/controller_manager_msgs/share/controller_manager_msgs/environment/pythonpath.sh
[3.409s] -- Up-to-date: /home/vincentspada/unitree_ws/install/controller_manager_msgs/share/controller_manager_msgs/environment/pythonpath.dsv
[3.409s] -- Up-to-date: /home/vincentspada/unitree_ws/install/controller_manager_msgs/local/lib/python3.10/dist-packages/controller_manager_msgs-2.31.0-py3.10.egg-info
[3.410s] -- Installing: /home/vincentspada/unitree_ws/install/controller_manager_msgs/local/lib/python3.10/dist-packages/controller_manager_msgs-2.31.0-py3.10.egg-info/dependency_links.txt
[3.410s] -- Installing: /home/vincentspada/unitree_ws/install/controller_manager_msgs/local/lib/python3.10/dist-packages/controller_manager_msgs-2.31.0-py3.10.egg-info/PKG-INFO
[3.417s] -- Installing: /home/vincentspada/unitree_ws/install/controller_manager_msgs/local/lib/python3.10/dist-packages/controller_manager_msgs-2.31.0-py3.10.egg-info/top_level.txt
[3.418s] -- Installing: /home/vincentspada/unitree_ws/install/controller_manager_msgs/local/lib/python3.10/dist-packages/controller_manager_msgs-2.31.0-py3.10.egg-info/SOURCES.txt
[3.418s] -- Up-to-date: /home/vincentspada/unitree_ws/install/controller_manager_msgs/local/lib/python3.10/dist-packages/controller_manager_msgs
[3.418s] -- Up-to-date: /home/vincentspada/unitree_ws/install/controller_manager_msgs/local/lib/python3.10/dist-packages/controller_manager_msgs/_controller_manager_msgs_s.ep.rosidl_typesupport_introspection_c.c
[3.418s] -- Up-to-date: /home/vincentspada/unitree_ws/install/controller_manager_msgs/local/lib/python3.10/dist-packages/controller_manager_msgs/controller_manager_msgs_s__rosidl_typesupport_introspection_c.cpython-310-x86_64-linux-gnu.so
[3.418s] -- Up-to-date: /home/vincentspada/unitree_ws/install/controller_manager_msgs/local/lib/python3.10/dist-packages/controller_manager_msgs/_controller_manager_msgs_s.ep.rosidl_typesupport_c.c
[3.419s] -- Up-to-date: /home/vincentspada/unitree_ws/install/controller_manager_msgs/local/lib/python3.10/dist-packages/controller_manager_msgs/controller_manager_msgs_s__rosidl_typesupport_fastrtps_c.cpython-310-x86_64-linux-gnu.so
[3.419s] -- Up-to-date: /home/vincentspada/unitree_ws/install/controller_manager_msgs/local/lib/python3.10/dist-packages/controller_manager_msgs/libcontroller_manager_msgs__rosidl_generator_py.so
[3.419s] -- Up-to-date: /home/vincentspada/unitree_ws/install/controller_manager_msgs/local/lib/python3.10/dist-packages/controller_manager_msgs/controller_manager_msgs_s__rosidl_typesupport_c.cpython-310-x86_64-linux-gnu.so
[3.419s] -- Up-to-date: /home/vincentspada/unitree_ws/install/controller_manager_msgs/local/lib/python3.10/dist-packages/controller_manager_msgs/__init__.py
[3.419s] -- Up-to-date: /home/vincentspada/unitree_ws/install/controller_manager_msgs/local/lib/python3.10/dist-packages/controller_manager_msgs/srv
[3.419s] -- Up-to-date: /home/vincentspada/unitree_ws/install/controller_manager_msgs/local/lib/python3.10/dist-packages/controller_manager_msgs/srv/_switch_controller_s.c
[3.420s] -- Up-to-date: /home/vincentspada/unitree_ws/install/controller_manager_msgs/local/lib/python3.10/dist-packages/controller_manager_msgs/srv/_configure_controller_s.c
[3.420s] -- Up-to-date: /home/vincentspada/unitree_ws/install/controller_manager_msgs/local/lib/python3.10/dist-packages/controller_manager_msgs/srv/_switch_controller.py
[3.420s] -- Up-to-date: /home/vincentspada/unitree_ws/install/controller_manager_msgs/local/lib/python3.10/dist-packages/controller_manager_msgs/srv/_list_controller_types.py
[3.421s] -- Up-to-date: /home/vincentspada/unitree_ws/install/controller_manager_msgs/local/lib/python3.10/dist-packages/controller_manager_msgs/srv/_unload_controller_s.c
[3.421s] -- Up-to-date: /home/vincentspada/unitree_ws/install/controller_manager_msgs/local/lib/python3.10/dist-packages/controller_manager_msgs/srv/_reload_controller_libraries_s.c
[3.421s] -- Up-to-date: /home/vincentspada/unitree_ws/install/controller_manager_msgs/local/lib/python3.10/dist-packages/controller_manager_msgs/srv/_list_hardware_components.py
[3.421s] -- Up-to-date: /home/vincentspada/unitree_ws/install/controller_manager_msgs/local/lib/python3.10/dist-packages/controller_manager_msgs/srv/__init__.py
[3.422s] -- Up-to-date: /home/vincentspada/unitree_ws/install/controller_manager_msgs/local/lib/python3.10/dist-packages/controller_manager_msgs/srv/_list_controllers.py
[3.422s] -- Up-to-date: /home/vincentspada/unitree_ws/install/controller_manager_msgs/local/lib/python3.10/dist-packages/controller_manager_msgs/srv/_list_hardware_interfaces_s.c
[3.422s] -- Up-to-date: /home/vincentspada/unitree_ws/install/controller_manager_msgs/local/lib/python3.10/dist-packages/controller_manager_msgs/srv/_reload_controller_libraries.py
[3.422s] -- Up-to-date: /home/vincentspada/unitree_ws/install/controller_manager_msgs/local/lib/python3.10/dist-packages/controller_manager_msgs/srv/_load_controller.py
[3.422s] -- Up-to-date: /home/vincentspada/unitree_ws/install/controller_manager_msgs/local/lib/python3.10/dist-packages/controller_manager_msgs/srv/_load_controller_s.c
[3.423s] -- Up-to-date: /home/vincentspada/unitree_ws/install/controller_manager_msgs/local/lib/python3.10/dist-packages/controller_manager_msgs/srv/_configure_controller.py
[3.423s] -- Up-to-date: /home/vincentspada/unitree_ws/install/controller_manager_msgs/local/lib/python3.10/dist-packages/controller_manager_msgs/srv/_list_hardware_interfaces.py
[3.423s] -- Up-to-date: /home/vincentspada/unitree_ws/install/controller_manager_msgs/local/lib/python3.10/dist-packages/controller_manager_msgs/srv/_set_hardware_component_state_s.c
[3.423s] -- Up-to-date: /home/vincentspada/unitree_ws/install/controller_manager_msgs/local/lib/python3.10/dist-packages/controller_manager_msgs/srv/_unload_controller.py
[3.423s] -- Up-to-date: /home/vincentspada/unitree_ws/install/controller_manager_msgs/local/lib/python3.10/dist-packages/controller_manager_msgs/srv/_list_controllers_s.c
[3.424s] -- Up-to-date: /home/vincentspada/unitree_ws/install/controller_manager_msgs/local/lib/python3.10/dist-packages/controller_manager_msgs/srv/_set_hardware_component_state.py
[3.424s] -- Up-to-date: /home/vincentspada/unitree_ws/install/controller_manager_msgs/local/lib/python3.10/dist-packages/controller_manager_msgs/srv/_list_hardware_components_s.c
[3.424s] -- Up-to-date: /home/vincentspada/unitree_ws/install/controller_manager_msgs/local/lib/python3.10/dist-packages/controller_manager_msgs/srv/_list_controller_types_s.c
[3.424s] -- Up-to-date: /home/vincentspada/unitree_ws/install/controller_manager_msgs/local/lib/python3.10/dist-packages/controller_manager_msgs/msg
[3.425s] -- Up-to-date: /home/vincentspada/unitree_ws/install/controller_manager_msgs/local/lib/python3.10/dist-packages/controller_manager_msgs/msg/_hardware_interface_s.c
[3.425s] -- Up-to-date: /home/vincentspada/unitree_ws/install/controller_manager_msgs/local/lib/python3.10/dist-packages/controller_manager_msgs/msg/_controller_state.py
[3.425s] -- Up-to-date: /home/vincentspada/unitree_ws/install/controller_manager_msgs/local/lib/python3.10/dist-packages/controller_manager_msgs/msg/_hardware_interface.py
[3.426s] -- Up-to-date: /home/vincentspada/unitree_ws/install/controller_manager_msgs/local/lib/python3.10/dist-packages/controller_manager_msgs/msg/_hardware_component_state_s.c
[3.426s] -- Up-to-date: /home/vincentspada/unitree_ws/install/controller_manager_msgs/local/lib/python3.10/dist-packages/controller_manager_msgs/msg/__init__.py
[3.426s] -- Up-to-date: /home/vincentspada/unitree_ws/install/controller_manager_msgs/local/lib/python3.10/dist-packages/controller_manager_msgs/msg/_controller_state_s.c
[3.426s] -- Up-to-date: /home/vincentspada/unitree_ws/install/controller_manager_msgs/local/lib/python3.10/dist-packages/controller_manager_msgs/msg/_hardware_component_state.py
[3.427s] -- Up-to-date: /home/vincentspada/unitree_ws/install/controller_manager_msgs/local/lib/python3.10/dist-packages/controller_manager_msgs/msg/_chain_connection_s.c
[3.427s] -- Up-to-date: /home/vincentspada/unitree_ws/install/controller_manager_msgs/local/lib/python3.10/dist-packages/controller_manager_msgs/msg/_chain_connection.py
[3.427s] -- Up-to-date: /home/vincentspada/unitree_ws/install/controller_manager_msgs/local/lib/python3.10/dist-packages/controller_manager_msgs/_controller_manager_msgs_s.ep.rosidl_typesupport_fastrtps_c.c
[3.433s] Listing '/home/vincentspada/unitree_ws/install/controller_manager_msgs/local/lib/python3.10/dist-packages/controller_manager_msgs'...
[3.433s] Listing '/home/vincentspada/unitree_ws/install/controller_manager_msgs/local/lib/python3.10/dist-packages/controller_manager_msgs/msg'...
[3.433s] Listing '/home/vincentspada/unitree_ws/install/controller_manager_msgs/local/lib/python3.10/dist-packages/controller_manager_msgs/srv'...
[3.453s] -- Up-to-date: /home/vincentspada/unitree_ws/install/controller_manager_msgs/local/lib/python3.10/dist-packages/controller_manager_msgs/controller_manager_msgs_s__rosidl_typesupport_fastrtps_c.cpython-310-x86_64-linux-gnu.so
[3.453s] -- Up-to-date: /home/vincentspada/unitree_ws/install/controller_manager_msgs/local/lib/python3.10/dist-packages/controller_manager_msgs/controller_manager_msgs_s__rosidl_typesupport_introspection_c.cpython-310-x86_64-linux-gnu.so
[3.453s] -- Up-to-date: /home/vincentspada/unitree_ws/install/controller_manager_msgs/local/lib/python3.10/dist-packages/controller_manager_msgs/controller_manager_msgs_s__rosidl_typesupport_c.cpython-310-x86_64-linux-gnu.so
[3.454s] -- Up-to-date: /home/vincentspada/unitree_ws/install/controller_manager_msgs/lib/libcontroller_manager_msgs__rosidl_generator_py.so
[3.454s] -- Up-to-date: /home/vincentspada/unitree_ws/install/controller_manager_msgs/share/controller_manager_msgs/msg/ControllerState.idl
[3.454s] -- Up-to-date: /home/vincentspada/unitree_ws/install/controller_manager_msgs/share/controller_manager_msgs/msg/ChainConnection.idl
[3.455s] -- Up-to-date: /home/vincentspada/unitree_ws/install/controller_manager_msgs/share/controller_manager_msgs/msg/HardwareComponentState.idl
[3.455s] -- Up-to-date: /home/vincentspada/unitree_ws/install/controller_manager_msgs/share/controller_manager_msgs/msg/HardwareInterface.idl
[3.455s] -- Up-to-date: /home/vincentspada/unitree_ws/install/controller_manager_msgs/share/controller_manager_msgs/srv/ConfigureController.idl
[3.455s] -- Up-to-date: /home/vincentspada/unitree_ws/install/controller_manager_msgs/share/controller_manager_msgs/srv/ListControllers.idl
[3.472s] -- Up-to-date: /home/vincentspada/unitree_ws/install/controller_manager_msgs/share/controller_manager_msgs/srv/ListControllerTypes.idl
[3.473s] -- Up-to-date: /home/vincentspada/unitree_ws/install/controller_manager_msgs/share/controller_manager_msgs/srv/ListHardwareComponents.idl
[3.473s] -- Up-to-date: /home/vincentspada/unitree_ws/install/controller_manager_msgs/share/controller_manager_msgs/srv/ListHardwareInterfaces.idl
[3.473s] -- Up-to-date: /home/vincentspada/unitree_ws/install/controller_manager_msgs/share/controller_manager_msgs/srv/LoadController.idl
[3.473s] -- Up-to-date: /home/vincentspada/unitree_ws/install/controller_manager_msgs/share/controller_manager_msgs/srv/ReloadControllerLibraries.idl
[3.473s] -- Up-to-date: /home/vincentspada/unitree_ws/install/controller_manager_msgs/share/controller_manager_msgs/srv/SetHardwareComponentState.idl
[3.474s] -- Up-to-date: /home/vincentspada/unitree_ws/install/controller_manager_msgs/share/controller_manager_msgs/srv/SwitchController.idl
[3.474s] -- Up-to-date: /home/vincentspada/unitree_ws/install/controller_manager_msgs/share/controller_manager_msgs/srv/UnloadController.idl
[3.474s] -- Up-to-date: /home/vincentspada/unitree_ws/install/controller_manager_msgs/share/controller_manager_msgs/msg/ControllerState.msg
[3.474s] -- Up-to-date: /home/vincentspada/unitree_ws/install/controller_manager_msgs/share/controller_manager_msgs/msg/ChainConnection.msg
[3.475s] -- Up-to-date: /home/vincentspada/unitree_ws/install/controller_manager_msgs/share/controller_manager_msgs/msg/HardwareComponentState.msg
[3.475s] -- Up-to-date: /home/vincentspada/unitree_ws/install/controller_manager_msgs/share/controller_manager_msgs/msg/HardwareInterface.msg
[3.475s] -- Up-to-date: /home/vincentspada/unitree_ws/install/controller_manager_msgs/share/controller_manager_msgs/srv/ConfigureController.srv
[3.475s] -- Up-to-date: /home/vincentspada/unitree_ws/install/controller_manager_msgs/share/controller_manager_msgs/srv/ConfigureController_Request.msg
[3.475s] -- Up-to-date: /home/vincentspada/unitree_ws/install/controller_manager_msgs/share/controller_manager_msgs/srv/ConfigureController_Response.msg
[3.475s] -- Up-to-date: /home/vincentspada/unitree_ws/install/controller_manager_msgs/share/controller_manager_msgs/srv/ListControllers.srv
[3.476s] -- Up-to-date: /home/vincentspada/unitree_ws/install/controller_manager_msgs/share/controller_manager_msgs/srv/ListControllers_Request.msg
[3.476s] -- Up-to-date: /home/vincentspada/unitree_ws/install/controller_manager_msgs/share/controller_manager_msgs/srv/ListControllers_Response.msg
[3.476s] -- Up-to-date: /home/vincentspada/unitree_ws/install/controller_manager_msgs/share/controller_manager_msgs/srv/ListControllerTypes.srv
[3.476s] -- Up-to-date: /home/vincentspada/unitree_ws/install/controller_manager_msgs/share/controller_manager_msgs/srv/ListControllerTypes_Request.msg
[3.476s] -- Up-to-date: /home/vincentspada/unitree_ws/install/controller_manager_msgs/share/controller_manager_msgs/srv/ListControllerTypes_Response.msg
[3.479s] -- Up-to-date: /home/vincentspada/unitree_ws/install/controller_manager_msgs/share/controller_manager_msgs/srv/ListHardwareComponents.srv
[3.479s] -- Up-to-date: /home/vincentspada/unitree_ws/install/controller_manager_msgs/share/controller_manager_msgs/srv/ListHardwareComponents_Request.msg
[3.479s] -- Up-to-date: /home/vincentspada/unitree_ws/install/controller_manager_msgs/share/controller_manager_msgs/srv/ListHardwareComponents_Response.msg
[3.479s] -- Up-to-date: /home/vincentspada/unitree_ws/install/controller_manager_msgs/share/controller_manager_msgs/srv/ListHardwareInterfaces.srv
[3.480s] -- Up-to-date: /home/vincentspada/unitree_ws/install/controller_manager_msgs/share/controller_manager_msgs/srv/ListHardwareInterfaces_Request.msg
[3.480s] -- Up-to-date: /home/vincentspada/unitree_ws/install/controller_manager_msgs/share/controller_manager_msgs/srv/ListHardwareInterfaces_Response.msg
[3.480s] -- Up-to-date: /home/vincentspada/unitree_ws/install/controller_manager_msgs/share/controller_manager_msgs/srv/LoadController.srv
[3.480s] -- Up-to-date: /home/vincentspada/unitree_ws/install/controller_manager_msgs/share/controller_manager_msgs/srv/LoadController_Request.msg
[3.480s] -- Up-to-date: /home/vincentspada/unitree_ws/install/controller_manager_msgs/share/controller_manager_msgs/srv/LoadController_Response.msg
[3.481s] -- Up-to-date: /home/vincentspada/unitree_ws/install/controller_manager_msgs/share/controller_manager_msgs/srv/ReloadControllerLibraries.srv
[3.481s] -- Up-to-date: /home/vincentspada/unitree_ws/install/controller_manager_msgs/share/controller_manager_msgs/srv/ReloadControllerLibraries_Request.msg
[3.481s] -- Up-to-date: /home/vincentspada/unitree_ws/install/controller_manager_msgs/share/controller_manager_msgs/srv/ReloadControllerLibraries_Response.msg
[3.481s] -- Up-to-date: /home/vincentspada/unitree_ws/install/controller_manager_msgs/share/controller_manager_msgs/srv/SetHardwareComponentState.srv
[3.481s] -- Up-to-date: /home/vincentspada/unitree_ws/install/controller_manager_msgs/share/controller_manager_msgs/srv/SetHardwareComponentState_Request.msg
[3.481s] -- Up-to-date: /home/vincentspada/unitree_ws/install/controller_manager_msgs/share/controller_manager_msgs/srv/SetHardwareComponentState_Response.msg
[3.482s] -- Up-to-date: /home/vincentspada/unitree_ws/install/controller_manager_msgs/share/controller_manager_msgs/srv/SwitchController.srv
[3.482s] -- Up-to-date: /home/vincentspada/unitree_ws/install/controller_manager_msgs/share/controller_manager_msgs/srv/SwitchController_Request.msg
[3.482s] -- Up-to-date: /home/vincentspada/unitree_ws/install/controller_manager_msgs/share/controller_manager_msgs/srv/SwitchController_Response.msg
[3.482s] -- Up-to-date: /home/vincentspada/unitree_ws/install/controller_manager_msgs/share/controller_manager_msgs/srv/UnloadController.srv
[3.482s] -- Up-to-date: /home/vincentspada/unitree_ws/install/controller_manager_msgs/share/controller_manager_msgs/srv/UnloadController_Request.msg
[3.483s] -- Up-to-date: /home/vincentspada/unitree_ws/install/controller_manager_msgs/share/controller_manager_msgs/srv/UnloadController_Response.msg
[3.483s] -- Up-to-date: /home/vincentspada/unitree_ws/install/controller_manager_msgs/share/ament_index/resource_index/package_run_dependencies/controller_manager_msgs
[3.483s] -- Up-to-date: /home/vincentspada/unitree_ws/install/controller_manager_msgs/share/ament_index/resource_index/parent_prefix_path/controller_manager_msgs
[3.483s] -- Up-to-date: /home/vincentspada/unitree_ws/install/controller_manager_msgs/share/controller_manager_msgs/environment/ament_prefix_path.sh
[3.484s] -- Up-to-date: /home/vincentspada/unitree_ws/install/controller_manager_msgs/share/controller_manager_msgs/environment/ament_prefix_path.dsv
[3.484s] -- Up-to-date: /home/vincentspada/unitree_ws/install/controller_manager_msgs/share/controller_manager_msgs/environment/path.sh
[3.484s] -- Up-to-date: /home/vincentspada/unitree_ws/install/controller_manager_msgs/share/controller_manager_msgs/environment/path.dsv
[3.485s] -- Up-to-date: /home/vincentspada/unitree_ws/install/controller_manager_msgs/share/controller_manager_msgs/local_setup.bash
[3.485s] -- Up-to-date: /home/vincentspada/unitree_ws/install/controller_manager_msgs/share/controller_manager_msgs/local_setup.sh
[3.485s] -- Up-to-date: /home/vincentspada/unitree_ws/install/controller_manager_msgs/share/controller_manager_msgs/local_setup.zsh
[3.485s] -- Up-to-date: /home/vincentspada/unitree_ws/install/controller_manager_msgs/share/controller_manager_msgs/local_setup.dsv
[3.485s] -- Installing: /home/vincentspada/unitree_ws/install/controller_manager_msgs/share/controller_manager_msgs/package.dsv
[3.486s] -- Up-to-date: /home/vincentspada/unitree_ws/install/controller_manager_msgs/share/ament_index/resource_index/packages/controller_manager_msgs
[3.486s] -- Up-to-date: /home/vincentspada/unitree_ws/install/controller_manager_msgs/share/controller_manager_msgs/cmake/export_controller_manager_msgs__rosidl_generator_cExport.cmake
[3.486s] -- Up-to-date: /home/vincentspada/unitree_ws/install/controller_manager_msgs/share/controller_manager_msgs/cmake/export_controller_manager_msgs__rosidl_generator_cExport-noconfig.cmake
[3.486s] -- Up-to-date: /home/vincentspada/unitree_ws/install/controller_manager_msgs/share/controller_manager_msgs/cmake/export_controller_manager_msgs__rosidl_typesupport_fastrtps_cExport.cmake
[3.488s] -- Up-to-date: /home/vincentspada/unitree_ws/install/controller_manager_msgs/share/controller_manager_msgs/cmake/export_controller_manager_msgs__rosidl_typesupport_fastrtps_cExport-noconfig.cmake
[3.489s] -- Up-to-date: /home/vincentspada/unitree_ws/install/controller_manager_msgs/share/controller_manager_msgs/cmake/export_controller_manager_msgs__rosidl_generator_cppExport.cmake
[3.489s] -- Up-to-date: /home/vincentspada/unitree_ws/install/controller_manager_msgs/share/controller_manager_msgs/cmake/export_controller_manager_msgs__rosidl_typesupport_fastrtps_cppExport.cmake
[3.490s] -- Up-to-date: /home/vincentspada/unitree_ws/install/controller_manager_msgs/share/controller_manager_msgs/cmake/export_controller_manager_msgs__rosidl_typesupport_fastrtps_cppExport-noconfig.cmake
[3.490s] -- Up-to-date: /home/vincentspada/unitree_ws/install/controller_manager_msgs/share/controller_manager_msgs/cmake/controller_manager_msgs__rosidl_typesupport_introspection_cExport.cmake
[3.490s] -- Up-to-date: /home/vincentspada/unitree_ws/install/controller_manager_msgs/share/controller_manager_msgs/cmake/controller_manager_msgs__rosidl_typesupport_introspection_cExport-noconfig.cmake
[3.490s] -- Up-to-date: /home/vincentspada/unitree_ws/install/controller_manager_msgs/share/controller_manager_msgs/cmake/controller_manager_msgs__rosidl_typesupport_cExport.cmake
[3.490s] -- Up-to-date: /home/vincentspada/unitree_ws/install/controller_manager_msgs/share/controller_manager_msgs/cmake/controller_manager_msgs__rosidl_typesupport_cExport-noconfig.cmake
[3.491s] -- Up-to-date: /home/vincentspada/unitree_ws/install/controller_manager_msgs/share/controller_manager_msgs/cmake/controller_manager_msgs__rosidl_typesupport_introspection_cppExport.cmake
[3.491s] -- Up-to-date: /home/vincentspada/unitree_ws/install/controller_manager_msgs/share/controller_manager_msgs/cmake/controller_manager_msgs__rosidl_typesupport_introspection_cppExport-noconfig.cmake
[3.497s] -- Up-to-date: /home/vincentspada/unitree_ws/install/controller_manager_msgs/share/controller_manager_msgs/cmake/controller_manager_msgs__rosidl_typesupport_cppExport.cmake
[3.498s] -- Up-to-date: /home/vincentspada/unitree_ws/install/controller_manager_msgs/share/controller_manager_msgs/cmake/controller_manager_msgs__rosidl_typesupport_cppExport-noconfig.cmake
[3.498s] -- Up-to-date: /home/vincentspada/unitree_ws/install/controller_manager_msgs/share/controller_manager_msgs/cmake/export_controller_manager_msgs__rosidl_generator_pyExport.cmake
[3.498s] -- Up-to-date: /home/vincentspada/unitree_ws/install/controller_manager_msgs/share/controller_manager_msgs/cmake/export_controller_manager_msgs__rosidl_generator_pyExport-noconfig.cmake
[3.498s] -- Up-to-date: /home/vincentspada/unitree_ws/install/controller_manager_msgs/share/controller_manager_msgs/cmake/rosidl_cmake-extras.cmake
[3.499s] -- Up-to-date: /home/vincentspada/unitree_ws/install/controller_manager_msgs/share/controller_manager_msgs/cmake/ament_cmake_export_dependencies-extras.cmake
[3.499s] -- Up-to-date: /home/vincentspada/unitree_ws/install/controller_manager_msgs/share/controller_manager_msgs/cmake/ament_cmake_export_include_directories-extras.cmake
[3.499s] -- Up-to-date: /home/vincentspada/unitree_ws/install/controller_manager_msgs/share/controller_manager_msgs/cmake/ament_cmake_export_libraries-extras.cmake
[3.499s] -- Up-to-date: /home/vincentspada/unitree_ws/install/controller_manager_msgs/share/controller_manager_msgs/cmake/ament_cmake_export_targets-extras.cmake
[3.499s] -- Up-to-date: /home/vincentspada/unitree_ws/install/controller_manager_msgs/share/controller_manager_msgs/cmake/rosidl_cmake_export_typesupport_targets-extras.cmake
[3.499s] -- Up-to-date: /home/vincentspada/unitree_ws/install/controller_manager_msgs/share/controller_manager_msgs/cmake/rosidl_cmake_export_typesupport_libraries-extras.cmake
[3.500s] -- Up-to-date: /home/vincentspada/unitree_ws/install/controller_manager_msgs/share/controller_manager_msgs/cmake/controller_manager_msgsConfig.cmake
[3.500s] -- Up-to-date: /home/vincentspada/unitree_ws/install/controller_manager_msgs/share/controller_manager_msgs/cmake/controller_manager_msgsConfig-version.cmake
[3.500s] -- Up-to-date: /home/vincentspada/unitree_ws/install/controller_manager_msgs/share/controller_manager_msgs/package.xml
[3.500s] Invoked command in '/home/vincentspada/unitree_ws/build/controller_manager_msgs' returned '0': CMAKE_PREFIX_PATH=/opt/ros/humble:${CMAKE_PREFIX_PATH} /usr/bin/cmake --install /home/vincentspada/unitree_ws/build/controller_manager_msgs
