[0.060s] Invoking command in '/home/vincentspada/unitree_ws/build/kinematics_interface_kdl': AMENT_PREFIX_PATH=/home/vincentspada/unitree_ws/install/ros2_control_test_assets:/home/vincentspada/unitree_ws/install/kinematics_interface:${AMENT_PREFIX_PATH} CMAKE_PREFIX_PATH=/home/vincentspada/unitree_ws/install/ros2_control_test_assets:/home/vincentspada/unitree_ws/install/kinematics_interface:/opt/ros/humble:${CMAKE_PREFIX_PATH} LD_LIBRARY_PATH=/home/vincentspada/unitree_ws/install/kinematics_interface/lib:${LD_LIBRARY_PATH} /usr/bin/cmake --build /home/vincentspada/unitree_ws/build/kinematics_interface_kdl -- -j4 -l4
[0.343s] [ 22%] Built target gmock_main
[0.343s] [ 44%] Built target kinematics_interface_kdl
[0.354s] [ 77%] Built target gmock
[0.428s] [100%] Built target test_kinematics_interface_kdl
[0.457s] Invoked command in '/home/vincentspada/unitree_ws/build/kinematics_interface_kdl' returned '0': AMENT_PREFIX_PATH=/home/vincentspada/unitree_ws/install/ros2_control_test_assets:/home/vincentspada/unitree_ws/install/kinematics_interface:${AMENT_PREFIX_PATH} CMAKE_PREFIX_PATH=/home/vincentspada/unitree_ws/install/ros2_control_test_assets:/home/vincentspada/unitree_ws/install/kinematics_interface:/opt/ros/humble:${CMAKE_PREFIX_PATH} LD_LIBRARY_PATH=/home/vincentspada/unitree_ws/install/kinematics_interface/lib:${LD_LIBRARY_PATH} /usr/bin/cmake --build /home/vincentspada/unitree_ws/build/kinematics_interface_kdl -- -j4 -l4
[0.573s] Invoking command in '/home/vincentspada/unitree_ws/build/kinematics_interface_kdl': AMENT_PREFIX_PATH=/home/vincentspada/unitree_ws/install/ros2_control_test_assets:/home/vincentspada/unitree_ws/install/kinematics_interface:${AMENT_PREFIX_PATH} CMAKE_PREFIX_PATH=/home/vincentspada/unitree_ws/install/ros2_control_test_assets:/home/vincentspada/unitree_ws/install/kinematics_interface:/opt/ros/humble:${CMAKE_PREFIX_PATH} LD_LIBRARY_PATH=/home/vincentspada/unitree_ws/install/kinematics_interface/lib:${LD_LIBRARY_PATH} /usr/bin/cmake --install /home/vincentspada/unitree_ws/build/kinematics_interface_kdl
[0.591s] -- Install configuration: ""
[0.593s] -- Up-to-date: /home/vincentspada/unitree_ws/install/kinematics_interface_kdl/share/kinematics_interface_kdl/kinematics_interface_kdl.xml
[0.595s] -- Up-to-date: /home/vincentspada/unitree_ws/install/kinematics_interface_kdl/include/kinematics_interface_kdl
[0.596s] -- Up-to-date: /home/vincentspada/unitree_ws/install/kinematics_interface_kdl/include/kinematics_interface_kdl/kinematics_interface_kdl
[0.597s] -- Up-to-date: /home/vincentspada/unitree_ws/install/kinematics_interface_kdl/include/kinematics_interface_kdl/kinematics_interface_kdl/kinematics_interface_kdl.hpp
[0.599s] -- Up-to-date: /home/vincentspada/unitree_ws/install/kinematics_interface_kdl/lib/libkinematics_interface_kdl.so
[0.603s] -- Up-to-date: /home/vincentspada/unitree_ws/install/kinematics_interface_kdl/share/kinematics_interface_kdl/environment/library_path.sh
[0.604s] -- Up-to-date: /home/vincentspada/unitree_ws/install/kinematics_interface_kdl/share/kinematics_interface_kdl/environment/library_path.dsv
[0.605s] -- Up-to-date: /home/vincentspada/unitree_ws/install/kinematics_interface_kdl/share/ament_index/resource_index/package_run_dependencies/kinematics_interface_kdl
[0.605s] -- Up-to-date: /home/vincentspada/unitree_ws/install/kinematics_interface_kdl/share/ament_index/resource_index/parent_prefix_path/kinematics_interface_kdl
[0.606s] -- Up-to-date: /home/vincentspada/unitree_ws/install/kinematics_interface_kdl/share/kinematics_interface_kdl/environment/ament_prefix_path.sh
[0.607s] -- Up-to-date: /home/vincentspada/unitree_ws/install/kinematics_interface_kdl/share/kinematics_interface_kdl/environment/ament_prefix_path.dsv
[0.607s] -- Up-to-date: /home/vincentspada/unitree_ws/install/kinematics_interface_kdl/share/kinematics_interface_kdl/environment/path.sh
[0.608s] -- Up-to-date: /home/vincentspada/unitree_ws/install/kinematics_interface_kdl/share/kinematics_interface_kdl/environment/path.dsv
[0.608s] -- Up-to-date: /home/vincentspada/unitree_ws/install/kinematics_interface_kdl/share/kinematics_interface_kdl/local_setup.bash
[0.609s] -- Up-to-date: /home/vincentspada/unitree_ws/install/kinematics_interface_kdl/share/kinematics_interface_kdl/local_setup.sh
[0.609s] -- Up-to-date: /home/vincentspada/unitree_ws/install/kinematics_interface_kdl/share/kinematics_interface_kdl/local_setup.zsh
[0.610s] -- Up-to-date: /home/vincentspada/unitree_ws/install/kinematics_interface_kdl/share/kinematics_interface_kdl/local_setup.dsv
[0.610s] -- Installing: /home/vincentspada/unitree_ws/install/kinematics_interface_kdl/share/kinematics_interface_kdl/package.dsv
[0.611s] -- Up-to-date: /home/vincentspada/unitree_ws/install/kinematics_interface_kdl/share/ament_index/resource_index/packages/kinematics_interface_kdl
[0.611s] -- Up-to-date: /home/vincentspada/unitree_ws/install/kinematics_interface_kdl/share/ament_index/resource_index/kinematics_interface__pluginlib__plugin/kinematics_interface_kdl
[0.612s] -- Up-to-date: /home/vincentspada/unitree_ws/install/kinematics_interface_kdl/share/kinematics_interface_kdl/cmake/export_kinematics_interface_kdlExport.cmake
[0.612s] -- Up-to-date: /home/vincentspada/unitree_ws/install/kinematics_interface_kdl/share/kinematics_interface_kdl/cmake/export_kinematics_interface_kdlExport-noconfig.cmake
[0.613s] -- Up-to-date: /home/vincentspada/unitree_ws/install/kinematics_interface_kdl/share/kinematics_interface_kdl/cmake/ament_cmake_export_targets-extras.cmake
[0.613s] -- Up-to-date: /home/vincentspada/unitree_ws/install/kinematics_interface_kdl/share/kinematics_interface_kdl/cmake/ament_cmake_export_dependencies-extras.cmake
[0.614s] -- Up-to-date: /home/vincentspada/unitree_ws/install/kinematics_interface_kdl/share/kinematics_interface_kdl/cmake/kinematics_interface_kdlConfig.cmake
[0.614s] -- Up-to-date: /home/vincentspada/unitree_ws/install/kinematics_interface_kdl/share/kinematics_interface_kdl/cmake/kinematics_interface_kdlConfig-version.cmake
[0.614s] -- Up-to-date: /home/vincentspada/unitree_ws/install/kinematics_interface_kdl/share/kinematics_interface_kdl/package.xml
[0.623s] Invoked command in '/home/vincentspada/unitree_ws/build/kinematics_interface_kdl' returned '0': AMENT_PREFIX_PATH=/home/vincentspada/unitree_ws/install/ros2_control_test_assets:/home/vincentspada/unitree_ws/install/kinematics_interface:${AMENT_PREFIX_PATH} CMAKE_PREFIX_PATH=/home/vincentspada/unitree_ws/install/ros2_control_test_assets:/home/vincentspada/unitree_ws/install/kinematics_interface:/opt/ros/humble:${CMAKE_PREFIX_PATH} LD_LIBRARY_PATH=/home/vincentspada/unitree_ws/install/kinematics_interface/lib:${LD_LIBRARY_PATH} /usr/bin/cmake --install /home/vincentspada/unitree_ws/build/kinematics_interface_kdl
