[35m[1mConsolidate compiler generated dependencies of target kinematics_interface_kdl[0m
[ 22%] Built target kinematics_interface_kdl
[35m[1mConsolidate compiler generated dependencies of target gmock[0m
[ 55%] Built target gmock
[35m[1mConsolidate compiler generated dependencies of target gmock_main[0m
[ 77%] Built target gmock_main
[35m[1mConsolidate compiler generated dependencies of target test_kinematics_interface_kdl[0m
[100%] Built target test_kinematics_interface_kdl
-- Install configuration: ""
-- Installing: /home/vincentspada/unitree_ws/install/kinematics_interface_kdl/share/kinematics_interface_kdl/kinematics_interface_kdl.xml
-- Installing: /home/vincentspada/unitree_ws/install/kinematics_interface_kdl/include/kinematics_interface_kdl
-- Installing: /home/vincentspada/unitree_ws/install/kinematics_interface_kdl/include/kinematics_interface_kdl/kinematics_interface_kdl
-- Installing: /home/vincentspada/unitree_ws/install/kinematics_interface_kdl/include/kinematics_interface_kdl/kinematics_interface_kdl/kinematics_interface_kdl.hpp
-- Installing: /home/vincentspada/unitree_ws/install/kinematics_interface_kdl/lib/libkinematics_interface_kdl.so
-- Set runtime path of "/home/vincentspada/unitree_ws/install/kinematics_interface_kdl/lib/libkinematics_interface_kdl.so" to ""
-- Installing: /home/vincentspada/unitree_ws/install/kinematics_interface_kdl/share/kinematics_interface_kdl/environment/library_path.sh
-- Installing: /home/vincentspada/unitree_ws/install/kinematics_interface_kdl/share/kinematics_interface_kdl/environment/library_path.dsv
-- Installing: /home/vincentspada/unitree_ws/install/kinematics_interface_kdl/share/ament_index/resource_index/package_run_dependencies/kinematics_interface_kdl
-- Installing: /home/vincentspada/unitree_ws/install/kinematics_interface_kdl/share/ament_index/resource_index/parent_prefix_path/kinematics_interface_kdl
-- Installing: /home/vincentspada/unitree_ws/install/kinematics_interface_kdl/share/kinematics_interface_kdl/environment/ament_prefix_path.sh
-- Installing: /home/vincentspada/unitree_ws/install/kinematics_interface_kdl/share/kinematics_interface_kdl/environment/ament_prefix_path.dsv
-- Installing: /home/vincentspada/unitree_ws/install/kinematics_interface_kdl/share/kinematics_interface_kdl/environment/path.sh
-- Installing: /home/vincentspada/unitree_ws/install/kinematics_interface_kdl/share/kinematics_interface_kdl/environment/path.dsv
-- Installing: /home/vincentspada/unitree_ws/install/kinematics_interface_kdl/share/kinematics_interface_kdl/local_setup.bash
-- Installing: /home/vincentspada/unitree_ws/install/kinematics_interface_kdl/share/kinematics_interface_kdl/local_setup.sh
-- Installing: /home/vincentspada/unitree_ws/install/kinematics_interface_kdl/share/kinematics_interface_kdl/local_setup.zsh
-- Installing: /home/vincentspada/unitree_ws/install/kinematics_interface_kdl/share/kinematics_interface_kdl/local_setup.dsv
-- Installing: /home/vincentspada/unitree_ws/install/kinematics_interface_kdl/share/kinematics_interface_kdl/package.dsv
-- Installing: /home/vincentspada/unitree_ws/install/kinematics_interface_kdl/share/ament_index/resource_index/packages/kinematics_interface_kdl
-- Installing: /home/vincentspada/unitree_ws/install/kinematics_interface_kdl/share/ament_index/resource_index/kinematics_interface__pluginlib__plugin/kinematics_interface_kdl
-- Installing: /home/vincentspada/unitree_ws/install/kinematics_interface_kdl/share/kinematics_interface_kdl/cmake/export_kinematics_interface_kdlExport.cmake
-- Installing: /home/vincentspada/unitree_ws/install/kinematics_interface_kdl/share/kinematics_interface_kdl/cmake/export_kinematics_interface_kdlExport-noconfig.cmake
-- Installing: /home/vincentspada/unitree_ws/install/kinematics_interface_kdl/share/kinematics_interface_kdl/cmake/ament_cmake_export_targets-extras.cmake
-- Installing: /home/vincentspada/unitree_ws/install/kinematics_interface_kdl/share/kinematics_interface_kdl/cmake/ament_cmake_export_dependencies-extras.cmake
-- Installing: /home/vincentspada/unitree_ws/install/kinematics_interface_kdl/share/kinematics_interface_kdl/cmake/kinematics_interface_kdlConfig.cmake
-- Installing: /home/vincentspada/unitree_ws/install/kinematics_interface_kdl/share/kinematics_interface_kdl/cmake/kinematics_interface_kdlConfig-version.cmake
-- Installing: /home/vincentspada/unitree_ws/install/kinematics_interface_kdl/share/kinematics_interface_kdl/package.xml
