[0.093s] Invoking command in '/home/vincentspada/unitree_ws/build/controller_manager_msgs': CMAKE_PREFIX_PATH=/opt/ros/humble:${CMAKE_PREFIX_PATH} /usr/bin/cmake --build /home/vincentspada/unitree_ws/build/controller_manager_msgs -- -j4 -l4
[0.489s] [ 12%] Built target controller_manager_msgs__rosidl_generator_c
[0.498s] [ 12%] Built target ament_cmake_python_copy_controller_manager_msgs
[0.537s] [ 12%] Built target controller_manager_msgs__cpp
[0.726s] [ 24%] Built target controller_manager_msgs__rosidl_typesupport_introspection_c
[0.748s] [ 36%] Built target controller_manager_msgs__rosidl_typesupport_fastrtps_c
[0.768s] [ 48%] Built target controller_manager_msgs__rosidl_typesupport_c
[0.999s] [ 60%] Built target controller_manager_msgs__rosidl_typesupport_cpp
[1.030s] [ 72%] Built target controller_manager_msgs__rosidl_typesupport_fastrtps_cpp
[1.055s] [ 84%] Built target controller_manager_msgs__rosidl_typesupport_introspection_cpp
[1.162s] [ 84%] Built target controller_manager_msgs
[1.298s] [ 85%] Built target controller_manager_msgs__py
[1.414s] [ 96%] Built target controller_manager_msgs__rosidl_generator_py
[1.624s] [ 98%] Built target controller_manager_msgs__rosidl_typesupport_introspection_c__pyext
[1.624s] [ 99%] Built target controller_manager_msgs__rosidl_typesupport_fastrtps_c__pyext
[1.624s] [100%] Built target controller_manager_msgs__rosidl_typesupport_c__pyext
[1.939s] running egg_info
[1.942s] writing controller_manager_msgs.egg-info/PKG-INFO
[1.943s] writing dependency_links to controller_manager_msgs.egg-info/dependency_links.txt
[1.943s] writing top-level names to controller_manager_msgs.egg-info/top_level.txt
[1.951s] reading manifest file 'controller_manager_msgs.egg-info/SOURCES.txt'
[1.954s] writing manifest file 'controller_manager_msgs.egg-info/SOURCES.txt'
[2.020s] [100%] Built target ament_cmake_python_build_controller_manager_msgs_egg
[2.431s] Invoked command in '/home/vincentspada/unitree_ws/build/controller_manager_msgs' returned '0': CMAKE_PREFIX_PATH=/opt/ros/humble:${CMAKE_PREFIX_PATH} /usr/bin/cmake --build /home/vincentspada/unitree_ws/build/controller_manager_msgs -- -j4 -l4
[3.644s] Invoking command in '/home/vincentspada/unitree_ws/build/controller_manager_msgs': CMAKE_PREFIX_PATH=/opt/ros/humble:${CMAKE_PREFIX_PATH} /usr/bin/cmake --install /home/vincentspada/unitree_ws/build/controller_manager_msgs
[3.692s] -- Install configuration: ""
[3.694s] -- Up-to-date: /home/vincentspada/unitree_ws/install/controller_manager_msgs/share/ament_index/resource_index/rosidl_interfaces/controller_manager_msgs
[3.696s] -- Up-to-date: /home/vincentspada/unitree_ws/install/controller_manager_msgs/include/controller_manager_msgs/controller_manager_msgs
[3.698s] -- Up-to-date: /home/vincentspada/unitree_ws/install/controller_manager_msgs/include/controller_manager_msgs/controller_manager_msgs/srv
[3.700s] -- Up-to-date: /home/vincentspada/unitree_ws/install/controller_manager_msgs/include/controller_manager_msgs/controller_manager_msgs/srv/list_hardware_components.h
[3.701s] -- Up-to-date: /home/vincentspada/unitree_ws/install/controller_manager_msgs/include/controller_manager_msgs/controller_manager_msgs/srv/load_controller.h
[3.701s] -- Up-to-date: /home/vincentspada/unitree_ws/install/controller_manager_msgs/include/controller_manager_msgs/controller_manager_msgs/srv/list_hardware_interfaces.h
[3.702s] -- Up-to-date: /home/vincentspada/unitree_ws/install/controller_manager_msgs/include/controller_manager_msgs/controller_manager_msgs/srv/list_controller_types.h
[3.703s] -- Up-to-date: /home/vincentspada/unitree_ws/install/controller_manager_msgs/include/controller_manager_msgs/controller_manager_msgs/srv/set_hardware_component_state.h
[3.703s] -- Up-to-date: /home/vincentspada/unitree_ws/install/controller_manager_msgs/include/controller_manager_msgs/controller_manager_msgs/srv/unload_controller.h
[3.703s] -- Up-to-date: /home/vincentspada/unitree_ws/install/controller_manager_msgs/include/controller_manager_msgs/controller_manager_msgs/srv/reload_controller_libraries.h
[3.703s] -- Up-to-date: /home/vincentspada/unitree_ws/install/controller_manager_msgs/include/controller_manager_msgs/controller_manager_msgs/srv/detail
[3.703s] -- Up-to-date: /home/vincentspada/unitree_ws/install/controller_manager_msgs/include/controller_manager_msgs/controller_manager_msgs/srv/detail/list_hardware_components__struct.h
[3.704s] -- Up-to-date: /home/vincentspada/unitree_ws/install/controller_manager_msgs/include/controller_manager_msgs/controller_manager_msgs/srv/detail/configure_controller__functions.h
[3.704s] -- Up-to-date: /home/vincentspada/unitree_ws/install/controller_manager_msgs/include/controller_manager_msgs/controller_manager_msgs/srv/detail/unload_controller__functions.h
[3.704s] -- Up-to-date: /home/vincentspada/unitree_ws/install/controller_manager_msgs/include/controller_manager_msgs/controller_manager_msgs/srv/detail/load_controller__struct.h
[3.704s] -- Up-to-date: /home/vincentspada/unitree_ws/install/controller_manager_msgs/include/controller_manager_msgs/controller_manager_msgs/srv/detail/reload_controller_libraries__functions.c
[3.705s] -- Up-to-date: /home/vincentspada/unitree_ws/install/controller_manager_msgs/include/controller_manager_msgs/controller_manager_msgs/srv/detail/set_hardware_component_state__struct.h
[3.705s] -- Up-to-date: /home/vincentspada/unitree_ws/install/controller_manager_msgs/include/controller_manager_msgs/controller_manager_msgs/srv/detail/list_hardware_interfaces__functions.c
[3.705s] -- Up-to-date: /home/vincentspada/unitree_ws/install/controller_manager_msgs/include/controller_manager_msgs/controller_manager_msgs/srv/detail/load_controller__type_support.h
[3.705s] -- Up-to-date: /home/vincentspada/unitree_ws/install/controller_manager_msgs/include/controller_manager_msgs/controller_manager_msgs/srv/detail/list_hardware_components__functions.h
[3.705s] -- Up-to-date: /home/vincentspada/unitree_ws/install/controller_manager_msgs/include/controller_manager_msgs/controller_manager_msgs/srv/detail/configure_controller__struct.h
[3.706s] -- Up-to-date: /home/vincentspada/unitree_ws/install/controller_manager_msgs/include/controller_manager_msgs/controller_manager_msgs/srv/detail/list_controllers__functions.c
[3.706s] -- Up-to-date: /home/vincentspada/unitree_ws/install/controller_manager_msgs/include/controller_manager_msgs/controller_manager_msgs/srv/detail/list_controllers__struct.h
[3.706s] -- Up-to-date: /home/vincentspada/unitree_ws/install/controller_manager_msgs/include/controller_manager_msgs/controller_manager_msgs/srv/detail/list_hardware_interfaces__type_support.h
[3.706s] -- Up-to-date: /home/vincentspada/unitree_ws/install/controller_manager_msgs/include/controller_manager_msgs/controller_manager_msgs/srv/detail/reload_controller_libraries__functions.h
[3.707s] -- Up-to-date: /home/vincentspada/unitree_ws/install/controller_manager_msgs/include/controller_manager_msgs/controller_manager_msgs/srv/detail/list_hardware_interfaces__functions.h
[3.707s] -- Up-to-date: /home/vincentspada/unitree_ws/install/controller_manager_msgs/include/controller_manager_msgs/controller_manager_msgs/srv/detail/switch_controller__struct.h
[3.707s] -- Up-to-date: /home/vincentspada/unitree_ws/install/controller_manager_msgs/include/controller_manager_msgs/controller_manager_msgs/srv/detail/set_hardware_component_state__functions.h
[3.707s] -- Up-to-date: /home/vincentspada/unitree_ws/install/controller_manager_msgs/include/controller_manager_msgs/controller_manager_msgs/srv/detail/list_controller_types__type_support.h
[3.707s] -- Up-to-date: /home/vincentspada/unitree_ws/install/controller_manager_msgs/include/controller_manager_msgs/controller_manager_msgs/srv/detail/unload_controller__functions.c
[3.707s] -- Up-to-date: /home/vincentspada/unitree_ws/install/controller_manager_msgs/include/controller_manager_msgs/controller_manager_msgs/srv/detail/switch_controller__functions.h
[3.707s] -- Up-to-date: /home/vincentspada/unitree_ws/install/controller_manager_msgs/include/controller_manager_msgs/controller_manager_msgs/srv/detail/configure_controller__functions.c
[3.708s] -- Up-to-date: /home/vincentspada/unitree_ws/install/controller_manager_msgs/include/controller_manager_msgs/controller_manager_msgs/srv/detail/unload_controller__struct.h
[3.708s] -- Up-to-date: /home/vincentspada/unitree_ws/install/controller_manager_msgs/include/controller_manager_msgs/controller_manager_msgs/srv/detail/switch_controller__type_support.h
[3.708s] -- Up-to-date: /home/vincentspada/unitree_ws/install/controller_manager_msgs/include/controller_manager_msgs/controller_manager_msgs/srv/detail/list_hardware_components__functions.c
[3.708s] -- Up-to-date: /home/vincentspada/unitree_ws/install/controller_manager_msgs/include/controller_manager_msgs/controller_manager_msgs/srv/detail/list_controller_types__functions.c
[3.708s] -- Up-to-date: /home/vincentspada/unitree_ws/install/controller_manager_msgs/include/controller_manager_msgs/controller_manager_msgs/srv/detail/set_hardware_component_state__functions.c
[3.708s] -- Up-to-date: /home/vincentspada/unitree_ws/install/controller_manager_msgs/include/controller_manager_msgs/controller_manager_msgs/srv/detail/list_controller_types__functions.h
[3.709s] -- Up-to-date: /home/vincentspada/unitree_ws/install/controller_manager_msgs/include/controller_manager_msgs/controller_manager_msgs/srv/detail/list_hardware_interfaces__struct.h
[3.709s] -- Up-to-date: /home/vincentspada/unitree_ws/install/controller_manager_msgs/include/controller_manager_msgs/controller_manager_msgs/srv/detail/reload_controller_libraries__struct.h
[3.709s] -- Up-to-date: /home/vincentspada/unitree_ws/install/controller_manager_msgs/include/controller_manager_msgs/controller_manager_msgs/srv/detail/list_controller_types__struct.h
[3.709s] -- Up-to-date: /home/vincentspada/unitree_ws/install/controller_manager_msgs/include/controller_manager_msgs/controller_manager_msgs/srv/detail/list_controllers__functions.h
[3.709s] -- Up-to-date: /home/vincentspada/unitree_ws/install/controller_manager_msgs/include/controller_manager_msgs/controller_manager_msgs/srv/detail/list_controllers__type_support.h
[3.709s] -- Up-to-date: /home/vincentspada/unitree_ws/install/controller_manager_msgs/include/controller_manager_msgs/controller_manager_msgs/srv/detail/configure_controller__type_support.h
[3.709s] -- Up-to-date: /home/vincentspada/unitree_ws/install/controller_manager_msgs/include/controller_manager_msgs/controller_manager_msgs/srv/detail/load_controller__functions.c
[3.710s] -- Up-to-date: /home/vincentspada/unitree_ws/install/controller_manager_msgs/include/controller_manager_msgs/controller_manager_msgs/srv/detail/load_controller__functions.h
[3.710s] -- Up-to-date: /home/vincentspada/unitree_ws/install/controller_manager_msgs/include/controller_manager_msgs/controller_manager_msgs/srv/detail/unload_controller__type_support.h
[3.710s] -- Up-to-date: /home/vincentspada/unitree_ws/install/controller_manager_msgs/include/controller_manager_msgs/controller_manager_msgs/srv/detail/list_hardware_components__type_support.h
[3.713s] -- Up-to-date: /home/vincentspada/unitree_ws/install/controller_manager_msgs/include/controller_manager_msgs/controller_manager_msgs/srv/detail/reload_controller_libraries__type_support.h
[3.713s] -- Up-to-date: /home/vincentspada/unitree_ws/install/controller_manager_msgs/include/controller_manager_msgs/controller_manager_msgs/srv/detail/switch_controller__functions.c
[3.713s] -- Up-to-date: /home/vincentspada/unitree_ws/install/controller_manager_msgs/include/controller_manager_msgs/controller_manager_msgs/srv/detail/set_hardware_component_state__type_support.h
[3.714s] -- Up-to-date: /home/vincentspada/unitree_ws/install/controller_manager_msgs/include/controller_manager_msgs/controller_manager_msgs/srv/list_controllers.h
[3.715s] -- Up-to-date: /home/vincentspada/unitree_ws/install/controller_manager_msgs/include/controller_manager_msgs/controller_manager_msgs/srv/configure_controller.h
[3.715s] -- Up-to-date: /home/vincentspada/unitree_ws/install/controller_manager_msgs/include/controller_manager_msgs/controller_manager_msgs/srv/switch_controller.h
[3.715s] -- Up-to-date: /home/vincentspada/unitree_ws/install/controller_manager_msgs/include/controller_manager_msgs/controller_manager_msgs/msg
[3.715s] -- Up-to-date: /home/vincentspada/unitree_ws/install/controller_manager_msgs/include/controller_manager_msgs/controller_manager_msgs/msg/rosidl_generator_c__visibility_control.h
[3.715s] -- Up-to-date: /home/vincentspada/unitree_ws/install/controller_manager_msgs/include/controller_manager_msgs/controller_manager_msgs/msg/controller_state.h
[3.716s] -- Up-to-date: /home/vincentspada/unitree_ws/install/controller_manager_msgs/include/controller_manager_msgs/controller_manager_msgs/msg/hardware_component_state.h
[3.716s] -- Up-to-date: /home/vincentspada/unitree_ws/install/controller_manager_msgs/include/controller_manager_msgs/controller_manager_msgs/msg/chain_connection.h
[3.716s] -- Up-to-date: /home/vincentspada/unitree_ws/install/controller_manager_msgs/include/controller_manager_msgs/controller_manager_msgs/msg/detail
[3.717s] -- Up-to-date: /home/vincentspada/unitree_ws/install/controller_manager_msgs/include/controller_manager_msgs/controller_manager_msgs/msg/detail/chain_connection__type_support.h
[3.717s] -- Up-to-date: /home/vincentspada/unitree_ws/install/controller_manager_msgs/include/controller_manager_msgs/controller_manager_msgs/msg/detail/chain_connection__functions.c
[3.717s] -- Up-to-date: /home/vincentspada/unitree_ws/install/controller_manager_msgs/include/controller_manager_msgs/controller_manager_msgs/msg/detail/hardware_component_state__functions.h
[3.717s] -- Up-to-date: /home/vincentspada/unitree_ws/install/controller_manager_msgs/include/controller_manager_msgs/controller_manager_msgs/msg/detail/controller_state__type_support.h
[3.717s] -- Up-to-date: /home/vincentspada/unitree_ws/install/controller_manager_msgs/include/controller_manager_msgs/controller_manager_msgs/msg/detail/controller_state__struct.h
[3.718s] -- Up-to-date: /home/vincentspada/unitree_ws/install/controller_manager_msgs/include/controller_manager_msgs/controller_manager_msgs/msg/detail/hardware_component_state__functions.c
[3.718s] -- Up-to-date: /home/vincentspada/unitree_ws/install/controller_manager_msgs/include/controller_manager_msgs/controller_manager_msgs/msg/detail/hardware_component_state__type_support.h
[3.718s] -- Up-to-date: /home/vincentspada/unitree_ws/install/controller_manager_msgs/include/controller_manager_msgs/controller_manager_msgs/msg/detail/chain_connection__struct.h
[3.718s] -- Up-to-date: /home/vincentspada/unitree_ws/install/controller_manager_msgs/include/controller_manager_msgs/controller_manager_msgs/msg/detail/controller_state__functions.h
[3.718s] -- Up-to-date: /home/vincentspada/unitree_ws/install/controller_manager_msgs/include/controller_manager_msgs/controller_manager_msgs/msg/detail/hardware_component_state__struct.h
[3.718s] -- Up-to-date: /home/vincentspada/unitree_ws/install/controller_manager_msgs/include/controller_manager_msgs/controller_manager_msgs/msg/detail/hardware_interface__functions.c
[3.718s] -- Up-to-date: /home/vincentspada/unitree_ws/install/controller_manager_msgs/include/controller_manager_msgs/controller_manager_msgs/msg/detail/hardware_interface__functions.h
[3.719s] -- Up-to-date: /home/vincentspada/unitree_ws/install/controller_manager_msgs/include/controller_manager_msgs/controller_manager_msgs/msg/detail/hardware_interface__struct.h
[3.719s] -- Up-to-date: /home/vincentspada/unitree_ws/install/controller_manager_msgs/include/controller_manager_msgs/controller_manager_msgs/msg/detail/controller_state__functions.c
[3.719s] -- Up-to-date: /home/vincentspada/unitree_ws/install/controller_manager_msgs/include/controller_manager_msgs/controller_manager_msgs/msg/detail/hardware_interface__type_support.h
[3.719s] -- Up-to-date: /home/vincentspada/unitree_ws/install/controller_manager_msgs/include/controller_manager_msgs/controller_manager_msgs/msg/detail/chain_connection__functions.h
[3.719s] -- Up-to-date: /home/vincentspada/unitree_ws/install/controller_manager_msgs/include/controller_manager_msgs/controller_manager_msgs/msg/hardware_interface.h
[3.719s] -- Up-to-date: /home/vincentspada/unitree_ws/install/controller_manager_msgs/share/controller_manager_msgs/environment/library_path.sh
[3.719s] -- Up-to-date: /home/vincentspada/unitree_ws/install/controller_manager_msgs/share/controller_manager_msgs/environment/library_path.dsv
[3.720s] -- Up-to-date: /home/vincentspada/unitree_ws/install/controller_manager_msgs/lib/libcontroller_manager_msgs__rosidl_generator_c.so
[3.721s] -- Up-to-date: /home/vincentspada/unitree_ws/install/controller_manager_msgs/include/controller_manager_msgs/controller_manager_msgs
[3.721s] -- Up-to-date: /home/vincentspada/unitree_ws/install/controller_manager_msgs/include/controller_manager_msgs/controller_manager_msgs/srv
[3.721s] -- Up-to-date: /home/vincentspada/unitree_ws/install/controller_manager_msgs/include/controller_manager_msgs/controller_manager_msgs/srv/detail
[3.721s] -- Up-to-date: /home/vincentspada/unitree_ws/install/controller_manager_msgs/include/controller_manager_msgs/controller_manager_msgs/srv/detail/unload_controller__rosidl_typesupport_fastrtps_c.h
[3.721s] -- Up-to-date: /home/vincentspada/unitree_ws/install/controller_manager_msgs/include/controller_manager_msgs/controller_manager_msgs/srv/detail/set_hardware_component_state__rosidl_typesupport_fastrtps_c.h
[3.722s] -- Up-to-date: /home/vincentspada/unitree_ws/install/controller_manager_msgs/include/controller_manager_msgs/controller_manager_msgs/srv/detail/reload_controller_libraries__rosidl_typesupport_fastrtps_c.h
[3.722s] -- Up-to-date: /home/vincentspada/unitree_ws/install/controller_manager_msgs/include/controller_manager_msgs/controller_manager_msgs/srv/detail/load_controller__rosidl_typesupport_fastrtps_c.h
[3.722s] -- Up-to-date: /home/vincentspada/unitree_ws/install/controller_manager_msgs/include/controller_manager_msgs/controller_manager_msgs/srv/detail/switch_controller__rosidl_typesupport_fastrtps_c.h
[3.723s] -- Up-to-date: /home/vincentspada/unitree_ws/install/controller_manager_msgs/include/controller_manager_msgs/controller_manager_msgs/srv/detail/list_controller_types__rosidl_typesupport_fastrtps_c.h
[3.724s] -- Up-to-date: /home/vincentspada/unitree_ws/install/controller_manager_msgs/include/controller_manager_msgs/controller_manager_msgs/srv/detail/list_hardware_components__rosidl_typesupport_fastrtps_c.h
[3.724s] -- Up-to-date: /home/vincentspada/unitree_ws/install/controller_manager_msgs/include/controller_manager_msgs/controller_manager_msgs/srv/detail/list_hardware_interfaces__rosidl_typesupport_fastrtps_c.h
[3.724s] -- Up-to-date: /home/vincentspada/unitree_ws/install/controller_manager_msgs/include/controller_manager_msgs/controller_manager_msgs/srv/detail/list_controllers__rosidl_typesupport_fastrtps_c.h
[3.725s] -- Up-to-date: /home/vincentspada/unitree_ws/install/controller_manager_msgs/include/controller_manager_msgs/controller_manager_msgs/srv/detail/configure_controller__rosidl_typesupport_fastrtps_c.h
[3.725s] -- Up-to-date: /home/vincentspada/unitree_ws/install/controller_manager_msgs/include/controller_manager_msgs/controller_manager_msgs/msg
[3.725s] -- Up-to-date: /home/vincentspada/unitree_ws/install/controller_manager_msgs/include/controller_manager_msgs/controller_manager_msgs/msg/detail
[3.725s] -- Up-to-date: /home/vincentspada/unitree_ws/install/controller_manager_msgs/include/controller_manager_msgs/controller_manager_msgs/msg/detail/chain_connection__rosidl_typesupport_fastrtps_c.h
[3.726s] -- Up-to-date: /home/vincentspada/unitree_ws/install/controller_manager_msgs/include/controller_manager_msgs/controller_manager_msgs/msg/detail/hardware_component_state__rosidl_typesupport_fastrtps_c.h
[3.726s] -- Up-to-date: /home/vincentspada/unitree_ws/install/controller_manager_msgs/include/controller_manager_msgs/controller_manager_msgs/msg/detail/controller_state__rosidl_typesupport_fastrtps_c.h
[3.726s] -- Up-to-date: /home/vincentspada/unitree_ws/install/controller_manager_msgs/include/controller_manager_msgs/controller_manager_msgs/msg/detail/hardware_interface__rosidl_typesupport_fastrtps_c.h
[3.726s] -- Up-to-date: /home/vincentspada/unitree_ws/install/controller_manager_msgs/include/controller_manager_msgs/controller_manager_msgs/msg/rosidl_typesupport_fastrtps_c__visibility_control.h
[3.726s] -- Up-to-date: /home/vincentspada/unitree_ws/install/controller_manager_msgs/lib/libcontroller_manager_msgs__rosidl_typesupport_fastrtps_c.so
[3.727s] -- Up-to-date: /home/vincentspada/unitree_ws/install/controller_manager_msgs/include/controller_manager_msgs/controller_manager_msgs
[3.727s] -- Up-to-date: /home/vincentspada/unitree_ws/install/controller_manager_msgs/include/controller_manager_msgs/controller_manager_msgs/srv
[3.727s] -- Up-to-date: /home/vincentspada/unitree_ws/install/controller_manager_msgs/include/controller_manager_msgs/controller_manager_msgs/srv/set_hardware_component_state.hpp
[3.727s] -- Up-to-date: /home/vincentspada/unitree_ws/install/controller_manager_msgs/include/controller_manager_msgs/controller_manager_msgs/srv/list_controllers.hpp
[3.728s] -- Up-to-date: /home/vincentspada/unitree_ws/install/controller_manager_msgs/include/controller_manager_msgs/controller_manager_msgs/srv/unload_controller.hpp
[3.728s] -- Up-to-date: /home/vincentspada/unitree_ws/install/controller_manager_msgs/include/controller_manager_msgs/controller_manager_msgs/srv/configure_controller.hpp
[3.728s] -- Up-to-date: /home/vincentspada/unitree_ws/install/controller_manager_msgs/include/controller_manager_msgs/controller_manager_msgs/srv/list_controller_types.hpp
[3.728s] -- Up-to-date: /home/vincentspada/unitree_ws/install/controller_manager_msgs/include/controller_manager_msgs/controller_manager_msgs/srv/list_hardware_interfaces.hpp
[3.729s] -- Up-to-date: /home/vincentspada/unitree_ws/install/controller_manager_msgs/include/controller_manager_msgs/controller_manager_msgs/srv/list_hardware_components.hpp
[3.729s] -- Up-to-date: /home/vincentspada/unitree_ws/install/controller_manager_msgs/include/controller_manager_msgs/controller_manager_msgs/srv/detail
[3.729s] -- Up-to-date: /home/vincentspada/unitree_ws/install/controller_manager_msgs/include/controller_manager_msgs/controller_manager_msgs/srv/detail/configure_controller__builder.hpp
[3.729s] -- Up-to-date: /home/vincentspada/unitree_ws/install/controller_manager_msgs/include/controller_manager_msgs/controller_manager_msgs/srv/detail/switch_controller__struct.hpp
[3.730s] -- Up-to-date: /home/vincentspada/unitree_ws/install/controller_manager_msgs/include/controller_manager_msgs/controller_manager_msgs/srv/detail/list_controller_types__struct.hpp
[3.730s] -- Up-to-date: /home/vincentspada/unitree_ws/install/controller_manager_msgs/include/controller_manager_msgs/controller_manager_msgs/srv/detail/load_controller__struct.hpp
[3.730s] -- Up-to-date: /home/vincentspada/unitree_ws/install/controller_manager_msgs/include/controller_manager_msgs/controller_manager_msgs/srv/detail/list_hardware_components__traits.hpp
[3.730s] -- Up-to-date: /home/vincentspada/unitree_ws/install/controller_manager_msgs/include/controller_manager_msgs/controller_manager_msgs/srv/detail/unload_controller__builder.hpp
[3.731s] -- Up-to-date: /home/vincentspada/unitree_ws/install/controller_manager_msgs/include/controller_manager_msgs/controller_manager_msgs/srv/detail/list_controllers__builder.hpp
[3.731s] -- Up-to-date: /home/vincentspada/unitree_ws/install/controller_manager_msgs/include/controller_manager_msgs/controller_manager_msgs/srv/detail/set_hardware_component_state__builder.hpp
[3.731s] -- Up-to-date: /home/vincentspada/unitree_ws/install/controller_manager_msgs/include/controller_manager_msgs/controller_manager_msgs/srv/detail/reload_controller_libraries__struct.hpp
[3.731s] -- Up-to-date: /home/vincentspada/unitree_ws/install/controller_manager_msgs/include/controller_manager_msgs/controller_manager_msgs/srv/detail/list_hardware_interfaces__struct.hpp
[3.731s] -- Up-to-date: /home/vincentspada/unitree_ws/install/controller_manager_msgs/include/controller_manager_msgs/controller_manager_msgs/srv/detail/list_controller_types__builder.hpp
[3.731s] -- Up-to-date: /home/vincentspada/unitree_ws/install/controller_manager_msgs/include/controller_manager_msgs/controller_manager_msgs/srv/detail/reload_controller_libraries__builder.hpp
[3.731s] -- Up-to-date: /home/vincentspada/unitree_ws/install/controller_manager_msgs/include/controller_manager_msgs/controller_manager_msgs/srv/detail/list_hardware_components__builder.hpp
[3.732s] -- Up-to-date: /home/vincentspada/unitree_ws/install/controller_manager_msgs/include/controller_manager_msgs/controller_manager_msgs/srv/detail/list_hardware_interfaces__traits.hpp
[3.732s] -- Up-to-date: /home/vincentspada/unitree_ws/install/controller_manager_msgs/include/controller_manager_msgs/controller_manager_msgs/srv/detail/unload_controller__struct.hpp
[3.732s] -- Up-to-date: /home/vincentspada/unitree_ws/install/controller_manager_msgs/include/controller_manager_msgs/controller_manager_msgs/srv/detail/set_hardware_component_state__traits.hpp
[3.732s] -- Up-to-date: /home/vincentspada/unitree_ws/install/controller_manager_msgs/include/controller_manager_msgs/controller_manager_msgs/srv/detail/configure_controller__struct.hpp
[3.732s] -- Up-to-date: /home/vincentspada/unitree_ws/install/controller_manager_msgs/include/controller_manager_msgs/controller_manager_msgs/srv/detail/configure_controller__traits.hpp
[3.732s] -- Up-to-date: /home/vincentspada/unitree_ws/install/controller_manager_msgs/include/controller_manager_msgs/controller_manager_msgs/srv/detail/set_hardware_component_state__struct.hpp
[3.733s] -- Up-to-date: /home/vincentspada/unitree_ws/install/controller_manager_msgs/include/controller_manager_msgs/controller_manager_msgs/srv/detail/list_hardware_interfaces__builder.hpp
[3.733s] -- Up-to-date: /home/vincentspada/unitree_ws/install/controller_manager_msgs/include/controller_manager_msgs/controller_manager_msgs/srv/detail/unload_controller__traits.hpp
[3.733s] -- Up-to-date: /home/vincentspada/unitree_ws/install/controller_manager_msgs/include/controller_manager_msgs/controller_manager_msgs/srv/detail/list_controller_types__traits.hpp
[3.733s] -- Up-to-date: /home/vincentspada/unitree_ws/install/controller_manager_msgs/include/controller_manager_msgs/controller_manager_msgs/srv/detail/list_controllers__struct.hpp
[3.733s] -- Up-to-date: /home/vincentspada/unitree_ws/install/controller_manager_msgs/include/controller_manager_msgs/controller_manager_msgs/srv/detail/switch_controller__builder.hpp
[3.734s] -- Up-to-date: /home/vincentspada/unitree_ws/install/controller_manager_msgs/include/controller_manager_msgs/controller_manager_msgs/srv/detail/list_hardware_components__struct.hpp
[3.734s] -- Up-to-date: /home/vincentspada/unitree_ws/install/controller_manager_msgs/include/controller_manager_msgs/controller_manager_msgs/srv/detail/reload_controller_libraries__traits.hpp
[3.734s] -- Up-to-date: /home/vincentspada/unitree_ws/install/controller_manager_msgs/include/controller_manager_msgs/controller_manager_msgs/srv/detail/load_controller__traits.hpp
[3.736s] -- Up-to-date: /home/vincentspada/unitree_ws/install/controller_manager_msgs/include/controller_manager_msgs/controller_manager_msgs/srv/detail/load_controller__builder.hpp
[3.736s] -- Up-to-date: /home/vincentspada/unitree_ws/install/controller_manager_msgs/include/controller_manager_msgs/controller_manager_msgs/srv/detail/switch_controller__traits.hpp
[3.736s] -- Up-to-date: /home/vincentspada/unitree_ws/install/controller_manager_msgs/include/controller_manager_msgs/controller_manager_msgs/srv/detail/list_controllers__traits.hpp
[3.737s] -- Up-to-date: /home/vincentspada/unitree_ws/install/controller_manager_msgs/include/controller_manager_msgs/controller_manager_msgs/srv/reload_controller_libraries.hpp
[3.737s] -- Up-to-date: /home/vincentspada/unitree_ws/install/controller_manager_msgs/include/controller_manager_msgs/controller_manager_msgs/srv/switch_controller.hpp
[3.737s] -- Up-to-date: /home/vincentspada/unitree_ws/install/controller_manager_msgs/include/controller_manager_msgs/controller_manager_msgs/srv/load_controller.hpp
[3.738s] -- Up-to-date: /home/vincentspada/unitree_ws/install/controller_manager_msgs/include/controller_manager_msgs/controller_manager_msgs/msg
[3.739s] -- Up-to-date: /home/vincentspada/unitree_ws/install/controller_manager_msgs/include/controller_manager_msgs/controller_manager_msgs/msg/hardware_interface.hpp
[3.739s] -- Up-to-date: /home/vincentspada/unitree_ws/install/controller_manager_msgs/include/controller_manager_msgs/controller_manager_msgs/msg/controller_state.hpp
[3.739s] -- Up-to-date: /home/vincentspada/unitree_ws/install/controller_manager_msgs/include/controller_manager_msgs/controller_manager_msgs/msg/hardware_component_state.hpp
[3.740s] -- Up-to-date: /home/vincentspada/unitree_ws/install/controller_manager_msgs/include/controller_manager_msgs/controller_manager_msgs/msg/chain_connection.hpp
[3.740s] -- Up-to-date: /home/vincentspada/unitree_ws/install/controller_manager_msgs/include/controller_manager_msgs/controller_manager_msgs/msg/detail
[3.740s] -- Up-to-date: /home/vincentspada/unitree_ws/install/controller_manager_msgs/include/controller_manager_msgs/controller_manager_msgs/msg/detail/controller_state__builder.hpp
[3.740s] -- Up-to-date: /home/vincentspada/unitree_ws/install/controller_manager_msgs/include/controller_manager_msgs/controller_manager_msgs/msg/detail/hardware_component_state__struct.hpp
[3.740s] -- Up-to-date: /home/vincentspada/unitree_ws/install/controller_manager_msgs/include/controller_manager_msgs/controller_manager_msgs/msg/detail/controller_state__struct.hpp
[3.740s] -- Up-to-date: /home/vincentspada/unitree_ws/install/controller_manager_msgs/include/controller_manager_msgs/controller_manager_msgs/msg/detail/hardware_component_state__traits.hpp
[3.741s] -- Up-to-date: /home/vincentspada/unitree_ws/install/controller_manager_msgs/include/controller_manager_msgs/controller_manager_msgs/msg/detail/hardware_interface__traits.hpp
[3.741s] -- Up-to-date: /home/vincentspada/unitree_ws/install/controller_manager_msgs/include/controller_manager_msgs/controller_manager_msgs/msg/detail/chain_connection__builder.hpp
[3.741s] -- Up-to-date: /home/vincentspada/unitree_ws/install/controller_manager_msgs/include/controller_manager_msgs/controller_manager_msgs/msg/detail/hardware_interface__struct.hpp
[3.741s] -- Up-to-date: /home/vincentspada/unitree_ws/install/controller_manager_msgs/include/controller_manager_msgs/controller_manager_msgs/msg/detail/chain_connection__traits.hpp
[3.741s] -- Up-to-date: /home/vincentspada/unitree_ws/install/controller_manager_msgs/include/controller_manager_msgs/controller_manager_msgs/msg/detail/controller_state__traits.hpp
[3.742s] -- Up-to-date: /home/vincentspada/unitree_ws/install/controller_manager_msgs/include/controller_manager_msgs/controller_manager_msgs/msg/detail/hardware_interface__builder.hpp
[3.742s] -- Up-to-date: /home/vincentspada/unitree_ws/install/controller_manager_msgs/include/controller_manager_msgs/controller_manager_msgs/msg/detail/chain_connection__struct.hpp
[3.742s] -- Up-to-date: /home/vincentspada/unitree_ws/install/controller_manager_msgs/include/controller_manager_msgs/controller_manager_msgs/msg/detail/hardware_component_state__builder.hpp
[3.742s] -- Up-to-date: /home/vincentspada/unitree_ws/install/controller_manager_msgs/include/controller_manager_msgs/controller_manager_msgs
[3.743s] -- Up-to-date: /home/vincentspada/unitree_ws/install/controller_manager_msgs/include/controller_manager_msgs/controller_manager_msgs/srv
[3.743s] -- Up-to-date: /home/vincentspada/unitree_ws/install/controller_manager_msgs/include/controller_manager_msgs/controller_manager_msgs/srv/detail
[3.748s] -- Up-to-date: /home/vincentspada/unitree_ws/install/controller_manager_msgs/include/controller_manager_msgs/controller_manager_msgs/srv/detail/configure_controller__rosidl_typesupport_fastrtps_cpp.hpp
[3.748s] -- Up-to-date: /home/vincentspada/unitree_ws/install/controller_manager_msgs/include/controller_manager_msgs/controller_manager_msgs/srv/detail/reload_controller_libraries__rosidl_typesupport_fastrtps_cpp.hpp
[3.748s] -- Up-to-date: /home/vincentspada/unitree_ws/install/controller_manager_msgs/include/controller_manager_msgs/controller_manager_msgs/srv/detail/list_controllers__rosidl_typesupport_fastrtps_cpp.hpp
[3.749s] -- Up-to-date: /home/vincentspada/unitree_ws/install/controller_manager_msgs/include/controller_manager_msgs/controller_manager_msgs/srv/detail/list_hardware_components__rosidl_typesupport_fastrtps_cpp.hpp
[3.749s] -- Up-to-date: /home/vincentspada/unitree_ws/install/controller_manager_msgs/include/controller_manager_msgs/controller_manager_msgs/srv/detail/unload_controller__rosidl_typesupport_fastrtps_cpp.hpp
[3.749s] -- Up-to-date: /home/vincentspada/unitree_ws/install/controller_manager_msgs/include/controller_manager_msgs/controller_manager_msgs/srv/detail/list_hardware_interfaces__rosidl_typesupport_fastrtps_cpp.hpp
[3.749s] -- Up-to-date: /home/vincentspada/unitree_ws/install/controller_manager_msgs/include/controller_manager_msgs/controller_manager_msgs/srv/detail/set_hardware_component_state__rosidl_typesupport_fastrtps_cpp.hpp
[3.749s] -- Up-to-date: /home/vincentspada/unitree_ws/install/controller_manager_msgs/include/controller_manager_msgs/controller_manager_msgs/srv/detail/list_controller_types__rosidl_typesupport_fastrtps_cpp.hpp
[3.750s] -- Up-to-date: /home/vincentspada/unitree_ws/install/controller_manager_msgs/include/controller_manager_msgs/controller_manager_msgs/srv/detail/load_controller__rosidl_typesupport_fastrtps_cpp.hpp
[3.750s] -- Up-to-date: /home/vincentspada/unitree_ws/install/controller_manager_msgs/include/controller_manager_msgs/controller_manager_msgs/srv/detail/dds_fastrtps
[3.750s] -- Up-to-date: /home/vincentspada/unitree_ws/install/controller_manager_msgs/include/controller_manager_msgs/controller_manager_msgs/srv/detail/switch_controller__rosidl_typesupport_fastrtps_cpp.hpp
[3.751s] -- Up-to-date: /home/vincentspada/unitree_ws/install/controller_manager_msgs/include/controller_manager_msgs/controller_manager_msgs/msg
[3.751s] -- Up-to-date: /home/vincentspada/unitree_ws/install/controller_manager_msgs/include/controller_manager_msgs/controller_manager_msgs/msg/detail
[3.751s] -- Up-to-date: /home/vincentspada/unitree_ws/install/controller_manager_msgs/include/controller_manager_msgs/controller_manager_msgs/msg/detail/hardware_interface__rosidl_typesupport_fastrtps_cpp.hpp
[3.751s] -- Up-to-date: /home/vincentspada/unitree_ws/install/controller_manager_msgs/include/controller_manager_msgs/controller_manager_msgs/msg/detail/chain_connection__rosidl_typesupport_fastrtps_cpp.hpp
[3.751s] -- Up-to-date: /home/vincentspada/unitree_ws/install/controller_manager_msgs/include/controller_manager_msgs/controller_manager_msgs/msg/detail/hardware_component_state__rosidl_typesupport_fastrtps_cpp.hpp
[3.753s] -- Up-to-date: /home/vincentspada/unitree_ws/install/controller_manager_msgs/include/controller_manager_msgs/controller_manager_msgs/msg/detail/dds_fastrtps
[3.754s] -- Up-to-date: /home/vincentspada/unitree_ws/install/controller_manager_msgs/include/controller_manager_msgs/controller_manager_msgs/msg/detail/controller_state__rosidl_typesupport_fastrtps_cpp.hpp
[3.754s] -- Up-to-date: /home/vincentspada/unitree_ws/install/controller_manager_msgs/include/controller_manager_msgs/controller_manager_msgs/msg/rosidl_typesupport_fastrtps_cpp__visibility_control.h
[3.754s] -- Up-to-date: /home/vincentspada/unitree_ws/install/controller_manager_msgs/lib/libcontroller_manager_msgs__rosidl_typesupport_fastrtps_cpp.so
[3.757s] -- Up-to-date: /home/vincentspada/unitree_ws/install/controller_manager_msgs/include/controller_manager_msgs/controller_manager_msgs
[3.758s] -- Up-to-date: /home/vincentspada/unitree_ws/install/controller_manager_msgs/include/controller_manager_msgs/controller_manager_msgs/srv
[3.758s] -- Up-to-date: /home/vincentspada/unitree_ws/install/controller_manager_msgs/include/controller_manager_msgs/controller_manager_msgs/srv/detail
[3.758s] -- Up-to-date: /home/vincentspada/unitree_ws/install/controller_manager_msgs/include/controller_manager_msgs/controller_manager_msgs/srv/detail/list_controllers__type_support.c
[3.759s] -- Up-to-date: /home/vincentspada/unitree_ws/install/controller_manager_msgs/include/controller_manager_msgs/controller_manager_msgs/srv/detail/list_controller_types__rosidl_typesupport_introspection_c.h
[3.759s] -- Up-to-date: /home/vincentspada/unitree_ws/install/controller_manager_msgs/include/controller_manager_msgs/controller_manager_msgs/srv/detail/configure_controller__rosidl_typesupport_introspection_c.h
[3.759s] -- Up-to-date: /home/vincentspada/unitree_ws/install/controller_manager_msgs/include/controller_manager_msgs/controller_manager_msgs/srv/detail/reload_controller_libraries__rosidl_typesupport_introspection_c.h
[3.759s] -- Up-to-date: /home/vincentspada/unitree_ws/install/controller_manager_msgs/include/controller_manager_msgs/controller_manager_msgs/srv/detail/list_hardware_interfaces__type_support.c
[3.759s] -- Up-to-date: /home/vincentspada/unitree_ws/install/controller_manager_msgs/include/controller_manager_msgs/controller_manager_msgs/srv/detail/list_hardware_interfaces__rosidl_typesupport_introspection_c.h
[3.759s] -- Up-to-date: /home/vincentspada/unitree_ws/install/controller_manager_msgs/include/controller_manager_msgs/controller_manager_msgs/srv/detail/list_hardware_components__type_support.c
[3.760s] -- Up-to-date: /home/vincentspada/unitree_ws/install/controller_manager_msgs/include/controller_manager_msgs/controller_manager_msgs/srv/detail/load_controller__type_support.c
[3.760s] -- Up-to-date: /home/vincentspada/unitree_ws/install/controller_manager_msgs/include/controller_manager_msgs/controller_manager_msgs/srv/detail/load_controller__rosidl_typesupport_introspection_c.h
[3.763s] -- Up-to-date: /home/vincentspada/unitree_ws/install/controller_manager_msgs/include/controller_manager_msgs/controller_manager_msgs/srv/detail/switch_controller__rosidl_typesupport_introspection_c.h
[3.763s] -- Up-to-date: /home/vincentspada/unitree_ws/install/controller_manager_msgs/include/controller_manager_msgs/controller_manager_msgs/srv/detail/set_hardware_component_state__rosidl_typesupport_introspection_c.h
[3.764s] -- Up-to-date: /home/vincentspada/unitree_ws/install/controller_manager_msgs/include/controller_manager_msgs/controller_manager_msgs/srv/detail/unload_controller__type_support.c
[3.764s] -- Up-to-date: /home/vincentspada/unitree_ws/install/controller_manager_msgs/include/controller_manager_msgs/controller_manager_msgs/srv/detail/unload_controller__rosidl_typesupport_introspection_c.h
[3.764s] -- Up-to-date: /home/vincentspada/unitree_ws/install/controller_manager_msgs/include/controller_manager_msgs/controller_manager_msgs/srv/detail/list_controller_types__type_support.c
[3.764s] -- Up-to-date: /home/vincentspada/unitree_ws/install/controller_manager_msgs/include/controller_manager_msgs/controller_manager_msgs/srv/detail/list_hardware_components__rosidl_typesupport_introspection_c.h
[3.764s] -- Up-to-date: /home/vincentspada/unitree_ws/install/controller_manager_msgs/include/controller_manager_msgs/controller_manager_msgs/srv/detail/reload_controller_libraries__type_support.c
[3.764s] -- Up-to-date: /home/vincentspada/unitree_ws/install/controller_manager_msgs/include/controller_manager_msgs/controller_manager_msgs/srv/detail/switch_controller__type_support.c
[3.765s] -- Up-to-date: /home/vincentspada/unitree_ws/install/controller_manager_msgs/include/controller_manager_msgs/controller_manager_msgs/srv/detail/list_controllers__rosidl_typesupport_introspection_c.h
[3.765s] -- Up-to-date: /home/vincentspada/unitree_ws/install/controller_manager_msgs/include/controller_manager_msgs/controller_manager_msgs/srv/detail/configure_controller__type_support.c
[3.765s] -- Up-to-date: /home/vincentspada/unitree_ws/install/controller_manager_msgs/include/controller_manager_msgs/controller_manager_msgs/srv/detail/set_hardware_component_state__type_support.c
[3.765s] -- Up-to-date: /home/vincentspada/unitree_ws/install/controller_manager_msgs/include/controller_manager_msgs/controller_manager_msgs/msg
[3.765s] -- Up-to-date: /home/vincentspada/unitree_ws/install/controller_manager_msgs/include/controller_manager_msgs/controller_manager_msgs/msg/rosidl_typesupport_introspection_c__visibility_control.h
[3.765s] -- Up-to-date: /home/vincentspada/unitree_ws/install/controller_manager_msgs/include/controller_manager_msgs/controller_manager_msgs/msg/detail
[3.778s] -- Up-to-date: /home/vincentspada/unitree_ws/install/controller_manager_msgs/include/controller_manager_msgs/controller_manager_msgs/msg/detail/controller_state__rosidl_typesupport_introspection_c.h
[3.778s] -- Up-to-date: /home/vincentspada/unitree_ws/install/controller_manager_msgs/include/controller_manager_msgs/controller_manager_msgs/msg/detail/hardware_interface__type_support.c
[3.778s] -- Up-to-date: /home/vincentspada/unitree_ws/install/controller_manager_msgs/include/controller_manager_msgs/controller_manager_msgs/msg/detail/hardware_component_state__type_support.c
[3.779s] -- Up-to-date: /home/vincentspada/unitree_ws/install/controller_manager_msgs/include/controller_manager_msgs/controller_manager_msgs/msg/detail/hardware_interface__rosidl_typesupport_introspection_c.h
[3.779s] -- Up-to-date: /home/vincentspada/unitree_ws/install/controller_manager_msgs/include/controller_manager_msgs/controller_manager_msgs/msg/detail/chain_connection__rosidl_typesupport_introspection_c.h
[3.779s] -- Up-to-date: /home/vincentspada/unitree_ws/install/controller_manager_msgs/include/controller_manager_msgs/controller_manager_msgs/msg/detail/controller_state__type_support.c
[3.779s] -- Up-to-date: /home/vincentspada/unitree_ws/install/controller_manager_msgs/include/controller_manager_msgs/controller_manager_msgs/msg/detail/hardware_component_state__rosidl_typesupport_introspection_c.h
[3.779s] -- Up-to-date: /home/vincentspada/unitree_ws/install/controller_manager_msgs/include/controller_manager_msgs/controller_manager_msgs/msg/detail/chain_connection__type_support.c
[3.779s] -- Up-to-date: /home/vincentspada/unitree_ws/install/controller_manager_msgs/lib/libcontroller_manager_msgs__rosidl_typesupport_introspection_c.so
[3.780s] -- Up-to-date: /home/vincentspada/unitree_ws/install/controller_manager_msgs/lib/libcontroller_manager_msgs__rosidl_typesupport_c.so
[3.780s] -- Up-to-date: /home/vincentspada/unitree_ws/install/controller_manager_msgs/include/controller_manager_msgs/controller_manager_msgs
[3.780s] -- Up-to-date: /home/vincentspada/unitree_ws/install/controller_manager_msgs/include/controller_manager_msgs/controller_manager_msgs/srv
[3.780s] -- Up-to-date: /home/vincentspada/unitree_ws/install/controller_manager_msgs/include/controller_manager_msgs/controller_manager_msgs/srv/detail
[3.780s] -- Up-to-date: /home/vincentspada/unitree_ws/install/controller_manager_msgs/include/controller_manager_msgs/controller_manager_msgs/srv/detail/switch_controller__rosidl_typesupport_introspection_cpp.hpp
[3.780s] -- Up-to-date: /home/vincentspada/unitree_ws/install/controller_manager_msgs/include/controller_manager_msgs/controller_manager_msgs/srv/detail/list_hardware_interfaces__rosidl_typesupport_introspection_cpp.hpp
[3.780s] -- Up-to-date: /home/vincentspada/unitree_ws/install/controller_manager_msgs/include/controller_manager_msgs/controller_manager_msgs/srv/detail/unload_controller__type_support.cpp
[3.781s] -- Up-to-date: /home/vincentspada/unitree_ws/install/controller_manager_msgs/include/controller_manager_msgs/controller_manager_msgs/srv/detail/list_hardware_components__rosidl_typesupport_introspection_cpp.hpp
[3.781s] -- Up-to-date: /home/vincentspada/unitree_ws/install/controller_manager_msgs/include/controller_manager_msgs/controller_manager_msgs/srv/detail/list_controller_types__type_support.cpp
[3.781s] -- Up-to-date: /home/vincentspada/unitree_ws/install/controller_manager_msgs/include/controller_manager_msgs/controller_manager_msgs/srv/detail/set_hardware_component_state__type_support.cpp
[3.781s] -- Up-to-date: /home/vincentspada/unitree_ws/install/controller_manager_msgs/include/controller_manager_msgs/controller_manager_msgs/srv/detail/configure_controller__rosidl_typesupport_introspection_cpp.hpp
[3.781s] -- Up-to-date: /home/vincentspada/unitree_ws/install/controller_manager_msgs/include/controller_manager_msgs/controller_manager_msgs/srv/detail/list_controllers__type_support.cpp
[3.781s] -- Up-to-date: /home/vincentspada/unitree_ws/install/controller_manager_msgs/include/controller_manager_msgs/controller_manager_msgs/srv/detail/load_controller__type_support.cpp
[3.782s] -- Up-to-date: /home/vincentspada/unitree_ws/install/controller_manager_msgs/include/controller_manager_msgs/controller_manager_msgs/srv/detail/reload_controller_libraries__rosidl_typesupport_introspection_cpp.hpp
[3.782s] -- Up-to-date: /home/vincentspada/unitree_ws/install/controller_manager_msgs/include/controller_manager_msgs/controller_manager_msgs/srv/detail/load_controller__rosidl_typesupport_introspection_cpp.hpp
[3.782s] -- Up-to-date: /home/vincentspada/unitree_ws/install/controller_manager_msgs/include/controller_manager_msgs/controller_manager_msgs/srv/detail/set_hardware_component_state__rosidl_typesupport_introspection_cpp.hpp
[3.782s] -- Up-to-date: /home/vincentspada/unitree_ws/install/controller_manager_msgs/include/controller_manager_msgs/controller_manager_msgs/srv/detail/configure_controller__type_support.cpp
[3.782s] -- Up-to-date: /home/vincentspada/unitree_ws/install/controller_manager_msgs/include/controller_manager_msgs/controller_manager_msgs/srv/detail/list_hardware_components__type_support.cpp
[3.782s] -- Up-to-date: /home/vincentspada/unitree_ws/install/controller_manager_msgs/include/controller_manager_msgs/controller_manager_msgs/srv/detail/list_controller_types__rosidl_typesupport_introspection_cpp.hpp
[3.783s] -- Up-to-date: /home/vincentspada/unitree_ws/install/controller_manager_msgs/include/controller_manager_msgs/controller_manager_msgs/srv/detail/unload_controller__rosidl_typesupport_introspection_cpp.hpp
[3.783s] -- Up-to-date: /home/vincentspada/unitree_ws/install/controller_manager_msgs/include/controller_manager_msgs/controller_manager_msgs/srv/detail/reload_controller_libraries__type_support.cpp
[3.783s] -- Up-to-date: /home/vincentspada/unitree_ws/install/controller_manager_msgs/include/controller_manager_msgs/controller_manager_msgs/srv/detail/list_controllers__rosidl_typesupport_introspection_cpp.hpp
[3.783s] -- Up-to-date: /home/vincentspada/unitree_ws/install/controller_manager_msgs/include/controller_manager_msgs/controller_manager_msgs/srv/detail/list_hardware_interfaces__type_support.cpp
[3.783s] -- Up-to-date: /home/vincentspada/unitree_ws/install/controller_manager_msgs/include/controller_manager_msgs/controller_manager_msgs/srv/detail/switch_controller__type_support.cpp
[3.783s] -- Up-to-date: /home/vincentspada/unitree_ws/install/controller_manager_msgs/include/controller_manager_msgs/controller_manager_msgs/msg
[3.783s] -- Up-to-date: /home/vincentspada/unitree_ws/install/controller_manager_msgs/include/controller_manager_msgs/controller_manager_msgs/msg/detail
[3.784s] -- Up-to-date: /home/vincentspada/unitree_ws/install/controller_manager_msgs/include/controller_manager_msgs/controller_manager_msgs/msg/detail/hardware_component_state__type_support.cpp
[3.784s] -- Up-to-date: /home/vincentspada/unitree_ws/install/controller_manager_msgs/include/controller_manager_msgs/controller_manager_msgs/msg/detail/chain_connection__type_support.cpp
[3.784s] -- Up-to-date: /home/vincentspada/unitree_ws/install/controller_manager_msgs/include/controller_manager_msgs/controller_manager_msgs/msg/detail/controller_state__rosidl_typesupport_introspection_cpp.hpp
[3.784s] -- Up-to-date: /home/vincentspada/unitree_ws/install/controller_manager_msgs/include/controller_manager_msgs/controller_manager_msgs/msg/detail/chain_connection__rosidl_typesupport_introspection_cpp.hpp
[3.784s] -- Up-to-date: /home/vincentspada/unitree_ws/install/controller_manager_msgs/include/controller_manager_msgs/controller_manager_msgs/msg/detail/hardware_interface__type_support.cpp
[3.784s] -- Up-to-date: /home/vincentspada/unitree_ws/install/controller_manager_msgs/include/controller_manager_msgs/controller_manager_msgs/msg/detail/hardware_interface__rosidl_typesupport_introspection_cpp.hpp
[3.784s] -- Up-to-date: /home/vincentspada/unitree_ws/install/controller_manager_msgs/include/controller_manager_msgs/controller_manager_msgs/msg/detail/hardware_component_state__rosidl_typesupport_introspection_cpp.hpp
[3.785s] -- Up-to-date: /home/vincentspada/unitree_ws/install/controller_manager_msgs/include/controller_manager_msgs/controller_manager_msgs/msg/detail/controller_state__type_support.cpp
[3.785s] -- Up-to-date: /home/vincentspada/unitree_ws/install/controller_manager_msgs/lib/libcontroller_manager_msgs__rosidl_typesupport_introspection_cpp.so
[3.785s] -- Up-to-date: /home/vincentspada/unitree_ws/install/controller_manager_msgs/lib/libcontroller_manager_msgs__rosidl_typesupport_cpp.so
[3.785s] -- Up-to-date: /home/vincentspada/unitree_ws/install/controller_manager_msgs/share/controller_manager_msgs/environment/pythonpath.sh
[3.785s] -- Up-to-date: /home/vincentspada/unitree_ws/install/controller_manager_msgs/share/controller_manager_msgs/environment/pythonpath.dsv
[3.785s] -- Up-to-date: /home/vincentspada/unitree_ws/install/controller_manager_msgs/local/lib/python3.10/dist-packages/controller_manager_msgs-2.31.0-py3.10.egg-info
[3.785s] -- Installing: /home/vincentspada/unitree_ws/install/controller_manager_msgs/local/lib/python3.10/dist-packages/controller_manager_msgs-2.31.0-py3.10.egg-info/dependency_links.txt
[3.786s] -- Installing: /home/vincentspada/unitree_ws/install/controller_manager_msgs/local/lib/python3.10/dist-packages/controller_manager_msgs-2.31.0-py3.10.egg-info/PKG-INFO
[3.786s] -- Installing: /home/vincentspada/unitree_ws/install/controller_manager_msgs/local/lib/python3.10/dist-packages/controller_manager_msgs-2.31.0-py3.10.egg-info/top_level.txt
[3.786s] -- Installing: /home/vincentspada/unitree_ws/install/controller_manager_msgs/local/lib/python3.10/dist-packages/controller_manager_msgs-2.31.0-py3.10.egg-info/SOURCES.txt
[3.786s] -- Up-to-date: /home/vincentspada/unitree_ws/install/controller_manager_msgs/local/lib/python3.10/dist-packages/controller_manager_msgs
[3.786s] -- Up-to-date: /home/vincentspada/unitree_ws/install/controller_manager_msgs/local/lib/python3.10/dist-packages/controller_manager_msgs/_controller_manager_msgs_s.ep.rosidl_typesupport_introspection_c.c
[3.786s] -- Up-to-date: /home/vincentspada/unitree_ws/install/controller_manager_msgs/local/lib/python3.10/dist-packages/controller_manager_msgs/controller_manager_msgs_s__rosidl_typesupport_introspection_c.cpython-310-x86_64-linux-gnu.so
[3.787s] -- Up-to-date: /home/vincentspada/unitree_ws/install/controller_manager_msgs/local/lib/python3.10/dist-packages/controller_manager_msgs/_controller_manager_msgs_s.ep.rosidl_typesupport_c.c
[3.787s] -- Up-to-date: /home/vincentspada/unitree_ws/install/controller_manager_msgs/local/lib/python3.10/dist-packages/controller_manager_msgs/controller_manager_msgs_s__rosidl_typesupport_fastrtps_c.cpython-310-x86_64-linux-gnu.so
[3.787s] -- Up-to-date: /home/vincentspada/unitree_ws/install/controller_manager_msgs/local/lib/python3.10/dist-packages/controller_manager_msgs/libcontroller_manager_msgs__rosidl_generator_py.so
[3.787s] -- Up-to-date: /home/vincentspada/unitree_ws/install/controller_manager_msgs/local/lib/python3.10/dist-packages/controller_manager_msgs/controller_manager_msgs_s__rosidl_typesupport_c.cpython-310-x86_64-linux-gnu.so
[3.787s] -- Up-to-date: /home/vincentspada/unitree_ws/install/controller_manager_msgs/local/lib/python3.10/dist-packages/controller_manager_msgs/__init__.py
[3.787s] -- Up-to-date: /home/vincentspada/unitree_ws/install/controller_manager_msgs/local/lib/python3.10/dist-packages/controller_manager_msgs/srv
[3.788s] -- Up-to-date: /home/vincentspada/unitree_ws/install/controller_manager_msgs/local/lib/python3.10/dist-packages/controller_manager_msgs/srv/_switch_controller_s.c
[3.788s] -- Up-to-date: /home/vincentspada/unitree_ws/install/controller_manager_msgs/local/lib/python3.10/dist-packages/controller_manager_msgs/srv/_configure_controller_s.c
[3.788s] -- Up-to-date: /home/vincentspada/unitree_ws/install/controller_manager_msgs/local/lib/python3.10/dist-packages/controller_manager_msgs/srv/_switch_controller.py
[3.788s] -- Up-to-date: /home/vincentspada/unitree_ws/install/controller_manager_msgs/local/lib/python3.10/dist-packages/controller_manager_msgs/srv/_list_controller_types.py
[3.788s] -- Up-to-date: /home/vincentspada/unitree_ws/install/controller_manager_msgs/local/lib/python3.10/dist-packages/controller_manager_msgs/srv/_unload_controller_s.c
[3.788s] -- Up-to-date: /home/vincentspada/unitree_ws/install/controller_manager_msgs/local/lib/python3.10/dist-packages/controller_manager_msgs/srv/_reload_controller_libraries_s.c
[3.788s] -- Up-to-date: /home/vincentspada/unitree_ws/install/controller_manager_msgs/local/lib/python3.10/dist-packages/controller_manager_msgs/srv/_list_hardware_components.py
[3.789s] -- Up-to-date: /home/vincentspada/unitree_ws/install/controller_manager_msgs/local/lib/python3.10/dist-packages/controller_manager_msgs/srv/__init__.py
[3.789s] -- Up-to-date: /home/vincentspada/unitree_ws/install/controller_manager_msgs/local/lib/python3.10/dist-packages/controller_manager_msgs/srv/_list_controllers.py
[3.789s] -- Up-to-date: /home/vincentspada/unitree_ws/install/controller_manager_msgs/local/lib/python3.10/dist-packages/controller_manager_msgs/srv/_list_hardware_interfaces_s.c
[3.789s] -- Up-to-date: /home/vincentspada/unitree_ws/install/controller_manager_msgs/local/lib/python3.10/dist-packages/controller_manager_msgs/srv/_reload_controller_libraries.py
[3.789s] -- Up-to-date: /home/vincentspada/unitree_ws/install/controller_manager_msgs/local/lib/python3.10/dist-packages/controller_manager_msgs/srv/_load_controller.py
[3.789s] -- Up-to-date: /home/vincentspada/unitree_ws/install/controller_manager_msgs/local/lib/python3.10/dist-packages/controller_manager_msgs/srv/_load_controller_s.c
[3.789s] -- Up-to-date: /home/vincentspada/unitree_ws/install/controller_manager_msgs/local/lib/python3.10/dist-packages/controller_manager_msgs/srv/_configure_controller.py
[3.790s] -- Up-to-date: /home/vincentspada/unitree_ws/install/controller_manager_msgs/local/lib/python3.10/dist-packages/controller_manager_msgs/srv/_list_hardware_interfaces.py
[3.790s] -- Up-to-date: /home/vincentspada/unitree_ws/install/controller_manager_msgs/local/lib/python3.10/dist-packages/controller_manager_msgs/srv/_set_hardware_component_state_s.c
[3.798s] -- Up-to-date: /home/vincentspada/unitree_ws/install/controller_manager_msgs/local/lib/python3.10/dist-packages/controller_manager_msgs/srv/_unload_controller.py
[3.798s] -- Up-to-date: /home/vincentspada/unitree_ws/install/controller_manager_msgs/local/lib/python3.10/dist-packages/controller_manager_msgs/srv/_list_controllers_s.c
[3.798s] -- Up-to-date: /home/vincentspada/unitree_ws/install/controller_manager_msgs/local/lib/python3.10/dist-packages/controller_manager_msgs/srv/_set_hardware_component_state.py
[3.799s] -- Up-to-date: /home/vincentspada/unitree_ws/install/controller_manager_msgs/local/lib/python3.10/dist-packages/controller_manager_msgs/srv/_list_hardware_components_s.c
[3.799s] -- Up-to-date: /home/vincentspada/unitree_ws/install/controller_manager_msgs/local/lib/python3.10/dist-packages/controller_manager_msgs/srv/_list_controller_types_s.c
[3.799s] -- Up-to-date: /home/vincentspada/unitree_ws/install/controller_manager_msgs/local/lib/python3.10/dist-packages/controller_manager_msgs/msg
[3.799s] -- Up-to-date: /home/vincentspada/unitree_ws/install/controller_manager_msgs/local/lib/python3.10/dist-packages/controller_manager_msgs/msg/_hardware_interface_s.c
[3.799s] -- Up-to-date: /home/vincentspada/unitree_ws/install/controller_manager_msgs/local/lib/python3.10/dist-packages/controller_manager_msgs/msg/_controller_state.py
[3.799s] -- Up-to-date: /home/vincentspada/unitree_ws/install/controller_manager_msgs/local/lib/python3.10/dist-packages/controller_manager_msgs/msg/_hardware_interface.py
[3.800s] -- Up-to-date: /home/vincentspada/unitree_ws/install/controller_manager_msgs/local/lib/python3.10/dist-packages/controller_manager_msgs/msg/_hardware_component_state_s.c
[3.800s] -- Up-to-date: /home/vincentspada/unitree_ws/install/controller_manager_msgs/local/lib/python3.10/dist-packages/controller_manager_msgs/msg/__init__.py
[3.800s] -- Up-to-date: /home/vincentspada/unitree_ws/install/controller_manager_msgs/local/lib/python3.10/dist-packages/controller_manager_msgs/msg/_controller_state_s.c
[3.800s] -- Up-to-date: /home/vincentspada/unitree_ws/install/controller_manager_msgs/local/lib/python3.10/dist-packages/controller_manager_msgs/msg/_hardware_component_state.py
[3.800s] -- Up-to-date: /home/vincentspada/unitree_ws/install/controller_manager_msgs/local/lib/python3.10/dist-packages/controller_manager_msgs/msg/_chain_connection_s.c
[3.800s] -- Up-to-date: /home/vincentspada/unitree_ws/install/controller_manager_msgs/local/lib/python3.10/dist-packages/controller_manager_msgs/msg/_chain_connection.py
[3.800s] -- Up-to-date: /home/vincentspada/unitree_ws/install/controller_manager_msgs/local/lib/python3.10/dist-packages/controller_manager_msgs/_controller_manager_msgs_s.ep.rosidl_typesupport_fastrtps_c.c
[3.898s] Listing '/home/vincentspada/unitree_ws/install/controller_manager_msgs/local/lib/python3.10/dist-packages/controller_manager_msgs'...
[3.899s] Listing '/home/vincentspada/unitree_ws/install/controller_manager_msgs/local/lib/python3.10/dist-packages/controller_manager_msgs/msg'...
[3.899s] Listing '/home/vincentspada/unitree_ws/install/controller_manager_msgs/local/lib/python3.10/dist-packages/controller_manager_msgs/srv'...
[3.913s] -- Up-to-date: /home/vincentspada/unitree_ws/install/controller_manager_msgs/local/lib/python3.10/dist-packages/controller_manager_msgs/controller_manager_msgs_s__rosidl_typesupport_fastrtps_c.cpython-310-x86_64-linux-gnu.so
[3.926s] -- Up-to-date: /home/vincentspada/unitree_ws/install/controller_manager_msgs/local/lib/python3.10/dist-packages/controller_manager_msgs/controller_manager_msgs_s__rosidl_typesupport_introspection_c.cpython-310-x86_64-linux-gnu.so
[3.926s] -- Up-to-date: /home/vincentspada/unitree_ws/install/controller_manager_msgs/local/lib/python3.10/dist-packages/controller_manager_msgs/controller_manager_msgs_s__rosidl_typesupport_c.cpython-310-x86_64-linux-gnu.so
[3.927s] -- Up-to-date: /home/vincentspada/unitree_ws/install/controller_manager_msgs/lib/libcontroller_manager_msgs__rosidl_generator_py.so
[3.927s] -- Up-to-date: /home/vincentspada/unitree_ws/install/controller_manager_msgs/share/controller_manager_msgs/msg/ControllerState.idl
[3.927s] -- Up-to-date: /home/vincentspada/unitree_ws/install/controller_manager_msgs/share/controller_manager_msgs/msg/ChainConnection.idl
[3.927s] -- Up-to-date: /home/vincentspada/unitree_ws/install/controller_manager_msgs/share/controller_manager_msgs/msg/HardwareComponentState.idl
[3.928s] -- Up-to-date: /home/vincentspada/unitree_ws/install/controller_manager_msgs/share/controller_manager_msgs/msg/HardwareInterface.idl
[3.928s] -- Up-to-date: /home/vincentspada/unitree_ws/install/controller_manager_msgs/share/controller_manager_msgs/srv/ConfigureController.idl
[3.928s] -- Up-to-date: /home/vincentspada/unitree_ws/install/controller_manager_msgs/share/controller_manager_msgs/srv/ListControllers.idl
[3.928s] -- Up-to-date: /home/vincentspada/unitree_ws/install/controller_manager_msgs/share/controller_manager_msgs/srv/ListControllerTypes.idl
[3.928s] -- Up-to-date: /home/vincentspada/unitree_ws/install/controller_manager_msgs/share/controller_manager_msgs/srv/ListHardwareComponents.idl
[3.929s] -- Up-to-date: /home/vincentspada/unitree_ws/install/controller_manager_msgs/share/controller_manager_msgs/srv/ListHardwareInterfaces.idl
[3.929s] -- Up-to-date: /home/vincentspada/unitree_ws/install/controller_manager_msgs/share/controller_manager_msgs/srv/LoadController.idl
[3.929s] -- Up-to-date: /home/vincentspada/unitree_ws/install/controller_manager_msgs/share/controller_manager_msgs/srv/ReloadControllerLibraries.idl
[3.929s] -- Up-to-date: /home/vincentspada/unitree_ws/install/controller_manager_msgs/share/controller_manager_msgs/srv/SetHardwareComponentState.idl
[3.930s] -- Up-to-date: /home/vincentspada/unitree_ws/install/controller_manager_msgs/share/controller_manager_msgs/srv/SwitchController.idl
[3.930s] -- Up-to-date: /home/vincentspada/unitree_ws/install/controller_manager_msgs/share/controller_manager_msgs/srv/UnloadController.idl
[3.930s] -- Up-to-date: /home/vincentspada/unitree_ws/install/controller_manager_msgs/share/controller_manager_msgs/msg/ControllerState.msg
[3.930s] -- Up-to-date: /home/vincentspada/unitree_ws/install/controller_manager_msgs/share/controller_manager_msgs/msg/ChainConnection.msg
[3.931s] -- Up-to-date: /home/vincentspada/unitree_ws/install/controller_manager_msgs/share/controller_manager_msgs/msg/HardwareComponentState.msg
[3.931s] -- Up-to-date: /home/vincentspada/unitree_ws/install/controller_manager_msgs/share/controller_manager_msgs/msg/HardwareInterface.msg
[3.931s] -- Up-to-date: /home/vincentspada/unitree_ws/install/controller_manager_msgs/share/controller_manager_msgs/srv/ConfigureController.srv
[3.931s] -- Up-to-date: /home/vincentspada/unitree_ws/install/controller_manager_msgs/share/controller_manager_msgs/srv/ConfigureController_Request.msg
[3.931s] -- Up-to-date: /home/vincentspada/unitree_ws/install/controller_manager_msgs/share/controller_manager_msgs/srv/ConfigureController_Response.msg
[3.932s] -- Up-to-date: /home/vincentspada/unitree_ws/install/controller_manager_msgs/share/controller_manager_msgs/srv/ListControllers.srv
[3.932s] -- Up-to-date: /home/vincentspada/unitree_ws/install/controller_manager_msgs/share/controller_manager_msgs/srv/ListControllers_Request.msg
[3.936s] -- Up-to-date: /home/vincentspada/unitree_ws/install/controller_manager_msgs/share/controller_manager_msgs/srv/ListControllers_Response.msg
[3.937s] -- Up-to-date: /home/vincentspada/unitree_ws/install/controller_manager_msgs/share/controller_manager_msgs/srv/ListControllerTypes.srv
[3.937s] -- Up-to-date: /home/vincentspada/unitree_ws/install/controller_manager_msgs/share/controller_manager_msgs/srv/ListControllerTypes_Request.msg
[3.937s] -- Up-to-date: /home/vincentspada/unitree_ws/install/controller_manager_msgs/share/controller_manager_msgs/srv/ListControllerTypes_Response.msg
[3.937s] -- Up-to-date: /home/vincentspada/unitree_ws/install/controller_manager_msgs/share/controller_manager_msgs/srv/ListHardwareComponents.srv
[3.937s] -- Up-to-date: /home/vincentspada/unitree_ws/install/controller_manager_msgs/share/controller_manager_msgs/srv/ListHardwareComponents_Request.msg
[3.938s] -- Up-to-date: /home/vincentspada/unitree_ws/install/controller_manager_msgs/share/controller_manager_msgs/srv/ListHardwareComponents_Response.msg
[3.938s] -- Up-to-date: /home/vincentspada/unitree_ws/install/controller_manager_msgs/share/controller_manager_msgs/srv/ListHardwareInterfaces.srv
[3.938s] -- Up-to-date: /home/vincentspada/unitree_ws/install/controller_manager_msgs/share/controller_manager_msgs/srv/ListHardwareInterfaces_Request.msg
[3.939s] -- Up-to-date: /home/vincentspada/unitree_ws/install/controller_manager_msgs/share/controller_manager_msgs/srv/ListHardwareInterfaces_Response.msg
[3.939s] -- Up-to-date: /home/vincentspada/unitree_ws/install/controller_manager_msgs/share/controller_manager_msgs/srv/LoadController.srv
[3.939s] -- Up-to-date: /home/vincentspada/unitree_ws/install/controller_manager_msgs/share/controller_manager_msgs/srv/LoadController_Request.msg
[3.946s] -- Up-to-date: /home/vincentspada/unitree_ws/install/controller_manager_msgs/share/controller_manager_msgs/srv/LoadController_Response.msg
[3.947s] -- Up-to-date: /home/vincentspada/unitree_ws/install/controller_manager_msgs/share/controller_manager_msgs/srv/ReloadControllerLibraries.srv
[3.947s] -- Up-to-date: /home/vincentspada/unitree_ws/install/controller_manager_msgs/share/controller_manager_msgs/srv/ReloadControllerLibraries_Request.msg
[3.947s] -- Up-to-date: /home/vincentspada/unitree_ws/install/controller_manager_msgs/share/controller_manager_msgs/srv/ReloadControllerLibraries_Response.msg
[3.947s] -- Up-to-date: /home/vincentspada/unitree_ws/install/controller_manager_msgs/share/controller_manager_msgs/srv/SetHardwareComponentState.srv
[3.947s] -- Up-to-date: /home/vincentspada/unitree_ws/install/controller_manager_msgs/share/controller_manager_msgs/srv/SetHardwareComponentState_Request.msg
[3.948s] -- Up-to-date: /home/vincentspada/unitree_ws/install/controller_manager_msgs/share/controller_manager_msgs/srv/SetHardwareComponentState_Response.msg
[3.948s] -- Up-to-date: /home/vincentspada/unitree_ws/install/controller_manager_msgs/share/controller_manager_msgs/srv/SwitchController.srv
[3.948s] -- Up-to-date: /home/vincentspada/unitree_ws/install/controller_manager_msgs/share/controller_manager_msgs/srv/SwitchController_Request.msg
[3.948s] -- Up-to-date: /home/vincentspada/unitree_ws/install/controller_manager_msgs/share/controller_manager_msgs/srv/SwitchController_Response.msg
[3.948s] -- Up-to-date: /home/vincentspada/unitree_ws/install/controller_manager_msgs/share/controller_manager_msgs/srv/UnloadController.srv
[3.948s] -- Up-to-date: /home/vincentspada/unitree_ws/install/controller_manager_msgs/share/controller_manager_msgs/srv/UnloadController_Request.msg
[3.949s] -- Up-to-date: /home/vincentspada/unitree_ws/install/controller_manager_msgs/share/controller_manager_msgs/srv/UnloadController_Response.msg
[3.949s] -- Up-to-date: /home/vincentspada/unitree_ws/install/controller_manager_msgs/share/ament_index/resource_index/package_run_dependencies/controller_manager_msgs
[3.949s] -- Up-to-date: /home/vincentspada/unitree_ws/install/controller_manager_msgs/share/ament_index/resource_index/parent_prefix_path/controller_manager_msgs
[3.949s] -- Up-to-date: /home/vincentspada/unitree_ws/install/controller_manager_msgs/share/controller_manager_msgs/environment/ament_prefix_path.sh
[3.949s] -- Up-to-date: /home/vincentspada/unitree_ws/install/controller_manager_msgs/share/controller_manager_msgs/environment/ament_prefix_path.dsv
[3.949s] -- Up-to-date: /home/vincentspada/unitree_ws/install/controller_manager_msgs/share/controller_manager_msgs/environment/path.sh
[3.950s] -- Up-to-date: /home/vincentspada/unitree_ws/install/controller_manager_msgs/share/controller_manager_msgs/environment/path.dsv
[3.954s] -- Up-to-date: /home/vincentspada/unitree_ws/install/controller_manager_msgs/share/controller_manager_msgs/local_setup.bash
[3.955s] -- Up-to-date: /home/vincentspada/unitree_ws/install/controller_manager_msgs/share/controller_manager_msgs/local_setup.sh
[3.955s] -- Up-to-date: /home/vincentspada/unitree_ws/install/controller_manager_msgs/share/controller_manager_msgs/local_setup.zsh
[3.955s] -- Up-to-date: /home/vincentspada/unitree_ws/install/controller_manager_msgs/share/controller_manager_msgs/local_setup.dsv
[3.955s] -- Installing: /home/vincentspada/unitree_ws/install/controller_manager_msgs/share/controller_manager_msgs/package.dsv
[3.956s] -- Up-to-date: /home/vincentspada/unitree_ws/install/controller_manager_msgs/share/ament_index/resource_index/packages/controller_manager_msgs
[3.956s] -- Up-to-date: /home/vincentspada/unitree_ws/install/controller_manager_msgs/share/controller_manager_msgs/cmake/export_controller_manager_msgs__rosidl_generator_cExport.cmake
[3.956s] -- Up-to-date: /home/vincentspada/unitree_ws/install/controller_manager_msgs/share/controller_manager_msgs/cmake/export_controller_manager_msgs__rosidl_generator_cExport-noconfig.cmake
[3.956s] -- Up-to-date: /home/vincentspada/unitree_ws/install/controller_manager_msgs/share/controller_manager_msgs/cmake/export_controller_manager_msgs__rosidl_typesupport_fastrtps_cExport.cmake
[3.956s] -- Up-to-date: /home/vincentspada/unitree_ws/install/controller_manager_msgs/share/controller_manager_msgs/cmake/export_controller_manager_msgs__rosidl_typesupport_fastrtps_cExport-noconfig.cmake
[3.957s] -- Up-to-date: /home/vincentspada/unitree_ws/install/controller_manager_msgs/share/controller_manager_msgs/cmake/export_controller_manager_msgs__rosidl_generator_cppExport.cmake
[3.957s] -- Up-to-date: /home/vincentspada/unitree_ws/install/controller_manager_msgs/share/controller_manager_msgs/cmake/export_controller_manager_msgs__rosidl_typesupport_fastrtps_cppExport.cmake
[3.957s] -- Up-to-date: /home/vincentspada/unitree_ws/install/controller_manager_msgs/share/controller_manager_msgs/cmake/export_controller_manager_msgs__rosidl_typesupport_fastrtps_cppExport-noconfig.cmake
[3.957s] -- Up-to-date: /home/vincentspada/unitree_ws/install/controller_manager_msgs/share/controller_manager_msgs/cmake/controller_manager_msgs__rosidl_typesupport_introspection_cExport.cmake
[3.957s] -- Up-to-date: /home/vincentspada/unitree_ws/install/controller_manager_msgs/share/controller_manager_msgs/cmake/controller_manager_msgs__rosidl_typesupport_introspection_cExport-noconfig.cmake
[3.958s] -- Up-to-date: /home/vincentspada/unitree_ws/install/controller_manager_msgs/share/controller_manager_msgs/cmake/controller_manager_msgs__rosidl_typesupport_cExport.cmake
[3.958s] -- Up-to-date: /home/vincentspada/unitree_ws/install/controller_manager_msgs/share/controller_manager_msgs/cmake/controller_manager_msgs__rosidl_typesupport_cExport-noconfig.cmake
[3.966s] -- Up-to-date: /home/vincentspada/unitree_ws/install/controller_manager_msgs/share/controller_manager_msgs/cmake/controller_manager_msgs__rosidl_typesupport_introspection_cppExport.cmake
[3.967s] -- Up-to-date: /home/vincentspada/unitree_ws/install/controller_manager_msgs/share/controller_manager_msgs/cmake/controller_manager_msgs__rosidl_typesupport_introspection_cppExport-noconfig.cmake
[3.967s] -- Up-to-date: /home/vincentspada/unitree_ws/install/controller_manager_msgs/share/controller_manager_msgs/cmake/controller_manager_msgs__rosidl_typesupport_cppExport.cmake
[3.967s] -- Up-to-date: /home/vincentspada/unitree_ws/install/controller_manager_msgs/share/controller_manager_msgs/cmake/controller_manager_msgs__rosidl_typesupport_cppExport-noconfig.cmake
[3.967s] -- Up-to-date: /home/vincentspada/unitree_ws/install/controller_manager_msgs/share/controller_manager_msgs/cmake/export_controller_manager_msgs__rosidl_generator_pyExport.cmake
[3.968s] -- Up-to-date: /home/vincentspada/unitree_ws/install/controller_manager_msgs/share/controller_manager_msgs/cmake/export_controller_manager_msgs__rosidl_generator_pyExport-noconfig.cmake
[3.968s] -- Up-to-date: /home/vincentspada/unitree_ws/install/controller_manager_msgs/share/controller_manager_msgs/cmake/rosidl_cmake-extras.cmake
[3.968s] -- Up-to-date: /home/vincentspada/unitree_ws/install/controller_manager_msgs/share/controller_manager_msgs/cmake/ament_cmake_export_dependencies-extras.cmake
[3.969s] -- Up-to-date: /home/vincentspada/unitree_ws/install/controller_manager_msgs/share/controller_manager_msgs/cmake/ament_cmake_export_include_directories-extras.cmake
[3.969s] -- Up-to-date: /home/vincentspada/unitree_ws/install/controller_manager_msgs/share/controller_manager_msgs/cmake/ament_cmake_export_libraries-extras.cmake
[3.969s] -- Up-to-date: /home/vincentspada/unitree_ws/install/controller_manager_msgs/share/controller_manager_msgs/cmake/ament_cmake_export_targets-extras.cmake
[3.969s] -- Up-to-date: /home/vincentspada/unitree_ws/install/controller_manager_msgs/share/controller_manager_msgs/cmake/rosidl_cmake_export_typesupport_targets-extras.cmake
[3.970s] -- Up-to-date: /home/vincentspada/unitree_ws/install/controller_manager_msgs/share/controller_manager_msgs/cmake/rosidl_cmake_export_typesupport_libraries-extras.cmake
[3.974s] -- Up-to-date: /home/vincentspada/unitree_ws/install/controller_manager_msgs/share/controller_manager_msgs/cmake/controller_manager_msgsConfig.cmake
[3.994s] -- Up-to-date: /home/vincentspada/unitree_ws/install/controller_manager_msgs/share/controller_manager_msgs/cmake/controller_manager_msgsConfig-version.cmake
[3.994s] -- Up-to-date: /home/vincentspada/unitree_ws/install/controller_manager_msgs/share/controller_manager_msgs/package.xml
[3.995s] Invoked command in '/home/vincentspada/unitree_ws/build/controller_manager_msgs' returned '0': CMAKE_PREFIX_PATH=/opt/ros/humble:${CMAKE_PREFIX_PATH} /usr/bin/cmake --install /home/vincentspada/unitree_ws/build/controller_manager_msgs
