[0.076s] Invoking command in '/home/vincentspada/unitree_ws/build/controller_manager_msgs': CMAKE_PREFIX_PATH=/opt/ros/humble:${CMAKE_PREFIX_PATH} /usr/bin/cmake --build /home/vincentspada/unitree_ws/build/controller_manager_msgs -- -j4 -l4
[0.238s] [35m[1mConsolidate compiler generated dependencies of target controller_manager_msgs__rosidl_generator_c[0m
[0.325s] [  0%] Built target controller_manager_msgs__cpp
[0.380s] [ 12%] Built target controller_manager_msgs__rosidl_generator_c
[0.427s] [ 12%] Built target ament_cmake_python_copy_controller_manager_msgs
[0.467s] [35m[1mConsolidate compiler generated dependencies of target controller_manager_msgs__rosidl_typesupport_cpp[0m
[0.552s] [ 24%] Built target controller_manager_msgs__rosidl_typesupport_cpp
[0.656s] [35m[1mConsolidate compiler generated dependencies of target controller_manager_msgs__rosidl_typesupport_fastrtps_c[0m
[0.730s] [ 36%] Built target controller_manager_msgs__rosidl_typesupport_fastrtps_c
[0.776s] [35m[1mConsolidate compiler generated dependencies of target controller_manager_msgs__rosidl_typesupport_introspection_c[0m
[0.860s] [ 48%] Built target controller_manager_msgs__rosidl_typesupport_introspection_c
[0.918s] [35m[1mConsolidate compiler generated dependencies of target controller_manager_msgs__rosidl_typesupport_c[0m
[0.968s] [ 60%] Built target controller_manager_msgs__rosidl_typesupport_c
[1.935s] running egg_info
[1.936s] writing controller_manager_msgs.egg-info/PKG-INFO
[1.937s] writing dependency_links to controller_manager_msgs.egg-info/dependency_links.txt
[1.937s] writing top-level names to controller_manager_msgs.egg-info/top_level.txt
[1.948s] reading manifest file 'controller_manager_msgs.egg-info/SOURCES.txt'
[1.948s] writing manifest file 'controller_manager_msgs.egg-info/SOURCES.txt'
[2.015s] [ 60%] Built target ament_cmake_python_build_controller_manager_msgs_egg
[2.049s] [35m[1mConsolidate compiler generated dependencies of target controller_manager_msgs__rosidl_typesupport_introspection_cpp[0m
[2.124s] [ 72%] Built target controller_manager_msgs__rosidl_typesupport_introspection_cpp
[2.158s] [35m[1mConsolidate compiler generated dependencies of target controller_manager_msgs__rosidl_typesupport_fastrtps_cpp[0m
[2.244s] [ 84%] Built target controller_manager_msgs__rosidl_typesupport_fastrtps_cpp
[2.286s] [ 84%] Built target controller_manager_msgs
[2.353s] [ 85%] Built target controller_manager_msgs__py
[2.383s] [35m[1mConsolidate compiler generated dependencies of target controller_manager_msgs__rosidl_generator_py[0m
[2.522s] [ 96%] Built target controller_manager_msgs__rosidl_generator_py
[2.579s] [35m[1mConsolidate compiler generated dependencies of target controller_manager_msgs__rosidl_typesupport_fastrtps_c__pyext[0m
[2.635s] [ 97%] Built target controller_manager_msgs__rosidl_typesupport_fastrtps_c__pyext
[2.697s] [35m[1mConsolidate compiler generated dependencies of target controller_manager_msgs__rosidl_typesupport_c__pyext[0m
[2.769s] [ 98%] Built target controller_manager_msgs__rosidl_typesupport_c__pyext
[2.836s] [35m[1mConsolidate compiler generated dependencies of target controller_manager_msgs__rosidl_typesupport_introspection_c__pyext[0m
[2.900s] [100%] Built target controller_manager_msgs__rosidl_typesupport_introspection_c__pyext
[2.953s] Invoked command in '/home/vincentspada/unitree_ws/build/controller_manager_msgs' returned '0': CMAKE_PREFIX_PATH=/opt/ros/humble:${CMAKE_PREFIX_PATH} /usr/bin/cmake --build /home/vincentspada/unitree_ws/build/controller_manager_msgs -- -j4 -l4
[4.315s] Invoking command in '/home/vincentspada/unitree_ws/build/controller_manager_msgs': CMAKE_PREFIX_PATH=/opt/ros/humble:${CMAKE_PREFIX_PATH} /usr/bin/cmake --install /home/vincentspada/unitree_ws/build/controller_manager_msgs
[4.341s] -- Install configuration: ""
[4.344s] -- Up-to-date: /home/vincentspada/unitree_ws/install/controller_manager_msgs/share/ament_index/resource_index/rosidl_interfaces/controller_manager_msgs
[4.348s] -- Up-to-date: /home/vincentspada/unitree_ws/install/controller_manager_msgs/include/controller_manager_msgs/controller_manager_msgs
[4.350s] -- Up-to-date: /home/vincentspada/unitree_ws/install/controller_manager_msgs/include/controller_manager_msgs/controller_manager_msgs/srv
[4.351s] -- Up-to-date: /home/vincentspada/unitree_ws/install/controller_manager_msgs/include/controller_manager_msgs/controller_manager_msgs/srv/list_hardware_components.h
[4.352s] -- Up-to-date: /home/vincentspada/unitree_ws/install/controller_manager_msgs/include/controller_manager_msgs/controller_manager_msgs/srv/load_controller.h
[4.352s] -- Up-to-date: /home/vincentspada/unitree_ws/install/controller_manager_msgs/include/controller_manager_msgs/controller_manager_msgs/srv/list_hardware_interfaces.h
[4.353s] -- Up-to-date: /home/vincentspada/unitree_ws/install/controller_manager_msgs/include/controller_manager_msgs/controller_manager_msgs/srv/list_controller_types.h
[4.353s] -- Up-to-date: /home/vincentspada/unitree_ws/install/controller_manager_msgs/include/controller_manager_msgs/controller_manager_msgs/srv/set_hardware_component_state.h
[4.353s] -- Up-to-date: /home/vincentspada/unitree_ws/install/controller_manager_msgs/include/controller_manager_msgs/controller_manager_msgs/srv/unload_controller.h
[4.353s] -- Up-to-date: /home/vincentspada/unitree_ws/install/controller_manager_msgs/include/controller_manager_msgs/controller_manager_msgs/srv/reload_controller_libraries.h
[4.354s] -- Up-to-date: /home/vincentspada/unitree_ws/install/controller_manager_msgs/include/controller_manager_msgs/controller_manager_msgs/srv/detail
[4.356s] -- Up-to-date: /home/vincentspada/unitree_ws/install/controller_manager_msgs/include/controller_manager_msgs/controller_manager_msgs/srv/detail/list_hardware_components__struct.h
[4.356s] -- Up-to-date: /home/vincentspada/unitree_ws/install/controller_manager_msgs/include/controller_manager_msgs/controller_manager_msgs/srv/detail/configure_controller__functions.h
[4.356s] -- Up-to-date: /home/vincentspada/unitree_ws/install/controller_manager_msgs/include/controller_manager_msgs/controller_manager_msgs/srv/detail/unload_controller__functions.h
[4.356s] -- Up-to-date: /home/vincentspada/unitree_ws/install/controller_manager_msgs/include/controller_manager_msgs/controller_manager_msgs/srv/detail/load_controller__struct.h
[4.356s] -- Up-to-date: /home/vincentspada/unitree_ws/install/controller_manager_msgs/include/controller_manager_msgs/controller_manager_msgs/srv/detail/reload_controller_libraries__functions.c
[4.357s] -- Up-to-date: /home/vincentspada/unitree_ws/install/controller_manager_msgs/include/controller_manager_msgs/controller_manager_msgs/srv/detail/set_hardware_component_state__struct.h
[4.357s] -- Up-to-date: /home/vincentspada/unitree_ws/install/controller_manager_msgs/include/controller_manager_msgs/controller_manager_msgs/srv/detail/list_hardware_interfaces__functions.c
[4.357s] -- Up-to-date: /home/vincentspada/unitree_ws/install/controller_manager_msgs/include/controller_manager_msgs/controller_manager_msgs/srv/detail/load_controller__type_support.h
[4.357s] -- Up-to-date: /home/vincentspada/unitree_ws/install/controller_manager_msgs/include/controller_manager_msgs/controller_manager_msgs/srv/detail/list_hardware_components__functions.h
[4.357s] -- Up-to-date: /home/vincentspada/unitree_ws/install/controller_manager_msgs/include/controller_manager_msgs/controller_manager_msgs/srv/detail/configure_controller__struct.h
[4.368s] -- Up-to-date: /home/vincentspada/unitree_ws/install/controller_manager_msgs/include/controller_manager_msgs/controller_manager_msgs/srv/detail/list_controllers__functions.c
[4.369s] -- Up-to-date: /home/vincentspada/unitree_ws/install/controller_manager_msgs/include/controller_manager_msgs/controller_manager_msgs/srv/detail/list_controllers__struct.h
[4.369s] -- Up-to-date: /home/vincentspada/unitree_ws/install/controller_manager_msgs/include/controller_manager_msgs/controller_manager_msgs/srv/detail/list_hardware_interfaces__type_support.h
[4.369s] -- Up-to-date: /home/vincentspada/unitree_ws/install/controller_manager_msgs/include/controller_manager_msgs/controller_manager_msgs/srv/detail/reload_controller_libraries__functions.h
[4.369s] -- Up-to-date: /home/vincentspada/unitree_ws/install/controller_manager_msgs/include/controller_manager_msgs/controller_manager_msgs/srv/detail/list_hardware_interfaces__functions.h
[4.369s] -- Up-to-date: /home/vincentspada/unitree_ws/install/controller_manager_msgs/include/controller_manager_msgs/controller_manager_msgs/srv/detail/switch_controller__struct.h
[4.370s] -- Up-to-date: /home/vincentspada/unitree_ws/install/controller_manager_msgs/include/controller_manager_msgs/controller_manager_msgs/srv/detail/set_hardware_component_state__functions.h
[4.370s] -- Up-to-date: /home/vincentspada/unitree_ws/install/controller_manager_msgs/include/controller_manager_msgs/controller_manager_msgs/srv/detail/list_controller_types__type_support.h
[4.370s] -- Up-to-date: /home/vincentspada/unitree_ws/install/controller_manager_msgs/include/controller_manager_msgs/controller_manager_msgs/srv/detail/unload_controller__functions.c
[4.371s] -- Up-to-date: /home/vincentspada/unitree_ws/install/controller_manager_msgs/include/controller_manager_msgs/controller_manager_msgs/srv/detail/switch_controller__functions.h
[4.371s] -- Up-to-date: /home/vincentspada/unitree_ws/install/controller_manager_msgs/include/controller_manager_msgs/controller_manager_msgs/srv/detail/configure_controller__functions.c
[4.371s] -- Up-to-date: /home/vincentspada/unitree_ws/install/controller_manager_msgs/include/controller_manager_msgs/controller_manager_msgs/srv/detail/unload_controller__struct.h
[4.371s] -- Up-to-date: /home/vincentspada/unitree_ws/install/controller_manager_msgs/include/controller_manager_msgs/controller_manager_msgs/srv/detail/switch_controller__type_support.h
[4.371s] -- Up-to-date: /home/vincentspada/unitree_ws/install/controller_manager_msgs/include/controller_manager_msgs/controller_manager_msgs/srv/detail/list_hardware_components__functions.c
[4.372s] -- Up-to-date: /home/vincentspada/unitree_ws/install/controller_manager_msgs/include/controller_manager_msgs/controller_manager_msgs/srv/detail/list_controller_types__functions.c
[4.374s] -- Up-to-date: /home/vincentspada/unitree_ws/install/controller_manager_msgs/include/controller_manager_msgs/controller_manager_msgs/srv/detail/set_hardware_component_state__functions.c
[4.374s] -- Up-to-date: /home/vincentspada/unitree_ws/install/controller_manager_msgs/include/controller_manager_msgs/controller_manager_msgs/srv/detail/list_controller_types__functions.h
[4.374s] -- Up-to-date: /home/vincentspada/unitree_ws/install/controller_manager_msgs/include/controller_manager_msgs/controller_manager_msgs/srv/detail/list_hardware_interfaces__struct.h
[4.374s] -- Up-to-date: /home/vincentspada/unitree_ws/install/controller_manager_msgs/include/controller_manager_msgs/controller_manager_msgs/srv/detail/reload_controller_libraries__struct.h
[4.375s] -- Up-to-date: /home/vincentspada/unitree_ws/install/controller_manager_msgs/include/controller_manager_msgs/controller_manager_msgs/srv/detail/list_controller_types__struct.h
[4.380s] -- Up-to-date: /home/vincentspada/unitree_ws/install/controller_manager_msgs/include/controller_manager_msgs/controller_manager_msgs/srv/detail/list_controllers__functions.h
[4.380s] -- Up-to-date: /home/vincentspada/unitree_ws/install/controller_manager_msgs/include/controller_manager_msgs/controller_manager_msgs/srv/detail/list_controllers__type_support.h
[4.380s] -- Up-to-date: /home/vincentspada/unitree_ws/install/controller_manager_msgs/include/controller_manager_msgs/controller_manager_msgs/srv/detail/configure_controller__type_support.h
[4.380s] -- Up-to-date: /home/vincentspada/unitree_ws/install/controller_manager_msgs/include/controller_manager_msgs/controller_manager_msgs/srv/detail/load_controller__functions.c
[4.381s] -- Up-to-date: /home/vincentspada/unitree_ws/install/controller_manager_msgs/include/controller_manager_msgs/controller_manager_msgs/srv/detail/load_controller__functions.h
[4.381s] -- Up-to-date: /home/vincentspada/unitree_ws/install/controller_manager_msgs/include/controller_manager_msgs/controller_manager_msgs/srv/detail/unload_controller__type_support.h
[4.381s] -- Up-to-date: /home/vincentspada/unitree_ws/install/controller_manager_msgs/include/controller_manager_msgs/controller_manager_msgs/srv/detail/list_hardware_components__type_support.h
[4.383s] -- Up-to-date: /home/vincentspada/unitree_ws/install/controller_manager_msgs/include/controller_manager_msgs/controller_manager_msgs/srv/detail/reload_controller_libraries__type_support.h
[4.383s] -- Up-to-date: /home/vincentspada/unitree_ws/install/controller_manager_msgs/include/controller_manager_msgs/controller_manager_msgs/srv/detail/switch_controller__functions.c
[4.383s] -- Up-to-date: /home/vincentspada/unitree_ws/install/controller_manager_msgs/include/controller_manager_msgs/controller_manager_msgs/srv/detail/set_hardware_component_state__type_support.h
[4.383s] -- Up-to-date: /home/vincentspada/unitree_ws/install/controller_manager_msgs/include/controller_manager_msgs/controller_manager_msgs/srv/list_controllers.h
[4.384s] -- Up-to-date: /home/vincentspada/unitree_ws/install/controller_manager_msgs/include/controller_manager_msgs/controller_manager_msgs/srv/configure_controller.h
[4.384s] -- Up-to-date: /home/vincentspada/unitree_ws/install/controller_manager_msgs/include/controller_manager_msgs/controller_manager_msgs/srv/switch_controller.h
[4.384s] -- Up-to-date: /home/vincentspada/unitree_ws/install/controller_manager_msgs/include/controller_manager_msgs/controller_manager_msgs/msg
[4.384s] -- Up-to-date: /home/vincentspada/unitree_ws/install/controller_manager_msgs/include/controller_manager_msgs/controller_manager_msgs/msg/rosidl_generator_c__visibility_control.h
[4.384s] -- Up-to-date: /home/vincentspada/unitree_ws/install/controller_manager_msgs/include/controller_manager_msgs/controller_manager_msgs/msg/controller_state.h
[4.385s] -- Up-to-date: /home/vincentspada/unitree_ws/install/controller_manager_msgs/include/controller_manager_msgs/controller_manager_msgs/msg/hardware_component_state.h
[4.385s] -- Up-to-date: /home/vincentspada/unitree_ws/install/controller_manager_msgs/include/controller_manager_msgs/controller_manager_msgs/msg/chain_connection.h
[4.385s] -- Up-to-date: /home/vincentspada/unitree_ws/install/controller_manager_msgs/include/controller_manager_msgs/controller_manager_msgs/msg/detail
[4.385s] -- Up-to-date: /home/vincentspada/unitree_ws/install/controller_manager_msgs/include/controller_manager_msgs/controller_manager_msgs/msg/detail/chain_connection__type_support.h
[4.386s] -- Up-to-date: /home/vincentspada/unitree_ws/install/controller_manager_msgs/include/controller_manager_msgs/controller_manager_msgs/msg/detail/chain_connection__functions.c
[4.386s] -- Up-to-date: /home/vincentspada/unitree_ws/install/controller_manager_msgs/include/controller_manager_msgs/controller_manager_msgs/msg/detail/hardware_component_state__functions.h
[4.386s] -- Up-to-date: /home/vincentspada/unitree_ws/install/controller_manager_msgs/include/controller_manager_msgs/controller_manager_msgs/msg/detail/controller_state__type_support.h
[4.386s] -- Up-to-date: /home/vincentspada/unitree_ws/install/controller_manager_msgs/include/controller_manager_msgs/controller_manager_msgs/msg/detail/controller_state__struct.h
[4.386s] -- Up-to-date: /home/vincentspada/unitree_ws/install/controller_manager_msgs/include/controller_manager_msgs/controller_manager_msgs/msg/detail/hardware_component_state__functions.c
[4.386s] -- Up-to-date: /home/vincentspada/unitree_ws/install/controller_manager_msgs/include/controller_manager_msgs/controller_manager_msgs/msg/detail/hardware_component_state__type_support.h
[4.387s] -- Up-to-date: /home/vincentspada/unitree_ws/install/controller_manager_msgs/include/controller_manager_msgs/controller_manager_msgs/msg/detail/chain_connection__struct.h
[4.387s] -- Up-to-date: /home/vincentspada/unitree_ws/install/controller_manager_msgs/include/controller_manager_msgs/controller_manager_msgs/msg/detail/controller_state__functions.h
[4.387s] -- Up-to-date: /home/vincentspada/unitree_ws/install/controller_manager_msgs/include/controller_manager_msgs/controller_manager_msgs/msg/detail/hardware_component_state__struct.h
[4.387s] -- Up-to-date: /home/vincentspada/unitree_ws/install/controller_manager_msgs/include/controller_manager_msgs/controller_manager_msgs/msg/detail/hardware_interface__functions.c
[4.387s] -- Up-to-date: /home/vincentspada/unitree_ws/install/controller_manager_msgs/include/controller_manager_msgs/controller_manager_msgs/msg/detail/hardware_interface__functions.h
[4.388s] -- Up-to-date: /home/vincentspada/unitree_ws/install/controller_manager_msgs/include/controller_manager_msgs/controller_manager_msgs/msg/detail/hardware_interface__struct.h
[4.388s] -- Up-to-date: /home/vincentspada/unitree_ws/install/controller_manager_msgs/include/controller_manager_msgs/controller_manager_msgs/msg/detail/controller_state__functions.c
[4.388s] -- Up-to-date: /home/vincentspada/unitree_ws/install/controller_manager_msgs/include/controller_manager_msgs/controller_manager_msgs/msg/detail/hardware_interface__type_support.h
[4.388s] -- Up-to-date: /home/vincentspada/unitree_ws/install/controller_manager_msgs/include/controller_manager_msgs/controller_manager_msgs/msg/detail/chain_connection__functions.h
[4.388s] -- Up-to-date: /home/vincentspada/unitree_ws/install/controller_manager_msgs/include/controller_manager_msgs/controller_manager_msgs/msg/hardware_interface.h
[4.389s] -- Up-to-date: /home/vincentspada/unitree_ws/install/controller_manager_msgs/share/controller_manager_msgs/environment/library_path.sh
[4.389s] -- Up-to-date: /home/vincentspada/unitree_ws/install/controller_manager_msgs/share/controller_manager_msgs/environment/library_path.dsv
[4.389s] -- Up-to-date: /home/vincentspada/unitree_ws/install/controller_manager_msgs/lib/libcontroller_manager_msgs__rosidl_generator_c.so
[4.389s] -- Up-to-date: /home/vincentspada/unitree_ws/install/controller_manager_msgs/include/controller_manager_msgs/controller_manager_msgs
[4.389s] -- Up-to-date: /home/vincentspada/unitree_ws/install/controller_manager_msgs/include/controller_manager_msgs/controller_manager_msgs/srv
[4.390s] -- Up-to-date: /home/vincentspada/unitree_ws/install/controller_manager_msgs/include/controller_manager_msgs/controller_manager_msgs/srv/detail
[4.390s] -- Up-to-date: /home/vincentspada/unitree_ws/install/controller_manager_msgs/include/controller_manager_msgs/controller_manager_msgs/srv/detail/unload_controller__rosidl_typesupport_fastrtps_c.h
[4.390s] -- Up-to-date: /home/vincentspada/unitree_ws/install/controller_manager_msgs/include/controller_manager_msgs/controller_manager_msgs/srv/detail/set_hardware_component_state__rosidl_typesupport_fastrtps_c.h
[4.390s] -- Up-to-date: /home/vincentspada/unitree_ws/install/controller_manager_msgs/include/controller_manager_msgs/controller_manager_msgs/srv/detail/reload_controller_libraries__rosidl_typesupport_fastrtps_c.h
[4.390s] -- Up-to-date: /home/vincentspada/unitree_ws/install/controller_manager_msgs/include/controller_manager_msgs/controller_manager_msgs/srv/detail/load_controller__rosidl_typesupport_fastrtps_c.h
[4.390s] -- Up-to-date: /home/vincentspada/unitree_ws/install/controller_manager_msgs/include/controller_manager_msgs/controller_manager_msgs/srv/detail/switch_controller__rosidl_typesupport_fastrtps_c.h
[4.391s] -- Up-to-date: /home/vincentspada/unitree_ws/install/controller_manager_msgs/include/controller_manager_msgs/controller_manager_msgs/srv/detail/list_controller_types__rosidl_typesupport_fastrtps_c.h
[4.391s] -- Up-to-date: /home/vincentspada/unitree_ws/install/controller_manager_msgs/include/controller_manager_msgs/controller_manager_msgs/srv/detail/list_hardware_components__rosidl_typesupport_fastrtps_c.h
[4.391s] -- Up-to-date: /home/vincentspada/unitree_ws/install/controller_manager_msgs/include/controller_manager_msgs/controller_manager_msgs/srv/detail/list_hardware_interfaces__rosidl_typesupport_fastrtps_c.h
[4.391s] -- Up-to-date: /home/vincentspada/unitree_ws/install/controller_manager_msgs/include/controller_manager_msgs/controller_manager_msgs/srv/detail/list_controllers__rosidl_typesupport_fastrtps_c.h
[4.391s] -- Up-to-date: /home/vincentspada/unitree_ws/install/controller_manager_msgs/include/controller_manager_msgs/controller_manager_msgs/srv/detail/configure_controller__rosidl_typesupport_fastrtps_c.h
[4.392s] -- Up-to-date: /home/vincentspada/unitree_ws/install/controller_manager_msgs/include/controller_manager_msgs/controller_manager_msgs/msg
[4.404s] -- Up-to-date: /home/vincentspada/unitree_ws/install/controller_manager_msgs/include/controller_manager_msgs/controller_manager_msgs/msg/detail
[4.405s] -- Up-to-date: /home/vincentspada/unitree_ws/install/controller_manager_msgs/include/controller_manager_msgs/controller_manager_msgs/msg/detail/chain_connection__rosidl_typesupport_fastrtps_c.h
[4.405s] -- Up-to-date: /home/vincentspada/unitree_ws/install/controller_manager_msgs/include/controller_manager_msgs/controller_manager_msgs/msg/detail/hardware_component_state__rosidl_typesupport_fastrtps_c.h
[4.405s] -- Up-to-date: /home/vincentspada/unitree_ws/install/controller_manager_msgs/include/controller_manager_msgs/controller_manager_msgs/msg/detail/controller_state__rosidl_typesupport_fastrtps_c.h
[4.405s] -- Up-to-date: /home/vincentspada/unitree_ws/install/controller_manager_msgs/include/controller_manager_msgs/controller_manager_msgs/msg/detail/hardware_interface__rosidl_typesupport_fastrtps_c.h
[4.405s] -- Up-to-date: /home/vincentspada/unitree_ws/install/controller_manager_msgs/include/controller_manager_msgs/controller_manager_msgs/msg/rosidl_typesupport_fastrtps_c__visibility_control.h
[4.405s] -- Up-to-date: /home/vincentspada/unitree_ws/install/controller_manager_msgs/lib/libcontroller_manager_msgs__rosidl_typesupport_fastrtps_c.so
[4.406s] -- Up-to-date: /home/vincentspada/unitree_ws/install/controller_manager_msgs/include/controller_manager_msgs/controller_manager_msgs
[4.406s] -- Up-to-date: /home/vincentspada/unitree_ws/install/controller_manager_msgs/include/controller_manager_msgs/controller_manager_msgs/srv
[4.406s] -- Up-to-date: /home/vincentspada/unitree_ws/install/controller_manager_msgs/include/controller_manager_msgs/controller_manager_msgs/srv/set_hardware_component_state.hpp
[4.406s] -- Up-to-date: /home/vincentspada/unitree_ws/install/controller_manager_msgs/include/controller_manager_msgs/controller_manager_msgs/srv/list_controllers.hpp
[4.406s] -- Up-to-date: /home/vincentspada/unitree_ws/install/controller_manager_msgs/include/controller_manager_msgs/controller_manager_msgs/srv/unload_controller.hpp
[4.406s] -- Up-to-date: /home/vincentspada/unitree_ws/install/controller_manager_msgs/include/controller_manager_msgs/controller_manager_msgs/srv/configure_controller.hpp
[4.407s] -- Up-to-date: /home/vincentspada/unitree_ws/install/controller_manager_msgs/include/controller_manager_msgs/controller_manager_msgs/srv/list_controller_types.hpp
[4.407s] -- Up-to-date: /home/vincentspada/unitree_ws/install/controller_manager_msgs/include/controller_manager_msgs/controller_manager_msgs/srv/list_hardware_interfaces.hpp
[4.407s] -- Up-to-date: /home/vincentspada/unitree_ws/install/controller_manager_msgs/include/controller_manager_msgs/controller_manager_msgs/srv/list_hardware_components.hpp
[4.407s] -- Up-to-date: /home/vincentspada/unitree_ws/install/controller_manager_msgs/include/controller_manager_msgs/controller_manager_msgs/srv/detail
[4.407s] -- Up-to-date: /home/vincentspada/unitree_ws/install/controller_manager_msgs/include/controller_manager_msgs/controller_manager_msgs/srv/detail/configure_controller__builder.hpp
[4.407s] -- Up-to-date: /home/vincentspada/unitree_ws/install/controller_manager_msgs/include/controller_manager_msgs/controller_manager_msgs/srv/detail/switch_controller__struct.hpp
[4.408s] -- Up-to-date: /home/vincentspada/unitree_ws/install/controller_manager_msgs/include/controller_manager_msgs/controller_manager_msgs/srv/detail/list_controller_types__struct.hpp
[4.408s] -- Up-to-date: /home/vincentspada/unitree_ws/install/controller_manager_msgs/include/controller_manager_msgs/controller_manager_msgs/srv/detail/load_controller__struct.hpp
[4.408s] -- Up-to-date: /home/vincentspada/unitree_ws/install/controller_manager_msgs/include/controller_manager_msgs/controller_manager_msgs/srv/detail/list_hardware_components__traits.hpp
[4.408s] -- Up-to-date: /home/vincentspada/unitree_ws/install/controller_manager_msgs/include/controller_manager_msgs/controller_manager_msgs/srv/detail/unload_controller__builder.hpp
[4.408s] -- Up-to-date: /home/vincentspada/unitree_ws/install/controller_manager_msgs/include/controller_manager_msgs/controller_manager_msgs/srv/detail/list_controllers__builder.hpp
[4.409s] -- Up-to-date: /home/vincentspada/unitree_ws/install/controller_manager_msgs/include/controller_manager_msgs/controller_manager_msgs/srv/detail/set_hardware_component_state__builder.hpp
[4.409s] -- Up-to-date: /home/vincentspada/unitree_ws/install/controller_manager_msgs/include/controller_manager_msgs/controller_manager_msgs/srv/detail/reload_controller_libraries__struct.hpp
[4.409s] -- Up-to-date: /home/vincentspada/unitree_ws/install/controller_manager_msgs/include/controller_manager_msgs/controller_manager_msgs/srv/detail/list_hardware_interfaces__struct.hpp
[4.409s] -- Up-to-date: /home/vincentspada/unitree_ws/install/controller_manager_msgs/include/controller_manager_msgs/controller_manager_msgs/srv/detail/list_controller_types__builder.hpp
[4.409s] -- Up-to-date: /home/vincentspada/unitree_ws/install/controller_manager_msgs/include/controller_manager_msgs/controller_manager_msgs/srv/detail/reload_controller_libraries__builder.hpp
[4.409s] -- Up-to-date: /home/vincentspada/unitree_ws/install/controller_manager_msgs/include/controller_manager_msgs/controller_manager_msgs/srv/detail/list_hardware_components__builder.hpp
[4.410s] -- Up-to-date: /home/vincentspada/unitree_ws/install/controller_manager_msgs/include/controller_manager_msgs/controller_manager_msgs/srv/detail/list_hardware_interfaces__traits.hpp
[4.410s] -- Up-to-date: /home/vincentspada/unitree_ws/install/controller_manager_msgs/include/controller_manager_msgs/controller_manager_msgs/srv/detail/unload_controller__struct.hpp
[4.410s] -- Up-to-date: /home/vincentspada/unitree_ws/install/controller_manager_msgs/include/controller_manager_msgs/controller_manager_msgs/srv/detail/set_hardware_component_state__traits.hpp
[4.410s] -- Up-to-date: /home/vincentspada/unitree_ws/install/controller_manager_msgs/include/controller_manager_msgs/controller_manager_msgs/srv/detail/configure_controller__struct.hpp
[4.410s] -- Up-to-date: /home/vincentspada/unitree_ws/install/controller_manager_msgs/include/controller_manager_msgs/controller_manager_msgs/srv/detail/configure_controller__traits.hpp
[4.410s] -- Up-to-date: /home/vincentspada/unitree_ws/install/controller_manager_msgs/include/controller_manager_msgs/controller_manager_msgs/srv/detail/set_hardware_component_state__struct.hpp
[4.411s] -- Up-to-date: /home/vincentspada/unitree_ws/install/controller_manager_msgs/include/controller_manager_msgs/controller_manager_msgs/srv/detail/list_hardware_interfaces__builder.hpp
[4.411s] -- Up-to-date: /home/vincentspada/unitree_ws/install/controller_manager_msgs/include/controller_manager_msgs/controller_manager_msgs/srv/detail/unload_controller__traits.hpp
[4.411s] -- Up-to-date: /home/vincentspada/unitree_ws/install/controller_manager_msgs/include/controller_manager_msgs/controller_manager_msgs/srv/detail/list_controller_types__traits.hpp
[4.411s] -- Up-to-date: /home/vincentspada/unitree_ws/install/controller_manager_msgs/include/controller_manager_msgs/controller_manager_msgs/srv/detail/list_controllers__struct.hpp
[4.411s] -- Up-to-date: /home/vincentspada/unitree_ws/install/controller_manager_msgs/include/controller_manager_msgs/controller_manager_msgs/srv/detail/switch_controller__builder.hpp
[4.411s] -- Up-to-date: /home/vincentspada/unitree_ws/install/controller_manager_msgs/include/controller_manager_msgs/controller_manager_msgs/srv/detail/list_hardware_components__struct.hpp
[4.412s] -- Up-to-date: /home/vincentspada/unitree_ws/install/controller_manager_msgs/include/controller_manager_msgs/controller_manager_msgs/srv/detail/reload_controller_libraries__traits.hpp
[4.412s] -- Up-to-date: /home/vincentspada/unitree_ws/install/controller_manager_msgs/include/controller_manager_msgs/controller_manager_msgs/srv/detail/load_controller__traits.hpp
[4.412s] -- Up-to-date: /home/vincentspada/unitree_ws/install/controller_manager_msgs/include/controller_manager_msgs/controller_manager_msgs/srv/detail/load_controller__builder.hpp
[4.412s] -- Up-to-date: /home/vincentspada/unitree_ws/install/controller_manager_msgs/include/controller_manager_msgs/controller_manager_msgs/srv/detail/switch_controller__traits.hpp
[4.412s] -- Up-to-date: /home/vincentspada/unitree_ws/install/controller_manager_msgs/include/controller_manager_msgs/controller_manager_msgs/srv/detail/list_controllers__traits.hpp
[4.412s] -- Up-to-date: /home/vincentspada/unitree_ws/install/controller_manager_msgs/include/controller_manager_msgs/controller_manager_msgs/srv/reload_controller_libraries.hpp
[4.413s] -- Up-to-date: /home/vincentspada/unitree_ws/install/controller_manager_msgs/include/controller_manager_msgs/controller_manager_msgs/srv/switch_controller.hpp
[4.413s] -- Up-to-date: /home/vincentspada/unitree_ws/install/controller_manager_msgs/include/controller_manager_msgs/controller_manager_msgs/srv/load_controller.hpp
[4.413s] -- Up-to-date: /home/vincentspada/unitree_ws/install/controller_manager_msgs/include/controller_manager_msgs/controller_manager_msgs/msg
[4.413s] -- Up-to-date: /home/vincentspada/unitree_ws/install/controller_manager_msgs/include/controller_manager_msgs/controller_manager_msgs/msg/hardware_interface.hpp
[4.414s] -- Up-to-date: /home/vincentspada/unitree_ws/install/controller_manager_msgs/include/controller_manager_msgs/controller_manager_msgs/msg/controller_state.hpp
[4.414s] -- Up-to-date: /home/vincentspada/unitree_ws/install/controller_manager_msgs/include/controller_manager_msgs/controller_manager_msgs/msg/hardware_component_state.hpp
[4.414s] -- Up-to-date: /home/vincentspada/unitree_ws/install/controller_manager_msgs/include/controller_manager_msgs/controller_manager_msgs/msg/chain_connection.hpp
[4.414s] -- Up-to-date: /home/vincentspada/unitree_ws/install/controller_manager_msgs/include/controller_manager_msgs/controller_manager_msgs/msg/detail
[4.414s] -- Up-to-date: /home/vincentspada/unitree_ws/install/controller_manager_msgs/include/controller_manager_msgs/controller_manager_msgs/msg/detail/controller_state__builder.hpp
[4.415s] -- Up-to-date: /home/vincentspada/unitree_ws/install/controller_manager_msgs/include/controller_manager_msgs/controller_manager_msgs/msg/detail/hardware_component_state__struct.hpp
[4.415s] -- Up-to-date: /home/vincentspada/unitree_ws/install/controller_manager_msgs/include/controller_manager_msgs/controller_manager_msgs/msg/detail/controller_state__struct.hpp
[4.415s] -- Up-to-date: /home/vincentspada/unitree_ws/install/controller_manager_msgs/include/controller_manager_msgs/controller_manager_msgs/msg/detail/hardware_component_state__traits.hpp
[4.415s] -- Up-to-date: /home/vincentspada/unitree_ws/install/controller_manager_msgs/include/controller_manager_msgs/controller_manager_msgs/msg/detail/hardware_interface__traits.hpp
[4.415s] -- Up-to-date: /home/vincentspada/unitree_ws/install/controller_manager_msgs/include/controller_manager_msgs/controller_manager_msgs/msg/detail/chain_connection__builder.hpp
[4.416s] -- Up-to-date: /home/vincentspada/unitree_ws/install/controller_manager_msgs/include/controller_manager_msgs/controller_manager_msgs/msg/detail/hardware_interface__struct.hpp
[4.425s] -- Up-to-date: /home/vincentspada/unitree_ws/install/controller_manager_msgs/include/controller_manager_msgs/controller_manager_msgs/msg/detail/chain_connection__traits.hpp
[4.425s] -- Up-to-date: /home/vincentspada/unitree_ws/install/controller_manager_msgs/include/controller_manager_msgs/controller_manager_msgs/msg/detail/controller_state__traits.hpp
[4.426s] -- Up-to-date: /home/vincentspada/unitree_ws/install/controller_manager_msgs/include/controller_manager_msgs/controller_manager_msgs/msg/detail/hardware_interface__builder.hpp
[4.426s] -- Up-to-date: /home/vincentspada/unitree_ws/install/controller_manager_msgs/include/controller_manager_msgs/controller_manager_msgs/msg/detail/chain_connection__struct.hpp
[4.426s] -- Up-to-date: /home/vincentspada/unitree_ws/install/controller_manager_msgs/include/controller_manager_msgs/controller_manager_msgs/msg/detail/hardware_component_state__builder.hpp
[4.426s] -- Up-to-date: /home/vincentspada/unitree_ws/install/controller_manager_msgs/include/controller_manager_msgs/controller_manager_msgs
[4.426s] -- Up-to-date: /home/vincentspada/unitree_ws/install/controller_manager_msgs/include/controller_manager_msgs/controller_manager_msgs/srv
[4.426s] -- Up-to-date: /home/vincentspada/unitree_ws/install/controller_manager_msgs/include/controller_manager_msgs/controller_manager_msgs/srv/detail
[4.427s] -- Up-to-date: /home/vincentspada/unitree_ws/install/controller_manager_msgs/include/controller_manager_msgs/controller_manager_msgs/srv/detail/configure_controller__rosidl_typesupport_fastrtps_cpp.hpp
[4.427s] -- Up-to-date: /home/vincentspada/unitree_ws/install/controller_manager_msgs/include/controller_manager_msgs/controller_manager_msgs/srv/detail/reload_controller_libraries__rosidl_typesupport_fastrtps_cpp.hpp
[4.428s] -- Up-to-date: /home/vincentspada/unitree_ws/install/controller_manager_msgs/include/controller_manager_msgs/controller_manager_msgs/srv/detail/list_controllers__rosidl_typesupport_fastrtps_cpp.hpp
[4.428s] -- Up-to-date: /home/vincentspada/unitree_ws/install/controller_manager_msgs/include/controller_manager_msgs/controller_manager_msgs/srv/detail/list_hardware_components__rosidl_typesupport_fastrtps_cpp.hpp
[4.428s] -- Up-to-date: /home/vincentspada/unitree_ws/install/controller_manager_msgs/include/controller_manager_msgs/controller_manager_msgs/srv/detail/unload_controller__rosidl_typesupport_fastrtps_cpp.hpp
[4.428s] -- Up-to-date: /home/vincentspada/unitree_ws/install/controller_manager_msgs/include/controller_manager_msgs/controller_manager_msgs/srv/detail/list_hardware_interfaces__rosidl_typesupport_fastrtps_cpp.hpp
[4.429s] -- Up-to-date: /home/vincentspada/unitree_ws/install/controller_manager_msgs/include/controller_manager_msgs/controller_manager_msgs/srv/detail/set_hardware_component_state__rosidl_typesupport_fastrtps_cpp.hpp
[4.429s] -- Up-to-date: /home/vincentspada/unitree_ws/install/controller_manager_msgs/include/controller_manager_msgs/controller_manager_msgs/srv/detail/list_controller_types__rosidl_typesupport_fastrtps_cpp.hpp
[4.429s] -- Up-to-date: /home/vincentspada/unitree_ws/install/controller_manager_msgs/include/controller_manager_msgs/controller_manager_msgs/srv/detail/load_controller__rosidl_typesupport_fastrtps_cpp.hpp
[4.429s] -- Up-to-date: /home/vincentspada/unitree_ws/install/controller_manager_msgs/include/controller_manager_msgs/controller_manager_msgs/srv/detail/dds_fastrtps
[4.429s] -- Up-to-date: /home/vincentspada/unitree_ws/install/controller_manager_msgs/include/controller_manager_msgs/controller_manager_msgs/srv/detail/switch_controller__rosidl_typesupport_fastrtps_cpp.hpp
[4.430s] -- Up-to-date: /home/vincentspada/unitree_ws/install/controller_manager_msgs/include/controller_manager_msgs/controller_manager_msgs/msg
[4.430s] -- Up-to-date: /home/vincentspada/unitree_ws/install/controller_manager_msgs/include/controller_manager_msgs/controller_manager_msgs/msg/detail
[4.430s] -- Up-to-date: /home/vincentspada/unitree_ws/install/controller_manager_msgs/include/controller_manager_msgs/controller_manager_msgs/msg/detail/hardware_interface__rosidl_typesupport_fastrtps_cpp.hpp
[4.430s] -- Up-to-date: /home/vincentspada/unitree_ws/install/controller_manager_msgs/include/controller_manager_msgs/controller_manager_msgs/msg/detail/chain_connection__rosidl_typesupport_fastrtps_cpp.hpp
[4.430s] -- Up-to-date: /home/vincentspada/unitree_ws/install/controller_manager_msgs/include/controller_manager_msgs/controller_manager_msgs/msg/detail/hardware_component_state__rosidl_typesupport_fastrtps_cpp.hpp
[4.430s] -- Up-to-date: /home/vincentspada/unitree_ws/install/controller_manager_msgs/include/controller_manager_msgs/controller_manager_msgs/msg/detail/dds_fastrtps
[4.431s] -- Up-to-date: /home/vincentspada/unitree_ws/install/controller_manager_msgs/include/controller_manager_msgs/controller_manager_msgs/msg/detail/controller_state__rosidl_typesupport_fastrtps_cpp.hpp
[4.431s] -- Up-to-date: /home/vincentspada/unitree_ws/install/controller_manager_msgs/include/controller_manager_msgs/controller_manager_msgs/msg/rosidl_typesupport_fastrtps_cpp__visibility_control.h
[4.431s] -- Up-to-date: /home/vincentspada/unitree_ws/install/controller_manager_msgs/lib/libcontroller_manager_msgs__rosidl_typesupport_fastrtps_cpp.so
[4.431s] -- Up-to-date: /home/vincentspada/unitree_ws/install/controller_manager_msgs/include/controller_manager_msgs/controller_manager_msgs
[4.431s] -- Up-to-date: /home/vincentspada/unitree_ws/install/controller_manager_msgs/include/controller_manager_msgs/controller_manager_msgs/srv
[4.434s] -- Up-to-date: /home/vincentspada/unitree_ws/install/controller_manager_msgs/include/controller_manager_msgs/controller_manager_msgs/srv/detail
[4.434s] -- Up-to-date: /home/vincentspada/unitree_ws/install/controller_manager_msgs/include/controller_manager_msgs/controller_manager_msgs/srv/detail/list_controllers__type_support.c
[4.434s] -- Up-to-date: /home/vincentspada/unitree_ws/install/controller_manager_msgs/include/controller_manager_msgs/controller_manager_msgs/srv/detail/list_controller_types__rosidl_typesupport_introspection_c.h
[4.435s] -- Up-to-date: /home/vincentspada/unitree_ws/install/controller_manager_msgs/include/controller_manager_msgs/controller_manager_msgs/srv/detail/configure_controller__rosidl_typesupport_introspection_c.h
[4.436s] -- Up-to-date: /home/vincentspada/unitree_ws/install/controller_manager_msgs/include/controller_manager_msgs/controller_manager_msgs/srv/detail/reload_controller_libraries__rosidl_typesupport_introspection_c.h
[4.436s] -- Up-to-date: /home/vincentspada/unitree_ws/install/controller_manager_msgs/include/controller_manager_msgs/controller_manager_msgs/srv/detail/list_hardware_interfaces__type_support.c
[4.436s] -- Up-to-date: /home/vincentspada/unitree_ws/install/controller_manager_msgs/include/controller_manager_msgs/controller_manager_msgs/srv/detail/list_hardware_interfaces__rosidl_typesupport_introspection_c.h
[4.436s] -- Up-to-date: /home/vincentspada/unitree_ws/install/controller_manager_msgs/include/controller_manager_msgs/controller_manager_msgs/srv/detail/list_hardware_components__type_support.c
[4.437s] -- Up-to-date: /home/vincentspada/unitree_ws/install/controller_manager_msgs/include/controller_manager_msgs/controller_manager_msgs/srv/detail/load_controller__type_support.c
[4.437s] -- Up-to-date: /home/vincentspada/unitree_ws/install/controller_manager_msgs/include/controller_manager_msgs/controller_manager_msgs/srv/detail/load_controller__rosidl_typesupport_introspection_c.h
[4.437s] -- Up-to-date: /home/vincentspada/unitree_ws/install/controller_manager_msgs/include/controller_manager_msgs/controller_manager_msgs/srv/detail/switch_controller__rosidl_typesupport_introspection_c.h
[4.437s] -- Up-to-date: /home/vincentspada/unitree_ws/install/controller_manager_msgs/include/controller_manager_msgs/controller_manager_msgs/srv/detail/set_hardware_component_state__rosidl_typesupport_introspection_c.h
[4.438s] -- Up-to-date: /home/vincentspada/unitree_ws/install/controller_manager_msgs/include/controller_manager_msgs/controller_manager_msgs/srv/detail/unload_controller__type_support.c
[4.438s] -- Up-to-date: /home/vincentspada/unitree_ws/install/controller_manager_msgs/include/controller_manager_msgs/controller_manager_msgs/srv/detail/unload_controller__rosidl_typesupport_introspection_c.h
[4.438s] -- Up-to-date: /home/vincentspada/unitree_ws/install/controller_manager_msgs/include/controller_manager_msgs/controller_manager_msgs/srv/detail/list_controller_types__type_support.c
[4.438s] -- Up-to-date: /home/vincentspada/unitree_ws/install/controller_manager_msgs/include/controller_manager_msgs/controller_manager_msgs/srv/detail/list_hardware_components__rosidl_typesupport_introspection_c.h
[4.438s] -- Up-to-date: /home/vincentspada/unitree_ws/install/controller_manager_msgs/include/controller_manager_msgs/controller_manager_msgs/srv/detail/reload_controller_libraries__type_support.c
[4.439s] -- Up-to-date: /home/vincentspada/unitree_ws/install/controller_manager_msgs/include/controller_manager_msgs/controller_manager_msgs/srv/detail/switch_controller__type_support.c
[4.439s] -- Up-to-date: /home/vincentspada/unitree_ws/install/controller_manager_msgs/include/controller_manager_msgs/controller_manager_msgs/srv/detail/list_controllers__rosidl_typesupport_introspection_c.h
[4.439s] -- Up-to-date: /home/vincentspada/unitree_ws/install/controller_manager_msgs/include/controller_manager_msgs/controller_manager_msgs/srv/detail/configure_controller__type_support.c
[4.439s] -- Up-to-date: /home/vincentspada/unitree_ws/install/controller_manager_msgs/include/controller_manager_msgs/controller_manager_msgs/srv/detail/set_hardware_component_state__type_support.c
[4.439s] -- Up-to-date: /home/vincentspada/unitree_ws/install/controller_manager_msgs/include/controller_manager_msgs/controller_manager_msgs/msg
[4.440s] -- Up-to-date: /home/vincentspada/unitree_ws/install/controller_manager_msgs/include/controller_manager_msgs/controller_manager_msgs/msg/rosidl_typesupport_introspection_c__visibility_control.h
[4.440s] -- Up-to-date: /home/vincentspada/unitree_ws/install/controller_manager_msgs/include/controller_manager_msgs/controller_manager_msgs/msg/detail
[4.440s] -- Up-to-date: /home/vincentspada/unitree_ws/install/controller_manager_msgs/include/controller_manager_msgs/controller_manager_msgs/msg/detail/controller_state__rosidl_typesupport_introspection_c.h
[4.440s] -- Up-to-date: /home/vincentspada/unitree_ws/install/controller_manager_msgs/include/controller_manager_msgs/controller_manager_msgs/msg/detail/hardware_interface__type_support.c
[4.441s] -- Up-to-date: /home/vincentspada/unitree_ws/install/controller_manager_msgs/include/controller_manager_msgs/controller_manager_msgs/msg/detail/hardware_component_state__type_support.c
[4.442s] -- Up-to-date: /home/vincentspada/unitree_ws/install/controller_manager_msgs/include/controller_manager_msgs/controller_manager_msgs/msg/detail/hardware_interface__rosidl_typesupport_introspection_c.h
[4.442s] -- Up-to-date: /home/vincentspada/unitree_ws/install/controller_manager_msgs/include/controller_manager_msgs/controller_manager_msgs/msg/detail/chain_connection__rosidl_typesupport_introspection_c.h
[4.442s] -- Up-to-date: /home/vincentspada/unitree_ws/install/controller_manager_msgs/include/controller_manager_msgs/controller_manager_msgs/msg/detail/controller_state__type_support.c
[4.443s] -- Up-to-date: /home/vincentspada/unitree_ws/install/controller_manager_msgs/include/controller_manager_msgs/controller_manager_msgs/msg/detail/hardware_component_state__rosidl_typesupport_introspection_c.h
[4.443s] -- Up-to-date: /home/vincentspada/unitree_ws/install/controller_manager_msgs/include/controller_manager_msgs/controller_manager_msgs/msg/detail/chain_connection__type_support.c
[4.443s] -- Up-to-date: /home/vincentspada/unitree_ws/install/controller_manager_msgs/lib/libcontroller_manager_msgs__rosidl_typesupport_introspection_c.so
[4.444s] -- Up-to-date: /home/vincentspada/unitree_ws/install/controller_manager_msgs/lib/libcontroller_manager_msgs__rosidl_typesupport_c.so
[4.444s] -- Up-to-date: /home/vincentspada/unitree_ws/install/controller_manager_msgs/include/controller_manager_msgs/controller_manager_msgs
[4.444s] -- Up-to-date: /home/vincentspada/unitree_ws/install/controller_manager_msgs/include/controller_manager_msgs/controller_manager_msgs/srv
[4.444s] -- Up-to-date: /home/vincentspada/unitree_ws/install/controller_manager_msgs/include/controller_manager_msgs/controller_manager_msgs/srv/detail
[4.444s] -- Up-to-date: /home/vincentspada/unitree_ws/install/controller_manager_msgs/include/controller_manager_msgs/controller_manager_msgs/srv/detail/switch_controller__rosidl_typesupport_introspection_cpp.hpp
[4.445s] -- Up-to-date: /home/vincentspada/unitree_ws/install/controller_manager_msgs/include/controller_manager_msgs/controller_manager_msgs/srv/detail/list_hardware_interfaces__rosidl_typesupport_introspection_cpp.hpp
[4.445s] -- Up-to-date: /home/vincentspada/unitree_ws/install/controller_manager_msgs/include/controller_manager_msgs/controller_manager_msgs/srv/detail/unload_controller__type_support.cpp
[4.445s] -- Up-to-date: /home/vincentspada/unitree_ws/install/controller_manager_msgs/include/controller_manager_msgs/controller_manager_msgs/srv/detail/list_hardware_components__rosidl_typesupport_introspection_cpp.hpp
[4.445s] -- Up-to-date: /home/vincentspada/unitree_ws/install/controller_manager_msgs/include/controller_manager_msgs/controller_manager_msgs/srv/detail/list_controller_types__type_support.cpp
[4.445s] -- Up-to-date: /home/vincentspada/unitree_ws/install/controller_manager_msgs/include/controller_manager_msgs/controller_manager_msgs/srv/detail/set_hardware_component_state__type_support.cpp
[4.446s] -- Up-to-date: /home/vincentspada/unitree_ws/install/controller_manager_msgs/include/controller_manager_msgs/controller_manager_msgs/srv/detail/configure_controller__rosidl_typesupport_introspection_cpp.hpp
[4.446s] -- Up-to-date: /home/vincentspada/unitree_ws/install/controller_manager_msgs/include/controller_manager_msgs/controller_manager_msgs/srv/detail/list_controllers__type_support.cpp
[4.446s] -- Up-to-date: /home/vincentspada/unitree_ws/install/controller_manager_msgs/include/controller_manager_msgs/controller_manager_msgs/srv/detail/load_controller__type_support.cpp
[4.446s] -- Up-to-date: /home/vincentspada/unitree_ws/install/controller_manager_msgs/include/controller_manager_msgs/controller_manager_msgs/srv/detail/reload_controller_libraries__rosidl_typesupport_introspection_cpp.hpp
[4.446s] -- Up-to-date: /home/vincentspada/unitree_ws/install/controller_manager_msgs/include/controller_manager_msgs/controller_manager_msgs/srv/detail/load_controller__rosidl_typesupport_introspection_cpp.hpp
[4.446s] -- Up-to-date: /home/vincentspada/unitree_ws/install/controller_manager_msgs/include/controller_manager_msgs/controller_manager_msgs/srv/detail/set_hardware_component_state__rosidl_typesupport_introspection_cpp.hpp
[4.447s] -- Up-to-date: /home/vincentspada/unitree_ws/install/controller_manager_msgs/include/controller_manager_msgs/controller_manager_msgs/srv/detail/configure_controller__type_support.cpp
[4.447s] -- Up-to-date: /home/vincentspada/unitree_ws/install/controller_manager_msgs/include/controller_manager_msgs/controller_manager_msgs/srv/detail/list_hardware_components__type_support.cpp
[4.447s] -- Up-to-date: /home/vincentspada/unitree_ws/install/controller_manager_msgs/include/controller_manager_msgs/controller_manager_msgs/srv/detail/list_controller_types__rosidl_typesupport_introspection_cpp.hpp
[4.447s] -- Up-to-date: /home/vincentspada/unitree_ws/install/controller_manager_msgs/include/controller_manager_msgs/controller_manager_msgs/srv/detail/unload_controller__rosidl_typesupport_introspection_cpp.hpp
[4.447s] -- Up-to-date: /home/vincentspada/unitree_ws/install/controller_manager_msgs/include/controller_manager_msgs/controller_manager_msgs/srv/detail/reload_controller_libraries__type_support.cpp
[4.447s] -- Up-to-date: /home/vincentspada/unitree_ws/install/controller_manager_msgs/include/controller_manager_msgs/controller_manager_msgs/srv/detail/list_controllers__rosidl_typesupport_introspection_cpp.hpp
[4.448s] -- Up-to-date: /home/vincentspada/unitree_ws/install/controller_manager_msgs/include/controller_manager_msgs/controller_manager_msgs/srv/detail/list_hardware_interfaces__type_support.cpp
[4.449s] -- Up-to-date: /home/vincentspada/unitree_ws/install/controller_manager_msgs/include/controller_manager_msgs/controller_manager_msgs/srv/detail/switch_controller__type_support.cpp
[4.449s] -- Up-to-date: /home/vincentspada/unitree_ws/install/controller_manager_msgs/include/controller_manager_msgs/controller_manager_msgs/msg
[4.450s] -- Up-to-date: /home/vincentspada/unitree_ws/install/controller_manager_msgs/include/controller_manager_msgs/controller_manager_msgs/msg/detail
[4.450s] -- Up-to-date: /home/vincentspada/unitree_ws/install/controller_manager_msgs/include/controller_manager_msgs/controller_manager_msgs/msg/detail/hardware_component_state__type_support.cpp
[4.450s] -- Up-to-date: /home/vincentspada/unitree_ws/install/controller_manager_msgs/include/controller_manager_msgs/controller_manager_msgs/msg/detail/chain_connection__type_support.cpp
[4.450s] -- Up-to-date: /home/vincentspada/unitree_ws/install/controller_manager_msgs/include/controller_manager_msgs/controller_manager_msgs/msg/detail/controller_state__rosidl_typesupport_introspection_cpp.hpp
[4.450s] -- Up-to-date: /home/vincentspada/unitree_ws/install/controller_manager_msgs/include/controller_manager_msgs/controller_manager_msgs/msg/detail/chain_connection__rosidl_typesupport_introspection_cpp.hpp
[4.451s] -- Up-to-date: /home/vincentspada/unitree_ws/install/controller_manager_msgs/include/controller_manager_msgs/controller_manager_msgs/msg/detail/hardware_interface__type_support.cpp
[4.451s] -- Up-to-date: /home/vincentspada/unitree_ws/install/controller_manager_msgs/include/controller_manager_msgs/controller_manager_msgs/msg/detail/hardware_interface__rosidl_typesupport_introspection_cpp.hpp
[4.451s] -- Up-to-date: /home/vincentspada/unitree_ws/install/controller_manager_msgs/include/controller_manager_msgs/controller_manager_msgs/msg/detail/hardware_component_state__rosidl_typesupport_introspection_cpp.hpp
[4.452s] -- Up-to-date: /home/vincentspada/unitree_ws/install/controller_manager_msgs/include/controller_manager_msgs/controller_manager_msgs/msg/detail/controller_state__type_support.cpp
[4.452s] -- Up-to-date: /home/vincentspada/unitree_ws/install/controller_manager_msgs/lib/libcontroller_manager_msgs__rosidl_typesupport_introspection_cpp.so
[4.452s] -- Up-to-date: /home/vincentspada/unitree_ws/install/controller_manager_msgs/lib/libcontroller_manager_msgs__rosidl_typesupport_cpp.so
[4.452s] -- Up-to-date: /home/vincentspada/unitree_ws/install/controller_manager_msgs/share/controller_manager_msgs/environment/pythonpath.sh
[4.452s] -- Up-to-date: /home/vincentspada/unitree_ws/install/controller_manager_msgs/share/controller_manager_msgs/environment/pythonpath.dsv
[4.453s] -- Up-to-date: /home/vincentspada/unitree_ws/install/controller_manager_msgs/local/lib/python3.10/dist-packages/controller_manager_msgs-2.31.0-py3.10.egg-info
[4.453s] -- Installing: /home/vincentspada/unitree_ws/install/controller_manager_msgs/local/lib/python3.10/dist-packages/controller_manager_msgs-2.31.0-py3.10.egg-info/dependency_links.txt
[4.453s] -- Installing: /home/vincentspada/unitree_ws/install/controller_manager_msgs/local/lib/python3.10/dist-packages/controller_manager_msgs-2.31.0-py3.10.egg-info/PKG-INFO
[4.453s] -- Installing: /home/vincentspada/unitree_ws/install/controller_manager_msgs/local/lib/python3.10/dist-packages/controller_manager_msgs-2.31.0-py3.10.egg-info/top_level.txt
[4.453s] -- Installing: /home/vincentspada/unitree_ws/install/controller_manager_msgs/local/lib/python3.10/dist-packages/controller_manager_msgs-2.31.0-py3.10.egg-info/SOURCES.txt
[4.453s] -- Up-to-date: /home/vincentspada/unitree_ws/install/controller_manager_msgs/local/lib/python3.10/dist-packages/controller_manager_msgs
[4.454s] -- Up-to-date: /home/vincentspada/unitree_ws/install/controller_manager_msgs/local/lib/python3.10/dist-packages/controller_manager_msgs/_controller_manager_msgs_s.ep.rosidl_typesupport_introspection_c.c
[4.454s] -- Up-to-date: /home/vincentspada/unitree_ws/install/controller_manager_msgs/local/lib/python3.10/dist-packages/controller_manager_msgs/controller_manager_msgs_s__rosidl_typesupport_introspection_c.cpython-310-x86_64-linux-gnu.so
[4.454s] -- Up-to-date: /home/vincentspada/unitree_ws/install/controller_manager_msgs/local/lib/python3.10/dist-packages/controller_manager_msgs/_controller_manager_msgs_s.ep.rosidl_typesupport_c.c
[4.454s] -- Up-to-date: /home/vincentspada/unitree_ws/install/controller_manager_msgs/local/lib/python3.10/dist-packages/controller_manager_msgs/controller_manager_msgs_s__rosidl_typesupport_fastrtps_c.cpython-310-x86_64-linux-gnu.so
[4.454s] -- Up-to-date: /home/vincentspada/unitree_ws/install/controller_manager_msgs/local/lib/python3.10/dist-packages/controller_manager_msgs/libcontroller_manager_msgs__rosidl_generator_py.so
[4.454s] -- Up-to-date: /home/vincentspada/unitree_ws/install/controller_manager_msgs/local/lib/python3.10/dist-packages/controller_manager_msgs/controller_manager_msgs_s__rosidl_typesupport_c.cpython-310-x86_64-linux-gnu.so
[4.455s] -- Up-to-date: /home/vincentspada/unitree_ws/install/controller_manager_msgs/local/lib/python3.10/dist-packages/controller_manager_msgs/__init__.py
[4.455s] -- Up-to-date: /home/vincentspada/unitree_ws/install/controller_manager_msgs/local/lib/python3.10/dist-packages/controller_manager_msgs/srv
[4.455s] -- Up-to-date: /home/vincentspada/unitree_ws/install/controller_manager_msgs/local/lib/python3.10/dist-packages/controller_manager_msgs/srv/_switch_controller_s.c
[4.455s] -- Up-to-date: /home/vincentspada/unitree_ws/install/controller_manager_msgs/local/lib/python3.10/dist-packages/controller_manager_msgs/srv/_configure_controller_s.c
[4.455s] -- Up-to-date: /home/vincentspada/unitree_ws/install/controller_manager_msgs/local/lib/python3.10/dist-packages/controller_manager_msgs/srv/_switch_controller.py
[4.455s] -- Up-to-date: /home/vincentspada/unitree_ws/install/controller_manager_msgs/local/lib/python3.10/dist-packages/controller_manager_msgs/srv/_list_controller_types.py
[4.456s] -- Up-to-date: /home/vincentspada/unitree_ws/install/controller_manager_msgs/local/lib/python3.10/dist-packages/controller_manager_msgs/srv/_unload_controller_s.c
[4.456s] -- Up-to-date: /home/vincentspada/unitree_ws/install/controller_manager_msgs/local/lib/python3.10/dist-packages/controller_manager_msgs/srv/_reload_controller_libraries_s.c
[4.457s] -- Up-to-date: /home/vincentspada/unitree_ws/install/controller_manager_msgs/local/lib/python3.10/dist-packages/controller_manager_msgs/srv/_list_hardware_components.py
[4.457s] -- Up-to-date: /home/vincentspada/unitree_ws/install/controller_manager_msgs/local/lib/python3.10/dist-packages/controller_manager_msgs/srv/__init__.py
[4.458s] -- Up-to-date: /home/vincentspada/unitree_ws/install/controller_manager_msgs/local/lib/python3.10/dist-packages/controller_manager_msgs/srv/_list_controllers.py
[4.458s] -- Up-to-date: /home/vincentspada/unitree_ws/install/controller_manager_msgs/local/lib/python3.10/dist-packages/controller_manager_msgs/srv/_list_hardware_interfaces_s.c
[4.458s] -- Up-to-date: /home/vincentspada/unitree_ws/install/controller_manager_msgs/local/lib/python3.10/dist-packages/controller_manager_msgs/srv/_reload_controller_libraries.py
[4.458s] -- Up-to-date: /home/vincentspada/unitree_ws/install/controller_manager_msgs/local/lib/python3.10/dist-packages/controller_manager_msgs/srv/_load_controller.py
[4.458s] -- Up-to-date: /home/vincentspada/unitree_ws/install/controller_manager_msgs/local/lib/python3.10/dist-packages/controller_manager_msgs/srv/_load_controller_s.c
[4.458s] -- Up-to-date: /home/vincentspada/unitree_ws/install/controller_manager_msgs/local/lib/python3.10/dist-packages/controller_manager_msgs/srv/_configure_controller.py
[4.459s] -- Up-to-date: /home/vincentspada/unitree_ws/install/controller_manager_msgs/local/lib/python3.10/dist-packages/controller_manager_msgs/srv/_list_hardware_interfaces.py
[4.459s] -- Up-to-date: /home/vincentspada/unitree_ws/install/controller_manager_msgs/local/lib/python3.10/dist-packages/controller_manager_msgs/srv/_set_hardware_component_state_s.c
[4.459s] -- Up-to-date: /home/vincentspada/unitree_ws/install/controller_manager_msgs/local/lib/python3.10/dist-packages/controller_manager_msgs/srv/_unload_controller.py
[4.459s] -- Up-to-date: /home/vincentspada/unitree_ws/install/controller_manager_msgs/local/lib/python3.10/dist-packages/controller_manager_msgs/srv/_list_controllers_s.c
[4.460s] -- Up-to-date: /home/vincentspada/unitree_ws/install/controller_manager_msgs/local/lib/python3.10/dist-packages/controller_manager_msgs/srv/_set_hardware_component_state.py
[4.460s] -- Up-to-date: /home/vincentspada/unitree_ws/install/controller_manager_msgs/local/lib/python3.10/dist-packages/controller_manager_msgs/srv/_list_hardware_components_s.c
[4.460s] -- Up-to-date: /home/vincentspada/unitree_ws/install/controller_manager_msgs/local/lib/python3.10/dist-packages/controller_manager_msgs/srv/_list_controller_types_s.c
[4.460s] -- Up-to-date: /home/vincentspada/unitree_ws/install/controller_manager_msgs/local/lib/python3.10/dist-packages/controller_manager_msgs/msg
[4.460s] -- Up-to-date: /home/vincentspada/unitree_ws/install/controller_manager_msgs/local/lib/python3.10/dist-packages/controller_manager_msgs/msg/_hardware_interface_s.c
[4.460s] -- Up-to-date: /home/vincentspada/unitree_ws/install/controller_manager_msgs/local/lib/python3.10/dist-packages/controller_manager_msgs/msg/_controller_state.py
[4.463s] -- Up-to-date: /home/vincentspada/unitree_ws/install/controller_manager_msgs/local/lib/python3.10/dist-packages/controller_manager_msgs/msg/_hardware_interface.py
[4.463s] -- Up-to-date: /home/vincentspada/unitree_ws/install/controller_manager_msgs/local/lib/python3.10/dist-packages/controller_manager_msgs/msg/_hardware_component_state_s.c
[4.464s] -- Up-to-date: /home/vincentspada/unitree_ws/install/controller_manager_msgs/local/lib/python3.10/dist-packages/controller_manager_msgs/msg/__init__.py
[4.464s] -- Up-to-date: /home/vincentspada/unitree_ws/install/controller_manager_msgs/local/lib/python3.10/dist-packages/controller_manager_msgs/msg/_controller_state_s.c
[4.464s] -- Up-to-date: /home/vincentspada/unitree_ws/install/controller_manager_msgs/local/lib/python3.10/dist-packages/controller_manager_msgs/msg/_hardware_component_state.py
[4.464s] -- Up-to-date: /home/vincentspada/unitree_ws/install/controller_manager_msgs/local/lib/python3.10/dist-packages/controller_manager_msgs/msg/_chain_connection_s.c
[4.464s] -- Up-to-date: /home/vincentspada/unitree_ws/install/controller_manager_msgs/local/lib/python3.10/dist-packages/controller_manager_msgs/msg/_chain_connection.py
[4.474s] -- Up-to-date: /home/vincentspada/unitree_ws/install/controller_manager_msgs/local/lib/python3.10/dist-packages/controller_manager_msgs/_controller_manager_msgs_s.ep.rosidl_typesupport_fastrtps_c.c
[4.476s] Listing '/home/vincentspada/unitree_ws/install/controller_manager_msgs/local/lib/python3.10/dist-packages/controller_manager_msgs'...
[4.476s] Listing '/home/vincentspada/unitree_ws/install/controller_manager_msgs/local/lib/python3.10/dist-packages/controller_manager_msgs/msg'...
[4.476s] Listing '/home/vincentspada/unitree_ws/install/controller_manager_msgs/local/lib/python3.10/dist-packages/controller_manager_msgs/srv'...
[4.478s] -- Up-to-date: /home/vincentspada/unitree_ws/install/controller_manager_msgs/local/lib/python3.10/dist-packages/controller_manager_msgs/controller_manager_msgs_s__rosidl_typesupport_fastrtps_c.cpython-310-x86_64-linux-gnu.so
[4.478s] -- Up-to-date: /home/vincentspada/unitree_ws/install/controller_manager_msgs/local/lib/python3.10/dist-packages/controller_manager_msgs/controller_manager_msgs_s__rosidl_typesupport_introspection_c.cpython-310-x86_64-linux-gnu.so
[4.479s] -- Up-to-date: /home/vincentspada/unitree_ws/install/controller_manager_msgs/local/lib/python3.10/dist-packages/controller_manager_msgs/controller_manager_msgs_s__rosidl_typesupport_c.cpython-310-x86_64-linux-gnu.so
[4.479s] -- Up-to-date: /home/vincentspada/unitree_ws/install/controller_manager_msgs/lib/libcontroller_manager_msgs__rosidl_generator_py.so
[4.480s] -- Up-to-date: /home/vincentspada/unitree_ws/install/controller_manager_msgs/share/controller_manager_msgs/msg/ControllerState.idl
[4.480s] -- Up-to-date: /home/vincentspada/unitree_ws/install/controller_manager_msgs/share/controller_manager_msgs/msg/ChainConnection.idl
[4.481s] -- Up-to-date: /home/vincentspada/unitree_ws/install/controller_manager_msgs/share/controller_manager_msgs/msg/HardwareComponentState.idl
[4.487s] -- Up-to-date: /home/vincentspada/unitree_ws/install/controller_manager_msgs/share/controller_manager_msgs/msg/HardwareInterface.idl
[4.487s] -- Up-to-date: /home/vincentspada/unitree_ws/install/controller_manager_msgs/share/controller_manager_msgs/srv/ConfigureController.idl
[4.488s] -- Up-to-date: /home/vincentspada/unitree_ws/install/controller_manager_msgs/share/controller_manager_msgs/srv/ListControllers.idl
[4.496s] -- Up-to-date: /home/vincentspada/unitree_ws/install/controller_manager_msgs/share/controller_manager_msgs/srv/ListControllerTypes.idl
[4.497s] -- Up-to-date: /home/vincentspada/unitree_ws/install/controller_manager_msgs/share/controller_manager_msgs/srv/ListHardwareComponents.idl
[4.497s] -- Up-to-date: /home/vincentspada/unitree_ws/install/controller_manager_msgs/share/controller_manager_msgs/srv/ListHardwareInterfaces.idl
[4.497s] -- Up-to-date: /home/vincentspada/unitree_ws/install/controller_manager_msgs/share/controller_manager_msgs/srv/LoadController.idl
[4.497s] -- Up-to-date: /home/vincentspada/unitree_ws/install/controller_manager_msgs/share/controller_manager_msgs/srv/ReloadControllerLibraries.idl
[4.497s] -- Up-to-date: /home/vincentspada/unitree_ws/install/controller_manager_msgs/share/controller_manager_msgs/srv/SetHardwareComponentState.idl
[4.498s] -- Up-to-date: /home/vincentspada/unitree_ws/install/controller_manager_msgs/share/controller_manager_msgs/srv/SwitchController.idl
[4.498s] -- Up-to-date: /home/vincentspada/unitree_ws/install/controller_manager_msgs/share/controller_manager_msgs/srv/UnloadController.idl
[4.498s] -- Up-to-date: /home/vincentspada/unitree_ws/install/controller_manager_msgs/share/controller_manager_msgs/msg/ControllerState.msg
[4.498s] -- Up-to-date: /home/vincentspada/unitree_ws/install/controller_manager_msgs/share/controller_manager_msgs/msg/ChainConnection.msg
[4.498s] -- Up-to-date: /home/vincentspada/unitree_ws/install/controller_manager_msgs/share/controller_manager_msgs/msg/HardwareComponentState.msg
[4.498s] -- Up-to-date: /home/vincentspada/unitree_ws/install/controller_manager_msgs/share/controller_manager_msgs/msg/HardwareInterface.msg
[4.499s] -- Up-to-date: /home/vincentspada/unitree_ws/install/controller_manager_msgs/share/controller_manager_msgs/srv/ConfigureController.srv
[4.500s] -- Up-to-date: /home/vincentspada/unitree_ws/install/controller_manager_msgs/share/controller_manager_msgs/srv/ConfigureController_Request.msg
[4.500s] -- Up-to-date: /home/vincentspada/unitree_ws/install/controller_manager_msgs/share/controller_manager_msgs/srv/ConfigureController_Response.msg
[4.500s] -- Up-to-date: /home/vincentspada/unitree_ws/install/controller_manager_msgs/share/controller_manager_msgs/srv/ListControllers.srv
[4.500s] -- Up-to-date: /home/vincentspada/unitree_ws/install/controller_manager_msgs/share/controller_manager_msgs/srv/ListControllers_Request.msg
[4.500s] -- Up-to-date: /home/vincentspada/unitree_ws/install/controller_manager_msgs/share/controller_manager_msgs/srv/ListControllers_Response.msg
[4.501s] -- Up-to-date: /home/vincentspada/unitree_ws/install/controller_manager_msgs/share/controller_manager_msgs/srv/ListControllerTypes.srv
[4.501s] -- Up-to-date: /home/vincentspada/unitree_ws/install/controller_manager_msgs/share/controller_manager_msgs/srv/ListControllerTypes_Request.msg
[4.501s] -- Up-to-date: /home/vincentspada/unitree_ws/install/controller_manager_msgs/share/controller_manager_msgs/srv/ListControllerTypes_Response.msg
[4.501s] -- Up-to-date: /home/vincentspada/unitree_ws/install/controller_manager_msgs/share/controller_manager_msgs/srv/ListHardwareComponents.srv
[4.501s] -- Up-to-date: /home/vincentspada/unitree_ws/install/controller_manager_msgs/share/controller_manager_msgs/srv/ListHardwareComponents_Request.msg
[4.501s] -- Up-to-date: /home/vincentspada/unitree_ws/install/controller_manager_msgs/share/controller_manager_msgs/srv/ListHardwareComponents_Response.msg
[4.502s] -- Up-to-date: /home/vincentspada/unitree_ws/install/controller_manager_msgs/share/controller_manager_msgs/srv/ListHardwareInterfaces.srv
[4.502s] -- Up-to-date: /home/vincentspada/unitree_ws/install/controller_manager_msgs/share/controller_manager_msgs/srv/ListHardwareInterfaces_Request.msg
[4.502s] -- Up-to-date: /home/vincentspada/unitree_ws/install/controller_manager_msgs/share/controller_manager_msgs/srv/ListHardwareInterfaces_Response.msg
[4.503s] -- Up-to-date: /home/vincentspada/unitree_ws/install/controller_manager_msgs/share/controller_manager_msgs/srv/LoadController.srv
[4.503s] -- Up-to-date: /home/vincentspada/unitree_ws/install/controller_manager_msgs/share/controller_manager_msgs/srv/LoadController_Request.msg
[4.503s] -- Up-to-date: /home/vincentspada/unitree_ws/install/controller_manager_msgs/share/controller_manager_msgs/srv/LoadController_Response.msg
[4.503s] -- Up-to-date: /home/vincentspada/unitree_ws/install/controller_manager_msgs/share/controller_manager_msgs/srv/ReloadControllerLibraries.srv
[4.503s] -- Up-to-date: /home/vincentspada/unitree_ws/install/controller_manager_msgs/share/controller_manager_msgs/srv/ReloadControllerLibraries_Request.msg
[4.503s] -- Up-to-date: /home/vincentspada/unitree_ws/install/controller_manager_msgs/share/controller_manager_msgs/srv/ReloadControllerLibraries_Response.msg
[4.504s] -- Up-to-date: /home/vincentspada/unitree_ws/install/controller_manager_msgs/share/controller_manager_msgs/srv/SetHardwareComponentState.srv
[4.504s] -- Up-to-date: /home/vincentspada/unitree_ws/install/controller_manager_msgs/share/controller_manager_msgs/srv/SetHardwareComponentState_Request.msg
[4.504s] -- Up-to-date: /home/vincentspada/unitree_ws/install/controller_manager_msgs/share/controller_manager_msgs/srv/SetHardwareComponentState_Response.msg
[4.504s] -- Up-to-date: /home/vincentspada/unitree_ws/install/controller_manager_msgs/share/controller_manager_msgs/srv/SwitchController.srv
[4.507s] -- Up-to-date: /home/vincentspada/unitree_ws/install/controller_manager_msgs/share/controller_manager_msgs/srv/SwitchController_Request.msg
[4.507s] -- Up-to-date: /home/vincentspada/unitree_ws/install/controller_manager_msgs/share/controller_manager_msgs/srv/SwitchController_Response.msg
[4.507s] -- Up-to-date: /home/vincentspada/unitree_ws/install/controller_manager_msgs/share/controller_manager_msgs/srv/UnloadController.srv
[4.508s] -- Up-to-date: /home/vincentspada/unitree_ws/install/controller_manager_msgs/share/controller_manager_msgs/srv/UnloadController_Request.msg
[4.508s] -- Up-to-date: /home/vincentspada/unitree_ws/install/controller_manager_msgs/share/controller_manager_msgs/srv/UnloadController_Response.msg
[4.508s] -- Up-to-date: /home/vincentspada/unitree_ws/install/controller_manager_msgs/share/ament_index/resource_index/package_run_dependencies/controller_manager_msgs
[4.509s] -- Up-to-date: /home/vincentspada/unitree_ws/install/controller_manager_msgs/share/ament_index/resource_index/parent_prefix_path/controller_manager_msgs
[4.509s] -- Up-to-date: /home/vincentspada/unitree_ws/install/controller_manager_msgs/share/controller_manager_msgs/environment/ament_prefix_path.sh
[4.509s] -- Up-to-date: /home/vincentspada/unitree_ws/install/controller_manager_msgs/share/controller_manager_msgs/environment/ament_prefix_path.dsv
[4.510s] -- Up-to-date: /home/vincentspada/unitree_ws/install/controller_manager_msgs/share/controller_manager_msgs/environment/path.sh
[4.510s] -- Up-to-date: /home/vincentspada/unitree_ws/install/controller_manager_msgs/share/controller_manager_msgs/environment/path.dsv
[4.510s] -- Up-to-date: /home/vincentspada/unitree_ws/install/controller_manager_msgs/share/controller_manager_msgs/local_setup.bash
[4.510s] -- Up-to-date: /home/vincentspada/unitree_ws/install/controller_manager_msgs/share/controller_manager_msgs/local_setup.sh
[4.510s] -- Up-to-date: /home/vincentspada/unitree_ws/install/controller_manager_msgs/share/controller_manager_msgs/local_setup.zsh
[4.514s] -- Up-to-date: /home/vincentspada/unitree_ws/install/controller_manager_msgs/share/controller_manager_msgs/local_setup.dsv
[4.516s] -- Installing: /home/vincentspada/unitree_ws/install/controller_manager_msgs/share/controller_manager_msgs/package.dsv
[4.516s] -- Up-to-date: /home/vincentspada/unitree_ws/install/controller_manager_msgs/share/ament_index/resource_index/packages/controller_manager_msgs
[4.520s] -- Up-to-date: /home/vincentspada/unitree_ws/install/controller_manager_msgs/share/controller_manager_msgs/cmake/export_controller_manager_msgs__rosidl_generator_cExport.cmake
[4.520s] -- Up-to-date: /home/vincentspada/unitree_ws/install/controller_manager_msgs/share/controller_manager_msgs/cmake/export_controller_manager_msgs__rosidl_generator_cExport-noconfig.cmake
[4.521s] -- Up-to-date: /home/vincentspada/unitree_ws/install/controller_manager_msgs/share/controller_manager_msgs/cmake/export_controller_manager_msgs__rosidl_typesupport_fastrtps_cExport.cmake
[4.528s] -- Up-to-date: /home/vincentspada/unitree_ws/install/controller_manager_msgs/share/controller_manager_msgs/cmake/export_controller_manager_msgs__rosidl_typesupport_fastrtps_cExport-noconfig.cmake
[4.528s] -- Up-to-date: /home/vincentspada/unitree_ws/install/controller_manager_msgs/share/controller_manager_msgs/cmake/export_controller_manager_msgs__rosidl_generator_cppExport.cmake
[4.529s] -- Up-to-date: /home/vincentspada/unitree_ws/install/controller_manager_msgs/share/controller_manager_msgs/cmake/export_controller_manager_msgs__rosidl_typesupport_fastrtps_cppExport.cmake
[4.529s] -- Up-to-date: /home/vincentspada/unitree_ws/install/controller_manager_msgs/share/controller_manager_msgs/cmake/export_controller_manager_msgs__rosidl_typesupport_fastrtps_cppExport-noconfig.cmake
[4.529s] -- Up-to-date: /home/vincentspada/unitree_ws/install/controller_manager_msgs/share/controller_manager_msgs/cmake/controller_manager_msgs__rosidl_typesupport_introspection_cExport.cmake
[4.530s] -- Up-to-date: /home/vincentspada/unitree_ws/install/controller_manager_msgs/share/controller_manager_msgs/cmake/controller_manager_msgs__rosidl_typesupport_introspection_cExport-noconfig.cmake
[4.530s] -- Up-to-date: /home/vincentspada/unitree_ws/install/controller_manager_msgs/share/controller_manager_msgs/cmake/controller_manager_msgs__rosidl_typesupport_cExport.cmake
[4.533s] -- Up-to-date: /home/vincentspada/unitree_ws/install/controller_manager_msgs/share/controller_manager_msgs/cmake/controller_manager_msgs__rosidl_typesupport_cExport-noconfig.cmake
[4.540s] -- Up-to-date: /home/vincentspada/unitree_ws/install/controller_manager_msgs/share/controller_manager_msgs/cmake/controller_manager_msgs__rosidl_typesupport_introspection_cppExport.cmake
[4.541s] -- Up-to-date: /home/vincentspada/unitree_ws/install/controller_manager_msgs/share/controller_manager_msgs/cmake/controller_manager_msgs__rosidl_typesupport_introspection_cppExport-noconfig.cmake
[4.541s] -- Up-to-date: /home/vincentspada/unitree_ws/install/controller_manager_msgs/share/controller_manager_msgs/cmake/controller_manager_msgs__rosidl_typesupport_cppExport.cmake
[4.541s] -- Up-to-date: /home/vincentspada/unitree_ws/install/controller_manager_msgs/share/controller_manager_msgs/cmake/controller_manager_msgs__rosidl_typesupport_cppExport-noconfig.cmake
[4.542s] -- Up-to-date: /home/vincentspada/unitree_ws/install/controller_manager_msgs/share/controller_manager_msgs/cmake/export_controller_manager_msgs__rosidl_generator_pyExport.cmake
[4.542s] -- Up-to-date: /home/vincentspada/unitree_ws/install/controller_manager_msgs/share/controller_manager_msgs/cmake/export_controller_manager_msgs__rosidl_generator_pyExport-noconfig.cmake
[4.542s] -- Up-to-date: /home/vincentspada/unitree_ws/install/controller_manager_msgs/share/controller_manager_msgs/cmake/rosidl_cmake-extras.cmake
[4.542s] -- Up-to-date: /home/vincentspada/unitree_ws/install/controller_manager_msgs/share/controller_manager_msgs/cmake/ament_cmake_export_dependencies-extras.cmake
[4.543s] -- Up-to-date: /home/vincentspada/unitree_ws/install/controller_manager_msgs/share/controller_manager_msgs/cmake/ament_cmake_export_include_directories-extras.cmake
[4.543s] -- Up-to-date: /home/vincentspada/unitree_ws/install/controller_manager_msgs/share/controller_manager_msgs/cmake/ament_cmake_export_libraries-extras.cmake
[4.543s] -- Up-to-date: /home/vincentspada/unitree_ws/install/controller_manager_msgs/share/controller_manager_msgs/cmake/ament_cmake_export_targets-extras.cmake
[4.549s] -- Up-to-date: /home/vincentspada/unitree_ws/install/controller_manager_msgs/share/controller_manager_msgs/cmake/rosidl_cmake_export_typesupport_targets-extras.cmake
[4.549s] -- Up-to-date: /home/vincentspada/unitree_ws/install/controller_manager_msgs/share/controller_manager_msgs/cmake/rosidl_cmake_export_typesupport_libraries-extras.cmake
[4.549s] -- Up-to-date: /home/vincentspada/unitree_ws/install/controller_manager_msgs/share/controller_manager_msgs/cmake/controller_manager_msgsConfig.cmake
[4.550s] -- Up-to-date: /home/vincentspada/unitree_ws/install/controller_manager_msgs/share/controller_manager_msgs/cmake/controller_manager_msgsConfig-version.cmake
[4.550s] -- Up-to-date: /home/vincentspada/unitree_ws/install/controller_manager_msgs/share/controller_manager_msgs/package.xml
[4.572s] Invoked command in '/home/vincentspada/unitree_ws/build/controller_manager_msgs' returned '0': CMAKE_PREFIX_PATH=/opt/ros/humble:${CMAKE_PREFIX_PATH} /usr/bin/cmake --install /home/vincentspada/unitree_ws/build/controller_manager_msgs
