[0.058s] Invoking command in '/home/vincentspada/unitree_ws/build/realtime_tools': CMAKE_PREFIX_PATH=/opt/ros/humble:${CMAKE_PREFIX_PATH} /usr/bin/cmake --build /home/vincentspada/unitree_ws/build/realtime_tools -- -j4 -l4
[0.395s] [ 14%] Built target thread_priority
[0.395s] [ 19%] Built target gmock_main
[0.400s] [ 28%] Built target realtime_tools
[0.426s] [ 42%] Built target gmock
[0.625s] [ 52%] Built target realtime_box_tests
[0.651s] [ 61%] Built target realtime_buffer_tests
[0.678s] [ 71%] Built target realtime_publisher_tests_non_polling
[0.711s] [ 80%] Built target realtime_clock_tests
[0.871s] [ 90%] Built target realtime_publisher_tests
[0.914s] [100%] Built target realtime_server_goal_handle_tests
[0.941s] Invoked command in '/home/vincentspada/unitree_ws/build/realtime_tools' returned '0': CMAKE_PREFIX_PATH=/opt/ros/humble:${CMAKE_PREFIX_PATH} /usr/bin/cmake --build /home/vincentspada/unitree_ws/build/realtime_tools -- -j4 -l4
[1.388s] Invoking command in '/home/vincentspada/unitree_ws/build/realtime_tools': CMAKE_PREFIX_PATH=/opt/ros/humble:${CMAKE_PREFIX_PATH} /usr/bin/cmake --install /home/vincentspada/unitree_ws/build/realtime_tools
[1.405s] -- Install configuration: ""
[1.408s] -- Up-to-date: /home/vincentspada/unitree_ws/install/realtime_tools/include/realtime_tools
[1.410s] -- Up-to-date: /home/vincentspada/unitree_ws/install/realtime_tools/include/realtime_tools/realtime_tools
[1.411s] -- Up-to-date: /home/vincentspada/unitree_ws/install/realtime_tools/include/realtime_tools/realtime_tools/realtime_publisher.h
[1.411s] -- Up-to-date: /home/vincentspada/unitree_ws/install/realtime_tools/include/realtime_tools/realtime_tools/realtime_server_goal_handle.h
[1.411s] -- Up-to-date: /home/vincentspada/unitree_ws/install/realtime_tools/include/realtime_tools/realtime_tools/realtime_box.h
[1.411s] -- Up-to-date: /home/vincentspada/unitree_ws/install/realtime_tools/include/realtime_tools/realtime_tools/thread_priority.hpp
[1.411s] -- Up-to-date: /home/vincentspada/unitree_ws/install/realtime_tools/include/realtime_tools/realtime_tools/realtime_clock.h
[1.412s] -- Up-to-date: /home/vincentspada/unitree_ws/install/realtime_tools/include/realtime_tools/realtime_tools/realtime_buffer.h
[1.412s] -- Up-to-date: /home/vincentspada/unitree_ws/install/realtime_tools/lib/librealtime_tools.so
[1.419s] -- Up-to-date: /home/vincentspada/unitree_ws/install/realtime_tools/lib/libthread_priority.so
[1.420s] -- Up-to-date: /home/vincentspada/unitree_ws/install/realtime_tools/share/realtime_tools/environment/library_path.sh
[1.420s] -- Up-to-date: /home/vincentspada/unitree_ws/install/realtime_tools/share/realtime_tools/environment/library_path.dsv
[1.421s] -- Up-to-date: /home/vincentspada/unitree_ws/install/realtime_tools/share/ament_index/resource_index/package_run_dependencies/realtime_tools
[1.421s] -- Up-to-date: /home/vincentspada/unitree_ws/install/realtime_tools/share/ament_index/resource_index/parent_prefix_path/realtime_tools
[1.421s] -- Up-to-date: /home/vincentspada/unitree_ws/install/realtime_tools/share/realtime_tools/environment/ament_prefix_path.sh
[1.421s] -- Up-to-date: /home/vincentspada/unitree_ws/install/realtime_tools/share/realtime_tools/environment/ament_prefix_path.dsv
[1.422s] -- Up-to-date: /home/vincentspada/unitree_ws/install/realtime_tools/share/realtime_tools/environment/path.sh
[1.422s] -- Up-to-date: /home/vincentspada/unitree_ws/install/realtime_tools/share/realtime_tools/environment/path.dsv
[1.422s] -- Up-to-date: /home/vincentspada/unitree_ws/install/realtime_tools/share/realtime_tools/local_setup.bash
[1.423s] -- Up-to-date: /home/vincentspada/unitree_ws/install/realtime_tools/share/realtime_tools/local_setup.sh
[1.423s] -- Up-to-date: /home/vincentspada/unitree_ws/install/realtime_tools/share/realtime_tools/local_setup.zsh
[1.423s] -- Up-to-date: /home/vincentspada/unitree_ws/install/realtime_tools/share/realtime_tools/local_setup.dsv
[1.423s] -- Installing: /home/vincentspada/unitree_ws/install/realtime_tools/share/realtime_tools/package.dsv
[1.435s] -- Up-to-date: /home/vincentspada/unitree_ws/install/realtime_tools/share/ament_index/resource_index/packages/realtime_tools
[1.435s] -- Up-to-date: /home/vincentspada/unitree_ws/install/realtime_tools/share/realtime_tools/cmake/export_realtime_toolsExport.cmake
[1.436s] -- Up-to-date: /home/vincentspada/unitree_ws/install/realtime_tools/share/realtime_tools/cmake/export_realtime_toolsExport-noconfig.cmake
[1.436s] -- Up-to-date: /home/vincentspada/unitree_ws/install/realtime_tools/share/realtime_tools/cmake/ament_cmake_export_targets-extras.cmake
[1.436s] -- Up-to-date: /home/vincentspada/unitree_ws/install/realtime_tools/share/realtime_tools/cmake/ament_cmake_export_dependencies-extras.cmake
[1.436s] -- Up-to-date: /home/vincentspada/unitree_ws/install/realtime_tools/share/realtime_tools/cmake/realtime_toolsConfig.cmake
[1.437s] -- Up-to-date: /home/vincentspada/unitree_ws/install/realtime_tools/share/realtime_tools/cmake/realtime_toolsConfig-version.cmake
[1.437s] -- Up-to-date: /home/vincentspada/unitree_ws/install/realtime_tools/share/realtime_tools/package.xml
[1.453s] Invoked command in '/home/vincentspada/unitree_ws/build/realtime_tools' returned '0': CMAKE_PREFIX_PATH=/opt/ros/humble:${CMAKE_PREFIX_PATH} /usr/bin/cmake --install /home/vincentspada/unitree_ws/build/realtime_tools
