[0.087s] Invoking command in '/home/vincentspada/unitree_ws/build/control_toolbox': AMENT_PREFIX_PATH=/home/vincentspada/unitree_ws/install/realtime_tools:/home/vincentspada/unitree_ws/install/control_msgs:${AMENT_PREFIX_PATH} CMAKE_PREFIX_PATH=/home/vincentspada/unitree_ws/install/realtime_tools:/home/vincentspada/unitree_ws/install/control_msgs:/opt/ros/humble:${CMAKE_PREFIX_PATH} LD_LIBRARY_PATH=/home/vincentspada/unitree_ws/install/realtime_tools/lib:/home/vincentspada/unitree_ws/install/control_msgs/lib:${LD_LIBRARY_PATH} PYTHONPATH=/home/vincentspada/unitree_ws/install/control_msgs/local/lib/python3.10/dist-packages:${PYTHONPATH} /usr/bin/cmake /home/vincentspada/unitree_ws/src/ros-controls/control_toolbox -DCMAKE_INSTALL_PREFIX=/home/vincentspada/unitree_ws/install/control_toolbox
[0.265s] -- The CXX compiler identification is GNU 11.4.0
[0.290s] -- Detecting CXX compiler ABI info
[0.582s] -- Detecting CXX compiler ABI info - done
[0.614s] -- Check for working CXX compiler: /usr/bin/c++ - skipped
[0.616s] -- Detecting CXX compile features
[0.616s] -- Detecting CXX compile features - done
[0.625s] -- Found ament_cmake: 1.3.5 (/opt/ros/humble/share/ament_cmake/cmake)
[1.530s] -- Found Python3: /usr/bin/python3.10 (found version "3.10.12") found components: Interpreter 
[1.982s] -- Found control_msgs: 4.4.0 (/home/vincentspada/unitree_ws/install/control_msgs/share/control_msgs/cmake)
[2.182s] -- Found rosidl_generator_c: 3.1.5 (/opt/ros/humble/share/rosidl_generator_c/cmake)
[2.218s] -- Found rosidl_adapter: 3.1.5 (/opt/ros/humble/share/rosidl_adapter/cmake)
[2.271s] -- Found rosidl_generator_cpp: 3.1.5 (/opt/ros/humble/share/rosidl_generator_cpp/cmake)
[2.358s] -- Using all available rosidl_typesupport_c: rosidl_typesupport_fastrtps_c;rosidl_typesupport_introspection_c
[2.486s] -- Using all available rosidl_typesupport_cpp: rosidl_typesupport_fastrtps_cpp;rosidl_typesupport_introspection_cpp
[4.513s] -- Found rclcpp: 16.0.5 (/opt/ros/humble/share/rclcpp/cmake)
[4.692s] -- Found rmw_implementation_cmake: 6.1.1 (/opt/ros/humble/share/rmw_implementation_cmake/cmake)
[4.698s] -- Found rmw_fastrtps_cpp: 6.2.3 (/opt/ros/humble/share/rmw_fastrtps_cpp/cmake)
[4.977s] -- Found OpenSSL: /usr/lib/x86_64-linux-gnu/libcrypto.so (found version "3.0.2")  
[5.055s] -- Found FastRTPS: /opt/ros/humble/include  
[5.198s] -- Using RMW implementation 'rmw_fastrtps_cpp' as default
[5.229s] -- Looking for C++ include pthread.h
[5.491s] -- Looking for C++ include pthread.h - found
[5.492s] -- Performing Test CMAKE_HAVE_LIBC_PTHREAD
[5.795s] -- Performing Test CMAKE_HAVE_LIBC_PTHREAD - Success
[5.798s] -- Found Threads: TRUE  
[6.216s] -- Found realtime_tools: 2.5.0 (/home/vincentspada/unitree_ws/install/realtime_tools/share/realtime_tools/cmake)
[6.342s] -- Found filters: 2.1.0 (/opt/ros/humble/share/filters/cmake)
[6.348s] -- Found generate_parameter_library: 0.3.6 (/opt/ros/humble/share/generate_parameter_library/cmake)
[6.353s] -- Found parameter_traits: 0.3.6 (/opt/ros/humble/share/parameter_traits/cmake)
[6.428s] -- Found rclcpp_lifecycle: 16.0.5 (/opt/ros/humble/share/rclcpp_lifecycle/cmake)
[6.521s] -- Found pluginlib: 5.1.0 (/opt/ros/humble/share/pluginlib/cmake)
[6.579s] -- Found ament_cmake_gmock: 1.3.5 (/opt/ros/humble/share/ament_cmake_gmock/cmake)
[6.583s] -- Found ament_cmake_gtest: 1.3.5 (/opt/ros/humble/share/ament_cmake_gtest/cmake)
[6.587s] -- Found gmock sources under '/opt/ros/humble/src/gmock_vendor': C++ tests using 'Google Mock' will be built
[6.675s] -- The C compiler identification is GNU 11.4.0
[6.692s] -- Detecting C compiler ABI info
[6.837s] -- Detecting C compiler ABI info - done
[6.850s] -- Check for working C compiler: /usr/bin/cc - skipped
[6.851s] -- Detecting C compile features
[6.852s] -- Detecting C compile features - done
[6.859s] -- Found gtest sources under '/opt/ros/humble/src/gtest_vendor': C++ tests using 'Google Test' will be built
[6.994s] -- Configuring done
[7.148s] -- Generating done
[7.155s] -- Build files have been written to: /home/vincentspada/unitree_ws/build/control_toolbox
