[35m[1mConsolidate compiler generated dependencies of target hardware_interface[0m
[35m[1mConsolidate compiler generated dependencies of target gmock_main[0m
[35m[1mConsolidate compiler generated dependencies of target gmock[0m
[  5%] Built target gmock_main
[ 20%] Built target hardware_interface
[ 28%] Built target gmock
[35m[1mConsolidate compiler generated dependencies of target mock_components[0m
[35m[1mConsolidate compiler generated dependencies of target test_macros[0m
[35m[1mConsolidate compiler generated dependencies of target fake_components[0m
[35m[1mConsolidate compiler generated dependencies of target test_inst_hardwares[0m
[ 33%] Built target mock_components
[ 38%] Built target test_inst_hardwares
[35m[1mConsolidate compiler generated dependencies of target test_joint_handle[0m
[ 43%] Built target test_macros
[ 51%] Built target fake_components
[35m[1mConsolidate compiler generated dependencies of target test_component_interfaces[0m
[35m[1mConsolidate compiler generated dependencies of target test_component_parser[0m
[35m[1mConsolidate compiler generated dependencies of target test_components[0m
[ 56%] Built target test_joint_handle
[ 61%] Built target test_component_interfaces
[ 71%] Built target test_components
[ 76%] Built target test_component_parser
[35m[1mConsolidate compiler generated dependencies of target test_hardware_components[0m
[35m[1mConsolidate compiler generated dependencies of target test_resource_manager[0m
[35m[1mConsolidate compiler generated dependencies of target test_generic_system[0m
[ 82%] Built target test_resource_manager
[ 94%] Built target test_hardware_components
[100%] Built target test_generic_system
