[0.029s] Invoking command in '/home/vincentspada/unitree_ws/build/go1_description': /usr/bin/cmake /home/vincentspada/unitree_ws/src/robots/go1_description -DCATKIN_INSTALL_INTO_PREFIX_ROOT=0 -DCMAKE_INSTALL_PREFIX=/home/vincentspada/unitree_ws/install/go1_description
[0.093s] -- Found ament_cmake: 1.3.5 (/opt/ros/humble/share/ament_cmake/cmake)
[0.530s] -- Found rclcpp: 16.0.5 (/opt/ros/humble/share/rclcpp/cmake)
[0.623s] -- Found rosidl_generator_c: 3.1.5 (/opt/ros/humble/share/rosidl_generator_c/cmake)
[0.631s] -- Found rosidl_adapter: 3.1.5 (/opt/ros/humble/share/rosidl_adapter/cmake)
[0.649s] -- Found rosidl_generator_cpp: 3.1.5 (/opt/ros/humble/share/rosidl_generator_cpp/cmake)
[0.683s] -- Using all available rosidl_typesupport_c: rosidl_typesupport_fastrtps_c;rosidl_typesupport_introspection_c
[0.734s] -- Using all available rosidl_typesupport_cpp: rosidl_typesupport_fastrtps_cpp;rosidl_typesupport_introspection_cpp
[0.914s] -- Found rmw_implementation_cmake: 6.1.1 (/opt/ros/humble/share/rmw_implementation_cmake/cmake)
[0.927s] -- Found rmw_fastrtps_cpp: 6.2.3 (/opt/ros/humble/share/rmw_fastrtps_cpp/cmake)
[1.249s] -- Using RMW implementation 'rmw_fastrtps_cpp' as default
[1.748s] -- Found tf2: 0.25.3 (/opt/ros/humble/share/tf2/cmake)
[1.940s] [31mCMake Error at /opt/ros/humble/share/ament_cmake_target_dependencies/cmake/ament_target_dependencies.cmake:42 (message):
[1.940s]   ament_target_dependencies() the first argument must be a valid target name
[1.940s] Call Stack (most recent call first):
[1.940s]   CMakeLists.txt:26 (ament_target_dependencies)
[1.940s] 
[1.941s] [0m
[1.941s] -- Configuring incomplete, errors occurred!
[1.941s] See also "/home/vincentspada/unitree_ws/build/go1_description/CMakeFiles/CMakeOutput.log".
[1.977s] Invoked command in '/home/vincentspada/unitree_ws/build/go1_description' returned '1': /usr/bin/cmake /home/vincentspada/unitree_ws/src/robots/go1_description -DCATKIN_INSTALL_INTO_PREFIX_ROOT=0 -DCMAKE_INSTALL_PREFIX=/home/vincentspada/unitree_ws/install/go1_description
