[0.077s] Invoking command in '/home/vincentspada/unitree_ws/build/control_msgs': CMAKE_PREFIX_PATH=/opt/ros/humble:${CMAKE_PREFIX_PATH} /usr/bin/cmake --build /home/vincentspada/unitree_ws/build/control_msgs -- -j4 -l4
[0.330s] [  0%] Built target control_msgs__cpp
[0.366s] [ 12%] Built target control_msgs__rosidl_generator_c
[0.427s] [ 12%] Built target ament_cmake_python_copy_control_msgs
[0.553s] [ 24%] Built target control_msgs__rosidl_typesupport_cpp
[0.667s] [ 36%] Built target control_msgs__rosidl_typesupport_fastrtps_cpp
[0.702s] [ 48%] Built target control_msgs__rosidl_typesupport_introspection_cpp
[0.761s] [ 60%] Built target control_msgs__rosidl_typesupport_fastrtps_c
[0.782s] [ 72%] Built target control_msgs__rosidl_typesupport_introspection_c
[0.859s] [ 84%] Built target control_msgs__rosidl_typesupport_c
[0.955s] [ 84%] Built target control_msgs
[1.103s] [ 85%] Built target control_msgs__py
[1.376s] [ 96%] Built target control_msgs__rosidl_generator_py
[1.510s] [ 97%] Built target control_msgs__rosidl_typesupport_fastrtps_c__pyext
[1.540s] [ 99%] Built target control_msgs__rosidl_typesupport_introspection_c__pyext
[1.550s] [100%] Built target control_msgs__rosidl_typesupport_c__pyext
[1.810s] running egg_info
[1.817s] writing control_msgs.egg-info/PKG-INFO
[1.823s] writing dependency_links to control_msgs.egg-info/dependency_links.txt
[1.823s] writing top-level names to control_msgs.egg-info/top_level.txt
[1.824s] reading manifest file 'control_msgs.egg-info/SOURCES.txt'
[1.824s] writing manifest file 'control_msgs.egg-info/SOURCES.txt'
[1.895s] [100%] Built target ament_cmake_python_build_control_msgs_egg
[2.349s] Invoked command in '/home/vincentspada/unitree_ws/build/control_msgs' returned '0': CMAKE_PREFIX_PATH=/opt/ros/humble:${CMAKE_PREFIX_PATH} /usr/bin/cmake --build /home/vincentspada/unitree_ws/build/control_msgs -- -j4 -l4
[3.812s] Invoking command in '/home/vincentspada/unitree_ws/build/control_msgs': CMAKE_PREFIX_PATH=/opt/ros/humble:${CMAKE_PREFIX_PATH} /usr/bin/cmake --install /home/vincentspada/unitree_ws/build/control_msgs
[3.834s] -- Install configuration: ""
[3.835s] -- Up-to-date: /home/vincentspada/unitree_ws/install/control_msgs/share/ament_index/resource_index/rosidl_interfaces/control_msgs
[3.835s] -- Up-to-date: /home/vincentspada/unitree_ws/install/control_msgs/include/control_msgs/control_msgs
[3.836s] -- Up-to-date: /home/vincentspada/unitree_ws/install/control_msgs/include/control_msgs/control_msgs/action
[3.836s] -- Up-to-date: /home/vincentspada/unitree_ws/install/control_msgs/include/control_msgs/control_msgs/action/joint_trajectory.h
[3.836s] -- Up-to-date: /home/vincentspada/unitree_ws/install/control_msgs/include/control_msgs/control_msgs/action/single_joint_position.h
[3.836s] -- Up-to-date: /home/vincentspada/unitree_ws/install/control_msgs/include/control_msgs/control_msgs/action/follow_joint_trajectory.h
[3.837s] -- Up-to-date: /home/vincentspada/unitree_ws/install/control_msgs/include/control_msgs/control_msgs/action/detail
[3.837s] -- Up-to-date: /home/vincentspada/unitree_ws/install/control_msgs/include/control_msgs/control_msgs/action/detail/gripper_command__functions.h
[3.837s] -- Up-to-date: /home/vincentspada/unitree_ws/install/control_msgs/include/control_msgs/control_msgs/action/detail/follow_joint_trajectory__functions.h
[3.838s] -- Up-to-date: /home/vincentspada/unitree_ws/install/control_msgs/include/control_msgs/control_msgs/action/detail/joint_trajectory__type_support.h
[3.838s] -- Up-to-date: /home/vincentspada/unitree_ws/install/control_msgs/include/control_msgs/control_msgs/action/detail/gripper_command__type_support.h
[3.839s] -- Up-to-date: /home/vincentspada/unitree_ws/install/control_msgs/include/control_msgs/control_msgs/action/detail/follow_joint_trajectory__type_support.h
[3.839s] -- Up-to-date: /home/vincentspada/unitree_ws/install/control_msgs/include/control_msgs/control_msgs/action/detail/point_head__struct.h
[3.840s] -- Up-to-date: /home/vincentspada/unitree_ws/install/control_msgs/include/control_msgs/control_msgs/action/detail/joint_trajectory__functions.h
[3.840s] -- Up-to-date: /home/vincentspada/unitree_ws/install/control_msgs/include/control_msgs/control_msgs/action/detail/follow_joint_trajectory__struct.h
[3.840s] -- Up-to-date: /home/vincentspada/unitree_ws/install/control_msgs/include/control_msgs/control_msgs/action/detail/point_head__functions.h
[3.840s] -- Up-to-date: /home/vincentspada/unitree_ws/install/control_msgs/include/control_msgs/control_msgs/action/detail/joint_trajectory__struct.h
[3.841s] -- Up-to-date: /home/vincentspada/unitree_ws/install/control_msgs/include/control_msgs/control_msgs/action/detail/single_joint_position__type_support.h
[3.841s] -- Up-to-date: /home/vincentspada/unitree_ws/install/control_msgs/include/control_msgs/control_msgs/action/detail/single_joint_position__functions.h
[3.841s] -- Up-to-date: /home/vincentspada/unitree_ws/install/control_msgs/include/control_msgs/control_msgs/action/detail/point_head__type_support.h
[3.841s] -- Up-to-date: /home/vincentspada/unitree_ws/install/control_msgs/include/control_msgs/control_msgs/action/detail/gripper_command__struct.h
[3.841s] -- Up-to-date: /home/vincentspada/unitree_ws/install/control_msgs/include/control_msgs/control_msgs/action/detail/point_head__functions.c
[3.841s] -- Up-to-date: /home/vincentspada/unitree_ws/install/control_msgs/include/control_msgs/control_msgs/action/detail/follow_joint_trajectory__functions.c
[3.842s] -- Up-to-date: /home/vincentspada/unitree_ws/install/control_msgs/include/control_msgs/control_msgs/action/detail/gripper_command__functions.c
[3.844s] -- Up-to-date: /home/vincentspada/unitree_ws/install/control_msgs/include/control_msgs/control_msgs/action/detail/single_joint_position__struct.h
[3.850s] -- Up-to-date: /home/vincentspada/unitree_ws/install/control_msgs/include/control_msgs/control_msgs/action/detail/single_joint_position__functions.c
[3.851s] -- Up-to-date: /home/vincentspada/unitree_ws/install/control_msgs/include/control_msgs/control_msgs/action/detail/joint_trajectory__functions.c
[3.851s] -- Up-to-date: /home/vincentspada/unitree_ws/install/control_msgs/include/control_msgs/control_msgs/action/gripper_command.h
[3.852s] -- Up-to-date: /home/vincentspada/unitree_ws/install/control_msgs/include/control_msgs/control_msgs/action/point_head.h
[3.853s] -- Up-to-date: /home/vincentspada/unitree_ws/install/control_msgs/include/control_msgs/control_msgs/srv
[3.853s] -- Up-to-date: /home/vincentspada/unitree_ws/install/control_msgs/include/control_msgs/control_msgs/srv/query_calibration_state.h
[3.855s] -- Up-to-date: /home/vincentspada/unitree_ws/install/control_msgs/include/control_msgs/control_msgs/srv/query_trajectory_state.h
[3.855s] -- Up-to-date: /home/vincentspada/unitree_ws/install/control_msgs/include/control_msgs/control_msgs/srv/detail
[3.855s] -- Up-to-date: /home/vincentspada/unitree_ws/install/control_msgs/include/control_msgs/control_msgs/srv/detail/query_calibration_state__struct.h
[3.856s] -- Up-to-date: /home/vincentspada/unitree_ws/install/control_msgs/include/control_msgs/control_msgs/srv/detail/query_calibration_state__functions.c
[3.858s] -- Up-to-date: /home/vincentspada/unitree_ws/install/control_msgs/include/control_msgs/control_msgs/srv/detail/query_trajectory_state__struct.h
[3.858s] -- Up-to-date: /home/vincentspada/unitree_ws/install/control_msgs/include/control_msgs/control_msgs/srv/detail/query_calibration_state__type_support.h
[3.859s] -- Up-to-date: /home/vincentspada/unitree_ws/install/control_msgs/include/control_msgs/control_msgs/srv/detail/query_trajectory_state__functions.c
[3.859s] -- Up-to-date: /home/vincentspada/unitree_ws/install/control_msgs/include/control_msgs/control_msgs/srv/detail/query_trajectory_state__type_support.h
[3.859s] -- Up-to-date: /home/vincentspada/unitree_ws/install/control_msgs/include/control_msgs/control_msgs/srv/detail/query_calibration_state__functions.h
[3.859s] -- Up-to-date: /home/vincentspada/unitree_ws/install/control_msgs/include/control_msgs/control_msgs/srv/detail/query_trajectory_state__functions.h
[3.861s] -- Up-to-date: /home/vincentspada/unitree_ws/install/control_msgs/include/control_msgs/control_msgs/msg
[3.862s] -- Up-to-date: /home/vincentspada/unitree_ws/install/control_msgs/include/control_msgs/control_msgs/msg/joint_trajectory_controller_state.h
[3.863s] -- Up-to-date: /home/vincentspada/unitree_ws/install/control_msgs/include/control_msgs/control_msgs/msg/joint_tolerance.h
[3.864s] -- Up-to-date: /home/vincentspada/unitree_ws/install/control_msgs/include/control_msgs/control_msgs/msg/joint_component_tolerance.h
[3.865s] -- Up-to-date: /home/vincentspada/unitree_ws/install/control_msgs/include/control_msgs/control_msgs/msg/joint_controller_state.h
[3.865s] -- Up-to-date: /home/vincentspada/unitree_ws/install/control_msgs/include/control_msgs/control_msgs/msg/rosidl_generator_c__visibility_control.h
[3.868s] -- Up-to-date: /home/vincentspada/unitree_ws/install/control_msgs/include/control_msgs/control_msgs/msg/dynamic_joint_state.h
[3.869s] -- Up-to-date: /home/vincentspada/unitree_ws/install/control_msgs/include/control_msgs/control_msgs/msg/admittance_controller_state.h
[3.870s] -- Up-to-date: /home/vincentspada/unitree_ws/install/control_msgs/include/control_msgs/control_msgs/msg/joint_jog.h
[3.875s] -- Up-to-date: /home/vincentspada/unitree_ws/install/control_msgs/include/control_msgs/control_msgs/msg/mecanum_drive_controller_state.h
[3.875s] -- Up-to-date: /home/vincentspada/unitree_ws/install/control_msgs/include/control_msgs/control_msgs/msg/pid_state.h
[3.875s] -- Up-to-date: /home/vincentspada/unitree_ws/install/control_msgs/include/control_msgs/control_msgs/msg/detail
[3.875s] -- Up-to-date: /home/vincentspada/unitree_ws/install/control_msgs/include/control_msgs/control_msgs/msg/detail/dynamic_joint_state__functions.c
[3.876s] -- Up-to-date: /home/vincentspada/unitree_ws/install/control_msgs/include/control_msgs/control_msgs/msg/detail/joint_tolerance__functions.c
[3.876s] -- Up-to-date: /home/vincentspada/unitree_ws/install/control_msgs/include/control_msgs/control_msgs/msg/detail/joint_controller_state__struct.h
[3.876s] -- Up-to-date: /home/vincentspada/unitree_ws/install/control_msgs/include/control_msgs/control_msgs/msg/detail/gripper_command__functions.h
[3.876s] -- Up-to-date: /home/vincentspada/unitree_ws/install/control_msgs/include/control_msgs/control_msgs/msg/detail/steering_controller_status__functions.c
[3.876s] -- Up-to-date: /home/vincentspada/unitree_ws/install/control_msgs/include/control_msgs/control_msgs/msg/detail/interface_value__type_support.h
[3.876s] -- Up-to-date: /home/vincentspada/unitree_ws/install/control_msgs/include/control_msgs/control_msgs/msg/detail/admittance_controller_state__type_support.h
[3.876s] -- Up-to-date: /home/vincentspada/unitree_ws/install/control_msgs/include/control_msgs/control_msgs/msg/detail/joint_component_tolerance__functions.c
[3.877s] -- Up-to-date: /home/vincentspada/unitree_ws/install/control_msgs/include/control_msgs/control_msgs/msg/detail/joint_controller_state__functions.c
[3.877s] -- Up-to-date: /home/vincentspada/unitree_ws/install/control_msgs/include/control_msgs/control_msgs/msg/detail/joint_tolerance__struct.h
[3.877s] -- Up-to-date: /home/vincentspada/unitree_ws/install/control_msgs/include/control_msgs/control_msgs/msg/detail/gripper_command__type_support.h
[3.877s] -- Up-to-date: /home/vincentspada/unitree_ws/install/control_msgs/include/control_msgs/control_msgs/msg/detail/steering_controller_status__functions.h
[3.877s] -- Up-to-date: /home/vincentspada/unitree_ws/install/control_msgs/include/control_msgs/control_msgs/msg/detail/dynamic_joint_state__functions.h
[3.877s] -- Up-to-date: /home/vincentspada/unitree_ws/install/control_msgs/include/control_msgs/control_msgs/msg/detail/joint_jog__struct.h
[3.878s] -- Up-to-date: /home/vincentspada/unitree_ws/install/control_msgs/include/control_msgs/control_msgs/msg/detail/admittance_controller_state__struct.h
[3.878s] -- Up-to-date: /home/vincentspada/unitree_ws/install/control_msgs/include/control_msgs/control_msgs/msg/detail/mecanum_drive_controller_state__struct.h
[3.878s] -- Up-to-date: /home/vincentspada/unitree_ws/install/control_msgs/include/control_msgs/control_msgs/msg/detail/joint_controller_state__functions.h
[3.878s] -- Up-to-date: /home/vincentspada/unitree_ws/install/control_msgs/include/control_msgs/control_msgs/msg/detail/joint_tolerance__functions.h
[3.878s] -- Up-to-date: /home/vincentspada/unitree_ws/install/control_msgs/include/control_msgs/control_msgs/msg/detail/interface_value__functions.h
[3.878s] -- Up-to-date: /home/vincentspada/unitree_ws/install/control_msgs/include/control_msgs/control_msgs/msg/detail/interface_value__struct.h
[3.879s] -- Up-to-date: /home/vincentspada/unitree_ws/install/control_msgs/include/control_msgs/control_msgs/msg/detail/joint_controller_state__type_support.h
[3.879s] -- Up-to-date: /home/vincentspada/unitree_ws/install/control_msgs/include/control_msgs/control_msgs/msg/detail/steering_controller_status__type_support.h
[3.879s] -- Up-to-date: /home/vincentspada/unitree_ws/install/control_msgs/include/control_msgs/control_msgs/msg/detail/pid_state__type_support.h
[3.879s] -- Up-to-date: /home/vincentspada/unitree_ws/install/control_msgs/include/control_msgs/control_msgs/msg/detail/mecanum_drive_controller_state__functions.h
[3.888s] -- Up-to-date: /home/vincentspada/unitree_ws/install/control_msgs/include/control_msgs/control_msgs/msg/detail/admittance_controller_state__functions.c
[3.888s] -- Up-to-date: /home/vincentspada/unitree_ws/install/control_msgs/include/control_msgs/control_msgs/msg/detail/dynamic_joint_state__struct.h
[3.888s] -- Up-to-date: /home/vincentspada/unitree_ws/install/control_msgs/include/control_msgs/control_msgs/msg/detail/joint_tolerance__type_support.h
[3.889s] -- Up-to-date: /home/vincentspada/unitree_ws/install/control_msgs/include/control_msgs/control_msgs/msg/detail/mecanum_drive_controller_state__functions.c
[3.889s] -- Up-to-date: /home/vincentspada/unitree_ws/install/control_msgs/include/control_msgs/control_msgs/msg/detail/joint_jog__functions.h
[3.889s] -- Up-to-date: /home/vincentspada/unitree_ws/install/control_msgs/include/control_msgs/control_msgs/msg/detail/steering_controller_status__struct.h
[3.889s] -- Up-to-date: /home/vincentspada/unitree_ws/install/control_msgs/include/control_msgs/control_msgs/msg/detail/admittance_controller_state__functions.h
[3.889s] -- Up-to-date: /home/vincentspada/unitree_ws/install/control_msgs/include/control_msgs/control_msgs/msg/detail/mecanum_drive_controller_state__type_support.h
[3.889s] -- Up-to-date: /home/vincentspada/unitree_ws/install/control_msgs/include/control_msgs/control_msgs/msg/detail/interface_value__functions.c
[3.890s] -- Up-to-date: /home/vincentspada/unitree_ws/install/control_msgs/include/control_msgs/control_msgs/msg/detail/pid_state__struct.h
[3.890s] -- Up-to-date: /home/vincentspada/unitree_ws/install/control_msgs/include/control_msgs/control_msgs/msg/detail/gripper_command__struct.h
[3.890s] -- Up-to-date: /home/vincentspada/unitree_ws/install/control_msgs/include/control_msgs/control_msgs/msg/detail/joint_trajectory_controller_state__functions.c
[3.890s] -- Up-to-date: /home/vincentspada/unitree_ws/install/control_msgs/include/control_msgs/control_msgs/msg/detail/joint_component_tolerance__struct.h
[3.890s] -- Up-to-date: /home/vincentspada/unitree_ws/install/control_msgs/include/control_msgs/control_msgs/msg/detail/joint_trajectory_controller_state__struct.h
[3.890s] -- Up-to-date: /home/vincentspada/unitree_ws/install/control_msgs/include/control_msgs/control_msgs/msg/detail/joint_jog__type_support.h
[3.890s] -- Up-to-date: /home/vincentspada/unitree_ws/install/control_msgs/include/control_msgs/control_msgs/msg/detail/pid_state__functions.h
[3.891s] -- Up-to-date: /home/vincentspada/unitree_ws/install/control_msgs/include/control_msgs/control_msgs/msg/detail/dynamic_joint_state__type_support.h
[3.891s] -- Up-to-date: /home/vincentspada/unitree_ws/install/control_msgs/include/control_msgs/control_msgs/msg/detail/joint_jog__functions.c
[3.891s] -- Up-to-date: /home/vincentspada/unitree_ws/install/control_msgs/include/control_msgs/control_msgs/msg/detail/pid_state__functions.c
[3.891s] -- Up-to-date: /home/vincentspada/unitree_ws/install/control_msgs/include/control_msgs/control_msgs/msg/detail/joint_trajectory_controller_state__functions.h
[3.891s] -- Up-to-date: /home/vincentspada/unitree_ws/install/control_msgs/include/control_msgs/control_msgs/msg/detail/joint_trajectory_controller_state__type_support.h
[3.891s] -- Up-to-date: /home/vincentspada/unitree_ws/install/control_msgs/include/control_msgs/control_msgs/msg/detail/joint_component_tolerance__type_support.h
[3.892s] -- Up-to-date: /home/vincentspada/unitree_ws/install/control_msgs/include/control_msgs/control_msgs/msg/detail/gripper_command__functions.c
[3.892s] -- Up-to-date: /home/vincentspada/unitree_ws/install/control_msgs/include/control_msgs/control_msgs/msg/detail/joint_component_tolerance__functions.h
[3.892s] -- Up-to-date: /home/vincentspada/unitree_ws/install/control_msgs/include/control_msgs/control_msgs/msg/gripper_command.h
[3.892s] -- Up-to-date: /home/vincentspada/unitree_ws/install/control_msgs/include/control_msgs/control_msgs/msg/interface_value.h
[3.892s] -- Up-to-date: /home/vincentspada/unitree_ws/install/control_msgs/include/control_msgs/control_msgs/msg/steering_controller_status.h
[3.892s] -- Up-to-date: /home/vincentspada/unitree_ws/install/control_msgs/share/control_msgs/environment/library_path.sh
[3.892s] -- Up-to-date: /home/vincentspada/unitree_ws/install/control_msgs/share/control_msgs/environment/library_path.dsv
[3.893s] -- Up-to-date: /home/vincentspada/unitree_ws/install/control_msgs/lib/libcontrol_msgs__rosidl_generator_c.so
[3.893s] -- Up-to-date: /home/vincentspada/unitree_ws/install/control_msgs/include/control_msgs/control_msgs
[3.893s] -- Up-to-date: /home/vincentspada/unitree_ws/install/control_msgs/include/control_msgs/control_msgs/action
[3.893s] -- Up-to-date: /home/vincentspada/unitree_ws/install/control_msgs/include/control_msgs/control_msgs/action/detail
[3.893s] -- Up-to-date: /home/vincentspada/unitree_ws/install/control_msgs/include/control_msgs/control_msgs/action/detail/follow_joint_trajectory__rosidl_typesupport_fastrtps_c.h
[3.894s] -- Up-to-date: /home/vincentspada/unitree_ws/install/control_msgs/include/control_msgs/control_msgs/action/detail/joint_trajectory__rosidl_typesupport_fastrtps_c.h
[3.894s] -- Up-to-date: /home/vincentspada/unitree_ws/install/control_msgs/include/control_msgs/control_msgs/action/detail/point_head__rosidl_typesupport_fastrtps_c.h
[3.894s] -- Up-to-date: /home/vincentspada/unitree_ws/install/control_msgs/include/control_msgs/control_msgs/action/detail/single_joint_position__rosidl_typesupport_fastrtps_c.h
[3.894s] -- Up-to-date: /home/vincentspada/unitree_ws/install/control_msgs/include/control_msgs/control_msgs/action/detail/gripper_command__rosidl_typesupport_fastrtps_c.h
[3.894s] -- Up-to-date: /home/vincentspada/unitree_ws/install/control_msgs/include/control_msgs/control_msgs/srv
[3.894s] -- Up-to-date: /home/vincentspada/unitree_ws/install/control_msgs/include/control_msgs/control_msgs/srv/detail
[3.895s] -- Up-to-date: /home/vincentspada/unitree_ws/install/control_msgs/include/control_msgs/control_msgs/srv/detail/query_trajectory_state__rosidl_typesupport_fastrtps_c.h
[3.895s] -- Up-to-date: /home/vincentspada/unitree_ws/install/control_msgs/include/control_msgs/control_msgs/srv/detail/query_calibration_state__rosidl_typesupport_fastrtps_c.h
[3.895s] -- Up-to-date: /home/vincentspada/unitree_ws/install/control_msgs/include/control_msgs/control_msgs/msg
[3.895s] -- Up-to-date: /home/vincentspada/unitree_ws/install/control_msgs/include/control_msgs/control_msgs/msg/detail
[3.895s] -- Up-to-date: /home/vincentspada/unitree_ws/install/control_msgs/include/control_msgs/control_msgs/msg/detail/joint_tolerance__rosidl_typesupport_fastrtps_c.h
[3.895s] -- Up-to-date: /home/vincentspada/unitree_ws/install/control_msgs/include/control_msgs/control_msgs/msg/detail/joint_jog__rosidl_typesupport_fastrtps_c.h
[3.896s] -- Up-to-date: /home/vincentspada/unitree_ws/install/control_msgs/include/control_msgs/control_msgs/msg/detail/pid_state__rosidl_typesupport_fastrtps_c.h
[3.896s] -- Up-to-date: /home/vincentspada/unitree_ws/install/control_msgs/include/control_msgs/control_msgs/msg/detail/joint_trajectory_controller_state__rosidl_typesupport_fastrtps_c.h
[3.896s] -- Up-to-date: /home/vincentspada/unitree_ws/install/control_msgs/include/control_msgs/control_msgs/msg/detail/steering_controller_status__rosidl_typesupport_fastrtps_c.h
[3.896s] -- Up-to-date: /home/vincentspada/unitree_ws/install/control_msgs/include/control_msgs/control_msgs/msg/detail/interface_value__rosidl_typesupport_fastrtps_c.h
[3.896s] -- Up-to-date: /home/vincentspada/unitree_ws/install/control_msgs/include/control_msgs/control_msgs/msg/detail/mecanum_drive_controller_state__rosidl_typesupport_fastrtps_c.h
[3.896s] -- Up-to-date: /home/vincentspada/unitree_ws/install/control_msgs/include/control_msgs/control_msgs/msg/detail/admittance_controller_state__rosidl_typesupport_fastrtps_c.h
[3.897s] -- Up-to-date: /home/vincentspada/unitree_ws/install/control_msgs/include/control_msgs/control_msgs/msg/detail/dynamic_joint_state__rosidl_typesupport_fastrtps_c.h
[3.897s] -- Up-to-date: /home/vincentspada/unitree_ws/install/control_msgs/include/control_msgs/control_msgs/msg/detail/joint_controller_state__rosidl_typesupport_fastrtps_c.h
[3.897s] -- Up-to-date: /home/vincentspada/unitree_ws/install/control_msgs/include/control_msgs/control_msgs/msg/detail/gripper_command__rosidl_typesupport_fastrtps_c.h
[3.897s] -- Up-to-date: /home/vincentspada/unitree_ws/install/control_msgs/include/control_msgs/control_msgs/msg/detail/joint_component_tolerance__rosidl_typesupport_fastrtps_c.h
[3.897s] -- Up-to-date: /home/vincentspada/unitree_ws/install/control_msgs/include/control_msgs/control_msgs/msg/rosidl_typesupport_fastrtps_c__visibility_control.h
[3.897s] -- Up-to-date: /home/vincentspada/unitree_ws/install/control_msgs/lib/libcontrol_msgs__rosidl_typesupport_fastrtps_c.so
[3.897s] -- Up-to-date: /home/vincentspada/unitree_ws/install/control_msgs/include/control_msgs/control_msgs
[3.898s] -- Up-to-date: /home/vincentspada/unitree_ws/install/control_msgs/include/control_msgs/control_msgs/action
[3.898s] -- Up-to-date: /home/vincentspada/unitree_ws/install/control_msgs/include/control_msgs/control_msgs/action/point_head.hpp
[3.898s] -- Up-to-date: /home/vincentspada/unitree_ws/install/control_msgs/include/control_msgs/control_msgs/action/joint_trajectory.hpp
[3.898s] -- Up-to-date: /home/vincentspada/unitree_ws/install/control_msgs/include/control_msgs/control_msgs/action/follow_joint_trajectory.hpp
[3.898s] -- Up-to-date: /home/vincentspada/unitree_ws/install/control_msgs/include/control_msgs/control_msgs/action/gripper_command.hpp
[3.898s] -- Up-to-date: /home/vincentspada/unitree_ws/install/control_msgs/include/control_msgs/control_msgs/action/single_joint_position.hpp
[3.899s] -- Up-to-date: /home/vincentspada/unitree_ws/install/control_msgs/include/control_msgs/control_msgs/action/detail
[3.899s] -- Up-to-date: /home/vincentspada/unitree_ws/install/control_msgs/include/control_msgs/control_msgs/action/detail/single_joint_position__builder.hpp
[3.899s] -- Up-to-date: /home/vincentspada/unitree_ws/install/control_msgs/include/control_msgs/control_msgs/action/detail/point_head__builder.hpp
[3.899s] -- Up-to-date: /home/vincentspada/unitree_ws/install/control_msgs/include/control_msgs/control_msgs/action/detail/point_head__traits.hpp
[3.899s] -- Up-to-date: /home/vincentspada/unitree_ws/install/control_msgs/include/control_msgs/control_msgs/action/detail/joint_trajectory__traits.hpp
[3.899s] -- Up-to-date: /home/vincentspada/unitree_ws/install/control_msgs/include/control_msgs/control_msgs/action/detail/joint_trajectory__struct.hpp
[3.899s] -- Up-to-date: /home/vincentspada/unitree_ws/install/control_msgs/include/control_msgs/control_msgs/action/detail/point_head__struct.hpp
[3.900s] -- Up-to-date: /home/vincentspada/unitree_ws/install/control_msgs/include/control_msgs/control_msgs/action/detail/follow_joint_trajectory__builder.hpp
[3.900s] -- Up-to-date: /home/vincentspada/unitree_ws/install/control_msgs/include/control_msgs/control_msgs/action/detail/gripper_command__struct.hpp
[3.900s] -- Up-to-date: /home/vincentspada/unitree_ws/install/control_msgs/include/control_msgs/control_msgs/action/detail/single_joint_position__struct.hpp
[3.900s] -- Up-to-date: /home/vincentspada/unitree_ws/install/control_msgs/include/control_msgs/control_msgs/action/detail/gripper_command__traits.hpp
[3.900s] -- Up-to-date: /home/vincentspada/unitree_ws/install/control_msgs/include/control_msgs/control_msgs/action/detail/single_joint_position__traits.hpp
[3.900s] -- Up-to-date: /home/vincentspada/unitree_ws/install/control_msgs/include/control_msgs/control_msgs/action/detail/follow_joint_trajectory__traits.hpp
[3.900s] -- Up-to-date: /home/vincentspada/unitree_ws/install/control_msgs/include/control_msgs/control_msgs/action/detail/gripper_command__builder.hpp
[3.901s] -- Up-to-date: /home/vincentspada/unitree_ws/install/control_msgs/include/control_msgs/control_msgs/action/detail/joint_trajectory__builder.hpp
[3.901s] -- Up-to-date: /home/vincentspada/unitree_ws/install/control_msgs/include/control_msgs/control_msgs/action/detail/follow_joint_trajectory__struct.hpp
[3.901s] -- Up-to-date: /home/vincentspada/unitree_ws/install/control_msgs/include/control_msgs/control_msgs/srv
[3.901s] -- Up-to-date: /home/vincentspada/unitree_ws/install/control_msgs/include/control_msgs/control_msgs/srv/detail
[3.901s] -- Up-to-date: /home/vincentspada/unitree_ws/install/control_msgs/include/control_msgs/control_msgs/srv/detail/query_calibration_state__builder.hpp
[3.901s] -- Up-to-date: /home/vincentspada/unitree_ws/install/control_msgs/include/control_msgs/control_msgs/srv/detail/query_calibration_state__struct.hpp
[3.902s] -- Up-to-date: /home/vincentspada/unitree_ws/install/control_msgs/include/control_msgs/control_msgs/srv/detail/query_calibration_state__traits.hpp
[3.902s] -- Up-to-date: /home/vincentspada/unitree_ws/install/control_msgs/include/control_msgs/control_msgs/srv/detail/query_trajectory_state__traits.hpp
[3.902s] -- Up-to-date: /home/vincentspada/unitree_ws/install/control_msgs/include/control_msgs/control_msgs/srv/detail/query_trajectory_state__struct.hpp
[3.902s] -- Up-to-date: /home/vincentspada/unitree_ws/install/control_msgs/include/control_msgs/control_msgs/srv/detail/query_trajectory_state__builder.hpp
[3.902s] -- Up-to-date: /home/vincentspada/unitree_ws/install/control_msgs/include/control_msgs/control_msgs/srv/query_trajectory_state.hpp
[3.902s] -- Up-to-date: /home/vincentspada/unitree_ws/install/control_msgs/include/control_msgs/control_msgs/srv/query_calibration_state.hpp
[3.902s] -- Up-to-date: /home/vincentspada/unitree_ws/install/control_msgs/include/control_msgs/control_msgs/msg
[3.903s] -- Up-to-date: /home/vincentspada/unitree_ws/install/control_msgs/include/control_msgs/control_msgs/msg/interface_value.hpp
[3.903s] -- Up-to-date: /home/vincentspada/unitree_ws/install/control_msgs/include/control_msgs/control_msgs/msg/pid_state.hpp
[3.903s] -- Up-to-date: /home/vincentspada/unitree_ws/install/control_msgs/include/control_msgs/control_msgs/msg/gripper_command.hpp
[3.903s] -- Up-to-date: /home/vincentspada/unitree_ws/install/control_msgs/include/control_msgs/control_msgs/msg/joint_tolerance.hpp
[3.903s] -- Up-to-date: /home/vincentspada/unitree_ws/install/control_msgs/include/control_msgs/control_msgs/msg/joint_trajectory_controller_state.hpp
[3.903s] -- Up-to-date: /home/vincentspada/unitree_ws/install/control_msgs/include/control_msgs/control_msgs/msg/joint_component_tolerance.hpp
[3.904s] -- Up-to-date: /home/vincentspada/unitree_ws/install/control_msgs/include/control_msgs/control_msgs/msg/steering_controller_status.hpp
[3.904s] -- Up-to-date: /home/vincentspada/unitree_ws/install/control_msgs/include/control_msgs/control_msgs/msg/dynamic_joint_state.hpp
[3.904s] -- Up-to-date: /home/vincentspada/unitree_ws/install/control_msgs/include/control_msgs/control_msgs/msg/mecanum_drive_controller_state.hpp
[3.904s] -- Up-to-date: /home/vincentspada/unitree_ws/install/control_msgs/include/control_msgs/control_msgs/msg/joint_controller_state.hpp
[3.904s] -- Up-to-date: /home/vincentspada/unitree_ws/install/control_msgs/include/control_msgs/control_msgs/msg/detail
[3.904s] -- Up-to-date: /home/vincentspada/unitree_ws/install/control_msgs/include/control_msgs/control_msgs/msg/detail/dynamic_joint_state__struct.hpp
[3.904s] -- Up-to-date: /home/vincentspada/unitree_ws/install/control_msgs/include/control_msgs/control_msgs/msg/detail/mecanum_drive_controller_state__struct.hpp
[3.905s] -- Up-to-date: /home/vincentspada/unitree_ws/install/control_msgs/include/control_msgs/control_msgs/msg/detail/mecanum_drive_controller_state__traits.hpp
[3.905s] -- Up-to-date: /home/vincentspada/unitree_ws/install/control_msgs/include/control_msgs/control_msgs/msg/detail/interface_value__builder.hpp
[3.916s] -- Up-to-date: /home/vincentspada/unitree_ws/install/control_msgs/include/control_msgs/control_msgs/msg/detail/steering_controller_status__struct.hpp
[3.916s] -- Up-to-date: /home/vincentspada/unitree_ws/install/control_msgs/include/control_msgs/control_msgs/msg/detail/steering_controller_status__traits.hpp
[3.916s] -- Up-to-date: /home/vincentspada/unitree_ws/install/control_msgs/include/control_msgs/control_msgs/msg/detail/joint_jog__traits.hpp
[3.916s] -- Up-to-date: /home/vincentspada/unitree_ws/install/control_msgs/include/control_msgs/control_msgs/msg/detail/joint_controller_state__struct.hpp
[3.916s] -- Up-to-date: /home/vincentspada/unitree_ws/install/control_msgs/include/control_msgs/control_msgs/msg/detail/joint_tolerance__builder.hpp
[3.916s] -- Up-to-date: /home/vincentspada/unitree_ws/install/control_msgs/include/control_msgs/control_msgs/msg/detail/mecanum_drive_controller_state__builder.hpp
[3.917s] -- Up-to-date: /home/vincentspada/unitree_ws/install/control_msgs/include/control_msgs/control_msgs/msg/detail/joint_component_tolerance__traits.hpp
[3.917s] -- Up-to-date: /home/vincentspada/unitree_ws/install/control_msgs/include/control_msgs/control_msgs/msg/detail/admittance_controller_state__struct.hpp
[3.917s] -- Up-to-date: /home/vincentspada/unitree_ws/install/control_msgs/include/control_msgs/control_msgs/msg/detail/interface_value__traits.hpp
[3.917s] -- Up-to-date: /home/vincentspada/unitree_ws/install/control_msgs/include/control_msgs/control_msgs/msg/detail/joint_trajectory_controller_state__builder.hpp
[3.917s] -- Up-to-date: /home/vincentspada/unitree_ws/install/control_msgs/include/control_msgs/control_msgs/msg/detail/pid_state__builder.hpp
[3.917s] -- Up-to-date: /home/vincentspada/unitree_ws/install/control_msgs/include/control_msgs/control_msgs/msg/detail/gripper_command__struct.hpp
[3.918s] -- Up-to-date: /home/vincentspada/unitree_ws/install/control_msgs/include/control_msgs/control_msgs/msg/detail/joint_jog__struct.hpp
[3.918s] -- Up-to-date: /home/vincentspada/unitree_ws/install/control_msgs/include/control_msgs/control_msgs/msg/detail/joint_trajectory_controller_state__traits.hpp
[3.918s] -- Up-to-date: /home/vincentspada/unitree_ws/install/control_msgs/include/control_msgs/control_msgs/msg/detail/joint_controller_state__builder.hpp
[3.918s] -- Up-to-date: /home/vincentspada/unitree_ws/install/control_msgs/include/control_msgs/control_msgs/msg/detail/gripper_command__traits.hpp
[3.918s] -- Up-to-date: /home/vincentspada/unitree_ws/install/control_msgs/include/control_msgs/control_msgs/msg/detail/joint_controller_state__traits.hpp
[3.918s] -- Up-to-date: /home/vincentspada/unitree_ws/install/control_msgs/include/control_msgs/control_msgs/msg/detail/dynamic_joint_state__traits.hpp
[3.919s] -- Up-to-date: /home/vincentspada/unitree_ws/install/control_msgs/include/control_msgs/control_msgs/msg/detail/joint_tolerance__struct.hpp
[3.919s] -- Up-to-date: /home/vincentspada/unitree_ws/install/control_msgs/include/control_msgs/control_msgs/msg/detail/joint_component_tolerance__builder.hpp
[3.919s] -- Up-to-date: /home/vincentspada/unitree_ws/install/control_msgs/include/control_msgs/control_msgs/msg/detail/dynamic_joint_state__builder.hpp
[3.919s] -- Up-to-date: /home/vincentspada/unitree_ws/install/control_msgs/include/control_msgs/control_msgs/msg/detail/gripper_command__builder.hpp
[3.919s] -- Up-to-date: /home/vincentspada/unitree_ws/install/control_msgs/include/control_msgs/control_msgs/msg/detail/pid_state__traits.hpp
[3.919s] -- Up-to-date: /home/vincentspada/unitree_ws/install/control_msgs/include/control_msgs/control_msgs/msg/detail/admittance_controller_state__builder.hpp
[3.919s] -- Up-to-date: /home/vincentspada/unitree_ws/install/control_msgs/include/control_msgs/control_msgs/msg/detail/joint_jog__builder.hpp
[3.920s] -- Up-to-date: /home/vincentspada/unitree_ws/install/control_msgs/include/control_msgs/control_msgs/msg/detail/interface_value__struct.hpp
[3.920s] -- Up-to-date: /home/vincentspada/unitree_ws/install/control_msgs/include/control_msgs/control_msgs/msg/detail/steering_controller_status__builder.hpp
[3.920s] -- Up-to-date: /home/vincentspada/unitree_ws/install/control_msgs/include/control_msgs/control_msgs/msg/detail/joint_trajectory_controller_state__struct.hpp
[3.920s] -- Up-to-date: /home/vincentspada/unitree_ws/install/control_msgs/include/control_msgs/control_msgs/msg/detail/joint_component_tolerance__struct.hpp
[3.920s] -- Up-to-date: /home/vincentspada/unitree_ws/install/control_msgs/include/control_msgs/control_msgs/msg/detail/admittance_controller_state__traits.hpp
[3.920s] -- Up-to-date: /home/vincentspada/unitree_ws/install/control_msgs/include/control_msgs/control_msgs/msg/detail/joint_tolerance__traits.hpp
[3.920s] -- Up-to-date: /home/vincentspada/unitree_ws/install/control_msgs/include/control_msgs/control_msgs/msg/detail/pid_state__struct.hpp
[3.921s] -- Up-to-date: /home/vincentspada/unitree_ws/install/control_msgs/include/control_msgs/control_msgs/msg/admittance_controller_state.hpp
[3.921s] -- Up-to-date: /home/vincentspada/unitree_ws/install/control_msgs/include/control_msgs/control_msgs/msg/joint_jog.hpp
[3.921s] -- Up-to-date: /home/vincentspada/unitree_ws/install/control_msgs/include/control_msgs/control_msgs
[3.921s] -- Up-to-date: /home/vincentspada/unitree_ws/install/control_msgs/include/control_msgs/control_msgs/action
[3.921s] -- Up-to-date: /home/vincentspada/unitree_ws/install/control_msgs/include/control_msgs/control_msgs/action/detail
[3.921s] -- Up-to-date: /home/vincentspada/unitree_ws/install/control_msgs/include/control_msgs/control_msgs/action/detail/joint_trajectory__rosidl_typesupport_fastrtps_cpp.hpp
[3.922s] -- Up-to-date: /home/vincentspada/unitree_ws/install/control_msgs/include/control_msgs/control_msgs/action/detail/follow_joint_trajectory__rosidl_typesupport_fastrtps_cpp.hpp
[3.922s] -- Up-to-date: /home/vincentspada/unitree_ws/install/control_msgs/include/control_msgs/control_msgs/action/detail/gripper_command__rosidl_typesupport_fastrtps_cpp.hpp
[3.922s] -- Up-to-date: /home/vincentspada/unitree_ws/install/control_msgs/include/control_msgs/control_msgs/action/detail/point_head__rosidl_typesupport_fastrtps_cpp.hpp
[3.922s] -- Up-to-date: /home/vincentspada/unitree_ws/install/control_msgs/include/control_msgs/control_msgs/action/detail/single_joint_position__rosidl_typesupport_fastrtps_cpp.hpp
[3.922s] -- Up-to-date: /home/vincentspada/unitree_ws/install/control_msgs/include/control_msgs/control_msgs/action/detail/dds_fastrtps
[3.922s] -- Up-to-date: /home/vincentspada/unitree_ws/install/control_msgs/include/control_msgs/control_msgs/srv
[3.922s] -- Up-to-date: /home/vincentspada/unitree_ws/install/control_msgs/include/control_msgs/control_msgs/srv/detail
[3.923s] -- Up-to-date: /home/vincentspada/unitree_ws/install/control_msgs/include/control_msgs/control_msgs/srv/detail/query_calibration_state__rosidl_typesupport_fastrtps_cpp.hpp
[3.923s] -- Up-to-date: /home/vincentspada/unitree_ws/install/control_msgs/include/control_msgs/control_msgs/srv/detail/dds_fastrtps
[3.923s] -- Up-to-date: /home/vincentspada/unitree_ws/install/control_msgs/include/control_msgs/control_msgs/srv/detail/query_trajectory_state__rosidl_typesupport_fastrtps_cpp.hpp
[3.923s] -- Up-to-date: /home/vincentspada/unitree_ws/install/control_msgs/include/control_msgs/control_msgs/msg
[3.923s] -- Up-to-date: /home/vincentspada/unitree_ws/install/control_msgs/include/control_msgs/control_msgs/msg/detail
[3.923s] -- Up-to-date: /home/vincentspada/unitree_ws/install/control_msgs/include/control_msgs/control_msgs/msg/detail/interface_value__rosidl_typesupport_fastrtps_cpp.hpp
[3.924s] -- Up-to-date: /home/vincentspada/unitree_ws/install/control_msgs/include/control_msgs/control_msgs/msg/detail/pid_state__rosidl_typesupport_fastrtps_cpp.hpp
[3.924s] -- Up-to-date: /home/vincentspada/unitree_ws/install/control_msgs/include/control_msgs/control_msgs/msg/detail/mecanum_drive_controller_state__rosidl_typesupport_fastrtps_cpp.hpp
[3.924s] -- Up-to-date: /home/vincentspada/unitree_ws/install/control_msgs/include/control_msgs/control_msgs/msg/detail/gripper_command__rosidl_typesupport_fastrtps_cpp.hpp
[3.924s] -- Up-to-date: /home/vincentspada/unitree_ws/install/control_msgs/include/control_msgs/control_msgs/msg/detail/joint_controller_state__rosidl_typesupport_fastrtps_cpp.hpp
[3.924s] -- Up-to-date: /home/vincentspada/unitree_ws/install/control_msgs/include/control_msgs/control_msgs/msg/detail/joint_tolerance__rosidl_typesupport_fastrtps_cpp.hpp
[3.924s] -- Up-to-date: /home/vincentspada/unitree_ws/install/control_msgs/include/control_msgs/control_msgs/msg/detail/dds_fastrtps
[3.924s] -- Up-to-date: /home/vincentspada/unitree_ws/install/control_msgs/include/control_msgs/control_msgs/msg/detail/joint_component_tolerance__rosidl_typesupport_fastrtps_cpp.hpp
[3.925s] -- Up-to-date: /home/vincentspada/unitree_ws/install/control_msgs/include/control_msgs/control_msgs/msg/detail/steering_controller_status__rosidl_typesupport_fastrtps_cpp.hpp
[3.925s] -- Up-to-date: /home/vincentspada/unitree_ws/install/control_msgs/include/control_msgs/control_msgs/msg/detail/admittance_controller_state__rosidl_typesupport_fastrtps_cpp.hpp
[3.925s] -- Up-to-date: /home/vincentspada/unitree_ws/install/control_msgs/include/control_msgs/control_msgs/msg/detail/dynamic_joint_state__rosidl_typesupport_fastrtps_cpp.hpp
[3.925s] -- Up-to-date: /home/vincentspada/unitree_ws/install/control_msgs/include/control_msgs/control_msgs/msg/detail/joint_trajectory_controller_state__rosidl_typesupport_fastrtps_cpp.hpp
[3.925s] -- Up-to-date: /home/vincentspada/unitree_ws/install/control_msgs/include/control_msgs/control_msgs/msg/detail/joint_jog__rosidl_typesupport_fastrtps_cpp.hpp
[3.926s] -- Up-to-date: /home/vincentspada/unitree_ws/install/control_msgs/include/control_msgs/control_msgs/msg/rosidl_typesupport_fastrtps_cpp__visibility_control.h
[3.926s] -- Up-to-date: /home/vincentspada/unitree_ws/install/control_msgs/lib/libcontrol_msgs__rosidl_typesupport_fastrtps_cpp.so
[3.926s] -- Up-to-date: /home/vincentspada/unitree_ws/install/control_msgs/include/control_msgs/control_msgs
[3.926s] -- Up-to-date: /home/vincentspada/unitree_ws/install/control_msgs/include/control_msgs/control_msgs/action
[3.926s] -- Up-to-date: /home/vincentspada/unitree_ws/install/control_msgs/include/control_msgs/control_msgs/action/detail
[3.926s] -- Up-to-date: /home/vincentspada/unitree_ws/install/control_msgs/include/control_msgs/control_msgs/action/detail/point_head__rosidl_typesupport_introspection_c.h
[3.926s] -- Up-to-date: /home/vincentspada/unitree_ws/install/control_msgs/include/control_msgs/control_msgs/action/detail/single_joint_position__type_support.c
[3.927s] -- Up-to-date: /home/vincentspada/unitree_ws/install/control_msgs/include/control_msgs/control_msgs/action/detail/joint_trajectory__type_support.c
[3.927s] -- Up-to-date: /home/vincentspada/unitree_ws/install/control_msgs/include/control_msgs/control_msgs/action/detail/single_joint_position__rosidl_typesupport_introspection_c.h
[3.927s] -- Up-to-date: /home/vincentspada/unitree_ws/install/control_msgs/include/control_msgs/control_msgs/action/detail/follow_joint_trajectory__type_support.c
[3.927s] -- Up-to-date: /home/vincentspada/unitree_ws/install/control_msgs/include/control_msgs/control_msgs/action/detail/gripper_command__rosidl_typesupport_introspection_c.h
[3.927s] -- Up-to-date: /home/vincentspada/unitree_ws/install/control_msgs/include/control_msgs/control_msgs/action/detail/joint_trajectory__rosidl_typesupport_introspection_c.h
[3.927s] -- Up-to-date: /home/vincentspada/unitree_ws/install/control_msgs/include/control_msgs/control_msgs/action/detail/gripper_command__type_support.c
[3.927s] -- Up-to-date: /home/vincentspada/unitree_ws/install/control_msgs/include/control_msgs/control_msgs/action/detail/point_head__type_support.c
[3.928s] -- Up-to-date: /home/vincentspada/unitree_ws/install/control_msgs/include/control_msgs/control_msgs/action/detail/follow_joint_trajectory__rosidl_typesupport_introspection_c.h
[3.928s] -- Up-to-date: /home/vincentspada/unitree_ws/install/control_msgs/include/control_msgs/control_msgs/srv
[3.928s] -- Up-to-date: /home/vincentspada/unitree_ws/install/control_msgs/include/control_msgs/control_msgs/srv/detail
[3.928s] -- Up-to-date: /home/vincentspada/unitree_ws/install/control_msgs/include/control_msgs/control_msgs/srv/detail/query_calibration_state__rosidl_typesupport_introspection_c.h
[3.928s] -- Up-to-date: /home/vincentspada/unitree_ws/install/control_msgs/include/control_msgs/control_msgs/srv/detail/query_calibration_state__type_support.c
[3.928s] -- Up-to-date: /home/vincentspada/unitree_ws/install/control_msgs/include/control_msgs/control_msgs/srv/detail/query_trajectory_state__rosidl_typesupport_introspection_c.h
[3.928s] -- Up-to-date: /home/vincentspada/unitree_ws/install/control_msgs/include/control_msgs/control_msgs/srv/detail/query_trajectory_state__type_support.c
[3.929s] -- Up-to-date: /home/vincentspada/unitree_ws/install/control_msgs/include/control_msgs/control_msgs/msg
[3.929s] -- Up-to-date: /home/vincentspada/unitree_ws/install/control_msgs/include/control_msgs/control_msgs/msg/rosidl_typesupport_introspection_c__visibility_control.h
[3.929s] -- Up-to-date: /home/vincentspada/unitree_ws/install/control_msgs/include/control_msgs/control_msgs/msg/detail
[3.929s] -- Up-to-date: /home/vincentspada/unitree_ws/install/control_msgs/include/control_msgs/control_msgs/msg/detail/steering_controller_status__rosidl_typesupport_introspection_c.h
[3.929s] -- Up-to-date: /home/vincentspada/unitree_ws/install/control_msgs/include/control_msgs/control_msgs/msg/detail/steering_controller_status__type_support.c
[3.929s] -- Up-to-date: /home/vincentspada/unitree_ws/install/control_msgs/include/control_msgs/control_msgs/msg/detail/joint_jog__rosidl_typesupport_introspection_c.h
[3.930s] -- Up-to-date: /home/vincentspada/unitree_ws/install/control_msgs/include/control_msgs/control_msgs/msg/detail/admittance_controller_state__type_support.c
[3.930s] -- Up-to-date: /home/vincentspada/unitree_ws/install/control_msgs/include/control_msgs/control_msgs/msg/detail/joint_trajectory_controller_state__rosidl_typesupport_introspection_c.h
[3.930s] -- Up-to-date: /home/vincentspada/unitree_ws/install/control_msgs/include/control_msgs/control_msgs/msg/detail/mecanum_drive_controller_state__type_support.c
[3.930s] -- Up-to-date: /home/vincentspada/unitree_ws/install/control_msgs/include/control_msgs/control_msgs/msg/detail/joint_tolerance__type_support.c
[3.930s] -- Up-to-date: /home/vincentspada/unitree_ws/install/control_msgs/include/control_msgs/control_msgs/msg/detail/dynamic_joint_state__rosidl_typesupport_introspection_c.h
[3.930s] -- Up-to-date: /home/vincentspada/unitree_ws/install/control_msgs/include/control_msgs/control_msgs/msg/detail/gripper_command__rosidl_typesupport_introspection_c.h
[3.930s] -- Up-to-date: /home/vincentspada/unitree_ws/install/control_msgs/include/control_msgs/control_msgs/msg/detail/pid_state__type_support.c
[3.931s] -- Up-to-date: /home/vincentspada/unitree_ws/install/control_msgs/include/control_msgs/control_msgs/msg/detail/joint_component_tolerance__rosidl_typesupport_introspection_c.h
[3.931s] -- Up-to-date: /home/vincentspada/unitree_ws/install/control_msgs/include/control_msgs/control_msgs/msg/detail/joint_component_tolerance__type_support.c
[3.931s] -- Up-to-date: /home/vincentspada/unitree_ws/install/control_msgs/include/control_msgs/control_msgs/msg/detail/interface_value__rosidl_typesupport_introspection_c.h
[3.931s] -- Up-to-date: /home/vincentspada/unitree_ws/install/control_msgs/include/control_msgs/control_msgs/msg/detail/joint_controller_state__rosidl_typesupport_introspection_c.h
[3.931s] -- Up-to-date: /home/vincentspada/unitree_ws/install/control_msgs/include/control_msgs/control_msgs/msg/detail/mecanum_drive_controller_state__rosidl_typesupport_introspection_c.h
[3.931s] -- Up-to-date: /home/vincentspada/unitree_ws/install/control_msgs/include/control_msgs/control_msgs/msg/detail/joint_trajectory_controller_state__type_support.c
[3.931s] -- Up-to-date: /home/vincentspada/unitree_ws/install/control_msgs/include/control_msgs/control_msgs/msg/detail/gripper_command__type_support.c
[3.932s] -- Up-to-date: /home/vincentspada/unitree_ws/install/control_msgs/include/control_msgs/control_msgs/msg/detail/interface_value__type_support.c
[3.932s] -- Up-to-date: /home/vincentspada/unitree_ws/install/control_msgs/include/control_msgs/control_msgs/msg/detail/admittance_controller_state__rosidl_typesupport_introspection_c.h
[3.932s] -- Up-to-date: /home/vincentspada/unitree_ws/install/control_msgs/include/control_msgs/control_msgs/msg/detail/pid_state__rosidl_typesupport_introspection_c.h
[3.932s] -- Up-to-date: /home/vincentspada/unitree_ws/install/control_msgs/include/control_msgs/control_msgs/msg/detail/joint_controller_state__type_support.c
[3.932s] -- Up-to-date: /home/vincentspada/unitree_ws/install/control_msgs/include/control_msgs/control_msgs/msg/detail/joint_tolerance__rosidl_typesupport_introspection_c.h
[3.932s] -- Up-to-date: /home/vincentspada/unitree_ws/install/control_msgs/include/control_msgs/control_msgs/msg/detail/joint_jog__type_support.c
[3.932s] -- Up-to-date: /home/vincentspada/unitree_ws/install/control_msgs/include/control_msgs/control_msgs/msg/detail/dynamic_joint_state__type_support.c
[3.933s] -- Up-to-date: /home/vincentspada/unitree_ws/install/control_msgs/lib/libcontrol_msgs__rosidl_typesupport_introspection_c.so
[3.933s] -- Up-to-date: /home/vincentspada/unitree_ws/install/control_msgs/lib/libcontrol_msgs__rosidl_typesupport_c.so
[3.933s] -- Up-to-date: /home/vincentspada/unitree_ws/install/control_msgs/include/control_msgs/control_msgs
[3.933s] -- Up-to-date: /home/vincentspada/unitree_ws/install/control_msgs/include/control_msgs/control_msgs/action
[3.933s] -- Up-to-date: /home/vincentspada/unitree_ws/install/control_msgs/include/control_msgs/control_msgs/action/detail
[3.933s] -- Up-to-date: /home/vincentspada/unitree_ws/install/control_msgs/include/control_msgs/control_msgs/action/detail/single_joint_position__rosidl_typesupport_introspection_cpp.hpp
[3.933s] -- Up-to-date: /home/vincentspada/unitree_ws/install/control_msgs/include/control_msgs/control_msgs/action/detail/point_head__type_support.cpp
[3.934s] -- Up-to-date: /home/vincentspada/unitree_ws/install/control_msgs/include/control_msgs/control_msgs/action/detail/gripper_command__rosidl_typesupport_introspection_cpp.hpp
[3.934s] -- Up-to-date: /home/vincentspada/unitree_ws/install/control_msgs/include/control_msgs/control_msgs/action/detail/single_joint_position__type_support.cpp
[3.935s] -- Up-to-date: /home/vincentspada/unitree_ws/install/control_msgs/include/control_msgs/control_msgs/action/detail/gripper_command__type_support.cpp
[3.936s] -- Up-to-date: /home/vincentspada/unitree_ws/install/control_msgs/include/control_msgs/control_msgs/action/detail/follow_joint_trajectory__type_support.cpp
[3.936s] -- Up-to-date: /home/vincentspada/unitree_ws/install/control_msgs/include/control_msgs/control_msgs/action/detail/follow_joint_trajectory__rosidl_typesupport_introspection_cpp.hpp
[3.936s] -- Up-to-date: /home/vincentspada/unitree_ws/install/control_msgs/include/control_msgs/control_msgs/action/detail/joint_trajectory__type_support.cpp
[3.936s] -- Up-to-date: /home/vincentspada/unitree_ws/install/control_msgs/include/control_msgs/control_msgs/action/detail/joint_trajectory__rosidl_typesupport_introspection_cpp.hpp
[3.936s] -- Up-to-date: /home/vincentspada/unitree_ws/install/control_msgs/include/control_msgs/control_msgs/action/detail/point_head__rosidl_typesupport_introspection_cpp.hpp
[3.937s] -- Up-to-date: /home/vincentspada/unitree_ws/install/control_msgs/include/control_msgs/control_msgs/srv
[3.937s] -- Up-to-date: /home/vincentspada/unitree_ws/install/control_msgs/include/control_msgs/control_msgs/srv/detail
[3.937s] -- Up-to-date: /home/vincentspada/unitree_ws/install/control_msgs/include/control_msgs/control_msgs/srv/detail/query_calibration_state__type_support.cpp
[3.937s] -- Up-to-date: /home/vincentspada/unitree_ws/install/control_msgs/include/control_msgs/control_msgs/srv/detail/query_calibration_state__rosidl_typesupport_introspection_cpp.hpp
[3.937s] -- Up-to-date: /home/vincentspada/unitree_ws/install/control_msgs/include/control_msgs/control_msgs/srv/detail/query_trajectory_state__rosidl_typesupport_introspection_cpp.hpp
[3.938s] -- Up-to-date: /home/vincentspada/unitree_ws/install/control_msgs/include/control_msgs/control_msgs/srv/detail/query_trajectory_state__type_support.cpp
[3.938s] -- Up-to-date: /home/vincentspada/unitree_ws/install/control_msgs/include/control_msgs/control_msgs/msg
[3.938s] -- Up-to-date: /home/vincentspada/unitree_ws/install/control_msgs/include/control_msgs/control_msgs/msg/detail
[3.938s] -- Up-to-date: /home/vincentspada/unitree_ws/install/control_msgs/include/control_msgs/control_msgs/msg/detail/admittance_controller_state__type_support.cpp
[3.938s] -- Up-to-date: /home/vincentspada/unitree_ws/install/control_msgs/include/control_msgs/control_msgs/msg/detail/joint_tolerance__type_support.cpp
[3.938s] -- Up-to-date: /home/vincentspada/unitree_ws/install/control_msgs/include/control_msgs/control_msgs/msg/detail/interface_value__rosidl_typesupport_introspection_cpp.hpp
[3.938s] -- Up-to-date: /home/vincentspada/unitree_ws/install/control_msgs/include/control_msgs/control_msgs/msg/detail/pid_state__type_support.cpp
[3.939s] -- Up-to-date: /home/vincentspada/unitree_ws/install/control_msgs/include/control_msgs/control_msgs/msg/detail/gripper_command__rosidl_typesupport_introspection_cpp.hpp
[3.939s] -- Up-to-date: /home/vincentspada/unitree_ws/install/control_msgs/include/control_msgs/control_msgs/msg/detail/steering_controller_status__type_support.cpp
[3.939s] -- Up-to-date: /home/vincentspada/unitree_ws/install/control_msgs/include/control_msgs/control_msgs/msg/detail/joint_controller_state__type_support.cpp
[3.939s] -- Up-to-date: /home/vincentspada/unitree_ws/install/control_msgs/include/control_msgs/control_msgs/msg/detail/joint_tolerance__rosidl_typesupport_introspection_cpp.hpp
[3.939s] -- Up-to-date: /home/vincentspada/unitree_ws/install/control_msgs/include/control_msgs/control_msgs/msg/detail/steering_controller_status__rosidl_typesupport_introspection_cpp.hpp
[3.939s] -- Up-to-date: /home/vincentspada/unitree_ws/install/control_msgs/include/control_msgs/control_msgs/msg/detail/joint_trajectory_controller_state__rosidl_typesupport_introspection_cpp.hpp
[3.939s] -- Up-to-date: /home/vincentspada/unitree_ws/install/control_msgs/include/control_msgs/control_msgs/msg/detail/pid_state__rosidl_typesupport_introspection_cpp.hpp
[3.940s] -- Up-to-date: /home/vincentspada/unitree_ws/install/control_msgs/include/control_msgs/control_msgs/msg/detail/joint_controller_state__rosidl_typesupport_introspection_cpp.hpp
[3.942s] -- Up-to-date: /home/vincentspada/unitree_ws/install/control_msgs/include/control_msgs/control_msgs/msg/detail/joint_jog__type_support.cpp
[3.943s] -- Up-to-date: /home/vincentspada/unitree_ws/install/control_msgs/include/control_msgs/control_msgs/msg/detail/admittance_controller_state__rosidl_typesupport_introspection_cpp.hpp
[3.943s] -- Up-to-date: /home/vincentspada/unitree_ws/install/control_msgs/include/control_msgs/control_msgs/msg/detail/joint_component_tolerance__type_support.cpp
[3.943s] -- Up-to-date: /home/vincentspada/unitree_ws/install/control_msgs/include/control_msgs/control_msgs/msg/detail/gripper_command__type_support.cpp
[3.943s] -- Up-to-date: /home/vincentspada/unitree_ws/install/control_msgs/include/control_msgs/control_msgs/msg/detail/joint_component_tolerance__rosidl_typesupport_introspection_cpp.hpp
[3.943s] -- Up-to-date: /home/vincentspada/unitree_ws/install/control_msgs/include/control_msgs/control_msgs/msg/detail/dynamic_joint_state__type_support.cpp
[3.943s] -- Up-to-date: /home/vincentspada/unitree_ws/install/control_msgs/include/control_msgs/control_msgs/msg/detail/dynamic_joint_state__rosidl_typesupport_introspection_cpp.hpp
[3.944s] -- Up-to-date: /home/vincentspada/unitree_ws/install/control_msgs/include/control_msgs/control_msgs/msg/detail/mecanum_drive_controller_state__rosidl_typesupport_introspection_cpp.hpp
[3.944s] -- Up-to-date: /home/vincentspada/unitree_ws/install/control_msgs/include/control_msgs/control_msgs/msg/detail/mecanum_drive_controller_state__type_support.cpp
[3.944s] -- Up-to-date: /home/vincentspada/unitree_ws/install/control_msgs/include/control_msgs/control_msgs/msg/detail/interface_value__type_support.cpp
[3.944s] -- Up-to-date: /home/vincentspada/unitree_ws/install/control_msgs/include/control_msgs/control_msgs/msg/detail/joint_jog__rosidl_typesupport_introspection_cpp.hpp
[3.944s] -- Up-to-date: /home/vincentspada/unitree_ws/install/control_msgs/include/control_msgs/control_msgs/msg/detail/joint_trajectory_controller_state__type_support.cpp
[3.944s] -- Up-to-date: /home/vincentspada/unitree_ws/install/control_msgs/lib/libcontrol_msgs__rosidl_typesupport_introspection_cpp.so
[3.944s] -- Up-to-date: /home/vincentspada/unitree_ws/install/control_msgs/lib/libcontrol_msgs__rosidl_typesupport_cpp.so
[3.945s] -- Up-to-date: /home/vincentspada/unitree_ws/install/control_msgs/share/control_msgs/environment/pythonpath.sh
[3.945s] -- Up-to-date: /home/vincentspada/unitree_ws/install/control_msgs/share/control_msgs/environment/pythonpath.dsv
[3.945s] -- Up-to-date: /home/vincentspada/unitree_ws/install/control_msgs/local/lib/python3.10/dist-packages/control_msgs-4.4.0-py3.10.egg-info
[3.945s] -- Installing: /home/vincentspada/unitree_ws/install/control_msgs/local/lib/python3.10/dist-packages/control_msgs-4.4.0-py3.10.egg-info/dependency_links.txt
[3.945s] -- Installing: /home/vincentspada/unitree_ws/install/control_msgs/local/lib/python3.10/dist-packages/control_msgs-4.4.0-py3.10.egg-info/PKG-INFO
[3.945s] -- Installing: /home/vincentspada/unitree_ws/install/control_msgs/local/lib/python3.10/dist-packages/control_msgs-4.4.0-py3.10.egg-info/top_level.txt
[3.946s] -- Installing: /home/vincentspada/unitree_ws/install/control_msgs/local/lib/python3.10/dist-packages/control_msgs-4.4.0-py3.10.egg-info/SOURCES.txt
[3.946s] -- Up-to-date: /home/vincentspada/unitree_ws/install/control_msgs/local/lib/python3.10/dist-packages/control_msgs
[3.946s] -- Up-to-date: /home/vincentspada/unitree_ws/install/control_msgs/local/lib/python3.10/dist-packages/control_msgs/control_msgs_s__rosidl_typesupport_introspection_c.cpython-310-x86_64-linux-gnu.so
[3.946s] -- Up-to-date: /home/vincentspada/unitree_ws/install/control_msgs/local/lib/python3.10/dist-packages/control_msgs/libcontrol_msgs__rosidl_generator_py.so
[3.946s] -- Up-to-date: /home/vincentspada/unitree_ws/install/control_msgs/local/lib/python3.10/dist-packages/control_msgs/_control_msgs_s.ep.rosidl_typesupport_introspection_c.c
[3.946s] -- Up-to-date: /home/vincentspada/unitree_ws/install/control_msgs/local/lib/python3.10/dist-packages/control_msgs/action
[3.946s] -- Up-to-date: /home/vincentspada/unitree_ws/install/control_msgs/local/lib/python3.10/dist-packages/control_msgs/action/_gripper_command.py
[3.947s] -- Up-to-date: /home/vincentspada/unitree_ws/install/control_msgs/local/lib/python3.10/dist-packages/control_msgs/action/_joint_trajectory_s.c
[3.947s] -- Up-to-date: /home/vincentspada/unitree_ws/install/control_msgs/local/lib/python3.10/dist-packages/control_msgs/action/_single_joint_position.py
[3.947s] -- Up-to-date: /home/vincentspada/unitree_ws/install/control_msgs/local/lib/python3.10/dist-packages/control_msgs/action/_follow_joint_trajectory_s.c
[3.947s] -- Up-to-date: /home/vincentspada/unitree_ws/install/control_msgs/local/lib/python3.10/dist-packages/control_msgs/action/__init__.py
[3.947s] -- Up-to-date: /home/vincentspada/unitree_ws/install/control_msgs/local/lib/python3.10/dist-packages/control_msgs/action/_gripper_command_s.c
[3.947s] -- Up-to-date: /home/vincentspada/unitree_ws/install/control_msgs/local/lib/python3.10/dist-packages/control_msgs/action/_single_joint_position_s.c
[3.948s] -- Up-to-date: /home/vincentspada/unitree_ws/install/control_msgs/local/lib/python3.10/dist-packages/control_msgs/action/_joint_trajectory.py
[3.948s] -- Up-to-date: /home/vincentspada/unitree_ws/install/control_msgs/local/lib/python3.10/dist-packages/control_msgs/action/_point_head_s.c
[3.948s] -- Up-to-date: /home/vincentspada/unitree_ws/install/control_msgs/local/lib/python3.10/dist-packages/control_msgs/action/_follow_joint_trajectory.py
[3.948s] -- Up-to-date: /home/vincentspada/unitree_ws/install/control_msgs/local/lib/python3.10/dist-packages/control_msgs/action/_point_head.py
[3.948s] -- Up-to-date: /home/vincentspada/unitree_ws/install/control_msgs/local/lib/python3.10/dist-packages/control_msgs/_control_msgs_s.ep.rosidl_typesupport_c.c
[3.948s] -- Up-to-date: /home/vincentspada/unitree_ws/install/control_msgs/local/lib/python3.10/dist-packages/control_msgs/__init__.py
[3.948s] -- Up-to-date: /home/vincentspada/unitree_ws/install/control_msgs/local/lib/python3.10/dist-packages/control_msgs/srv
[3.949s] -- Up-to-date: /home/vincentspada/unitree_ws/install/control_msgs/local/lib/python3.10/dist-packages/control_msgs/srv/_query_trajectory_state.py
[3.949s] -- Up-to-date: /home/vincentspada/unitree_ws/install/control_msgs/local/lib/python3.10/dist-packages/control_msgs/srv/__init__.py
[3.949s] -- Up-to-date: /home/vincentspada/unitree_ws/install/control_msgs/local/lib/python3.10/dist-packages/control_msgs/srv/_query_trajectory_state_s.c
[3.952s] -- Up-to-date: /home/vincentspada/unitree_ws/install/control_msgs/local/lib/python3.10/dist-packages/control_msgs/srv/_query_calibration_state_s.c
[3.952s] -- Up-to-date: /home/vincentspada/unitree_ws/install/control_msgs/local/lib/python3.10/dist-packages/control_msgs/srv/_query_calibration_state.py
[3.952s] -- Up-to-date: /home/vincentspada/unitree_ws/install/control_msgs/local/lib/python3.10/dist-packages/control_msgs/control_msgs_s__rosidl_typesupport_fastrtps_c.cpython-310-x86_64-linux-gnu.so
[3.952s] -- Up-to-date: /home/vincentspada/unitree_ws/install/control_msgs/local/lib/python3.10/dist-packages/control_msgs/msg
[3.953s] -- Up-to-date: /home/vincentspada/unitree_ws/install/control_msgs/local/lib/python3.10/dist-packages/control_msgs/msg/_admittance_controller_state_s.c
[3.953s] -- Up-to-date: /home/vincentspada/unitree_ws/install/control_msgs/local/lib/python3.10/dist-packages/control_msgs/msg/_joint_tolerance.py
[3.953s] -- Up-to-date: /home/vincentspada/unitree_ws/install/control_msgs/local/lib/python3.10/dist-packages/control_msgs/msg/_mecanum_drive_controller_state_s.c
[3.953s] -- Up-to-date: /home/vincentspada/unitree_ws/install/control_msgs/local/lib/python3.10/dist-packages/control_msgs/msg/_admittance_controller_state.py
[3.953s] -- Up-to-date: /home/vincentspada/unitree_ws/install/control_msgs/local/lib/python3.10/dist-packages/control_msgs/msg/_gripper_command.py
[3.953s] -- Up-to-date: /home/vincentspada/unitree_ws/install/control_msgs/local/lib/python3.10/dist-packages/control_msgs/msg/_interface_value.py
[3.954s] -- Up-to-date: /home/vincentspada/unitree_ws/install/control_msgs/local/lib/python3.10/dist-packages/control_msgs/msg/_joint_component_tolerance.py
[3.954s] -- Up-to-date: /home/vincentspada/unitree_ws/install/control_msgs/local/lib/python3.10/dist-packages/control_msgs/msg/_dynamic_joint_state_s.c
[3.954s] -- Up-to-date: /home/vincentspada/unitree_ws/install/control_msgs/local/lib/python3.10/dist-packages/control_msgs/msg/_joint_trajectory_controller_state_s.c
[3.954s] -- Up-to-date: /home/vincentspada/unitree_ws/install/control_msgs/local/lib/python3.10/dist-packages/control_msgs/msg/__init__.py
[3.954s] -- Up-to-date: /home/vincentspada/unitree_ws/install/control_msgs/local/lib/python3.10/dist-packages/control_msgs/msg/_gripper_command_s.c
[3.954s] -- Up-to-date: /home/vincentspada/unitree_ws/install/control_msgs/local/lib/python3.10/dist-packages/control_msgs/msg/_pid_state_s.c
[3.955s] -- Up-to-date: /home/vincentspada/unitree_ws/install/control_msgs/local/lib/python3.10/dist-packages/control_msgs/msg/_interface_value_s.c
[3.955s] -- Up-to-date: /home/vincentspada/unitree_ws/install/control_msgs/local/lib/python3.10/dist-packages/control_msgs/msg/_joint_jog_s.c
[3.955s] -- Up-to-date: /home/vincentspada/unitree_ws/install/control_msgs/local/lib/python3.10/dist-packages/control_msgs/msg/_joint_controller_state.py
[3.955s] -- Up-to-date: /home/vincentspada/unitree_ws/install/control_msgs/local/lib/python3.10/dist-packages/control_msgs/msg/_pid_state.py
[3.955s] -- Up-to-date: /home/vincentspada/unitree_ws/install/control_msgs/local/lib/python3.10/dist-packages/control_msgs/msg/_mecanum_drive_controller_state.py
[3.955s] -- Up-to-date: /home/vincentspada/unitree_ws/install/control_msgs/local/lib/python3.10/dist-packages/control_msgs/msg/_joint_jog.py
[3.955s] -- Up-to-date: /home/vincentspada/unitree_ws/install/control_msgs/local/lib/python3.10/dist-packages/control_msgs/msg/_joint_controller_state_s.c
[3.956s] -- Up-to-date: /home/vincentspada/unitree_ws/install/control_msgs/local/lib/python3.10/dist-packages/control_msgs/msg/_joint_trajectory_controller_state.py
[3.956s] -- Up-to-date: /home/vincentspada/unitree_ws/install/control_msgs/local/lib/python3.10/dist-packages/control_msgs/msg/_dynamic_joint_state.py
[3.956s] -- Up-to-date: /home/vincentspada/unitree_ws/install/control_msgs/local/lib/python3.10/dist-packages/control_msgs/msg/_steering_controller_status_s.c
[3.956s] -- Up-to-date: /home/vincentspada/unitree_ws/install/control_msgs/local/lib/python3.10/dist-packages/control_msgs/msg/_steering_controller_status.py
[3.956s] -- Up-to-date: /home/vincentspada/unitree_ws/install/control_msgs/local/lib/python3.10/dist-packages/control_msgs/msg/_joint_component_tolerance_s.c
[3.956s] -- Up-to-date: /home/vincentspada/unitree_ws/install/control_msgs/local/lib/python3.10/dist-packages/control_msgs/msg/_joint_tolerance_s.c
[3.956s] -- Up-to-date: /home/vincentspada/unitree_ws/install/control_msgs/local/lib/python3.10/dist-packages/control_msgs/control_msgs_s__rosidl_typesupport_c.cpython-310-x86_64-linux-gnu.so
[3.957s] -- Up-to-date: /home/vincentspada/unitree_ws/install/control_msgs/local/lib/python3.10/dist-packages/control_msgs/_control_msgs_s.ep.rosidl_typesupport_fastrtps_c.c
[3.982s] Listing '/home/vincentspada/unitree_ws/install/control_msgs/local/lib/python3.10/dist-packages/control_msgs'...
[3.982s] Listing '/home/vincentspada/unitree_ws/install/control_msgs/local/lib/python3.10/dist-packages/control_msgs/action'...
[3.982s] Listing '/home/vincentspada/unitree_ws/install/control_msgs/local/lib/python3.10/dist-packages/control_msgs/msg'...
[3.982s] Listing '/home/vincentspada/unitree_ws/install/control_msgs/local/lib/python3.10/dist-packages/control_msgs/srv'...
[3.995s] -- Up-to-date: /home/vincentspada/unitree_ws/install/control_msgs/local/lib/python3.10/dist-packages/control_msgs/control_msgs_s__rosidl_typesupport_fastrtps_c.cpython-310-x86_64-linux-gnu.so
[3.996s] -- Up-to-date: /home/vincentspada/unitree_ws/install/control_msgs/local/lib/python3.10/dist-packages/control_msgs/control_msgs_s__rosidl_typesupport_introspection_c.cpython-310-x86_64-linux-gnu.so
[3.998s] -- Up-to-date: /home/vincentspada/unitree_ws/install/control_msgs/local/lib/python3.10/dist-packages/control_msgs/control_msgs_s__rosidl_typesupport_c.cpython-310-x86_64-linux-gnu.so
[3.999s] -- Up-to-date: /home/vincentspada/unitree_ws/install/control_msgs/lib/libcontrol_msgs__rosidl_generator_py.so
[4.000s] -- Up-to-date: /home/vincentspada/unitree_ws/install/control_msgs/share/control_msgs/action/FollowJointTrajectory.idl
[4.000s] -- Up-to-date: /home/vincentspada/unitree_ws/install/control_msgs/share/control_msgs/action/GripperCommand.idl
[4.000s] -- Up-to-date: /home/vincentspada/unitree_ws/install/control_msgs/share/control_msgs/action/JointTrajectory.idl
[4.001s] -- Up-to-date: /home/vincentspada/unitree_ws/install/control_msgs/share/control_msgs/action/PointHead.idl
[4.001s] -- Up-to-date: /home/vincentspada/unitree_ws/install/control_msgs/share/control_msgs/action/SingleJointPosition.idl
[4.001s] -- Up-to-date: /home/vincentspada/unitree_ws/install/control_msgs/share/control_msgs/msg/AdmittanceControllerState.idl
[4.001s] -- Up-to-date: /home/vincentspada/unitree_ws/install/control_msgs/share/control_msgs/msg/DynamicJointState.idl
[4.001s] -- Up-to-date: /home/vincentspada/unitree_ws/install/control_msgs/share/control_msgs/msg/GripperCommand.idl
[4.002s] -- Up-to-date: /home/vincentspada/unitree_ws/install/control_msgs/share/control_msgs/msg/InterfaceValue.idl
[4.002s] -- Up-to-date: /home/vincentspada/unitree_ws/install/control_msgs/share/control_msgs/msg/JointComponentTolerance.idl
[4.002s] -- Up-to-date: /home/vincentspada/unitree_ws/install/control_msgs/share/control_msgs/msg/JointControllerState.idl
[4.002s] -- Up-to-date: /home/vincentspada/unitree_ws/install/control_msgs/share/control_msgs/msg/JointJog.idl
[4.003s] -- Up-to-date: /home/vincentspada/unitree_ws/install/control_msgs/share/control_msgs/msg/JointTolerance.idl
[4.003s] -- Up-to-date: /home/vincentspada/unitree_ws/install/control_msgs/share/control_msgs/msg/JointTrajectoryControllerState.idl
[4.003s] -- Up-to-date: /home/vincentspada/unitree_ws/install/control_msgs/share/control_msgs/msg/MecanumDriveControllerState.idl
[4.003s] -- Up-to-date: /home/vincentspada/unitree_ws/install/control_msgs/share/control_msgs/msg/PidState.idl
[4.003s] -- Up-to-date: /home/vincentspada/unitree_ws/install/control_msgs/share/control_msgs/msg/SteeringControllerStatus.idl
[4.004s] -- Up-to-date: /home/vincentspada/unitree_ws/install/control_msgs/share/control_msgs/srv/QueryCalibrationState.idl
[4.004s] -- Up-to-date: /home/vincentspada/unitree_ws/install/control_msgs/share/control_msgs/srv/QueryTrajectoryState.idl
[4.004s] -- Up-to-date: /home/vincentspada/unitree_ws/install/control_msgs/share/control_msgs/action/FollowJointTrajectory.action
[4.004s] -- Up-to-date: /home/vincentspada/unitree_ws/install/control_msgs/share/control_msgs/action/GripperCommand.action
[4.004s] -- Up-to-date: /home/vincentspada/unitree_ws/install/control_msgs/share/control_msgs/action/JointTrajectory.action
[4.005s] -- Up-to-date: /home/vincentspada/unitree_ws/install/control_msgs/share/control_msgs/action/PointHead.action
[4.005s] -- Up-to-date: /home/vincentspada/unitree_ws/install/control_msgs/share/control_msgs/action/SingleJointPosition.action
[4.005s] -- Up-to-date: /home/vincentspada/unitree_ws/install/control_msgs/share/control_msgs/msg/AdmittanceControllerState.msg
[4.006s] -- Up-to-date: /home/vincentspada/unitree_ws/install/control_msgs/share/control_msgs/msg/DynamicJointState.msg
[4.006s] -- Up-to-date: /home/vincentspada/unitree_ws/install/control_msgs/share/control_msgs/msg/GripperCommand.msg
[4.006s] -- Up-to-date: /home/vincentspada/unitree_ws/install/control_msgs/share/control_msgs/msg/InterfaceValue.msg
[4.006s] -- Up-to-date: /home/vincentspada/unitree_ws/install/control_msgs/share/control_msgs/msg/JointComponentTolerance.msg
[4.006s] -- Up-to-date: /home/vincentspada/unitree_ws/install/control_msgs/share/control_msgs/msg/JointControllerState.msg
[4.007s] -- Up-to-date: /home/vincentspada/unitree_ws/install/control_msgs/share/control_msgs/msg/JointJog.msg
[4.007s] -- Up-to-date: /home/vincentspada/unitree_ws/install/control_msgs/share/control_msgs/msg/JointTolerance.msg
[4.007s] -- Up-to-date: /home/vincentspada/unitree_ws/install/control_msgs/share/control_msgs/msg/JointTrajectoryControllerState.msg
[4.007s] -- Up-to-date: /home/vincentspada/unitree_ws/install/control_msgs/share/control_msgs/msg/MecanumDriveControllerState.msg
[4.007s] -- Up-to-date: /home/vincentspada/unitree_ws/install/control_msgs/share/control_msgs/msg/PidState.msg
[4.008s] -- Up-to-date: /home/vincentspada/unitree_ws/install/control_msgs/share/control_msgs/msg/SteeringControllerStatus.msg
[4.008s] -- Up-to-date: /home/vincentspada/unitree_ws/install/control_msgs/share/control_msgs/srv/QueryCalibrationState.srv
[4.008s] -- Up-to-date: /home/vincentspada/unitree_ws/install/control_msgs/share/control_msgs/srv/QueryCalibrationState_Request.msg
[4.008s] -- Up-to-date: /home/vincentspada/unitree_ws/install/control_msgs/share/control_msgs/srv/QueryCalibrationState_Response.msg
[4.009s] -- Up-to-date: /home/vincentspada/unitree_ws/install/control_msgs/share/control_msgs/srv/QueryTrajectoryState.srv
[4.009s] -- Up-to-date: /home/vincentspada/unitree_ws/install/control_msgs/share/control_msgs/srv/QueryTrajectoryState_Request.msg
[4.009s] -- Up-to-date: /home/vincentspada/unitree_ws/install/control_msgs/share/control_msgs/srv/QueryTrajectoryState_Response.msg
[4.009s] -- Up-to-date: /home/vincentspada/unitree_ws/install/control_msgs/share/ament_index/resource_index/package_run_dependencies/control_msgs
[4.009s] -- Up-to-date: /home/vincentspada/unitree_ws/install/control_msgs/share/ament_index/resource_index/parent_prefix_path/control_msgs
[4.010s] -- Up-to-date: /home/vincentspada/unitree_ws/install/control_msgs/share/control_msgs/environment/ament_prefix_path.sh
[4.010s] -- Up-to-date: /home/vincentspada/unitree_ws/install/control_msgs/share/control_msgs/environment/ament_prefix_path.dsv
[4.010s] -- Up-to-date: /home/vincentspada/unitree_ws/install/control_msgs/share/control_msgs/environment/path.sh
[4.010s] -- Up-to-date: /home/vincentspada/unitree_ws/install/control_msgs/share/control_msgs/environment/path.dsv
[4.010s] -- Up-to-date: /home/vincentspada/unitree_ws/install/control_msgs/share/control_msgs/local_setup.bash
[4.011s] -- Up-to-date: /home/vincentspada/unitree_ws/install/control_msgs/share/control_msgs/local_setup.sh
[4.011s] -- Up-to-date: /home/vincentspada/unitree_ws/install/control_msgs/share/control_msgs/local_setup.zsh
[4.011s] -- Up-to-date: /home/vincentspada/unitree_ws/install/control_msgs/share/control_msgs/local_setup.dsv
[4.012s] -- Installing: /home/vincentspada/unitree_ws/install/control_msgs/share/control_msgs/package.dsv
[4.012s] -- Up-to-date: /home/vincentspada/unitree_ws/install/control_msgs/share/ament_index/resource_index/packages/control_msgs
[4.012s] -- Up-to-date: /home/vincentspada/unitree_ws/install/control_msgs/share/control_msgs/cmake/export_control_msgs__rosidl_generator_cExport.cmake
[4.013s] -- Up-to-date: /home/vincentspada/unitree_ws/install/control_msgs/share/control_msgs/cmake/export_control_msgs__rosidl_generator_cExport-noconfig.cmake
[4.013s] -- Up-to-date: /home/vincentspada/unitree_ws/install/control_msgs/share/control_msgs/cmake/export_control_msgs__rosidl_typesupport_fastrtps_cExport.cmake
[4.013s] -- Up-to-date: /home/vincentspada/unitree_ws/install/control_msgs/share/control_msgs/cmake/export_control_msgs__rosidl_typesupport_fastrtps_cExport-noconfig.cmake
[4.014s] -- Up-to-date: /home/vincentspada/unitree_ws/install/control_msgs/share/control_msgs/cmake/export_control_msgs__rosidl_generator_cppExport.cmake
[4.014s] -- Up-to-date: /home/vincentspada/unitree_ws/install/control_msgs/share/control_msgs/cmake/export_control_msgs__rosidl_typesupport_fastrtps_cppExport.cmake
[4.014s] -- Up-to-date: /home/vincentspada/unitree_ws/install/control_msgs/share/control_msgs/cmake/export_control_msgs__rosidl_typesupport_fastrtps_cppExport-noconfig.cmake
[4.014s] -- Up-to-date: /home/vincentspada/unitree_ws/install/control_msgs/share/control_msgs/cmake/control_msgs__rosidl_typesupport_introspection_cExport.cmake
[4.014s] -- Up-to-date: /home/vincentspada/unitree_ws/install/control_msgs/share/control_msgs/cmake/control_msgs__rosidl_typesupport_introspection_cExport-noconfig.cmake
[4.015s] -- Up-to-date: /home/vincentspada/unitree_ws/install/control_msgs/share/control_msgs/cmake/control_msgs__rosidl_typesupport_cExport.cmake
[4.015s] -- Up-to-date: /home/vincentspada/unitree_ws/install/control_msgs/share/control_msgs/cmake/control_msgs__rosidl_typesupport_cExport-noconfig.cmake
[4.015s] -- Up-to-date: /home/vincentspada/unitree_ws/install/control_msgs/share/control_msgs/cmake/control_msgs__rosidl_typesupport_introspection_cppExport.cmake
[4.015s] -- Up-to-date: /home/vincentspada/unitree_ws/install/control_msgs/share/control_msgs/cmake/control_msgs__rosidl_typesupport_introspection_cppExport-noconfig.cmake
[4.016s] -- Up-to-date: /home/vincentspada/unitree_ws/install/control_msgs/share/control_msgs/cmake/control_msgs__rosidl_typesupport_cppExport.cmake
[4.016s] -- Up-to-date: /home/vincentspada/unitree_ws/install/control_msgs/share/control_msgs/cmake/control_msgs__rosidl_typesupport_cppExport-noconfig.cmake
[4.016s] -- Up-to-date: /home/vincentspada/unitree_ws/install/control_msgs/share/control_msgs/cmake/export_control_msgs__rosidl_generator_pyExport.cmake
[4.016s] -- Up-to-date: /home/vincentspada/unitree_ws/install/control_msgs/share/control_msgs/cmake/export_control_msgs__rosidl_generator_pyExport-noconfig.cmake
[4.016s] -- Up-to-date: /home/vincentspada/unitree_ws/install/control_msgs/share/control_msgs/cmake/rosidl_cmake-extras.cmake
[4.017s] -- Up-to-date: /home/vincentspada/unitree_ws/install/control_msgs/share/control_msgs/cmake/ament_cmake_export_dependencies-extras.cmake
[4.017s] -- Up-to-date: /home/vincentspada/unitree_ws/install/control_msgs/share/control_msgs/cmake/ament_cmake_export_include_directories-extras.cmake
[4.017s] -- Up-to-date: /home/vincentspada/unitree_ws/install/control_msgs/share/control_msgs/cmake/ament_cmake_export_libraries-extras.cmake
[4.017s] -- Up-to-date: /home/vincentspada/unitree_ws/install/control_msgs/share/control_msgs/cmake/ament_cmake_export_targets-extras.cmake
[4.018s] -- Up-to-date: /home/vincentspada/unitree_ws/install/control_msgs/share/control_msgs/cmake/rosidl_cmake_export_typesupport_targets-extras.cmake
[4.018s] -- Up-to-date: /home/vincentspada/unitree_ws/install/control_msgs/share/control_msgs/cmake/rosidl_cmake_export_typesupport_libraries-extras.cmake
[4.018s] -- Up-to-date: /home/vincentspada/unitree_ws/install/control_msgs/share/control_msgs/cmake/control_msgsConfig.cmake
[4.018s] -- Up-to-date: /home/vincentspada/unitree_ws/install/control_msgs/share/control_msgs/cmake/control_msgsConfig-version.cmake
[4.018s] -- Up-to-date: /home/vincentspada/unitree_ws/install/control_msgs/share/control_msgs/package.xml
[4.033s] Invoked command in '/home/vincentspada/unitree_ws/build/control_msgs' returned '0': CMAKE_PREFIX_PATH=/opt/ros/humble:${CMAKE_PREFIX_PATH} /usr/bin/cmake --install /home/vincentspada/unitree_ws/build/control_msgs
