[0.091s] Invoking command in '/home/vincentspada/unitree_ws/build/ros2_control_demo_description': CMAKE_PREFIX_PATH=/opt/ros/humble:${CMAKE_PREFIX_PATH} /usr/bin/cmake /home/vincentspada/unitree_ws/src/ros-controls/ros2_control_demos/ros2_control_demo_description -DCMAKE_INSTALL_PREFIX=/home/vincentspada/unitree_ws/install/ros2_control_demo_description
[0.240s] -- The C compiler identification is GNU 11.4.0
[0.546s] -- The CXX compiler identification is GNU 11.4.0
[0.569s] -- Detecting C compiler ABI info
[0.836s] -- Detecting C compiler ABI info - done
[0.884s] -- Check for working C compiler: /usr/bin/cc - skipped
[0.888s] -- Detecting C compile features
[0.888s] -- Detecting C compile features - done
[0.912s] -- Detecting CXX compiler ABI info
[1.253s] -- Detecting CXX compiler ABI info - done
[1.327s] -- Check for working CXX compiler: /usr/bin/c++ - skipped
[1.330s] -- Detecting CXX compile features
[1.336s] -- Detecting CXX compile features - done
[1.352s] -- Found ament_cmake: 1.3.5 (/opt/ros/humble/share/ament_cmake/cmake)
[1.923s] -- Found Python3: /usr/bin/python3.10 (found version "3.10.12") found components: Interpreter 
[2.562s] -- Configuring done
[2.579s] -- Generating done
[2.581s] -- Build files have been written to: /home/vincentspada/unitree_ws/build/ros2_control_demo_description
[2.612s] Invoked command in '/home/vincentspada/unitree_ws/build/ros2_control_demo_description' returned '0': CMAKE_PREFIX_PATH=/opt/ros/humble:${CMAKE_PREFIX_PATH} /usr/bin/cmake /home/vincentspada/unitree_ws/src/ros-controls/ros2_control_demos/ros2_control_demo_description -DCMAKE_INSTALL_PREFIX=/home/vincentspada/unitree_ws/install/ros2_control_demo_description
[2.617s] Invoking command in '/home/vincentspada/unitree_ws/build/ros2_control_demo_description': CMAKE_PREFIX_PATH=/opt/ros/humble:${CMAKE_PREFIX_PATH} /usr/bin/cmake --build /home/vincentspada/unitree_ws/build/ros2_control_demo_description -- -j4 -l4
[2.714s] Invoked command in '/home/vincentspada/unitree_ws/build/ros2_control_demo_description' returned '0': CMAKE_PREFIX_PATH=/opt/ros/humble:${CMAKE_PREFIX_PATH} /usr/bin/cmake --build /home/vincentspada/unitree_ws/build/ros2_control_demo_description -- -j4 -l4
[2.922s] Invoking command in '/home/vincentspada/unitree_ws/build/ros2_control_demo_description': CMAKE_PREFIX_PATH=/opt/ros/humble:${CMAKE_PREFIX_PATH} /usr/bin/cmake --install /home/vincentspada/unitree_ws/build/ros2_control_demo_description
[2.948s] -- Install configuration: ""
[2.948s] -- Installing: /home/vincentspada/unitree_ws/install/ros2_control_demo_description/share/ros2_control_demo_description/rrbot/urdf
[2.949s] -- Installing: /home/vincentspada/unitree_ws/install/ros2_control_demo_description/share/ros2_control_demo_description/rrbot/urdf/rrbot_description.urdf.xacro
[2.950s] -- Installing: /home/vincentspada/unitree_ws/install/ros2_control_demo_description/share/ros2_control_demo_description/rrbot/urdf/rrbot.materials.xacro
[2.950s] -- Installing: /home/vincentspada/unitree_ws/install/ros2_control_demo_description/share/ros2_control_demo_description/rrbot/rviz
[2.951s] -- Installing: /home/vincentspada/unitree_ws/install/ros2_control_demo_description/share/ros2_control_demo_description/rrbot/rviz/rrbot.rviz
[2.952s] -- Installing: /home/vincentspada/unitree_ws/install/ros2_control_demo_description/share/ros2_control_demo_description/diffbot/urdf
[2.954s] -- Installing: /home/vincentspada/unitree_ws/install/ros2_control_demo_description/share/ros2_control_demo_description/diffbot/urdf/diffbot.materials.xacro
[2.956s] -- Installing: /home/vincentspada/unitree_ws/install/ros2_control_demo_description/share/ros2_control_demo_description/diffbot/urdf/diffbot_description.urdf.xacro
[2.957s] -- Installing: /home/vincentspada/unitree_ws/install/ros2_control_demo_description/share/ros2_control_demo_description/diffbot/rviz
[2.957s] -- Installing: /home/vincentspada/unitree_ws/install/ros2_control_demo_description/share/ros2_control_demo_description/diffbot/rviz/diffbot_view.rviz
[2.959s] -- Installing: /home/vincentspada/unitree_ws/install/ros2_control_demo_description/share/ros2_control_demo_description/diffbot/rviz/diffbot.rviz
[2.960s] -- Installing: /home/vincentspada/unitree_ws/install/ros2_control_demo_description/share/ros2_control_demo_description/r6bot/meshes
[2.966s] -- Installing: /home/vincentspada/unitree_ws/install/ros2_control_demo_description/share/ros2_control_demo_description/r6bot/meshes/collision
[2.966s] -- Installing: /home/vincentspada/unitree_ws/install/ros2_control_demo_description/share/ros2_control_demo_description/r6bot/meshes/collision/link_1.stl
[2.967s] -- Installing: /home/vincentspada/unitree_ws/install/ros2_control_demo_description/share/ros2_control_demo_description/r6bot/meshes/collision/link_5.stl
[2.968s] -- Installing: /home/vincentspada/unitree_ws/install/ros2_control_demo_description/share/ros2_control_demo_description/r6bot/meshes/collision/link_6.stl
[2.972s] -- Installing: /home/vincentspada/unitree_ws/install/ros2_control_demo_description/share/ros2_control_demo_description/r6bot/meshes/collision/link_4.stl
[2.973s] -- Installing: /home/vincentspada/unitree_ws/install/ros2_control_demo_description/share/ros2_control_demo_description/r6bot/meshes/collision/link_0.stl
[2.974s] -- Installing: /home/vincentspada/unitree_ws/install/ros2_control_demo_description/share/ros2_control_demo_description/r6bot/meshes/collision/link_3.stl
[2.976s] -- Installing: /home/vincentspada/unitree_ws/install/ros2_control_demo_description/share/ros2_control_demo_description/r6bot/meshes/collision/link_2.stl
[2.980s] -- Installing: /home/vincentspada/unitree_ws/install/ros2_control_demo_description/share/ros2_control_demo_description/r6bot/meshes/visual
[2.981s] -- Installing: /home/vincentspada/unitree_ws/install/ros2_control_demo_description/share/ros2_control_demo_description/r6bot/meshes/visual/link_1.dae
[2.981s] -- Installing: /home/vincentspada/unitree_ws/install/ros2_control_demo_description/share/ros2_control_demo_description/r6bot/meshes/visual/link_3.dae
[2.983s] -- Installing: /home/vincentspada/unitree_ws/install/ros2_control_demo_description/share/ros2_control_demo_description/r6bot/meshes/visual/link_6.dae
[2.984s] -- Installing: /home/vincentspada/unitree_ws/install/ros2_control_demo_description/share/ros2_control_demo_description/r6bot/meshes/visual/link_0.dae
[2.984s] -- Installing: /home/vincentspada/unitree_ws/install/ros2_control_demo_description/share/ros2_control_demo_description/r6bot/meshes/visual/link_2.dae
[2.989s] -- Installing: /home/vincentspada/unitree_ws/install/ros2_control_demo_description/share/ros2_control_demo_description/r6bot/meshes/visual/link_4.dae
[2.990s] -- Installing: /home/vincentspada/unitree_ws/install/ros2_control_demo_description/share/ros2_control_demo_description/r6bot/meshes/visual/link_5.dae
[2.992s] -- Installing: /home/vincentspada/unitree_ws/install/ros2_control_demo_description/share/ros2_control_demo_description/r6bot/srdf
[2.993s] -- Installing: /home/vincentspada/unitree_ws/install/ros2_control_demo_description/share/ros2_control_demo_description/r6bot/srdf/r6bot.srdf
[2.993s] -- Installing: /home/vincentspada/unitree_ws/install/ros2_control_demo_description/share/ros2_control_demo_description/r6bot/urdf
[2.993s] -- Installing: /home/vincentspada/unitree_ws/install/ros2_control_demo_description/share/ros2_control_demo_description/r6bot/urdf/inc
[2.993s] -- Installing: /home/vincentspada/unitree_ws/install/ros2_control_demo_description/share/ros2_control_demo_description/r6bot/urdf/inc/create_link.xacro
[3.001s] -- Installing: /home/vincentspada/unitree_ws/install/ros2_control_demo_description/share/ros2_control_demo_description/r6bot/urdf/r6bot_description.urdf.xacro
[3.001s] -- Installing: /home/vincentspada/unitree_ws/install/ros2_control_demo_description/share/ros2_control_demo_description/r6bot/rviz
[3.001s] -- Installing: /home/vincentspada/unitree_ws/install/ros2_control_demo_description/share/ros2_control_demo_description/r6bot/rviz/view_robot.rviz
[3.001s] -- Installing: /home/vincentspada/unitree_ws/install/ros2_control_demo_description/share/ament_index/resource_index/package_run_dependencies/ros2_control_demo_description
[3.001s] -- Installing: /home/vincentspada/unitree_ws/install/ros2_control_demo_description/share/ament_index/resource_index/parent_prefix_path/ros2_control_demo_description
[3.001s] -- Installing: /home/vincentspada/unitree_ws/install/ros2_control_demo_description/share/ros2_control_demo_description/environment/ament_prefix_path.sh
[3.002s] -- Installing: /home/vincentspada/unitree_ws/install/ros2_control_demo_description/share/ros2_control_demo_description/environment/ament_prefix_path.dsv
[3.002s] -- Installing: /home/vincentspada/unitree_ws/install/ros2_control_demo_description/share/ros2_control_demo_description/environment/path.sh
[3.002s] -- Installing: /home/vincentspada/unitree_ws/install/ros2_control_demo_description/share/ros2_control_demo_description/environment/path.dsv
[3.002s] -- Installing: /home/vincentspada/unitree_ws/install/ros2_control_demo_description/share/ros2_control_demo_description/local_setup.bash
[3.002s] -- Installing: /home/vincentspada/unitree_ws/install/ros2_control_demo_description/share/ros2_control_demo_description/local_setup.sh
[3.002s] -- Installing: /home/vincentspada/unitree_ws/install/ros2_control_demo_description/share/ros2_control_demo_description/local_setup.zsh
[3.003s] -- Installing: /home/vincentspada/unitree_ws/install/ros2_control_demo_description/share/ros2_control_demo_description/local_setup.dsv
[3.003s] -- Installing: /home/vincentspada/unitree_ws/install/ros2_control_demo_description/share/ros2_control_demo_description/package.dsv
[3.003s] -- Installing: /home/vincentspada/unitree_ws/install/ros2_control_demo_description/share/ament_index/resource_index/packages/ros2_control_demo_description
[3.003s] -- Installing: /home/vincentspada/unitree_ws/install/ros2_control_demo_description/share/ros2_control_demo_description/cmake/ros2_control_demo_descriptionConfig.cmake
[3.003s] -- Installing: /home/vincentspada/unitree_ws/install/ros2_control_demo_description/share/ros2_control_demo_description/cmake/ros2_control_demo_descriptionConfig-version.cmake
[3.003s] -- Installing: /home/vincentspada/unitree_ws/install/ros2_control_demo_description/share/ros2_control_demo_description/package.xml
[3.015s] Invoked command in '/home/vincentspada/unitree_ws/build/ros2_control_demo_description' returned '0': CMAKE_PREFIX_PATH=/opt/ros/humble:${CMAKE_PREFIX_PATH} /usr/bin/cmake --install /home/vincentspada/unitree_ws/build/ros2_control_demo_description
