[0.086s] Invoking command in '/home/vincentspada/unitree_ws/build/control_msgs': CMAKE_PREFIX_PATH=/opt/ros/humble:${CMAKE_PREFIX_PATH} /usr/bin/cmake --build /home/vincentspada/unitree_ws/build/control_msgs -- -j4 -l4
[0.430s] [35m[1mConsolidate compiler generated dependencies of target control_msgs__rosidl_generator_c[0m
[0.459s] [  0%] Built target control_msgs__cpp
[0.525s] [  0%] Built target ament_cmake_python_copy_control_msgs
[0.538s] [ 12%] Built target control_msgs__rosidl_generator_c
[0.586s] [35m[1mConsolidate compiler generated dependencies of target control_msgs__rosidl_typesupport_introspection_cpp[0m
[0.703s] [ 24%] Built target control_msgs__rosidl_typesupport_introspection_cpp
[1.728s] running egg_info
[1.730s] writing control_msgs.egg-info/PKG-INFO
[1.731s] writing dependency_links to control_msgs.egg-info/dependency_links.txt
[1.731s] writing top-level names to control_msgs.egg-info/top_level.txt
[1.743s] reading manifest file 'control_msgs.egg-info/SOURCES.txt'
[1.746s] writing manifest file 'control_msgs.egg-info/SOURCES.txt'
[1.809s] [ 24%] Built target ament_cmake_python_build_control_msgs_egg
[1.866s] [35m[1mConsolidate compiler generated dependencies of target control_msgs__rosidl_typesupport_fastrtps_c[0m
[1.970s] [ 36%] Built target control_msgs__rosidl_typesupport_fastrtps_c
[2.002s] [35m[1mConsolidate compiler generated dependencies of target control_msgs__rosidl_typesupport_introspection_c[0m
[2.066s] [ 48%] Built target control_msgs__rosidl_typesupport_introspection_c
[2.119s] [35m[1mConsolidate compiler generated dependencies of target control_msgs__rosidl_typesupport_c[0m
[2.169s] [ 60%] Built target control_msgs__rosidl_typesupport_c
[2.241s] [35m[1mConsolidate compiler generated dependencies of target control_msgs__rosidl_typesupport_fastrtps_cpp[0m
[2.352s] [ 72%] Built target control_msgs__rosidl_typesupport_fastrtps_cpp
[2.388s] [35m[1mConsolidate compiler generated dependencies of target control_msgs__rosidl_typesupport_cpp[0m
[2.557s] [ 84%] Built target control_msgs__rosidl_typesupport_cpp
[2.632s] [ 84%] Built target control_msgs
[2.751s] [ 85%] Built target control_msgs__py
[2.814s] [35m[1mConsolidate compiler generated dependencies of target control_msgs__rosidl_generator_py[0m
[2.922s] [ 96%] Built target control_msgs__rosidl_generator_py
[2.970s] [35m[1mConsolidate compiler generated dependencies of target control_msgs__rosidl_typesupport_fastrtps_c__pyext[0m
[3.008s] [ 97%] Built target control_msgs__rosidl_typesupport_fastrtps_c__pyext
[3.046s] [35m[1mConsolidate compiler generated dependencies of target control_msgs__rosidl_typesupport_c__pyext[0m
[3.098s] [ 98%] Built target control_msgs__rosidl_typesupport_c__pyext
[3.131s] [35m[1mConsolidate compiler generated dependencies of target control_msgs__rosidl_typesupport_introspection_c__pyext[0m
[3.173s] [100%] Built target control_msgs__rosidl_typesupport_introspection_c__pyext
[3.227s] Invoked command in '/home/vincentspada/unitree_ws/build/control_msgs' returned '0': CMAKE_PREFIX_PATH=/opt/ros/humble:${CMAKE_PREFIX_PATH} /usr/bin/cmake --build /home/vincentspada/unitree_ws/build/control_msgs -- -j4 -l4
[5.215s] Invoking command in '/home/vincentspada/unitree_ws/build/control_msgs': CMAKE_PREFIX_PATH=/opt/ros/humble:${CMAKE_PREFIX_PATH} /usr/bin/cmake --install /home/vincentspada/unitree_ws/build/control_msgs
[5.231s] -- Install configuration: ""
[5.232s] -- Installing: /home/vincentspada/unitree_ws/install/control_msgs/share/ament_index/resource_index/rosidl_interfaces/control_msgs
[5.232s] -- Installing: /home/vincentspada/unitree_ws/install/control_msgs/include/control_msgs/control_msgs
[5.232s] -- Installing: /home/vincentspada/unitree_ws/install/control_msgs/include/control_msgs/control_msgs/action
[5.233s] -- Installing: /home/vincentspada/unitree_ws/install/control_msgs/include/control_msgs/control_msgs/action/joint_trajectory.h
[5.233s] -- Installing: /home/vincentspada/unitree_ws/install/control_msgs/include/control_msgs/control_msgs/action/single_joint_position.h
[5.233s] -- Installing: /home/vincentspada/unitree_ws/install/control_msgs/include/control_msgs/control_msgs/action/follow_joint_trajectory.h
[5.234s] -- Installing: /home/vincentspada/unitree_ws/install/control_msgs/include/control_msgs/control_msgs/action/detail
[5.234s] -- Installing: /home/vincentspada/unitree_ws/install/control_msgs/include/control_msgs/control_msgs/action/detail/gripper_command__functions.h
[5.235s] -- Installing: /home/vincentspada/unitree_ws/install/control_msgs/include/control_msgs/control_msgs/action/detail/follow_joint_trajectory__functions.h
[5.235s] -- Installing: /home/vincentspada/unitree_ws/install/control_msgs/include/control_msgs/control_msgs/action/detail/joint_trajectory__type_support.h
[5.236s] -- Installing: /home/vincentspada/unitree_ws/install/control_msgs/include/control_msgs/control_msgs/action/detail/gripper_command__type_support.h
[5.236s] -- Installing: /home/vincentspada/unitree_ws/install/control_msgs/include/control_msgs/control_msgs/action/detail/follow_joint_trajectory__type_support.h
[5.237s] -- Installing: /home/vincentspada/unitree_ws/install/control_msgs/include/control_msgs/control_msgs/action/detail/point_head__struct.h
[5.237s] -- Installing: /home/vincentspada/unitree_ws/install/control_msgs/include/control_msgs/control_msgs/action/detail/joint_trajectory__functions.h
[5.238s] -- Installing: /home/vincentspada/unitree_ws/install/control_msgs/include/control_msgs/control_msgs/action/detail/follow_joint_trajectory__struct.h
[5.239s] -- Installing: /home/vincentspada/unitree_ws/install/control_msgs/include/control_msgs/control_msgs/action/detail/point_head__functions.h
[5.240s] -- Installing: /home/vincentspada/unitree_ws/install/control_msgs/include/control_msgs/control_msgs/action/detail/joint_trajectory__struct.h
[5.241s] -- Installing: /home/vincentspada/unitree_ws/install/control_msgs/include/control_msgs/control_msgs/action/detail/single_joint_position__type_support.h
[5.242s] -- Installing: /home/vincentspada/unitree_ws/install/control_msgs/include/control_msgs/control_msgs/action/detail/single_joint_position__functions.h
[5.242s] -- Installing: /home/vincentspada/unitree_ws/install/control_msgs/include/control_msgs/control_msgs/action/detail/point_head__type_support.h
[5.243s] -- Installing: /home/vincentspada/unitree_ws/install/control_msgs/include/control_msgs/control_msgs/action/detail/gripper_command__struct.h
[5.243s] -- Installing: /home/vincentspada/unitree_ws/install/control_msgs/include/control_msgs/control_msgs/action/detail/point_head__functions.c
[5.243s] -- Installing: /home/vincentspada/unitree_ws/install/control_msgs/include/control_msgs/control_msgs/action/detail/follow_joint_trajectory__functions.c
[5.243s] -- Installing: /home/vincentspada/unitree_ws/install/control_msgs/include/control_msgs/control_msgs/action/detail/gripper_command__functions.c
[5.244s] -- Installing: /home/vincentspada/unitree_ws/install/control_msgs/include/control_msgs/control_msgs/action/detail/single_joint_position__struct.h
[5.244s] -- Installing: /home/vincentspada/unitree_ws/install/control_msgs/include/control_msgs/control_msgs/action/detail/single_joint_position__functions.c
[5.245s] -- Installing: /home/vincentspada/unitree_ws/install/control_msgs/include/control_msgs/control_msgs/action/detail/joint_trajectory__functions.c
[5.245s] -- Installing: /home/vincentspada/unitree_ws/install/control_msgs/include/control_msgs/control_msgs/action/gripper_command.h
[5.245s] -- Installing: /home/vincentspada/unitree_ws/install/control_msgs/include/control_msgs/control_msgs/action/point_head.h
[5.246s] -- Installing: /home/vincentspada/unitree_ws/install/control_msgs/include/control_msgs/control_msgs/srv
[5.246s] -- Installing: /home/vincentspada/unitree_ws/install/control_msgs/include/control_msgs/control_msgs/srv/query_calibration_state.h
[5.246s] -- Installing: /home/vincentspada/unitree_ws/install/control_msgs/include/control_msgs/control_msgs/srv/query_trajectory_state.h
[5.247s] -- Installing: /home/vincentspada/unitree_ws/install/control_msgs/include/control_msgs/control_msgs/srv/detail
[5.253s] -- Installing: /home/vincentspada/unitree_ws/install/control_msgs/include/control_msgs/control_msgs/srv/detail/query_calibration_state__struct.h
[5.254s] -- Installing: /home/vincentspada/unitree_ws/install/control_msgs/include/control_msgs/control_msgs/srv/detail/query_calibration_state__functions.c
[5.258s] -- Installing: /home/vincentspada/unitree_ws/install/control_msgs/include/control_msgs/control_msgs/srv/detail/query_trajectory_state__struct.h
[5.258s] -- Installing: /home/vincentspada/unitree_ws/install/control_msgs/include/control_msgs/control_msgs/srv/detail/query_calibration_state__type_support.h
[5.258s] -- Installing: /home/vincentspada/unitree_ws/install/control_msgs/include/control_msgs/control_msgs/srv/detail/query_trajectory_state__functions.c
[5.259s] -- Installing: /home/vincentspada/unitree_ws/install/control_msgs/include/control_msgs/control_msgs/srv/detail/query_trajectory_state__type_support.h
[5.259s] -- Installing: /home/vincentspada/unitree_ws/install/control_msgs/include/control_msgs/control_msgs/srv/detail/query_calibration_state__functions.h
[5.259s] -- Installing: /home/vincentspada/unitree_ws/install/control_msgs/include/control_msgs/control_msgs/srv/detail/query_trajectory_state__functions.h
[5.260s] -- Installing: /home/vincentspada/unitree_ws/install/control_msgs/include/control_msgs/control_msgs/msg
[5.260s] -- Installing: /home/vincentspada/unitree_ws/install/control_msgs/include/control_msgs/control_msgs/msg/joint_trajectory_controller_state.h
[5.260s] -- Installing: /home/vincentspada/unitree_ws/install/control_msgs/include/control_msgs/control_msgs/msg/joint_tolerance.h
[5.260s] -- Installing: /home/vincentspada/unitree_ws/install/control_msgs/include/control_msgs/control_msgs/msg/joint_component_tolerance.h
[5.261s] -- Installing: /home/vincentspada/unitree_ws/install/control_msgs/include/control_msgs/control_msgs/msg/joint_controller_state.h
[5.261s] -- Installing: /home/vincentspada/unitree_ws/install/control_msgs/include/control_msgs/control_msgs/msg/rosidl_generator_c__visibility_control.h
[5.261s] -- Installing: /home/vincentspada/unitree_ws/install/control_msgs/include/control_msgs/control_msgs/msg/dynamic_joint_state.h
[5.261s] -- Installing: /home/vincentspada/unitree_ws/install/control_msgs/include/control_msgs/control_msgs/msg/admittance_controller_state.h
[5.261s] -- Installing: /home/vincentspada/unitree_ws/install/control_msgs/include/control_msgs/control_msgs/msg/joint_jog.h
[5.262s] -- Installing: /home/vincentspada/unitree_ws/install/control_msgs/include/control_msgs/control_msgs/msg/mecanum_drive_controller_state.h
[5.264s] -- Installing: /home/vincentspada/unitree_ws/install/control_msgs/include/control_msgs/control_msgs/msg/pid_state.h
[5.264s] -- Installing: /home/vincentspada/unitree_ws/install/control_msgs/include/control_msgs/control_msgs/msg/detail
[5.267s] -- Installing: /home/vincentspada/unitree_ws/install/control_msgs/include/control_msgs/control_msgs/msg/detail/dynamic_joint_state__functions.c
[5.267s] -- Installing: /home/vincentspada/unitree_ws/install/control_msgs/include/control_msgs/control_msgs/msg/detail/joint_tolerance__functions.c
[5.267s] -- Installing: /home/vincentspada/unitree_ws/install/control_msgs/include/control_msgs/control_msgs/msg/detail/joint_controller_state__struct.h
[5.267s] -- Installing: /home/vincentspada/unitree_ws/install/control_msgs/include/control_msgs/control_msgs/msg/detail/gripper_command__functions.h
[5.268s] -- Installing: /home/vincentspada/unitree_ws/install/control_msgs/include/control_msgs/control_msgs/msg/detail/steering_controller_status__functions.c
[5.268s] -- Installing: /home/vincentspada/unitree_ws/install/control_msgs/include/control_msgs/control_msgs/msg/detail/interface_value__type_support.h
[5.268s] -- Installing: /home/vincentspada/unitree_ws/install/control_msgs/include/control_msgs/control_msgs/msg/detail/admittance_controller_state__type_support.h
[5.269s] -- Installing: /home/vincentspada/unitree_ws/install/control_msgs/include/control_msgs/control_msgs/msg/detail/joint_component_tolerance__functions.c
[5.269s] -- Installing: /home/vincentspada/unitree_ws/install/control_msgs/include/control_msgs/control_msgs/msg/detail/joint_controller_state__functions.c
[5.269s] -- Installing: /home/vincentspada/unitree_ws/install/control_msgs/include/control_msgs/control_msgs/msg/detail/joint_tolerance__struct.h
[5.269s] -- Installing: /home/vincentspada/unitree_ws/install/control_msgs/include/control_msgs/control_msgs/msg/detail/gripper_command__type_support.h
[5.269s] -- Installing: /home/vincentspada/unitree_ws/install/control_msgs/include/control_msgs/control_msgs/msg/detail/steering_controller_status__functions.h
[5.269s] -- Installing: /home/vincentspada/unitree_ws/install/control_msgs/include/control_msgs/control_msgs/msg/detail/dynamic_joint_state__functions.h
[5.270s] -- Installing: /home/vincentspada/unitree_ws/install/control_msgs/include/control_msgs/control_msgs/msg/detail/joint_jog__struct.h
[5.271s] -- Installing: /home/vincentspada/unitree_ws/install/control_msgs/include/control_msgs/control_msgs/msg/detail/admittance_controller_state__struct.h
[5.271s] -- Installing: /home/vincentspada/unitree_ws/install/control_msgs/include/control_msgs/control_msgs/msg/detail/mecanum_drive_controller_state__struct.h
[5.271s] -- Installing: /home/vincentspada/unitree_ws/install/control_msgs/include/control_msgs/control_msgs/msg/detail/joint_controller_state__functions.h
[5.271s] -- Installing: /home/vincentspada/unitree_ws/install/control_msgs/include/control_msgs/control_msgs/msg/detail/joint_tolerance__functions.h
[5.274s] -- Installing: /home/vincentspada/unitree_ws/install/control_msgs/include/control_msgs/control_msgs/msg/detail/interface_value__functions.h
[5.274s] -- Installing: /home/vincentspada/unitree_ws/install/control_msgs/include/control_msgs/control_msgs/msg/detail/interface_value__struct.h
[5.275s] -- Installing: /home/vincentspada/unitree_ws/install/control_msgs/include/control_msgs/control_msgs/msg/detail/joint_controller_state__type_support.h
[5.275s] -- Installing: /home/vincentspada/unitree_ws/install/control_msgs/include/control_msgs/control_msgs/msg/detail/steering_controller_status__type_support.h
[5.275s] -- Installing: /home/vincentspada/unitree_ws/install/control_msgs/include/control_msgs/control_msgs/msg/detail/pid_state__type_support.h
[5.276s] -- Installing: /home/vincentspada/unitree_ws/install/control_msgs/include/control_msgs/control_msgs/msg/detail/mecanum_drive_controller_state__functions.h
[5.276s] -- Installing: /home/vincentspada/unitree_ws/install/control_msgs/include/control_msgs/control_msgs/msg/detail/admittance_controller_state__functions.c
[5.276s] -- Installing: /home/vincentspada/unitree_ws/install/control_msgs/include/control_msgs/control_msgs/msg/detail/dynamic_joint_state__struct.h
[5.276s] -- Installing: /home/vincentspada/unitree_ws/install/control_msgs/include/control_msgs/control_msgs/msg/detail/joint_tolerance__type_support.h
[5.277s] -- Installing: /home/vincentspada/unitree_ws/install/control_msgs/include/control_msgs/control_msgs/msg/detail/mecanum_drive_controller_state__functions.c
[5.277s] -- Installing: /home/vincentspada/unitree_ws/install/control_msgs/include/control_msgs/control_msgs/msg/detail/joint_jog__functions.h
[5.277s] -- Installing: /home/vincentspada/unitree_ws/install/control_msgs/include/control_msgs/control_msgs/msg/detail/steering_controller_status__struct.h
[5.277s] -- Installing: /home/vincentspada/unitree_ws/install/control_msgs/include/control_msgs/control_msgs/msg/detail/admittance_controller_state__functions.h
[5.278s] -- Installing: /home/vincentspada/unitree_ws/install/control_msgs/include/control_msgs/control_msgs/msg/detail/mecanum_drive_controller_state__type_support.h
[5.278s] -- Installing: /home/vincentspada/unitree_ws/install/control_msgs/include/control_msgs/control_msgs/msg/detail/interface_value__functions.c
[5.278s] -- Installing: /home/vincentspada/unitree_ws/install/control_msgs/include/control_msgs/control_msgs/msg/detail/pid_state__struct.h
[5.279s] -- Installing: /home/vincentspada/unitree_ws/install/control_msgs/include/control_msgs/control_msgs/msg/detail/gripper_command__struct.h
[5.279s] -- Installing: /home/vincentspada/unitree_ws/install/control_msgs/include/control_msgs/control_msgs/msg/detail/joint_trajectory_controller_state__functions.c
[5.280s] -- Installing: /home/vincentspada/unitree_ws/install/control_msgs/include/control_msgs/control_msgs/msg/detail/joint_component_tolerance__struct.h
[5.280s] -- Installing: /home/vincentspada/unitree_ws/install/control_msgs/include/control_msgs/control_msgs/msg/detail/joint_trajectory_controller_state__struct.h
[5.280s] -- Installing: /home/vincentspada/unitree_ws/install/control_msgs/include/control_msgs/control_msgs/msg/detail/joint_jog__type_support.h
[5.281s] -- Installing: /home/vincentspada/unitree_ws/install/control_msgs/include/control_msgs/control_msgs/msg/detail/pid_state__functions.h
[5.281s] -- Installing: /home/vincentspada/unitree_ws/install/control_msgs/include/control_msgs/control_msgs/msg/detail/dynamic_joint_state__type_support.h
[5.283s] -- Installing: /home/vincentspada/unitree_ws/install/control_msgs/include/control_msgs/control_msgs/msg/detail/joint_jog__functions.c
[5.283s] -- Installing: /home/vincentspada/unitree_ws/install/control_msgs/include/control_msgs/control_msgs/msg/detail/pid_state__functions.c
[5.284s] -- Installing: /home/vincentspada/unitree_ws/install/control_msgs/include/control_msgs/control_msgs/msg/detail/joint_trajectory_controller_state__functions.h
[5.284s] -- Installing: /home/vincentspada/unitree_ws/install/control_msgs/include/control_msgs/control_msgs/msg/detail/joint_trajectory_controller_state__type_support.h
[5.284s] -- Installing: /home/vincentspada/unitree_ws/install/control_msgs/include/control_msgs/control_msgs/msg/detail/joint_component_tolerance__type_support.h
[5.284s] -- Installing: /home/vincentspada/unitree_ws/install/control_msgs/include/control_msgs/control_msgs/msg/detail/gripper_command__functions.c
[5.284s] -- Installing: /home/vincentspada/unitree_ws/install/control_msgs/include/control_msgs/control_msgs/msg/detail/joint_component_tolerance__functions.h
[5.285s] -- Installing: /home/vincentspada/unitree_ws/install/control_msgs/include/control_msgs/control_msgs/msg/gripper_command.h
[5.285s] -- Installing: /home/vincentspada/unitree_ws/install/control_msgs/include/control_msgs/control_msgs/msg/interface_value.h
[5.285s] -- Installing: /home/vincentspada/unitree_ws/install/control_msgs/include/control_msgs/control_msgs/msg/steering_controller_status.h
[5.286s] -- Installing: /home/vincentspada/unitree_ws/install/control_msgs/share/control_msgs/environment/library_path.sh
[5.286s] -- Installing: /home/vincentspada/unitree_ws/install/control_msgs/share/control_msgs/environment/library_path.dsv
[5.286s] -- Installing: /home/vincentspada/unitree_ws/install/control_msgs/lib/libcontrol_msgs__rosidl_generator_c.so
[5.286s] -- Set runtime path of "/home/vincentspada/unitree_ws/install/control_msgs/lib/libcontrol_msgs__rosidl_generator_c.so" to ""
[5.286s] -- Up-to-date: /home/vincentspada/unitree_ws/install/control_msgs/include/control_msgs/control_msgs
[5.287s] -- Up-to-date: /home/vincentspada/unitree_ws/install/control_msgs/include/control_msgs/control_msgs/action
[5.287s] -- Up-to-date: /home/vincentspada/unitree_ws/install/control_msgs/include/control_msgs/control_msgs/action/detail
[5.287s] -- Installing: /home/vincentspada/unitree_ws/install/control_msgs/include/control_msgs/control_msgs/action/detail/follow_joint_trajectory__rosidl_typesupport_fastrtps_c.h
[5.287s] -- Installing: /home/vincentspada/unitree_ws/install/control_msgs/include/control_msgs/control_msgs/action/detail/joint_trajectory__rosidl_typesupport_fastrtps_c.h
[5.287s] -- Installing: /home/vincentspada/unitree_ws/install/control_msgs/include/control_msgs/control_msgs/action/detail/point_head__rosidl_typesupport_fastrtps_c.h
[5.288s] -- Installing: /home/vincentspada/unitree_ws/install/control_msgs/include/control_msgs/control_msgs/action/detail/single_joint_position__rosidl_typesupport_fastrtps_c.h
[5.288s] -- Installing: /home/vincentspada/unitree_ws/install/control_msgs/include/control_msgs/control_msgs/action/detail/gripper_command__rosidl_typesupport_fastrtps_c.h
[5.288s] -- Up-to-date: /home/vincentspada/unitree_ws/install/control_msgs/include/control_msgs/control_msgs/srv
[5.288s] -- Up-to-date: /home/vincentspada/unitree_ws/install/control_msgs/include/control_msgs/control_msgs/srv/detail
[5.288s] -- Installing: /home/vincentspada/unitree_ws/install/control_msgs/include/control_msgs/control_msgs/srv/detail/query_trajectory_state__rosidl_typesupport_fastrtps_c.h
[5.288s] -- Installing: /home/vincentspada/unitree_ws/install/control_msgs/include/control_msgs/control_msgs/srv/detail/query_calibration_state__rosidl_typesupport_fastrtps_c.h
[5.289s] -- Up-to-date: /home/vincentspada/unitree_ws/install/control_msgs/include/control_msgs/control_msgs/msg
[5.289s] -- Up-to-date: /home/vincentspada/unitree_ws/install/control_msgs/include/control_msgs/control_msgs/msg/detail
[5.289s] -- Installing: /home/vincentspada/unitree_ws/install/control_msgs/include/control_msgs/control_msgs/msg/detail/joint_tolerance__rosidl_typesupport_fastrtps_c.h
[5.291s] -- Installing: /home/vincentspada/unitree_ws/install/control_msgs/include/control_msgs/control_msgs/msg/detail/joint_jog__rosidl_typesupport_fastrtps_c.h
[5.291s] -- Installing: /home/vincentspada/unitree_ws/install/control_msgs/include/control_msgs/control_msgs/msg/detail/pid_state__rosidl_typesupport_fastrtps_c.h
[5.292s] -- Installing: /home/vincentspada/unitree_ws/install/control_msgs/include/control_msgs/control_msgs/msg/detail/joint_trajectory_controller_state__rosidl_typesupport_fastrtps_c.h
[5.292s] -- Installing: /home/vincentspada/unitree_ws/install/control_msgs/include/control_msgs/control_msgs/msg/detail/steering_controller_status__rosidl_typesupport_fastrtps_c.h
[5.293s] -- Installing: /home/vincentspada/unitree_ws/install/control_msgs/include/control_msgs/control_msgs/msg/detail/interface_value__rosidl_typesupport_fastrtps_c.h
[5.294s] -- Installing: /home/vincentspada/unitree_ws/install/control_msgs/include/control_msgs/control_msgs/msg/detail/mecanum_drive_controller_state__rosidl_typesupport_fastrtps_c.h
[5.294s] -- Installing: /home/vincentspada/unitree_ws/install/control_msgs/include/control_msgs/control_msgs/msg/detail/admittance_controller_state__rosidl_typesupport_fastrtps_c.h
[5.294s] -- Installing: /home/vincentspada/unitree_ws/install/control_msgs/include/control_msgs/control_msgs/msg/detail/dynamic_joint_state__rosidl_typesupport_fastrtps_c.h
[5.294s] -- Installing: /home/vincentspada/unitree_ws/install/control_msgs/include/control_msgs/control_msgs/msg/detail/joint_controller_state__rosidl_typesupport_fastrtps_c.h
[5.295s] -- Installing: /home/vincentspada/unitree_ws/install/control_msgs/include/control_msgs/control_msgs/msg/detail/gripper_command__rosidl_typesupport_fastrtps_c.h
[5.295s] -- Installing: /home/vincentspada/unitree_ws/install/control_msgs/include/control_msgs/control_msgs/msg/detail/joint_component_tolerance__rosidl_typesupport_fastrtps_c.h
[5.296s] -- Installing: /home/vincentspada/unitree_ws/install/control_msgs/include/control_msgs/control_msgs/msg/rosidl_typesupport_fastrtps_c__visibility_control.h
[5.296s] -- Installing: /home/vincentspada/unitree_ws/install/control_msgs/lib/libcontrol_msgs__rosidl_typesupport_fastrtps_c.so
[5.296s] -- Set runtime path of "/home/vincentspada/unitree_ws/install/control_msgs/lib/libcontrol_msgs__rosidl_typesupport_fastrtps_c.so" to ""
[5.296s] -- Up-to-date: /home/vincentspada/unitree_ws/install/control_msgs/include/control_msgs/control_msgs
[5.297s] -- Up-to-date: /home/vincentspada/unitree_ws/install/control_msgs/include/control_msgs/control_msgs/action
[5.297s] -- Installing: /home/vincentspada/unitree_ws/install/control_msgs/include/control_msgs/control_msgs/action/point_head.hpp
[5.297s] -- Installing: /home/vincentspada/unitree_ws/install/control_msgs/include/control_msgs/control_msgs/action/joint_trajectory.hpp
[5.297s] -- Installing: /home/vincentspada/unitree_ws/install/control_msgs/include/control_msgs/control_msgs/action/follow_joint_trajectory.hpp
[5.298s] -- Installing: /home/vincentspada/unitree_ws/install/control_msgs/include/control_msgs/control_msgs/action/gripper_command.hpp
[5.298s] -- Installing: /home/vincentspada/unitree_ws/install/control_msgs/include/control_msgs/control_msgs/action/single_joint_position.hpp
[5.298s] -- Up-to-date: /home/vincentspada/unitree_ws/install/control_msgs/include/control_msgs/control_msgs/action/detail
[5.299s] -- Installing: /home/vincentspada/unitree_ws/install/control_msgs/include/control_msgs/control_msgs/action/detail/single_joint_position__builder.hpp
[5.299s] -- Installing: /home/vincentspada/unitree_ws/install/control_msgs/include/control_msgs/control_msgs/action/detail/point_head__builder.hpp
[5.299s] -- Installing: /home/vincentspada/unitree_ws/install/control_msgs/include/control_msgs/control_msgs/action/detail/point_head__traits.hpp
[5.300s] -- Installing: /home/vincentspada/unitree_ws/install/control_msgs/include/control_msgs/control_msgs/action/detail/joint_trajectory__traits.hpp
[5.300s] -- Installing: /home/vincentspada/unitree_ws/install/control_msgs/include/control_msgs/control_msgs/action/detail/joint_trajectory__struct.hpp
[5.301s] -- Installing: /home/vincentspada/unitree_ws/install/control_msgs/include/control_msgs/control_msgs/action/detail/point_head__struct.hpp
[5.301s] -- Installing: /home/vincentspada/unitree_ws/install/control_msgs/include/control_msgs/control_msgs/action/detail/follow_joint_trajectory__builder.hpp
[5.301s] -- Installing: /home/vincentspada/unitree_ws/install/control_msgs/include/control_msgs/control_msgs/action/detail/gripper_command__struct.hpp
[5.302s] -- Installing: /home/vincentspada/unitree_ws/install/control_msgs/include/control_msgs/control_msgs/action/detail/single_joint_position__struct.hpp
[5.302s] -- Installing: /home/vincentspada/unitree_ws/install/control_msgs/include/control_msgs/control_msgs/action/detail/gripper_command__traits.hpp
[5.302s] -- Installing: /home/vincentspada/unitree_ws/install/control_msgs/include/control_msgs/control_msgs/action/detail/single_joint_position__traits.hpp
[5.302s] -- Installing: /home/vincentspada/unitree_ws/install/control_msgs/include/control_msgs/control_msgs/action/detail/follow_joint_trajectory__traits.hpp
[5.303s] -- Installing: /home/vincentspada/unitree_ws/install/control_msgs/include/control_msgs/control_msgs/action/detail/gripper_command__builder.hpp
[5.303s] -- Installing: /home/vincentspada/unitree_ws/install/control_msgs/include/control_msgs/control_msgs/action/detail/joint_trajectory__builder.hpp
[5.303s] -- Installing: /home/vincentspada/unitree_ws/install/control_msgs/include/control_msgs/control_msgs/action/detail/follow_joint_trajectory__struct.hpp
[5.303s] -- Up-to-date: /home/vincentspada/unitree_ws/install/control_msgs/include/control_msgs/control_msgs/srv
[5.304s] -- Up-to-date: /home/vincentspada/unitree_ws/install/control_msgs/include/control_msgs/control_msgs/srv/detail
[5.304s] -- Installing: /home/vincentspada/unitree_ws/install/control_msgs/include/control_msgs/control_msgs/srv/detail/query_calibration_state__builder.hpp
[5.304s] -- Installing: /home/vincentspada/unitree_ws/install/control_msgs/include/control_msgs/control_msgs/srv/detail/query_calibration_state__struct.hpp
[5.305s] -- Installing: /home/vincentspada/unitree_ws/install/control_msgs/include/control_msgs/control_msgs/srv/detail/query_calibration_state__traits.hpp
[5.305s] -- Installing: /home/vincentspada/unitree_ws/install/control_msgs/include/control_msgs/control_msgs/srv/detail/query_trajectory_state__traits.hpp
[5.305s] -- Installing: /home/vincentspada/unitree_ws/install/control_msgs/include/control_msgs/control_msgs/srv/detail/query_trajectory_state__struct.hpp
[5.306s] -- Installing: /home/vincentspada/unitree_ws/install/control_msgs/include/control_msgs/control_msgs/srv/detail/query_trajectory_state__builder.hpp
[5.306s] -- Installing: /home/vincentspada/unitree_ws/install/control_msgs/include/control_msgs/control_msgs/srv/query_trajectory_state.hpp
[5.307s] -- Installing: /home/vincentspada/unitree_ws/install/control_msgs/include/control_msgs/control_msgs/srv/query_calibration_state.hpp
[5.307s] -- Up-to-date: /home/vincentspada/unitree_ws/install/control_msgs/include/control_msgs/control_msgs/msg
[5.307s] -- Installing: /home/vincentspada/unitree_ws/install/control_msgs/include/control_msgs/control_msgs/msg/interface_value.hpp
[5.307s] -- Installing: /home/vincentspada/unitree_ws/install/control_msgs/include/control_msgs/control_msgs/msg/pid_state.hpp
[5.308s] -- Installing: /home/vincentspada/unitree_ws/install/control_msgs/include/control_msgs/control_msgs/msg/gripper_command.hpp
[5.308s] -- Installing: /home/vincentspada/unitree_ws/install/control_msgs/include/control_msgs/control_msgs/msg/joint_tolerance.hpp
[5.308s] -- Installing: /home/vincentspada/unitree_ws/install/control_msgs/include/control_msgs/control_msgs/msg/joint_trajectory_controller_state.hpp
[5.308s] -- Installing: /home/vincentspada/unitree_ws/install/control_msgs/include/control_msgs/control_msgs/msg/joint_component_tolerance.hpp
[5.309s] -- Installing: /home/vincentspada/unitree_ws/install/control_msgs/include/control_msgs/control_msgs/msg/steering_controller_status.hpp
[5.309s] -- Installing: /home/vincentspada/unitree_ws/install/control_msgs/include/control_msgs/control_msgs/msg/dynamic_joint_state.hpp
[5.309s] -- Installing: /home/vincentspada/unitree_ws/install/control_msgs/include/control_msgs/control_msgs/msg/mecanum_drive_controller_state.hpp
[5.310s] -- Installing: /home/vincentspada/unitree_ws/install/control_msgs/include/control_msgs/control_msgs/msg/joint_controller_state.hpp
[5.310s] -- Up-to-date: /home/vincentspada/unitree_ws/install/control_msgs/include/control_msgs/control_msgs/msg/detail
[5.311s] -- Installing: /home/vincentspada/unitree_ws/install/control_msgs/include/control_msgs/control_msgs/msg/detail/dynamic_joint_state__struct.hpp
[5.311s] -- Installing: /home/vincentspada/unitree_ws/install/control_msgs/include/control_msgs/control_msgs/msg/detail/mecanum_drive_controller_state__struct.hpp
[5.311s] -- Installing: /home/vincentspada/unitree_ws/install/control_msgs/include/control_msgs/control_msgs/msg/detail/mecanum_drive_controller_state__traits.hpp
[5.312s] -- Installing: /home/vincentspada/unitree_ws/install/control_msgs/include/control_msgs/control_msgs/msg/detail/interface_value__builder.hpp
[5.312s] -- Installing: /home/vincentspada/unitree_ws/install/control_msgs/include/control_msgs/control_msgs/msg/detail/steering_controller_status__struct.hpp
[5.313s] -- Installing: /home/vincentspada/unitree_ws/install/control_msgs/include/control_msgs/control_msgs/msg/detail/steering_controller_status__traits.hpp
[5.313s] -- Installing: /home/vincentspada/unitree_ws/install/control_msgs/include/control_msgs/control_msgs/msg/detail/joint_jog__traits.hpp
[5.314s] -- Installing: /home/vincentspada/unitree_ws/install/control_msgs/include/control_msgs/control_msgs/msg/detail/joint_controller_state__struct.hpp
[5.315s] -- Installing: /home/vincentspada/unitree_ws/install/control_msgs/include/control_msgs/control_msgs/msg/detail/joint_tolerance__builder.hpp
[5.316s] -- Installing: /home/vincentspada/unitree_ws/install/control_msgs/include/control_msgs/control_msgs/msg/detail/mecanum_drive_controller_state__builder.hpp
[5.316s] -- Installing: /home/vincentspada/unitree_ws/install/control_msgs/include/control_msgs/control_msgs/msg/detail/joint_component_tolerance__traits.hpp
[5.317s] -- Installing: /home/vincentspada/unitree_ws/install/control_msgs/include/control_msgs/control_msgs/msg/detail/admittance_controller_state__struct.hpp
[5.317s] -- Installing: /home/vincentspada/unitree_ws/install/control_msgs/include/control_msgs/control_msgs/msg/detail/interface_value__traits.hpp
[5.318s] -- Installing: /home/vincentspada/unitree_ws/install/control_msgs/include/control_msgs/control_msgs/msg/detail/joint_trajectory_controller_state__builder.hpp
[5.318s] -- Installing: /home/vincentspada/unitree_ws/install/control_msgs/include/control_msgs/control_msgs/msg/detail/pid_state__builder.hpp
[5.318s] -- Installing: /home/vincentspada/unitree_ws/install/control_msgs/include/control_msgs/control_msgs/msg/detail/gripper_command__struct.hpp
[5.319s] -- Installing: /home/vincentspada/unitree_ws/install/control_msgs/include/control_msgs/control_msgs/msg/detail/joint_jog__struct.hpp
[5.319s] -- Installing: /home/vincentspada/unitree_ws/install/control_msgs/include/control_msgs/control_msgs/msg/detail/joint_trajectory_controller_state__traits.hpp
[5.320s] -- Installing: /home/vincentspada/unitree_ws/install/control_msgs/include/control_msgs/control_msgs/msg/detail/joint_controller_state__builder.hpp
[5.320s] -- Installing: /home/vincentspada/unitree_ws/install/control_msgs/include/control_msgs/control_msgs/msg/detail/gripper_command__traits.hpp
[5.320s] -- Installing: /home/vincentspada/unitree_ws/install/control_msgs/include/control_msgs/control_msgs/msg/detail/joint_controller_state__traits.hpp
[5.321s] -- Installing: /home/vincentspada/unitree_ws/install/control_msgs/include/control_msgs/control_msgs/msg/detail/dynamic_joint_state__traits.hpp
[5.321s] -- Installing: /home/vincentspada/unitree_ws/install/control_msgs/include/control_msgs/control_msgs/msg/detail/joint_tolerance__struct.hpp
[5.321s] -- Installing: /home/vincentspada/unitree_ws/install/control_msgs/include/control_msgs/control_msgs/msg/detail/joint_component_tolerance__builder.hpp
[5.321s] -- Installing: /home/vincentspada/unitree_ws/install/control_msgs/include/control_msgs/control_msgs/msg/detail/dynamic_joint_state__builder.hpp
[5.322s] -- Installing: /home/vincentspada/unitree_ws/install/control_msgs/include/control_msgs/control_msgs/msg/detail/gripper_command__builder.hpp
[5.323s] -- Installing: /home/vincentspada/unitree_ws/install/control_msgs/include/control_msgs/control_msgs/msg/detail/pid_state__traits.hpp
[5.324s] -- Installing: /home/vincentspada/unitree_ws/install/control_msgs/include/control_msgs/control_msgs/msg/detail/admittance_controller_state__builder.hpp
[5.324s] -- Installing: /home/vincentspada/unitree_ws/install/control_msgs/include/control_msgs/control_msgs/msg/detail/joint_jog__builder.hpp
[5.325s] -- Installing: /home/vincentspada/unitree_ws/install/control_msgs/include/control_msgs/control_msgs/msg/detail/interface_value__struct.hpp
[5.325s] -- Installing: /home/vincentspada/unitree_ws/install/control_msgs/include/control_msgs/control_msgs/msg/detail/steering_controller_status__builder.hpp
[5.326s] -- Installing: /home/vincentspada/unitree_ws/install/control_msgs/include/control_msgs/control_msgs/msg/detail/joint_trajectory_controller_state__struct.hpp
[5.326s] -- Installing: /home/vincentspada/unitree_ws/install/control_msgs/include/control_msgs/control_msgs/msg/detail/joint_component_tolerance__struct.hpp
[5.326s] -- Installing: /home/vincentspada/unitree_ws/install/control_msgs/include/control_msgs/control_msgs/msg/detail/admittance_controller_state__traits.hpp
[5.327s] -- Installing: /home/vincentspada/unitree_ws/install/control_msgs/include/control_msgs/control_msgs/msg/detail/joint_tolerance__traits.hpp
[5.327s] -- Installing: /home/vincentspada/unitree_ws/install/control_msgs/include/control_msgs/control_msgs/msg/detail/pid_state__struct.hpp
[5.327s] -- Installing: /home/vincentspada/unitree_ws/install/control_msgs/include/control_msgs/control_msgs/msg/admittance_controller_state.hpp
[5.328s] -- Installing: /home/vincentspada/unitree_ws/install/control_msgs/include/control_msgs/control_msgs/msg/joint_jog.hpp
[5.328s] -- Up-to-date: /home/vincentspada/unitree_ws/install/control_msgs/include/control_msgs/control_msgs
[5.328s] -- Up-to-date: /home/vincentspada/unitree_ws/install/control_msgs/include/control_msgs/control_msgs/action
[5.329s] -- Up-to-date: /home/vincentspada/unitree_ws/install/control_msgs/include/control_msgs/control_msgs/action/detail
[5.329s] -- Installing: /home/vincentspada/unitree_ws/install/control_msgs/include/control_msgs/control_msgs/action/detail/joint_trajectory__rosidl_typesupport_fastrtps_cpp.hpp
[5.329s] -- Installing: /home/vincentspada/unitree_ws/install/control_msgs/include/control_msgs/control_msgs/action/detail/follow_joint_trajectory__rosidl_typesupport_fastrtps_cpp.hpp
[5.330s] -- Installing: /home/vincentspada/unitree_ws/install/control_msgs/include/control_msgs/control_msgs/action/detail/gripper_command__rosidl_typesupport_fastrtps_cpp.hpp
[5.331s] -- Installing: /home/vincentspada/unitree_ws/install/control_msgs/include/control_msgs/control_msgs/action/detail/point_head__rosidl_typesupport_fastrtps_cpp.hpp
[5.332s] -- Installing: /home/vincentspada/unitree_ws/install/control_msgs/include/control_msgs/control_msgs/action/detail/single_joint_position__rosidl_typesupport_fastrtps_cpp.hpp
[5.332s] -- Installing: /home/vincentspada/unitree_ws/install/control_msgs/include/control_msgs/control_msgs/action/detail/dds_fastrtps
[5.333s] -- Up-to-date: /home/vincentspada/unitree_ws/install/control_msgs/include/control_msgs/control_msgs/srv
[5.334s] -- Up-to-date: /home/vincentspada/unitree_ws/install/control_msgs/include/control_msgs/control_msgs/srv/detail
[5.334s] -- Installing: /home/vincentspada/unitree_ws/install/control_msgs/include/control_msgs/control_msgs/srv/detail/query_calibration_state__rosidl_typesupport_fastrtps_cpp.hpp
[5.334s] -- Installing: /home/vincentspada/unitree_ws/install/control_msgs/include/control_msgs/control_msgs/srv/detail/dds_fastrtps
[5.335s] -- Installing: /home/vincentspada/unitree_ws/install/control_msgs/include/control_msgs/control_msgs/srv/detail/query_trajectory_state__rosidl_typesupport_fastrtps_cpp.hpp
[5.335s] -- Up-to-date: /home/vincentspada/unitree_ws/install/control_msgs/include/control_msgs/control_msgs/msg
[5.336s] -- Up-to-date: /home/vincentspada/unitree_ws/install/control_msgs/include/control_msgs/control_msgs/msg/detail
[5.336s] -- Installing: /home/vincentspada/unitree_ws/install/control_msgs/include/control_msgs/control_msgs/msg/detail/interface_value__rosidl_typesupport_fastrtps_cpp.hpp
[5.336s] -- Installing: /home/vincentspada/unitree_ws/install/control_msgs/include/control_msgs/control_msgs/msg/detail/pid_state__rosidl_typesupport_fastrtps_cpp.hpp
[5.337s] -- Installing: /home/vincentspada/unitree_ws/install/control_msgs/include/control_msgs/control_msgs/msg/detail/mecanum_drive_controller_state__rosidl_typesupport_fastrtps_cpp.hpp
[5.337s] -- Installing: /home/vincentspada/unitree_ws/install/control_msgs/include/control_msgs/control_msgs/msg/detail/gripper_command__rosidl_typesupport_fastrtps_cpp.hpp
[5.337s] -- Installing: /home/vincentspada/unitree_ws/install/control_msgs/include/control_msgs/control_msgs/msg/detail/joint_controller_state__rosidl_typesupport_fastrtps_cpp.hpp
[5.338s] -- Installing: /home/vincentspada/unitree_ws/install/control_msgs/include/control_msgs/control_msgs/msg/detail/joint_tolerance__rosidl_typesupport_fastrtps_cpp.hpp
[5.338s] -- Installing: /home/vincentspada/unitree_ws/install/control_msgs/include/control_msgs/control_msgs/msg/detail/dds_fastrtps
[5.338s] -- Installing: /home/vincentspada/unitree_ws/install/control_msgs/include/control_msgs/control_msgs/msg/detail/joint_component_tolerance__rosidl_typesupport_fastrtps_cpp.hpp
[5.339s] -- Installing: /home/vincentspada/unitree_ws/install/control_msgs/include/control_msgs/control_msgs/msg/detail/steering_controller_status__rosidl_typesupport_fastrtps_cpp.hpp
[5.339s] -- Installing: /home/vincentspada/unitree_ws/install/control_msgs/include/control_msgs/control_msgs/msg/detail/admittance_controller_state__rosidl_typesupport_fastrtps_cpp.hpp
[5.339s] -- Installing: /home/vincentspada/unitree_ws/install/control_msgs/include/control_msgs/control_msgs/msg/detail/dynamic_joint_state__rosidl_typesupport_fastrtps_cpp.hpp
[5.340s] -- Installing: /home/vincentspada/unitree_ws/install/control_msgs/include/control_msgs/control_msgs/msg/detail/joint_trajectory_controller_state__rosidl_typesupport_fastrtps_cpp.hpp
[5.340s] -- Installing: /home/vincentspada/unitree_ws/install/control_msgs/include/control_msgs/control_msgs/msg/detail/joint_jog__rosidl_typesupport_fastrtps_cpp.hpp
[5.340s] -- Installing: /home/vincentspada/unitree_ws/install/control_msgs/include/control_msgs/control_msgs/msg/rosidl_typesupport_fastrtps_cpp__visibility_control.h
[5.341s] -- Installing: /home/vincentspada/unitree_ws/install/control_msgs/lib/libcontrol_msgs__rosidl_typesupport_fastrtps_cpp.so
[5.341s] -- Set runtime path of "/home/vincentspada/unitree_ws/install/control_msgs/lib/libcontrol_msgs__rosidl_typesupport_fastrtps_cpp.so" to ""
[5.350s] -- Up-to-date: /home/vincentspada/unitree_ws/install/control_msgs/include/control_msgs/control_msgs
[5.352s] -- Up-to-date: /home/vincentspada/unitree_ws/install/control_msgs/include/control_msgs/control_msgs/action
[5.354s] -- Up-to-date: /home/vincentspada/unitree_ws/install/control_msgs/include/control_msgs/control_msgs/action/detail
[5.361s] -- Installing: /home/vincentspada/unitree_ws/install/control_msgs/include/control_msgs/control_msgs/action/detail/point_head__rosidl_typesupport_introspection_c.h
[5.362s] -- Installing: /home/vincentspada/unitree_ws/install/control_msgs/include/control_msgs/control_msgs/action/detail/single_joint_position__type_support.c
[5.362s] -- Installing: /home/vincentspada/unitree_ws/install/control_msgs/include/control_msgs/control_msgs/action/detail/joint_trajectory__type_support.c
[5.362s] -- Installing: /home/vincentspada/unitree_ws/install/control_msgs/include/control_msgs/control_msgs/action/detail/single_joint_position__rosidl_typesupport_introspection_c.h
[5.362s] -- Installing: /home/vincentspada/unitree_ws/install/control_msgs/include/control_msgs/control_msgs/action/detail/follow_joint_trajectory__type_support.c
[5.362s] -- Installing: /home/vincentspada/unitree_ws/install/control_msgs/include/control_msgs/control_msgs/action/detail/gripper_command__rosidl_typesupport_introspection_c.h
[5.362s] -- Installing: /home/vincentspada/unitree_ws/install/control_msgs/include/control_msgs/control_msgs/action/detail/joint_trajectory__rosidl_typesupport_introspection_c.h
[5.363s] -- Installing: /home/vincentspada/unitree_ws/install/control_msgs/include/control_msgs/control_msgs/action/detail/gripper_command__type_support.c
[5.363s] -- Installing: /home/vincentspada/unitree_ws/install/control_msgs/include/control_msgs/control_msgs/action/detail/point_head__type_support.c
[5.363s] -- Installing: /home/vincentspada/unitree_ws/install/control_msgs/include/control_msgs/control_msgs/action/detail/follow_joint_trajectory__rosidl_typesupport_introspection_c.h
[5.363s] -- Up-to-date: /home/vincentspada/unitree_ws/install/control_msgs/include/control_msgs/control_msgs/srv
[5.363s] -- Up-to-date: /home/vincentspada/unitree_ws/install/control_msgs/include/control_msgs/control_msgs/srv/detail
[5.363s] -- Installing: /home/vincentspada/unitree_ws/install/control_msgs/include/control_msgs/control_msgs/srv/detail/query_calibration_state__rosidl_typesupport_introspection_c.h
[5.364s] -- Installing: /home/vincentspada/unitree_ws/install/control_msgs/include/control_msgs/control_msgs/srv/detail/query_calibration_state__type_support.c
[5.364s] -- Installing: /home/vincentspada/unitree_ws/install/control_msgs/include/control_msgs/control_msgs/srv/detail/query_trajectory_state__rosidl_typesupport_introspection_c.h
[5.364s] -- Installing: /home/vincentspada/unitree_ws/install/control_msgs/include/control_msgs/control_msgs/srv/detail/query_trajectory_state__type_support.c
[5.364s] -- Up-to-date: /home/vincentspada/unitree_ws/install/control_msgs/include/control_msgs/control_msgs/msg
[5.364s] -- Installing: /home/vincentspada/unitree_ws/install/control_msgs/include/control_msgs/control_msgs/msg/rosidl_typesupport_introspection_c__visibility_control.h
[5.364s] -- Up-to-date: /home/vincentspada/unitree_ws/install/control_msgs/include/control_msgs/control_msgs/msg/detail
[5.364s] -- Installing: /home/vincentspada/unitree_ws/install/control_msgs/include/control_msgs/control_msgs/msg/detail/steering_controller_status__rosidl_typesupport_introspection_c.h
[5.365s] -- Installing: /home/vincentspada/unitree_ws/install/control_msgs/include/control_msgs/control_msgs/msg/detail/steering_controller_status__type_support.c
[5.365s] -- Installing: /home/vincentspada/unitree_ws/install/control_msgs/include/control_msgs/control_msgs/msg/detail/joint_jog__rosidl_typesupport_introspection_c.h
[5.365s] -- Installing: /home/vincentspada/unitree_ws/install/control_msgs/include/control_msgs/control_msgs/msg/detail/admittance_controller_state__type_support.c
[5.365s] -- Installing: /home/vincentspada/unitree_ws/install/control_msgs/include/control_msgs/control_msgs/msg/detail/joint_trajectory_controller_state__rosidl_typesupport_introspection_c.h
[5.365s] -- Installing: /home/vincentspada/unitree_ws/install/control_msgs/include/control_msgs/control_msgs/msg/detail/mecanum_drive_controller_state__type_support.c
[5.365s] -- Installing: /home/vincentspada/unitree_ws/install/control_msgs/include/control_msgs/control_msgs/msg/detail/joint_tolerance__type_support.c
[5.366s] -- Installing: /home/vincentspada/unitree_ws/install/control_msgs/include/control_msgs/control_msgs/msg/detail/dynamic_joint_state__rosidl_typesupport_introspection_c.h
[5.366s] -- Installing: /home/vincentspada/unitree_ws/install/control_msgs/include/control_msgs/control_msgs/msg/detail/gripper_command__rosidl_typesupport_introspection_c.h
[5.366s] -- Installing: /home/vincentspada/unitree_ws/install/control_msgs/include/control_msgs/control_msgs/msg/detail/pid_state__type_support.c
[5.366s] -- Installing: /home/vincentspada/unitree_ws/install/control_msgs/include/control_msgs/control_msgs/msg/detail/joint_component_tolerance__rosidl_typesupport_introspection_c.h
[5.366s] -- Installing: /home/vincentspada/unitree_ws/install/control_msgs/include/control_msgs/control_msgs/msg/detail/joint_component_tolerance__type_support.c
[5.366s] -- Installing: /home/vincentspada/unitree_ws/install/control_msgs/include/control_msgs/control_msgs/msg/detail/interface_value__rosidl_typesupport_introspection_c.h
[5.367s] -- Installing: /home/vincentspada/unitree_ws/install/control_msgs/include/control_msgs/control_msgs/msg/detail/joint_controller_state__rosidl_typesupport_introspection_c.h
[5.367s] -- Installing: /home/vincentspada/unitree_ws/install/control_msgs/include/control_msgs/control_msgs/msg/detail/mecanum_drive_controller_state__rosidl_typesupport_introspection_c.h
[5.367s] -- Installing: /home/vincentspada/unitree_ws/install/control_msgs/include/control_msgs/control_msgs/msg/detail/joint_trajectory_controller_state__type_support.c
[5.367s] -- Installing: /home/vincentspada/unitree_ws/install/control_msgs/include/control_msgs/control_msgs/msg/detail/gripper_command__type_support.c
[5.367s] -- Installing: /home/vincentspada/unitree_ws/install/control_msgs/include/control_msgs/control_msgs/msg/detail/interface_value__type_support.c
[5.367s] -- Installing: /home/vincentspada/unitree_ws/install/control_msgs/include/control_msgs/control_msgs/msg/detail/admittance_controller_state__rosidl_typesupport_introspection_c.h
[5.367s] -- Installing: /home/vincentspada/unitree_ws/install/control_msgs/include/control_msgs/control_msgs/msg/detail/pid_state__rosidl_typesupport_introspection_c.h
[5.368s] -- Installing: /home/vincentspada/unitree_ws/install/control_msgs/include/control_msgs/control_msgs/msg/detail/joint_controller_state__type_support.c
[5.368s] -- Installing: /home/vincentspada/unitree_ws/install/control_msgs/include/control_msgs/control_msgs/msg/detail/joint_tolerance__rosidl_typesupport_introspection_c.h
[5.368s] -- Installing: /home/vincentspada/unitree_ws/install/control_msgs/include/control_msgs/control_msgs/msg/detail/joint_jog__type_support.c
[5.382s] -- Installing: /home/vincentspada/unitree_ws/install/control_msgs/include/control_msgs/control_msgs/msg/detail/dynamic_joint_state__type_support.c
[5.383s] -- Installing: /home/vincentspada/unitree_ws/install/control_msgs/lib/libcontrol_msgs__rosidl_typesupport_introspection_c.so
[5.383s] -- Set runtime path of "/home/vincentspada/unitree_ws/install/control_msgs/lib/libcontrol_msgs__rosidl_typesupport_introspection_c.so" to ""
[5.383s] -- Installing: /home/vincentspada/unitree_ws/install/control_msgs/lib/libcontrol_msgs__rosidl_typesupport_c.so
[5.384s] -- Set runtime path of "/home/vincentspada/unitree_ws/install/control_msgs/lib/libcontrol_msgs__rosidl_typesupport_c.so" to ""
[5.384s] -- Up-to-date: /home/vincentspada/unitree_ws/install/control_msgs/include/control_msgs/control_msgs
[5.384s] -- Up-to-date: /home/vincentspada/unitree_ws/install/control_msgs/include/control_msgs/control_msgs/action
[5.384s] -- Up-to-date: /home/vincentspada/unitree_ws/install/control_msgs/include/control_msgs/control_msgs/action/detail
[5.384s] -- Installing: /home/vincentspada/unitree_ws/install/control_msgs/include/control_msgs/control_msgs/action/detail/single_joint_position__rosidl_typesupport_introspection_cpp.hpp
[5.385s] -- Installing: /home/vincentspada/unitree_ws/install/control_msgs/include/control_msgs/control_msgs/action/detail/point_head__type_support.cpp
[5.385s] -- Installing: /home/vincentspada/unitree_ws/install/control_msgs/include/control_msgs/control_msgs/action/detail/gripper_command__rosidl_typesupport_introspection_cpp.hpp
[5.385s] -- Installing: /home/vincentspada/unitree_ws/install/control_msgs/include/control_msgs/control_msgs/action/detail/single_joint_position__type_support.cpp
[5.385s] -- Installing: /home/vincentspada/unitree_ws/install/control_msgs/include/control_msgs/control_msgs/action/detail/gripper_command__type_support.cpp
[5.385s] -- Installing: /home/vincentspada/unitree_ws/install/control_msgs/include/control_msgs/control_msgs/action/detail/follow_joint_trajectory__type_support.cpp
[5.386s] -- Installing: /home/vincentspada/unitree_ws/install/control_msgs/include/control_msgs/control_msgs/action/detail/follow_joint_trajectory__rosidl_typesupport_introspection_cpp.hpp
[5.386s] -- Installing: /home/vincentspada/unitree_ws/install/control_msgs/include/control_msgs/control_msgs/action/detail/joint_trajectory__type_support.cpp
[5.386s] -- Installing: /home/vincentspada/unitree_ws/install/control_msgs/include/control_msgs/control_msgs/action/detail/joint_trajectory__rosidl_typesupport_introspection_cpp.hpp
[5.386s] -- Installing: /home/vincentspada/unitree_ws/install/control_msgs/include/control_msgs/control_msgs/action/detail/point_head__rosidl_typesupport_introspection_cpp.hpp
[5.386s] -- Up-to-date: /home/vincentspada/unitree_ws/install/control_msgs/include/control_msgs/control_msgs/srv
[5.387s] -- Up-to-date: /home/vincentspada/unitree_ws/install/control_msgs/include/control_msgs/control_msgs/srv/detail
[5.387s] -- Installing: /home/vincentspada/unitree_ws/install/control_msgs/include/control_msgs/control_msgs/srv/detail/query_calibration_state__type_support.cpp
[5.387s] -- Installing: /home/vincentspada/unitree_ws/install/control_msgs/include/control_msgs/control_msgs/srv/detail/query_calibration_state__rosidl_typesupport_introspection_cpp.hpp
[5.387s] -- Installing: /home/vincentspada/unitree_ws/install/control_msgs/include/control_msgs/control_msgs/srv/detail/query_trajectory_state__rosidl_typesupport_introspection_cpp.hpp
[5.387s] -- Installing: /home/vincentspada/unitree_ws/install/control_msgs/include/control_msgs/control_msgs/srv/detail/query_trajectory_state__type_support.cpp
[5.387s] -- Up-to-date: /home/vincentspada/unitree_ws/install/control_msgs/include/control_msgs/control_msgs/msg
[5.388s] -- Up-to-date: /home/vincentspada/unitree_ws/install/control_msgs/include/control_msgs/control_msgs/msg/detail
[5.388s] -- Installing: /home/vincentspada/unitree_ws/install/control_msgs/include/control_msgs/control_msgs/msg/detail/admittance_controller_state__type_support.cpp
[5.388s] -- Installing: /home/vincentspada/unitree_ws/install/control_msgs/include/control_msgs/control_msgs/msg/detail/joint_tolerance__type_support.cpp
[5.388s] -- Installing: /home/vincentspada/unitree_ws/install/control_msgs/include/control_msgs/control_msgs/msg/detail/interface_value__rosidl_typesupport_introspection_cpp.hpp
[5.388s] -- Installing: /home/vincentspada/unitree_ws/install/control_msgs/include/control_msgs/control_msgs/msg/detail/pid_state__type_support.cpp
[5.389s] -- Installing: /home/vincentspada/unitree_ws/install/control_msgs/include/control_msgs/control_msgs/msg/detail/gripper_command__rosidl_typesupport_introspection_cpp.hpp
[5.389s] -- Installing: /home/vincentspada/unitree_ws/install/control_msgs/include/control_msgs/control_msgs/msg/detail/steering_controller_status__type_support.cpp
[5.389s] -- Installing: /home/vincentspada/unitree_ws/install/control_msgs/include/control_msgs/control_msgs/msg/detail/joint_controller_state__type_support.cpp
[5.389s] -- Installing: /home/vincentspada/unitree_ws/install/control_msgs/include/control_msgs/control_msgs/msg/detail/joint_tolerance__rosidl_typesupport_introspection_cpp.hpp
[5.389s] -- Installing: /home/vincentspada/unitree_ws/install/control_msgs/include/control_msgs/control_msgs/msg/detail/steering_controller_status__rosidl_typesupport_introspection_cpp.hpp
[5.389s] -- Installing: /home/vincentspada/unitree_ws/install/control_msgs/include/control_msgs/control_msgs/msg/detail/joint_trajectory_controller_state__rosidl_typesupport_introspection_cpp.hpp
[5.389s] -- Installing: /home/vincentspada/unitree_ws/install/control_msgs/include/control_msgs/control_msgs/msg/detail/pid_state__rosidl_typesupport_introspection_cpp.hpp
[5.389s] -- Installing: /home/vincentspada/unitree_ws/install/control_msgs/include/control_msgs/control_msgs/msg/detail/joint_controller_state__rosidl_typesupport_introspection_cpp.hpp
[5.392s] -- Installing: /home/vincentspada/unitree_ws/install/control_msgs/include/control_msgs/control_msgs/msg/detail/joint_jog__type_support.cpp
[5.392s] -- Installing: /home/vincentspada/unitree_ws/install/control_msgs/include/control_msgs/control_msgs/msg/detail/admittance_controller_state__rosidl_typesupport_introspection_cpp.hpp
[5.392s] -- Installing: /home/vincentspada/unitree_ws/install/control_msgs/include/control_msgs/control_msgs/msg/detail/joint_component_tolerance__type_support.cpp
[5.393s] -- Installing: /home/vincentspada/unitree_ws/install/control_msgs/include/control_msgs/control_msgs/msg/detail/gripper_command__type_support.cpp
[5.393s] -- Installing: /home/vincentspada/unitree_ws/install/control_msgs/include/control_msgs/control_msgs/msg/detail/joint_component_tolerance__rosidl_typesupport_introspection_cpp.hpp
[5.393s] -- Installing: /home/vincentspada/unitree_ws/install/control_msgs/include/control_msgs/control_msgs/msg/detail/dynamic_joint_state__type_support.cpp
[5.393s] -- Installing: /home/vincentspada/unitree_ws/install/control_msgs/include/control_msgs/control_msgs/msg/detail/dynamic_joint_state__rosidl_typesupport_introspection_cpp.hpp
[5.393s] -- Installing: /home/vincentspada/unitree_ws/install/control_msgs/include/control_msgs/control_msgs/msg/detail/mecanum_drive_controller_state__rosidl_typesupport_introspection_cpp.hpp
[5.393s] -- Installing: /home/vincentspada/unitree_ws/install/control_msgs/include/control_msgs/control_msgs/msg/detail/mecanum_drive_controller_state__type_support.cpp
[5.393s] -- Installing: /home/vincentspada/unitree_ws/install/control_msgs/include/control_msgs/control_msgs/msg/detail/interface_value__type_support.cpp
[5.393s] -- Installing: /home/vincentspada/unitree_ws/install/control_msgs/include/control_msgs/control_msgs/msg/detail/joint_jog__rosidl_typesupport_introspection_cpp.hpp
[5.394s] -- Installing: /home/vincentspada/unitree_ws/install/control_msgs/include/control_msgs/control_msgs/msg/detail/joint_trajectory_controller_state__type_support.cpp
[5.394s] -- Installing: /home/vincentspada/unitree_ws/install/control_msgs/lib/libcontrol_msgs__rosidl_typesupport_introspection_cpp.so
[5.394s] -- Set runtime path of "/home/vincentspada/unitree_ws/install/control_msgs/lib/libcontrol_msgs__rosidl_typesupport_introspection_cpp.so" to ""
[5.394s] -- Installing: /home/vincentspada/unitree_ws/install/control_msgs/lib/libcontrol_msgs__rosidl_typesupport_cpp.so
[5.394s] -- Set runtime path of "/home/vincentspada/unitree_ws/install/control_msgs/lib/libcontrol_msgs__rosidl_typesupport_cpp.so" to ""
[5.394s] -- Installing: /home/vincentspada/unitree_ws/install/control_msgs/share/control_msgs/environment/pythonpath.sh
[5.394s] -- Installing: /home/vincentspada/unitree_ws/install/control_msgs/share/control_msgs/environment/pythonpath.dsv
[5.394s] -- Installing: /home/vincentspada/unitree_ws/install/control_msgs/local/lib/python3.10/dist-packages/control_msgs-4.4.0-py3.10.egg-info
[5.394s] -- Installing: /home/vincentspada/unitree_ws/install/control_msgs/local/lib/python3.10/dist-packages/control_msgs-4.4.0-py3.10.egg-info/dependency_links.txt
[5.394s] -- Installing: /home/vincentspada/unitree_ws/install/control_msgs/local/lib/python3.10/dist-packages/control_msgs-4.4.0-py3.10.egg-info/PKG-INFO
[5.395s] -- Installing: /home/vincentspada/unitree_ws/install/control_msgs/local/lib/python3.10/dist-packages/control_msgs-4.4.0-py3.10.egg-info/top_level.txt
[5.395s] -- Installing: /home/vincentspada/unitree_ws/install/control_msgs/local/lib/python3.10/dist-packages/control_msgs-4.4.0-py3.10.egg-info/SOURCES.txt
[5.395s] -- Installing: /home/vincentspada/unitree_ws/install/control_msgs/local/lib/python3.10/dist-packages/control_msgs
[5.395s] -- Installing: /home/vincentspada/unitree_ws/install/control_msgs/local/lib/python3.10/dist-packages/control_msgs/control_msgs_s__rosidl_typesupport_introspection_c.cpython-310-x86_64-linux-gnu.so
[5.395s] -- Installing: /home/vincentspada/unitree_ws/install/control_msgs/local/lib/python3.10/dist-packages/control_msgs/libcontrol_msgs__rosidl_generator_py.so
[5.395s] -- Installing: /home/vincentspada/unitree_ws/install/control_msgs/local/lib/python3.10/dist-packages/control_msgs/_control_msgs_s.ep.rosidl_typesupport_introspection_c.c
[5.397s] -- Installing: /home/vincentspada/unitree_ws/install/control_msgs/local/lib/python3.10/dist-packages/control_msgs/action
[5.397s] -- Installing: /home/vincentspada/unitree_ws/install/control_msgs/local/lib/python3.10/dist-packages/control_msgs/action/_gripper_command.py
[5.398s] -- Installing: /home/vincentspada/unitree_ws/install/control_msgs/local/lib/python3.10/dist-packages/control_msgs/action/_joint_trajectory_s.c
[5.398s] -- Installing: /home/vincentspada/unitree_ws/install/control_msgs/local/lib/python3.10/dist-packages/control_msgs/action/_single_joint_position.py
[5.398s] -- Installing: /home/vincentspada/unitree_ws/install/control_msgs/local/lib/python3.10/dist-packages/control_msgs/action/_follow_joint_trajectory_s.c
[5.399s] -- Installing: /home/vincentspada/unitree_ws/install/control_msgs/local/lib/python3.10/dist-packages/control_msgs/action/__init__.py
[5.399s] -- Installing: /home/vincentspada/unitree_ws/install/control_msgs/local/lib/python3.10/dist-packages/control_msgs/action/_gripper_command_s.c
[5.399s] -- Installing: /home/vincentspada/unitree_ws/install/control_msgs/local/lib/python3.10/dist-packages/control_msgs/action/_single_joint_position_s.c
[5.400s] -- Installing: /home/vincentspada/unitree_ws/install/control_msgs/local/lib/python3.10/dist-packages/control_msgs/action/_joint_trajectory.py
[5.400s] -- Installing: /home/vincentspada/unitree_ws/install/control_msgs/local/lib/python3.10/dist-packages/control_msgs/action/_point_head_s.c
[5.400s] -- Installing: /home/vincentspada/unitree_ws/install/control_msgs/local/lib/python3.10/dist-packages/control_msgs/action/_follow_joint_trajectory.py
[5.401s] -- Installing: /home/vincentspada/unitree_ws/install/control_msgs/local/lib/python3.10/dist-packages/control_msgs/action/_point_head.py
[5.401s] -- Installing: /home/vincentspada/unitree_ws/install/control_msgs/local/lib/python3.10/dist-packages/control_msgs/_control_msgs_s.ep.rosidl_typesupport_c.c
[5.403s] -- Installing: /home/vincentspada/unitree_ws/install/control_msgs/local/lib/python3.10/dist-packages/control_msgs/__init__.py
[5.403s] -- Installing: /home/vincentspada/unitree_ws/install/control_msgs/local/lib/python3.10/dist-packages/control_msgs/srv
[5.404s] -- Installing: /home/vincentspada/unitree_ws/install/control_msgs/local/lib/python3.10/dist-packages/control_msgs/srv/_query_trajectory_state.py
[5.405s] -- Installing: /home/vincentspada/unitree_ws/install/control_msgs/local/lib/python3.10/dist-packages/control_msgs/srv/__init__.py
[5.405s] -- Installing: /home/vincentspada/unitree_ws/install/control_msgs/local/lib/python3.10/dist-packages/control_msgs/srv/_query_trajectory_state_s.c
[5.406s] -- Installing: /home/vincentspada/unitree_ws/install/control_msgs/local/lib/python3.10/dist-packages/control_msgs/srv/_query_calibration_state_s.c
[5.406s] -- Installing: /home/vincentspada/unitree_ws/install/control_msgs/local/lib/python3.10/dist-packages/control_msgs/srv/_query_calibration_state.py
[5.407s] -- Installing: /home/vincentspada/unitree_ws/install/control_msgs/local/lib/python3.10/dist-packages/control_msgs/control_msgs_s__rosidl_typesupport_fastrtps_c.cpython-310-x86_64-linux-gnu.so
[5.407s] -- Installing: /home/vincentspada/unitree_ws/install/control_msgs/local/lib/python3.10/dist-packages/control_msgs/msg
[5.408s] -- Installing: /home/vincentspada/unitree_ws/install/control_msgs/local/lib/python3.10/dist-packages/control_msgs/msg/_admittance_controller_state_s.c
[5.408s] -- Installing: /home/vincentspada/unitree_ws/install/control_msgs/local/lib/python3.10/dist-packages/control_msgs/msg/_joint_tolerance.py
[5.408s] -- Installing: /home/vincentspada/unitree_ws/install/control_msgs/local/lib/python3.10/dist-packages/control_msgs/msg/_mecanum_drive_controller_state_s.c
[5.408s] -- Installing: /home/vincentspada/unitree_ws/install/control_msgs/local/lib/python3.10/dist-packages/control_msgs/msg/_admittance_controller_state.py
[5.409s] -- Installing: /home/vincentspada/unitree_ws/install/control_msgs/local/lib/python3.10/dist-packages/control_msgs/msg/_gripper_command.py
[5.409s] -- Installing: /home/vincentspada/unitree_ws/install/control_msgs/local/lib/python3.10/dist-packages/control_msgs/msg/_interface_value.py
[5.409s] -- Installing: /home/vincentspada/unitree_ws/install/control_msgs/local/lib/python3.10/dist-packages/control_msgs/msg/_joint_component_tolerance.py
[5.410s] -- Installing: /home/vincentspada/unitree_ws/install/control_msgs/local/lib/python3.10/dist-packages/control_msgs/msg/_dynamic_joint_state_s.c
[5.410s] -- Installing: /home/vincentspada/unitree_ws/install/control_msgs/local/lib/python3.10/dist-packages/control_msgs/msg/_joint_trajectory_controller_state_s.c
[5.411s] -- Installing: /home/vincentspada/unitree_ws/install/control_msgs/local/lib/python3.10/dist-packages/control_msgs/msg/__init__.py
[5.412s] -- Installing: /home/vincentspada/unitree_ws/install/control_msgs/local/lib/python3.10/dist-packages/control_msgs/msg/_gripper_command_s.c
[5.412s] -- Installing: /home/vincentspada/unitree_ws/install/control_msgs/local/lib/python3.10/dist-packages/control_msgs/msg/_pid_state_s.c
[5.412s] -- Installing: /home/vincentspada/unitree_ws/install/control_msgs/local/lib/python3.10/dist-packages/control_msgs/msg/_interface_value_s.c
[5.412s] -- Installing: /home/vincentspada/unitree_ws/install/control_msgs/local/lib/python3.10/dist-packages/control_msgs/msg/_joint_jog_s.c
[5.413s] -- Installing: /home/vincentspada/unitree_ws/install/control_msgs/local/lib/python3.10/dist-packages/control_msgs/msg/_joint_controller_state.py
[5.413s] -- Installing: /home/vincentspada/unitree_ws/install/control_msgs/local/lib/python3.10/dist-packages/control_msgs/msg/_pid_state.py
[5.413s] -- Installing: /home/vincentspada/unitree_ws/install/control_msgs/local/lib/python3.10/dist-packages/control_msgs/msg/_mecanum_drive_controller_state.py
[5.413s] -- Installing: /home/vincentspada/unitree_ws/install/control_msgs/local/lib/python3.10/dist-packages/control_msgs/msg/_joint_jog.py
[5.413s] -- Installing: /home/vincentspada/unitree_ws/install/control_msgs/local/lib/python3.10/dist-packages/control_msgs/msg/_joint_controller_state_s.c
[5.414s] -- Installing: /home/vincentspada/unitree_ws/install/control_msgs/local/lib/python3.10/dist-packages/control_msgs/msg/_joint_trajectory_controller_state.py
[5.414s] -- Installing: /home/vincentspada/unitree_ws/install/control_msgs/local/lib/python3.10/dist-packages/control_msgs/msg/_dynamic_joint_state.py
[5.414s] -- Installing: /home/vincentspada/unitree_ws/install/control_msgs/local/lib/python3.10/dist-packages/control_msgs/msg/_steering_controller_status_s.c
[5.415s] -- Installing: /home/vincentspada/unitree_ws/install/control_msgs/local/lib/python3.10/dist-packages/control_msgs/msg/_steering_controller_status.py
[5.415s] -- Installing: /home/vincentspada/unitree_ws/install/control_msgs/local/lib/python3.10/dist-packages/control_msgs/msg/_joint_component_tolerance_s.c
[5.415s] -- Installing: /home/vincentspada/unitree_ws/install/control_msgs/local/lib/python3.10/dist-packages/control_msgs/msg/_joint_tolerance_s.c
[5.415s] -- Installing: /home/vincentspada/unitree_ws/install/control_msgs/local/lib/python3.10/dist-packages/control_msgs/control_msgs_s__rosidl_typesupport_c.cpython-310-x86_64-linux-gnu.so
[5.416s] -- Installing: /home/vincentspada/unitree_ws/install/control_msgs/local/lib/python3.10/dist-packages/control_msgs/_control_msgs_s.ep.rosidl_typesupport_fastrtps_c.c
[5.679s] Listing '/home/vincentspada/unitree_ws/install/control_msgs/local/lib/python3.10/dist-packages/control_msgs'...
[5.680s] Compiling '/home/vincentspada/unitree_ws/install/control_msgs/local/lib/python3.10/dist-packages/control_msgs/__init__.py'...
[5.680s] Listing '/home/vincentspada/unitree_ws/install/control_msgs/local/lib/python3.10/dist-packages/control_msgs/action'...
[5.680s] Compiling '/home/vincentspada/unitree_ws/install/control_msgs/local/lib/python3.10/dist-packages/control_msgs/action/__init__.py'...
[5.680s] Compiling '/home/vincentspada/unitree_ws/install/control_msgs/local/lib/python3.10/dist-packages/control_msgs/action/_follow_joint_trajectory.py'...
[5.681s] Compiling '/home/vincentspada/unitree_ws/install/control_msgs/local/lib/python3.10/dist-packages/control_msgs/action/_gripper_command.py'...
[5.681s] Compiling '/home/vincentspada/unitree_ws/install/control_msgs/local/lib/python3.10/dist-packages/control_msgs/action/_joint_trajectory.py'...
[5.681s] Compiling '/home/vincentspada/unitree_ws/install/control_msgs/local/lib/python3.10/dist-packages/control_msgs/action/_point_head.py'...
[5.681s] Compiling '/home/vincentspada/unitree_ws/install/control_msgs/local/lib/python3.10/dist-packages/control_msgs/action/_single_joint_position.py'...
[5.682s] Listing '/home/vincentspada/unitree_ws/install/control_msgs/local/lib/python3.10/dist-packages/control_msgs/msg'...
[5.682s] Compiling '/home/vincentspada/unitree_ws/install/control_msgs/local/lib/python3.10/dist-packages/control_msgs/msg/__init__.py'...
[5.682s] Compiling '/home/vincentspada/unitree_ws/install/control_msgs/local/lib/python3.10/dist-packages/control_msgs/msg/_admittance_controller_state.py'...
[5.682s] Compiling '/home/vincentspada/unitree_ws/install/control_msgs/local/lib/python3.10/dist-packages/control_msgs/msg/_dynamic_joint_state.py'...
[5.682s] Compiling '/home/vincentspada/unitree_ws/install/control_msgs/local/lib/python3.10/dist-packages/control_msgs/msg/_gripper_command.py'...
[5.682s] Compiling '/home/vincentspada/unitree_ws/install/control_msgs/local/lib/python3.10/dist-packages/control_msgs/msg/_interface_value.py'...
[5.683s] Compiling '/home/vincentspada/unitree_ws/install/control_msgs/local/lib/python3.10/dist-packages/control_msgs/msg/_joint_component_tolerance.py'...
[5.683s] Compiling '/home/vincentspada/unitree_ws/install/control_msgs/local/lib/python3.10/dist-packages/control_msgs/msg/_joint_controller_state.py'...
[5.683s] Compiling '/home/vincentspada/unitree_ws/install/control_msgs/local/lib/python3.10/dist-packages/control_msgs/msg/_joint_jog.py'...
[5.683s] Compiling '/home/vincentspada/unitree_ws/install/control_msgs/local/lib/python3.10/dist-packages/control_msgs/msg/_joint_tolerance.py'...
[5.683s] Compiling '/home/vincentspada/unitree_ws/install/control_msgs/local/lib/python3.10/dist-packages/control_msgs/msg/_joint_trajectory_controller_state.py'...
[5.683s] Compiling '/home/vincentspada/unitree_ws/install/control_msgs/local/lib/python3.10/dist-packages/control_msgs/msg/_mecanum_drive_controller_state.py'...
[5.683s] Compiling '/home/vincentspada/unitree_ws/install/control_msgs/local/lib/python3.10/dist-packages/control_msgs/msg/_pid_state.py'...
[5.684s] Compiling '/home/vincentspada/unitree_ws/install/control_msgs/local/lib/python3.10/dist-packages/control_msgs/msg/_steering_controller_status.py'...
[5.684s] Listing '/home/vincentspada/unitree_ws/install/control_msgs/local/lib/python3.10/dist-packages/control_msgs/srv'...
[5.684s] Compiling '/home/vincentspada/unitree_ws/install/control_msgs/local/lib/python3.10/dist-packages/control_msgs/srv/__init__.py'...
[5.684s] Compiling '/home/vincentspada/unitree_ws/install/control_msgs/local/lib/python3.10/dist-packages/control_msgs/srv/_query_calibration_state.py'...
[5.684s] Compiling '/home/vincentspada/unitree_ws/install/control_msgs/local/lib/python3.10/dist-packages/control_msgs/srv/_query_trajectory_state.py'...
[5.694s] -- Installing: /home/vincentspada/unitree_ws/install/control_msgs/local/lib/python3.10/dist-packages/control_msgs/control_msgs_s__rosidl_typesupport_fastrtps_c.cpython-310-x86_64-linux-gnu.so
[5.696s] -- Set runtime path of "/home/vincentspada/unitree_ws/install/control_msgs/local/lib/python3.10/dist-packages/control_msgs/control_msgs_s__rosidl_typesupport_fastrtps_c.cpython-310-x86_64-linux-gnu.so" to ""
[5.698s] -- Installing: /home/vincentspada/unitree_ws/install/control_msgs/local/lib/python3.10/dist-packages/control_msgs/control_msgs_s__rosidl_typesupport_introspection_c.cpython-310-x86_64-linux-gnu.so
[5.701s] -- Set runtime path of "/home/vincentspada/unitree_ws/install/control_msgs/local/lib/python3.10/dist-packages/control_msgs/control_msgs_s__rosidl_typesupport_introspection_c.cpython-310-x86_64-linux-gnu.so" to ""
[5.702s] -- Installing: /home/vincentspada/unitree_ws/install/control_msgs/local/lib/python3.10/dist-packages/control_msgs/control_msgs_s__rosidl_typesupport_c.cpython-310-x86_64-linux-gnu.so
[5.705s] -- Set runtime path of "/home/vincentspada/unitree_ws/install/control_msgs/local/lib/python3.10/dist-packages/control_msgs/control_msgs_s__rosidl_typesupport_c.cpython-310-x86_64-linux-gnu.so" to ""
[5.706s] -- Installing: /home/vincentspada/unitree_ws/install/control_msgs/lib/libcontrol_msgs__rosidl_generator_py.so
[5.709s] -- Set runtime path of "/home/vincentspada/unitree_ws/install/control_msgs/lib/libcontrol_msgs__rosidl_generator_py.so" to ""
[5.709s] -- Installing: /home/vincentspada/unitree_ws/install/control_msgs/share/control_msgs/action/FollowJointTrajectory.idl
[5.711s] -- Installing: /home/vincentspada/unitree_ws/install/control_msgs/share/control_msgs/action/GripperCommand.idl
[5.712s] -- Installing: /home/vincentspada/unitree_ws/install/control_msgs/share/control_msgs/action/JointTrajectory.idl
[5.713s] -- Installing: /home/vincentspada/unitree_ws/install/control_msgs/share/control_msgs/action/PointHead.idl
[5.714s] -- Installing: /home/vincentspada/unitree_ws/install/control_msgs/share/control_msgs/action/SingleJointPosition.idl
[5.715s] -- Installing: /home/vincentspada/unitree_ws/install/control_msgs/share/control_msgs/msg/AdmittanceControllerState.idl
[5.717s] -- Installing: /home/vincentspada/unitree_ws/install/control_msgs/share/control_msgs/msg/DynamicJointState.idl
[5.718s] -- Installing: /home/vincentspada/unitree_ws/install/control_msgs/share/control_msgs/msg/GripperCommand.idl
[5.719s] -- Installing: /home/vincentspada/unitree_ws/install/control_msgs/share/control_msgs/msg/InterfaceValue.idl
[5.720s] -- Installing: /home/vincentspada/unitree_ws/install/control_msgs/share/control_msgs/msg/JointComponentTolerance.idl
[5.721s] -- Installing: /home/vincentspada/unitree_ws/install/control_msgs/share/control_msgs/msg/JointControllerState.idl
[5.722s] -- Installing: /home/vincentspada/unitree_ws/install/control_msgs/share/control_msgs/msg/JointJog.idl
[5.723s] -- Installing: /home/vincentspada/unitree_ws/install/control_msgs/share/control_msgs/msg/JointTolerance.idl
[5.724s] -- Installing: /home/vincentspada/unitree_ws/install/control_msgs/share/control_msgs/msg/JointTrajectoryControllerState.idl
[5.725s] -- Installing: /home/vincentspada/unitree_ws/install/control_msgs/share/control_msgs/msg/MecanumDriveControllerState.idl
[5.726s] -- Installing: /home/vincentspada/unitree_ws/install/control_msgs/share/control_msgs/msg/PidState.idl
[5.727s] -- Installing: /home/vincentspada/unitree_ws/install/control_msgs/share/control_msgs/msg/SteeringControllerStatus.idl
[5.728s] -- Installing: /home/vincentspada/unitree_ws/install/control_msgs/share/control_msgs/srv/QueryCalibrationState.idl
[5.729s] -- Installing: /home/vincentspada/unitree_ws/install/control_msgs/share/control_msgs/srv/QueryTrajectoryState.idl
[5.730s] -- Installing: /home/vincentspada/unitree_ws/install/control_msgs/share/control_msgs/action/FollowJointTrajectory.action
[5.731s] -- Installing: /home/vincentspada/unitree_ws/install/control_msgs/share/control_msgs/action/GripperCommand.action
[5.733s] -- Installing: /home/vincentspada/unitree_ws/install/control_msgs/share/control_msgs/action/JointTrajectory.action
[5.734s] -- Installing: /home/vincentspada/unitree_ws/install/control_msgs/share/control_msgs/action/PointHead.action
[5.735s] -- Installing: /home/vincentspada/unitree_ws/install/control_msgs/share/control_msgs/action/SingleJointPosition.action
[5.736s] -- Installing: /home/vincentspada/unitree_ws/install/control_msgs/share/control_msgs/msg/AdmittanceControllerState.msg
[5.737s] -- Installing: /home/vincentspada/unitree_ws/install/control_msgs/share/control_msgs/msg/DynamicJointState.msg
[5.738s] -- Installing: /home/vincentspada/unitree_ws/install/control_msgs/share/control_msgs/msg/GripperCommand.msg
[5.739s] -- Installing: /home/vincentspada/unitree_ws/install/control_msgs/share/control_msgs/msg/InterfaceValue.msg
[5.740s] -- Installing: /home/vincentspada/unitree_ws/install/control_msgs/share/control_msgs/msg/JointComponentTolerance.msg
[5.741s] -- Installing: /home/vincentspada/unitree_ws/install/control_msgs/share/control_msgs/msg/JointControllerState.msg
[5.742s] -- Installing: /home/vincentspada/unitree_ws/install/control_msgs/share/control_msgs/msg/JointJog.msg
[5.743s] -- Installing: /home/vincentspada/unitree_ws/install/control_msgs/share/control_msgs/msg/JointTolerance.msg
[5.743s] -- Installing: /home/vincentspada/unitree_ws/install/control_msgs/share/control_msgs/msg/JointTrajectoryControllerState.msg
[5.744s] -- Installing: /home/vincentspada/unitree_ws/install/control_msgs/share/control_msgs/msg/MecanumDriveControllerState.msg
[5.745s] -- Installing: /home/vincentspada/unitree_ws/install/control_msgs/share/control_msgs/msg/PidState.msg
[5.745s] -- Installing: /home/vincentspada/unitree_ws/install/control_msgs/share/control_msgs/msg/SteeringControllerStatus.msg
[5.746s] -- Installing: /home/vincentspada/unitree_ws/install/control_msgs/share/control_msgs/srv/QueryCalibrationState.srv
[5.746s] -- Installing: /home/vincentspada/unitree_ws/install/control_msgs/share/control_msgs/srv/QueryCalibrationState_Request.msg
[5.747s] -- Installing: /home/vincentspada/unitree_ws/install/control_msgs/share/control_msgs/srv/QueryCalibrationState_Response.msg
[5.747s] -- Installing: /home/vincentspada/unitree_ws/install/control_msgs/share/control_msgs/srv/QueryTrajectoryState.srv
[5.748s] -- Installing: /home/vincentspada/unitree_ws/install/control_msgs/share/control_msgs/srv/QueryTrajectoryState_Request.msg
[5.748s] -- Installing: /home/vincentspada/unitree_ws/install/control_msgs/share/control_msgs/srv/QueryTrajectoryState_Response.msg
[5.749s] -- Installing: /home/vincentspada/unitree_ws/install/control_msgs/share/ament_index/resource_index/package_run_dependencies/control_msgs
[5.750s] -- Installing: /home/vincentspada/unitree_ws/install/control_msgs/share/ament_index/resource_index/parent_prefix_path/control_msgs
[5.751s] -- Installing: /home/vincentspada/unitree_ws/install/control_msgs/share/control_msgs/environment/ament_prefix_path.sh
[5.752s] -- Installing: /home/vincentspada/unitree_ws/install/control_msgs/share/control_msgs/environment/ament_prefix_path.dsv
[5.753s] -- Installing: /home/vincentspada/unitree_ws/install/control_msgs/share/control_msgs/environment/path.sh
[5.754s] -- Installing: /home/vincentspada/unitree_ws/install/control_msgs/share/control_msgs/environment/path.dsv
[5.755s] -- Installing: /home/vincentspada/unitree_ws/install/control_msgs/share/control_msgs/local_setup.bash
[5.756s] -- Installing: /home/vincentspada/unitree_ws/install/control_msgs/share/control_msgs/local_setup.sh
[5.757s] -- Installing: /home/vincentspada/unitree_ws/install/control_msgs/share/control_msgs/local_setup.zsh
[5.758s] -- Installing: /home/vincentspada/unitree_ws/install/control_msgs/share/control_msgs/local_setup.dsv
[5.759s] -- Installing: /home/vincentspada/unitree_ws/install/control_msgs/share/control_msgs/package.dsv
[5.760s] -- Installing: /home/vincentspada/unitree_ws/install/control_msgs/share/ament_index/resource_index/packages/control_msgs
[5.761s] -- Installing: /home/vincentspada/unitree_ws/install/control_msgs/share/control_msgs/cmake/export_control_msgs__rosidl_generator_cExport.cmake
[5.762s] -- Installing: /home/vincentspada/unitree_ws/install/control_msgs/share/control_msgs/cmake/export_control_msgs__rosidl_generator_cExport-noconfig.cmake
[5.763s] -- Installing: /home/vincentspada/unitree_ws/install/control_msgs/share/control_msgs/cmake/export_control_msgs__rosidl_typesupport_fastrtps_cExport.cmake
[5.764s] -- Installing: /home/vincentspada/unitree_ws/install/control_msgs/share/control_msgs/cmake/export_control_msgs__rosidl_typesupport_fastrtps_cExport-noconfig.cmake
[5.765s] -- Installing: /home/vincentspada/unitree_ws/install/control_msgs/share/control_msgs/cmake/export_control_msgs__rosidl_generator_cppExport.cmake
[5.766s] -- Installing: /home/vincentspada/unitree_ws/install/control_msgs/share/control_msgs/cmake/export_control_msgs__rosidl_typesupport_fastrtps_cppExport.cmake
[5.766s] -- Installing: /home/vincentspada/unitree_ws/install/control_msgs/share/control_msgs/cmake/export_control_msgs__rosidl_typesupport_fastrtps_cppExport-noconfig.cmake
[5.767s] -- Installing: /home/vincentspada/unitree_ws/install/control_msgs/share/control_msgs/cmake/control_msgs__rosidl_typesupport_introspection_cExport.cmake
[5.768s] -- Installing: /home/vincentspada/unitree_ws/install/control_msgs/share/control_msgs/cmake/control_msgs__rosidl_typesupport_introspection_cExport-noconfig.cmake
[5.769s] -- Installing: /home/vincentspada/unitree_ws/install/control_msgs/share/control_msgs/cmake/control_msgs__rosidl_typesupport_cExport.cmake
[5.776s] -- Installing: /home/vincentspada/unitree_ws/install/control_msgs/share/control_msgs/cmake/control_msgs__rosidl_typesupport_cExport-noconfig.cmake
[5.776s] -- Installing: /home/vincentspada/unitree_ws/install/control_msgs/share/control_msgs/cmake/control_msgs__rosidl_typesupport_introspection_cppExport.cmake
[5.776s] -- Installing: /home/vincentspada/unitree_ws/install/control_msgs/share/control_msgs/cmake/control_msgs__rosidl_typesupport_introspection_cppExport-noconfig.cmake
[5.777s] -- Installing: /home/vincentspada/unitree_ws/install/control_msgs/share/control_msgs/cmake/control_msgs__rosidl_typesupport_cppExport.cmake
[5.777s] -- Installing: /home/vincentspada/unitree_ws/install/control_msgs/share/control_msgs/cmake/control_msgs__rosidl_typesupport_cppExport-noconfig.cmake
[5.777s] -- Installing: /home/vincentspada/unitree_ws/install/control_msgs/share/control_msgs/cmake/export_control_msgs__rosidl_generator_pyExport.cmake
[5.777s] -- Installing: /home/vincentspada/unitree_ws/install/control_msgs/share/control_msgs/cmake/export_control_msgs__rosidl_generator_pyExport-noconfig.cmake
[5.778s] -- Installing: /home/vincentspada/unitree_ws/install/control_msgs/share/control_msgs/cmake/rosidl_cmake-extras.cmake
[5.778s] -- Installing: /home/vincentspada/unitree_ws/install/control_msgs/share/control_msgs/cmake/ament_cmake_export_dependencies-extras.cmake
[5.778s] -- Installing: /home/vincentspada/unitree_ws/install/control_msgs/share/control_msgs/cmake/ament_cmake_export_include_directories-extras.cmake
[5.778s] -- Installing: /home/vincentspada/unitree_ws/install/control_msgs/share/control_msgs/cmake/ament_cmake_export_libraries-extras.cmake
[5.778s] -- Installing: /home/vincentspada/unitree_ws/install/control_msgs/share/control_msgs/cmake/ament_cmake_export_targets-extras.cmake
[5.779s] -- Installing: /home/vincentspada/unitree_ws/install/control_msgs/share/control_msgs/cmake/rosidl_cmake_export_typesupport_targets-extras.cmake
[5.780s] -- Installing: /home/vincentspada/unitree_ws/install/control_msgs/share/control_msgs/cmake/rosidl_cmake_export_typesupport_libraries-extras.cmake
[5.781s] -- Installing: /home/vincentspada/unitree_ws/install/control_msgs/share/control_msgs/cmake/control_msgsConfig.cmake
[5.781s] -- Installing: /home/vincentspada/unitree_ws/install/control_msgs/share/control_msgs/cmake/control_msgsConfig-version.cmake
[5.782s] -- Installing: /home/vincentspada/unitree_ws/install/control_msgs/share/control_msgs/package.xml
[5.794s] Invoked command in '/home/vincentspada/unitree_ws/build/control_msgs' returned '0': CMAKE_PREFIX_PATH=/opt/ros/humble:${CMAKE_PREFIX_PATH} /usr/bin/cmake --install /home/vincentspada/unitree_ws/build/control_msgs
