[0.066s] Invoking command in '/home/vincentspada/unitree_ws/build/control_msgs': CMAKE_PREFIX_PATH=/opt/ros/humble:${CMAKE_PREFIX_PATH} /usr/bin/cmake --build /home/vincentspada/unitree_ws/build/control_msgs -- -j4 -l4
[0.456s] [  0%] Built target control_msgs__cpp
[0.490s] [  0%] Built target ament_cmake_python_copy_control_msgs
[0.506s] [ 12%] Built target control_msgs__rosidl_generator_c
[0.723s] [ 24%] Built target control_msgs__rosidl_typesupport_fastrtps_cpp
[0.749s] [ 36%] Built target control_msgs__rosidl_typesupport_cpp
[0.774s] [ 48%] Built target control_msgs__rosidl_typesupport_introspection_cpp
[0.909s] [ 60%] Built target control_msgs__rosidl_typesupport_fastrtps_c
[0.962s] [ 72%] Built target control_msgs__rosidl_typesupport_introspection_c
[0.979s] [ 84%] Built target control_msgs__rosidl_typesupport_c
[1.046s] [ 84%] Built target control_msgs
[1.118s] [ 85%] Built target control_msgs__py
[1.250s] [ 96%] Built target control_msgs__rosidl_generator_py
[1.368s] [ 98%] Built target control_msgs__rosidl_typesupport_introspection_c__pyext
[1.398s] [ 99%] Built target control_msgs__rosidl_typesupport_fastrtps_c__pyext
[1.442s] [100%] Built target control_msgs__rosidl_typesupport_c__pyext
[1.704s] running egg_info
[1.710s] writing control_msgs.egg-info/PKG-INFO
[1.710s] writing dependency_links to control_msgs.egg-info/dependency_links.txt
[1.711s] writing top-level names to control_msgs.egg-info/top_level.txt
[1.714s] reading manifest file 'control_msgs.egg-info/SOURCES.txt'
[1.723s] writing manifest file 'control_msgs.egg-info/SOURCES.txt'
[1.837s] [100%] Built target ament_cmake_python_build_control_msgs_egg
[2.306s] Invoked command in '/home/vincentspada/unitree_ws/build/control_msgs' returned '0': CMAKE_PREFIX_PATH=/opt/ros/humble:${CMAKE_PREFIX_PATH} /usr/bin/cmake --build /home/vincentspada/unitree_ws/build/control_msgs -- -j4 -l4
[4.096s] Invoking command in '/home/vincentspada/unitree_ws/build/control_msgs': CMAKE_PREFIX_PATH=/opt/ros/humble:${CMAKE_PREFIX_PATH} /usr/bin/cmake --install /home/vincentspada/unitree_ws/build/control_msgs
[4.117s] -- Install configuration: ""
[4.117s] -- Up-to-date: /home/vincentspada/unitree_ws/install/control_msgs/share/ament_index/resource_index/rosidl_interfaces/control_msgs
[4.118s] -- Up-to-date: /home/vincentspada/unitree_ws/install/control_msgs/include/control_msgs/control_msgs
[4.119s] -- Up-to-date: /home/vincentspada/unitree_ws/install/control_msgs/include/control_msgs/control_msgs/action
[4.119s] -- Up-to-date: /home/vincentspada/unitree_ws/install/control_msgs/include/control_msgs/control_msgs/action/joint_trajectory.h
[4.130s] -- Up-to-date: /home/vincentspada/unitree_ws/install/control_msgs/include/control_msgs/control_msgs/action/single_joint_position.h
[4.130s] -- Up-to-date: /home/vincentspada/unitree_ws/install/control_msgs/include/control_msgs/control_msgs/action/follow_joint_trajectory.h
[4.131s] -- Up-to-date: /home/vincentspada/unitree_ws/install/control_msgs/include/control_msgs/control_msgs/action/detail
[4.131s] -- Up-to-date: /home/vincentspada/unitree_ws/install/control_msgs/include/control_msgs/control_msgs/action/detail/gripper_command__functions.h
[4.131s] -- Up-to-date: /home/vincentspada/unitree_ws/install/control_msgs/include/control_msgs/control_msgs/action/detail/follow_joint_trajectory__functions.h
[4.131s] -- Up-to-date: /home/vincentspada/unitree_ws/install/control_msgs/include/control_msgs/control_msgs/action/detail/joint_trajectory__type_support.h
[4.131s] -- Up-to-date: /home/vincentspada/unitree_ws/install/control_msgs/include/control_msgs/control_msgs/action/detail/gripper_command__type_support.h
[4.132s] -- Up-to-date: /home/vincentspada/unitree_ws/install/control_msgs/include/control_msgs/control_msgs/action/detail/follow_joint_trajectory__type_support.h
[4.132s] -- Up-to-date: /home/vincentspada/unitree_ws/install/control_msgs/include/control_msgs/control_msgs/action/detail/point_head__struct.h
[4.132s] -- Up-to-date: /home/vincentspada/unitree_ws/install/control_msgs/include/control_msgs/control_msgs/action/detail/joint_trajectory__functions.h
[4.132s] -- Up-to-date: /home/vincentspada/unitree_ws/install/control_msgs/include/control_msgs/control_msgs/action/detail/follow_joint_trajectory__struct.h
[4.132s] -- Up-to-date: /home/vincentspada/unitree_ws/install/control_msgs/include/control_msgs/control_msgs/action/detail/point_head__functions.h
[4.133s] -- Up-to-date: /home/vincentspada/unitree_ws/install/control_msgs/include/control_msgs/control_msgs/action/detail/joint_trajectory__struct.h
[4.133s] -- Up-to-date: /home/vincentspada/unitree_ws/install/control_msgs/include/control_msgs/control_msgs/action/detail/single_joint_position__type_support.h
[4.133s] -- Up-to-date: /home/vincentspada/unitree_ws/install/control_msgs/include/control_msgs/control_msgs/action/detail/single_joint_position__functions.h
[4.133s] -- Up-to-date: /home/vincentspada/unitree_ws/install/control_msgs/include/control_msgs/control_msgs/action/detail/point_head__type_support.h
[4.133s] -- Up-to-date: /home/vincentspada/unitree_ws/install/control_msgs/include/control_msgs/control_msgs/action/detail/gripper_command__struct.h
[4.134s] -- Up-to-date: /home/vincentspada/unitree_ws/install/control_msgs/include/control_msgs/control_msgs/action/detail/point_head__functions.c
[4.136s] -- Up-to-date: /home/vincentspada/unitree_ws/install/control_msgs/include/control_msgs/control_msgs/action/detail/follow_joint_trajectory__functions.c
[4.136s] -- Up-to-date: /home/vincentspada/unitree_ws/install/control_msgs/include/control_msgs/control_msgs/action/detail/gripper_command__functions.c
[4.137s] -- Up-to-date: /home/vincentspada/unitree_ws/install/control_msgs/include/control_msgs/control_msgs/action/detail/single_joint_position__struct.h
[4.139s] -- Up-to-date: /home/vincentspada/unitree_ws/install/control_msgs/include/control_msgs/control_msgs/action/detail/single_joint_position__functions.c
[4.140s] -- Up-to-date: /home/vincentspada/unitree_ws/install/control_msgs/include/control_msgs/control_msgs/action/detail/joint_trajectory__functions.c
[4.140s] -- Up-to-date: /home/vincentspada/unitree_ws/install/control_msgs/include/control_msgs/control_msgs/action/gripper_command.h
[4.140s] -- Up-to-date: /home/vincentspada/unitree_ws/install/control_msgs/include/control_msgs/control_msgs/action/point_head.h
[4.140s] -- Up-to-date: /home/vincentspada/unitree_ws/install/control_msgs/include/control_msgs/control_msgs/srv
[4.146s] -- Up-to-date: /home/vincentspada/unitree_ws/install/control_msgs/include/control_msgs/control_msgs/srv/query_calibration_state.h
[4.147s] -- Up-to-date: /home/vincentspada/unitree_ws/install/control_msgs/include/control_msgs/control_msgs/srv/query_trajectory_state.h
[4.147s] -- Up-to-date: /home/vincentspada/unitree_ws/install/control_msgs/include/control_msgs/control_msgs/srv/detail
[4.148s] -- Up-to-date: /home/vincentspada/unitree_ws/install/control_msgs/include/control_msgs/control_msgs/srv/detail/query_calibration_state__struct.h
[4.148s] -- Up-to-date: /home/vincentspada/unitree_ws/install/control_msgs/include/control_msgs/control_msgs/srv/detail/query_calibration_state__functions.c
[4.148s] -- Up-to-date: /home/vincentspada/unitree_ws/install/control_msgs/include/control_msgs/control_msgs/srv/detail/query_trajectory_state__struct.h
[4.148s] -- Up-to-date: /home/vincentspada/unitree_ws/install/control_msgs/include/control_msgs/control_msgs/srv/detail/query_calibration_state__type_support.h
[4.148s] -- Up-to-date: /home/vincentspada/unitree_ws/install/control_msgs/include/control_msgs/control_msgs/srv/detail/query_trajectory_state__functions.c
[4.149s] -- Up-to-date: /home/vincentspada/unitree_ws/install/control_msgs/include/control_msgs/control_msgs/srv/detail/query_trajectory_state__type_support.h
[4.149s] -- Up-to-date: /home/vincentspada/unitree_ws/install/control_msgs/include/control_msgs/control_msgs/srv/detail/query_calibration_state__functions.h
[4.149s] -- Up-to-date: /home/vincentspada/unitree_ws/install/control_msgs/include/control_msgs/control_msgs/srv/detail/query_trajectory_state__functions.h
[4.149s] -- Up-to-date: /home/vincentspada/unitree_ws/install/control_msgs/include/control_msgs/control_msgs/msg
[4.150s] -- Up-to-date: /home/vincentspada/unitree_ws/install/control_msgs/include/control_msgs/control_msgs/msg/joint_trajectory_controller_state.h
[4.150s] -- Up-to-date: /home/vincentspada/unitree_ws/install/control_msgs/include/control_msgs/control_msgs/msg/joint_tolerance.h
[4.151s] -- Up-to-date: /home/vincentspada/unitree_ws/install/control_msgs/include/control_msgs/control_msgs/msg/joint_component_tolerance.h
[4.151s] -- Up-to-date: /home/vincentspada/unitree_ws/install/control_msgs/include/control_msgs/control_msgs/msg/joint_controller_state.h
[4.152s] -- Up-to-date: /home/vincentspada/unitree_ws/install/control_msgs/include/control_msgs/control_msgs/msg/rosidl_generator_c__visibility_control.h
[4.152s] -- Up-to-date: /home/vincentspada/unitree_ws/install/control_msgs/include/control_msgs/control_msgs/msg/dynamic_joint_state.h
[4.152s] -- Up-to-date: /home/vincentspada/unitree_ws/install/control_msgs/include/control_msgs/control_msgs/msg/admittance_controller_state.h
[4.153s] -- Up-to-date: /home/vincentspada/unitree_ws/install/control_msgs/include/control_msgs/control_msgs/msg/joint_jog.h
[4.153s] -- Up-to-date: /home/vincentspada/unitree_ws/install/control_msgs/include/control_msgs/control_msgs/msg/mecanum_drive_controller_state.h
[4.154s] -- Up-to-date: /home/vincentspada/unitree_ws/install/control_msgs/include/control_msgs/control_msgs/msg/pid_state.h
[4.154s] -- Up-to-date: /home/vincentspada/unitree_ws/install/control_msgs/include/control_msgs/control_msgs/msg/detail
[4.154s] -- Up-to-date: /home/vincentspada/unitree_ws/install/control_msgs/include/control_msgs/control_msgs/msg/detail/dynamic_joint_state__functions.c
[4.155s] -- Up-to-date: /home/vincentspada/unitree_ws/install/control_msgs/include/control_msgs/control_msgs/msg/detail/joint_tolerance__functions.c
[4.155s] -- Up-to-date: /home/vincentspada/unitree_ws/install/control_msgs/include/control_msgs/control_msgs/msg/detail/joint_controller_state__struct.h
[4.156s] -- Up-to-date: /home/vincentspada/unitree_ws/install/control_msgs/include/control_msgs/control_msgs/msg/detail/gripper_command__functions.h
[4.156s] -- Up-to-date: /home/vincentspada/unitree_ws/install/control_msgs/include/control_msgs/control_msgs/msg/detail/steering_controller_status__functions.c
[4.156s] -- Up-to-date: /home/vincentspada/unitree_ws/install/control_msgs/include/control_msgs/control_msgs/msg/detail/interface_value__type_support.h
[4.156s] -- Up-to-date: /home/vincentspada/unitree_ws/install/control_msgs/include/control_msgs/control_msgs/msg/detail/admittance_controller_state__type_support.h
[4.156s] -- Up-to-date: /home/vincentspada/unitree_ws/install/control_msgs/include/control_msgs/control_msgs/msg/detail/joint_component_tolerance__functions.c
[4.157s] -- Up-to-date: /home/vincentspada/unitree_ws/install/control_msgs/include/control_msgs/control_msgs/msg/detail/joint_controller_state__functions.c
[4.157s] -- Up-to-date: /home/vincentspada/unitree_ws/install/control_msgs/include/control_msgs/control_msgs/msg/detail/joint_tolerance__struct.h
[4.157s] -- Up-to-date: /home/vincentspada/unitree_ws/install/control_msgs/include/control_msgs/control_msgs/msg/detail/gripper_command__type_support.h
[4.158s] -- Up-to-date: /home/vincentspada/unitree_ws/install/control_msgs/include/control_msgs/control_msgs/msg/detail/steering_controller_status__functions.h
[4.164s] -- Up-to-date: /home/vincentspada/unitree_ws/install/control_msgs/include/control_msgs/control_msgs/msg/detail/dynamic_joint_state__functions.h
[4.164s] -- Up-to-date: /home/vincentspada/unitree_ws/install/control_msgs/include/control_msgs/control_msgs/msg/detail/joint_jog__struct.h
[4.164s] -- Up-to-date: /home/vincentspada/unitree_ws/install/control_msgs/include/control_msgs/control_msgs/msg/detail/admittance_controller_state__struct.h
[4.165s] -- Up-to-date: /home/vincentspada/unitree_ws/install/control_msgs/include/control_msgs/control_msgs/msg/detail/mecanum_drive_controller_state__struct.h
[4.165s] -- Up-to-date: /home/vincentspada/unitree_ws/install/control_msgs/include/control_msgs/control_msgs/msg/detail/joint_controller_state__functions.h
[4.165s] -- Up-to-date: /home/vincentspada/unitree_ws/install/control_msgs/include/control_msgs/control_msgs/msg/detail/joint_tolerance__functions.h
[4.165s] -- Up-to-date: /home/vincentspada/unitree_ws/install/control_msgs/include/control_msgs/control_msgs/msg/detail/interface_value__functions.h
[4.165s] -- Up-to-date: /home/vincentspada/unitree_ws/install/control_msgs/include/control_msgs/control_msgs/msg/detail/interface_value__struct.h
[4.166s] -- Up-to-date: /home/vincentspada/unitree_ws/install/control_msgs/include/control_msgs/control_msgs/msg/detail/joint_controller_state__type_support.h
[4.166s] -- Up-to-date: /home/vincentspada/unitree_ws/install/control_msgs/include/control_msgs/control_msgs/msg/detail/steering_controller_status__type_support.h
[4.166s] -- Up-to-date: /home/vincentspada/unitree_ws/install/control_msgs/include/control_msgs/control_msgs/msg/detail/pid_state__type_support.h
[4.166s] -- Up-to-date: /home/vincentspada/unitree_ws/install/control_msgs/include/control_msgs/control_msgs/msg/detail/mecanum_drive_controller_state__functions.h
[4.166s] -- Up-to-date: /home/vincentspada/unitree_ws/install/control_msgs/include/control_msgs/control_msgs/msg/detail/admittance_controller_state__functions.c
[4.167s] -- Up-to-date: /home/vincentspada/unitree_ws/install/control_msgs/include/control_msgs/control_msgs/msg/detail/dynamic_joint_state__struct.h
[4.167s] -- Up-to-date: /home/vincentspada/unitree_ws/install/control_msgs/include/control_msgs/control_msgs/msg/detail/joint_tolerance__type_support.h
[4.167s] -- Up-to-date: /home/vincentspada/unitree_ws/install/control_msgs/include/control_msgs/control_msgs/msg/detail/mecanum_drive_controller_state__functions.c
[4.167s] -- Up-to-date: /home/vincentspada/unitree_ws/install/control_msgs/include/control_msgs/control_msgs/msg/detail/joint_jog__functions.h
[4.167s] -- Up-to-date: /home/vincentspada/unitree_ws/install/control_msgs/include/control_msgs/control_msgs/msg/detail/steering_controller_status__struct.h
[4.168s] -- Up-to-date: /home/vincentspada/unitree_ws/install/control_msgs/include/control_msgs/control_msgs/msg/detail/admittance_controller_state__functions.h
[4.168s] -- Up-to-date: /home/vincentspada/unitree_ws/install/control_msgs/include/control_msgs/control_msgs/msg/detail/mecanum_drive_controller_state__type_support.h
[4.168s] -- Up-to-date: /home/vincentspada/unitree_ws/install/control_msgs/include/control_msgs/control_msgs/msg/detail/interface_value__functions.c
[4.168s] -- Up-to-date: /home/vincentspada/unitree_ws/install/control_msgs/include/control_msgs/control_msgs/msg/detail/pid_state__struct.h
[4.168s] -- Up-to-date: /home/vincentspada/unitree_ws/install/control_msgs/include/control_msgs/control_msgs/msg/detail/gripper_command__struct.h
[4.168s] -- Up-to-date: /home/vincentspada/unitree_ws/install/control_msgs/include/control_msgs/control_msgs/msg/detail/joint_trajectory_controller_state__functions.c
[4.169s] -- Up-to-date: /home/vincentspada/unitree_ws/install/control_msgs/include/control_msgs/control_msgs/msg/detail/joint_component_tolerance__struct.h
[4.169s] -- Up-to-date: /home/vincentspada/unitree_ws/install/control_msgs/include/control_msgs/control_msgs/msg/detail/joint_trajectory_controller_state__struct.h
[4.169s] -- Up-to-date: /home/vincentspada/unitree_ws/install/control_msgs/include/control_msgs/control_msgs/msg/detail/joint_jog__type_support.h
[4.169s] -- Up-to-date: /home/vincentspada/unitree_ws/install/control_msgs/include/control_msgs/control_msgs/msg/detail/pid_state__functions.h
[4.169s] -- Up-to-date: /home/vincentspada/unitree_ws/install/control_msgs/include/control_msgs/control_msgs/msg/detail/dynamic_joint_state__type_support.h
[4.170s] -- Up-to-date: /home/vincentspada/unitree_ws/install/control_msgs/include/control_msgs/control_msgs/msg/detail/joint_jog__functions.c
[4.170s] -- Up-to-date: /home/vincentspada/unitree_ws/install/control_msgs/include/control_msgs/control_msgs/msg/detail/pid_state__functions.c
[4.170s] -- Up-to-date: /home/vincentspada/unitree_ws/install/control_msgs/include/control_msgs/control_msgs/msg/detail/joint_trajectory_controller_state__functions.h
[4.170s] -- Up-to-date: /home/vincentspada/unitree_ws/install/control_msgs/include/control_msgs/control_msgs/msg/detail/joint_trajectory_controller_state__type_support.h
[4.170s] -- Up-to-date: /home/vincentspada/unitree_ws/install/control_msgs/include/control_msgs/control_msgs/msg/detail/joint_component_tolerance__type_support.h
[4.171s] -- Up-to-date: /home/vincentspada/unitree_ws/install/control_msgs/include/control_msgs/control_msgs/msg/detail/gripper_command__functions.c
[4.171s] -- Up-to-date: /home/vincentspada/unitree_ws/install/control_msgs/include/control_msgs/control_msgs/msg/detail/joint_component_tolerance__functions.h
[4.171s] -- Up-to-date: /home/vincentspada/unitree_ws/install/control_msgs/include/control_msgs/control_msgs/msg/gripper_command.h
[4.171s] -- Up-to-date: /home/vincentspada/unitree_ws/install/control_msgs/include/control_msgs/control_msgs/msg/interface_value.h
[4.171s] -- Up-to-date: /home/vincentspada/unitree_ws/install/control_msgs/include/control_msgs/control_msgs/msg/steering_controller_status.h
[4.178s] -- Up-to-date: /home/vincentspada/unitree_ws/install/control_msgs/share/control_msgs/environment/library_path.sh
[4.178s] -- Up-to-date: /home/vincentspada/unitree_ws/install/control_msgs/share/control_msgs/environment/library_path.dsv
[4.178s] -- Up-to-date: /home/vincentspada/unitree_ws/install/control_msgs/lib/libcontrol_msgs__rosidl_generator_c.so
[4.179s] -- Up-to-date: /home/vincentspada/unitree_ws/install/control_msgs/include/control_msgs/control_msgs
[4.179s] -- Up-to-date: /home/vincentspada/unitree_ws/install/control_msgs/include/control_msgs/control_msgs/action
[4.179s] -- Up-to-date: /home/vincentspada/unitree_ws/install/control_msgs/include/control_msgs/control_msgs/action/detail
[4.180s] -- Up-to-date: /home/vincentspada/unitree_ws/install/control_msgs/include/control_msgs/control_msgs/action/detail/follow_joint_trajectory__rosidl_typesupport_fastrtps_c.h
[4.180s] -- Up-to-date: /home/vincentspada/unitree_ws/install/control_msgs/include/control_msgs/control_msgs/action/detail/joint_trajectory__rosidl_typesupport_fastrtps_c.h
[4.180s] -- Up-to-date: /home/vincentspada/unitree_ws/install/control_msgs/include/control_msgs/control_msgs/action/detail/point_head__rosidl_typesupport_fastrtps_c.h
[4.180s] -- Up-to-date: /home/vincentspada/unitree_ws/install/control_msgs/include/control_msgs/control_msgs/action/detail/single_joint_position__rosidl_typesupport_fastrtps_c.h
[4.180s] -- Up-to-date: /home/vincentspada/unitree_ws/install/control_msgs/include/control_msgs/control_msgs/action/detail/gripper_command__rosidl_typesupport_fastrtps_c.h
[4.181s] -- Up-to-date: /home/vincentspada/unitree_ws/install/control_msgs/include/control_msgs/control_msgs/srv
[4.181s] -- Up-to-date: /home/vincentspada/unitree_ws/install/control_msgs/include/control_msgs/control_msgs/srv/detail
[4.181s] -- Up-to-date: /home/vincentspada/unitree_ws/install/control_msgs/include/control_msgs/control_msgs/srv/detail/query_trajectory_state__rosidl_typesupport_fastrtps_c.h
[4.182s] -- Up-to-date: /home/vincentspada/unitree_ws/install/control_msgs/include/control_msgs/control_msgs/srv/detail/query_calibration_state__rosidl_typesupport_fastrtps_c.h
[4.183s] -- Up-to-date: /home/vincentspada/unitree_ws/install/control_msgs/include/control_msgs/control_msgs/msg
[4.189s] -- Up-to-date: /home/vincentspada/unitree_ws/install/control_msgs/include/control_msgs/control_msgs/msg/detail
[4.189s] -- Up-to-date: /home/vincentspada/unitree_ws/install/control_msgs/include/control_msgs/control_msgs/msg/detail/joint_tolerance__rosidl_typesupport_fastrtps_c.h
[4.189s] -- Up-to-date: /home/vincentspada/unitree_ws/install/control_msgs/include/control_msgs/control_msgs/msg/detail/joint_jog__rosidl_typesupport_fastrtps_c.h
[4.190s] -- Up-to-date: /home/vincentspada/unitree_ws/install/control_msgs/include/control_msgs/control_msgs/msg/detail/pid_state__rosidl_typesupport_fastrtps_c.h
[4.190s] -- Up-to-date: /home/vincentspada/unitree_ws/install/control_msgs/include/control_msgs/control_msgs/msg/detail/joint_trajectory_controller_state__rosidl_typesupport_fastrtps_c.h
[4.190s] -- Up-to-date: /home/vincentspada/unitree_ws/install/control_msgs/include/control_msgs/control_msgs/msg/detail/steering_controller_status__rosidl_typesupport_fastrtps_c.h
[4.190s] -- Up-to-date: /home/vincentspada/unitree_ws/install/control_msgs/include/control_msgs/control_msgs/msg/detail/interface_value__rosidl_typesupport_fastrtps_c.h
[4.190s] -- Up-to-date: /home/vincentspada/unitree_ws/install/control_msgs/include/control_msgs/control_msgs/msg/detail/mecanum_drive_controller_state__rosidl_typesupport_fastrtps_c.h
[4.191s] -- Up-to-date: /home/vincentspada/unitree_ws/install/control_msgs/include/control_msgs/control_msgs/msg/detail/admittance_controller_state__rosidl_typesupport_fastrtps_c.h
[4.191s] -- Up-to-date: /home/vincentspada/unitree_ws/install/control_msgs/include/control_msgs/control_msgs/msg/detail/dynamic_joint_state__rosidl_typesupport_fastrtps_c.h
[4.191s] -- Up-to-date: /home/vincentspada/unitree_ws/install/control_msgs/include/control_msgs/control_msgs/msg/detail/joint_controller_state__rosidl_typesupport_fastrtps_c.h
[4.191s] -- Up-to-date: /home/vincentspada/unitree_ws/install/control_msgs/include/control_msgs/control_msgs/msg/detail/gripper_command__rosidl_typesupport_fastrtps_c.h
[4.192s] -- Up-to-date: /home/vincentspada/unitree_ws/install/control_msgs/include/control_msgs/control_msgs/msg/detail/joint_component_tolerance__rosidl_typesupport_fastrtps_c.h
[4.192s] -- Up-to-date: /home/vincentspada/unitree_ws/install/control_msgs/include/control_msgs/control_msgs/msg/rosidl_typesupport_fastrtps_c__visibility_control.h
[4.192s] -- Up-to-date: /home/vincentspada/unitree_ws/install/control_msgs/lib/libcontrol_msgs__rosidl_typesupport_fastrtps_c.so
[4.192s] -- Up-to-date: /home/vincentspada/unitree_ws/install/control_msgs/include/control_msgs/control_msgs
[4.192s] -- Up-to-date: /home/vincentspada/unitree_ws/install/control_msgs/include/control_msgs/control_msgs/action
[4.193s] -- Up-to-date: /home/vincentspada/unitree_ws/install/control_msgs/include/control_msgs/control_msgs/action/point_head.hpp
[4.193s] -- Up-to-date: /home/vincentspada/unitree_ws/install/control_msgs/include/control_msgs/control_msgs/action/joint_trajectory.hpp
[4.193s] -- Up-to-date: /home/vincentspada/unitree_ws/install/control_msgs/include/control_msgs/control_msgs/action/follow_joint_trajectory.hpp
[4.194s] -- Up-to-date: /home/vincentspada/unitree_ws/install/control_msgs/include/control_msgs/control_msgs/action/gripper_command.hpp
[4.194s] -- Up-to-date: /home/vincentspada/unitree_ws/install/control_msgs/include/control_msgs/control_msgs/action/single_joint_position.hpp
[4.194s] -- Up-to-date: /home/vincentspada/unitree_ws/install/control_msgs/include/control_msgs/control_msgs/action/detail
[4.194s] -- Up-to-date: /home/vincentspada/unitree_ws/install/control_msgs/include/control_msgs/control_msgs/action/detail/single_joint_position__builder.hpp
[4.194s] -- Up-to-date: /home/vincentspada/unitree_ws/install/control_msgs/include/control_msgs/control_msgs/action/detail/point_head__builder.hpp
[4.195s] -- Up-to-date: /home/vincentspada/unitree_ws/install/control_msgs/include/control_msgs/control_msgs/action/detail/point_head__traits.hpp
[4.195s] -- Up-to-date: /home/vincentspada/unitree_ws/install/control_msgs/include/control_msgs/control_msgs/action/detail/joint_trajectory__traits.hpp
[4.199s] -- Up-to-date: /home/vincentspada/unitree_ws/install/control_msgs/include/control_msgs/control_msgs/action/detail/joint_trajectory__struct.hpp
[4.199s] -- Up-to-date: /home/vincentspada/unitree_ws/install/control_msgs/include/control_msgs/control_msgs/action/detail/point_head__struct.hpp
[4.199s] -- Up-to-date: /home/vincentspada/unitree_ws/install/control_msgs/include/control_msgs/control_msgs/action/detail/follow_joint_trajectory__builder.hpp
[4.199s] -- Up-to-date: /home/vincentspada/unitree_ws/install/control_msgs/include/control_msgs/control_msgs/action/detail/gripper_command__struct.hpp
[4.200s] -- Up-to-date: /home/vincentspada/unitree_ws/install/control_msgs/include/control_msgs/control_msgs/action/detail/single_joint_position__struct.hpp
[4.200s] -- Up-to-date: /home/vincentspada/unitree_ws/install/control_msgs/include/control_msgs/control_msgs/action/detail/gripper_command__traits.hpp
[4.200s] -- Up-to-date: /home/vincentspada/unitree_ws/install/control_msgs/include/control_msgs/control_msgs/action/detail/single_joint_position__traits.hpp
[4.201s] -- Up-to-date: /home/vincentspada/unitree_ws/install/control_msgs/include/control_msgs/control_msgs/action/detail/follow_joint_trajectory__traits.hpp
[4.201s] -- Up-to-date: /home/vincentspada/unitree_ws/install/control_msgs/include/control_msgs/control_msgs/action/detail/gripper_command__builder.hpp
[4.201s] -- Up-to-date: /home/vincentspada/unitree_ws/install/control_msgs/include/control_msgs/control_msgs/action/detail/joint_trajectory__builder.hpp
[4.201s] -- Up-to-date: /home/vincentspada/unitree_ws/install/control_msgs/include/control_msgs/control_msgs/action/detail/follow_joint_trajectory__struct.hpp
[4.201s] -- Up-to-date: /home/vincentspada/unitree_ws/install/control_msgs/include/control_msgs/control_msgs/srv
[4.201s] -- Up-to-date: /home/vincentspada/unitree_ws/install/control_msgs/include/control_msgs/control_msgs/srv/detail
[4.202s] -- Up-to-date: /home/vincentspada/unitree_ws/install/control_msgs/include/control_msgs/control_msgs/srv/detail/query_calibration_state__builder.hpp
[4.205s] -- Up-to-date: /home/vincentspada/unitree_ws/install/control_msgs/include/control_msgs/control_msgs/srv/detail/query_calibration_state__struct.hpp
[4.205s] -- Up-to-date: /home/vincentspada/unitree_ws/install/control_msgs/include/control_msgs/control_msgs/srv/detail/query_calibration_state__traits.hpp
[4.205s] -- Up-to-date: /home/vincentspada/unitree_ws/install/control_msgs/include/control_msgs/control_msgs/srv/detail/query_trajectory_state__traits.hpp
[4.206s] -- Up-to-date: /home/vincentspada/unitree_ws/install/control_msgs/include/control_msgs/control_msgs/srv/detail/query_trajectory_state__struct.hpp
[4.206s] -- Up-to-date: /home/vincentspada/unitree_ws/install/control_msgs/include/control_msgs/control_msgs/srv/detail/query_trajectory_state__builder.hpp
[4.206s] -- Up-to-date: /home/vincentspada/unitree_ws/install/control_msgs/include/control_msgs/control_msgs/srv/query_trajectory_state.hpp
[4.206s] -- Up-to-date: /home/vincentspada/unitree_ws/install/control_msgs/include/control_msgs/control_msgs/srv/query_calibration_state.hpp
[4.206s] -- Up-to-date: /home/vincentspada/unitree_ws/install/control_msgs/include/control_msgs/control_msgs/msg
[4.207s] -- Up-to-date: /home/vincentspada/unitree_ws/install/control_msgs/include/control_msgs/control_msgs/msg/interface_value.hpp
[4.207s] -- Up-to-date: /home/vincentspada/unitree_ws/install/control_msgs/include/control_msgs/control_msgs/msg/pid_state.hpp
[4.207s] -- Up-to-date: /home/vincentspada/unitree_ws/install/control_msgs/include/control_msgs/control_msgs/msg/gripper_command.hpp
[4.207s] -- Up-to-date: /home/vincentspada/unitree_ws/install/control_msgs/include/control_msgs/control_msgs/msg/joint_tolerance.hpp
[4.207s] -- Up-to-date: /home/vincentspada/unitree_ws/install/control_msgs/include/control_msgs/control_msgs/msg/joint_trajectory_controller_state.hpp
[4.207s] -- Up-to-date: /home/vincentspada/unitree_ws/install/control_msgs/include/control_msgs/control_msgs/msg/joint_component_tolerance.hpp
[4.208s] -- Up-to-date: /home/vincentspada/unitree_ws/install/control_msgs/include/control_msgs/control_msgs/msg/steering_controller_status.hpp
[4.208s] -- Up-to-date: /home/vincentspada/unitree_ws/install/control_msgs/include/control_msgs/control_msgs/msg/dynamic_joint_state.hpp
[4.208s] -- Up-to-date: /home/vincentspada/unitree_ws/install/control_msgs/include/control_msgs/control_msgs/msg/mecanum_drive_controller_state.hpp
[4.208s] -- Up-to-date: /home/vincentspada/unitree_ws/install/control_msgs/include/control_msgs/control_msgs/msg/joint_controller_state.hpp
[4.208s] -- Up-to-date: /home/vincentspada/unitree_ws/install/control_msgs/include/control_msgs/control_msgs/msg/detail
[4.208s] -- Up-to-date: /home/vincentspada/unitree_ws/install/control_msgs/include/control_msgs/control_msgs/msg/detail/dynamic_joint_state__struct.hpp
[4.209s] -- Up-to-date: /home/vincentspada/unitree_ws/install/control_msgs/include/control_msgs/control_msgs/msg/detail/mecanum_drive_controller_state__struct.hpp
[4.209s] -- Up-to-date: /home/vincentspada/unitree_ws/install/control_msgs/include/control_msgs/control_msgs/msg/detail/mecanum_drive_controller_state__traits.hpp
[4.209s] -- Up-to-date: /home/vincentspada/unitree_ws/install/control_msgs/include/control_msgs/control_msgs/msg/detail/interface_value__builder.hpp
[4.209s] -- Up-to-date: /home/vincentspada/unitree_ws/install/control_msgs/include/control_msgs/control_msgs/msg/detail/steering_controller_status__struct.hpp
[4.209s] -- Up-to-date: /home/vincentspada/unitree_ws/install/control_msgs/include/control_msgs/control_msgs/msg/detail/steering_controller_status__traits.hpp
[4.209s] -- Up-to-date: /home/vincentspada/unitree_ws/install/control_msgs/include/control_msgs/control_msgs/msg/detail/joint_jog__traits.hpp
[4.210s] -- Up-to-date: /home/vincentspada/unitree_ws/install/control_msgs/include/control_msgs/control_msgs/msg/detail/joint_controller_state__struct.hpp
[4.210s] -- Up-to-date: /home/vincentspada/unitree_ws/install/control_msgs/include/control_msgs/control_msgs/msg/detail/joint_tolerance__builder.hpp
[4.210s] -- Up-to-date: /home/vincentspada/unitree_ws/install/control_msgs/include/control_msgs/control_msgs/msg/detail/mecanum_drive_controller_state__builder.hpp
[4.210s] -- Up-to-date: /home/vincentspada/unitree_ws/install/control_msgs/include/control_msgs/control_msgs/msg/detail/joint_component_tolerance__traits.hpp
[4.210s] -- Up-to-date: /home/vincentspada/unitree_ws/install/control_msgs/include/control_msgs/control_msgs/msg/detail/admittance_controller_state__struct.hpp
[4.211s] -- Up-to-date: /home/vincentspada/unitree_ws/install/control_msgs/include/control_msgs/control_msgs/msg/detail/interface_value__traits.hpp
[4.211s] -- Up-to-date: /home/vincentspada/unitree_ws/install/control_msgs/include/control_msgs/control_msgs/msg/detail/joint_trajectory_controller_state__builder.hpp
[4.211s] -- Up-to-date: /home/vincentspada/unitree_ws/install/control_msgs/include/control_msgs/control_msgs/msg/detail/pid_state__builder.hpp
[4.211s] -- Up-to-date: /home/vincentspada/unitree_ws/install/control_msgs/include/control_msgs/control_msgs/msg/detail/gripper_command__struct.hpp
[4.211s] -- Up-to-date: /home/vincentspada/unitree_ws/install/control_msgs/include/control_msgs/control_msgs/msg/detail/joint_jog__struct.hpp
[4.211s] -- Up-to-date: /home/vincentspada/unitree_ws/install/control_msgs/include/control_msgs/control_msgs/msg/detail/joint_trajectory_controller_state__traits.hpp
[4.212s] -- Up-to-date: /home/vincentspada/unitree_ws/install/control_msgs/include/control_msgs/control_msgs/msg/detail/joint_controller_state__builder.hpp
[4.212s] -- Up-to-date: /home/vincentspada/unitree_ws/install/control_msgs/include/control_msgs/control_msgs/msg/detail/gripper_command__traits.hpp
[4.212s] -- Up-to-date: /home/vincentspada/unitree_ws/install/control_msgs/include/control_msgs/control_msgs/msg/detail/joint_controller_state__traits.hpp
[4.212s] -- Up-to-date: /home/vincentspada/unitree_ws/install/control_msgs/include/control_msgs/control_msgs/msg/detail/dynamic_joint_state__traits.hpp
[4.212s] -- Up-to-date: /home/vincentspada/unitree_ws/install/control_msgs/include/control_msgs/control_msgs/msg/detail/joint_tolerance__struct.hpp
[4.212s] -- Up-to-date: /home/vincentspada/unitree_ws/install/control_msgs/include/control_msgs/control_msgs/msg/detail/joint_component_tolerance__builder.hpp
[4.213s] -- Up-to-date: /home/vincentspada/unitree_ws/install/control_msgs/include/control_msgs/control_msgs/msg/detail/dynamic_joint_state__builder.hpp
[4.213s] -- Up-to-date: /home/vincentspada/unitree_ws/install/control_msgs/include/control_msgs/control_msgs/msg/detail/gripper_command__builder.hpp
[4.213s] -- Up-to-date: /home/vincentspada/unitree_ws/install/control_msgs/include/control_msgs/control_msgs/msg/detail/pid_state__traits.hpp
[4.213s] -- Up-to-date: /home/vincentspada/unitree_ws/install/control_msgs/include/control_msgs/control_msgs/msg/detail/admittance_controller_state__builder.hpp
[4.213s] -- Up-to-date: /home/vincentspada/unitree_ws/install/control_msgs/include/control_msgs/control_msgs/msg/detail/joint_jog__builder.hpp
[4.213s] -- Up-to-date: /home/vincentspada/unitree_ws/install/control_msgs/include/control_msgs/control_msgs/msg/detail/interface_value__struct.hpp
[4.214s] -- Up-to-date: /home/vincentspada/unitree_ws/install/control_msgs/include/control_msgs/control_msgs/msg/detail/steering_controller_status__builder.hpp
[4.214s] -- Up-to-date: /home/vincentspada/unitree_ws/install/control_msgs/include/control_msgs/control_msgs/msg/detail/joint_trajectory_controller_state__struct.hpp
[4.214s] -- Up-to-date: /home/vincentspada/unitree_ws/install/control_msgs/include/control_msgs/control_msgs/msg/detail/joint_component_tolerance__struct.hpp
[4.214s] -- Up-to-date: /home/vincentspada/unitree_ws/install/control_msgs/include/control_msgs/control_msgs/msg/detail/admittance_controller_state__traits.hpp
[4.214s] -- Up-to-date: /home/vincentspada/unitree_ws/install/control_msgs/include/control_msgs/control_msgs/msg/detail/joint_tolerance__traits.hpp
[4.214s] -- Up-to-date: /home/vincentspada/unitree_ws/install/control_msgs/include/control_msgs/control_msgs/msg/detail/pid_state__struct.hpp
[4.215s] -- Up-to-date: /home/vincentspada/unitree_ws/install/control_msgs/include/control_msgs/control_msgs/msg/admittance_controller_state.hpp
[4.215s] -- Up-to-date: /home/vincentspada/unitree_ws/install/control_msgs/include/control_msgs/control_msgs/msg/joint_jog.hpp
[4.215s] -- Up-to-date: /home/vincentspada/unitree_ws/install/control_msgs/include/control_msgs/control_msgs
[4.215s] -- Up-to-date: /home/vincentspada/unitree_ws/install/control_msgs/include/control_msgs/control_msgs/action
[4.215s] -- Up-to-date: /home/vincentspada/unitree_ws/install/control_msgs/include/control_msgs/control_msgs/action/detail
[4.215s] -- Up-to-date: /home/vincentspada/unitree_ws/install/control_msgs/include/control_msgs/control_msgs/action/detail/joint_trajectory__rosidl_typesupport_fastrtps_cpp.hpp
[4.216s] -- Up-to-date: /home/vincentspada/unitree_ws/install/control_msgs/include/control_msgs/control_msgs/action/detail/follow_joint_trajectory__rosidl_typesupport_fastrtps_cpp.hpp
[4.216s] -- Up-to-date: /home/vincentspada/unitree_ws/install/control_msgs/include/control_msgs/control_msgs/action/detail/gripper_command__rosidl_typesupport_fastrtps_cpp.hpp
[4.216s] -- Up-to-date: /home/vincentspada/unitree_ws/install/control_msgs/include/control_msgs/control_msgs/action/detail/point_head__rosidl_typesupport_fastrtps_cpp.hpp
[4.216s] -- Up-to-date: /home/vincentspada/unitree_ws/install/control_msgs/include/control_msgs/control_msgs/action/detail/single_joint_position__rosidl_typesupport_fastrtps_cpp.hpp
[4.216s] -- Up-to-date: /home/vincentspada/unitree_ws/install/control_msgs/include/control_msgs/control_msgs/action/detail/dds_fastrtps
[4.216s] -- Up-to-date: /home/vincentspada/unitree_ws/install/control_msgs/include/control_msgs/control_msgs/srv
[4.217s] -- Up-to-date: /home/vincentspada/unitree_ws/install/control_msgs/include/control_msgs/control_msgs/srv/detail
[4.217s] -- Up-to-date: /home/vincentspada/unitree_ws/install/control_msgs/include/control_msgs/control_msgs/srv/detail/query_calibration_state__rosidl_typesupport_fastrtps_cpp.hpp
[4.217s] -- Up-to-date: /home/vincentspada/unitree_ws/install/control_msgs/include/control_msgs/control_msgs/srv/detail/dds_fastrtps
[4.217s] -- Up-to-date: /home/vincentspada/unitree_ws/install/control_msgs/include/control_msgs/control_msgs/srv/detail/query_trajectory_state__rosidl_typesupport_fastrtps_cpp.hpp
[4.217s] -- Up-to-date: /home/vincentspada/unitree_ws/install/control_msgs/include/control_msgs/control_msgs/msg
[4.218s] -- Up-to-date: /home/vincentspada/unitree_ws/install/control_msgs/include/control_msgs/control_msgs/msg/detail
[4.218s] -- Up-to-date: /home/vincentspada/unitree_ws/install/control_msgs/include/control_msgs/control_msgs/msg/detail/interface_value__rosidl_typesupport_fastrtps_cpp.hpp
[4.228s] -- Up-to-date: /home/vincentspada/unitree_ws/install/control_msgs/include/control_msgs/control_msgs/msg/detail/pid_state__rosidl_typesupport_fastrtps_cpp.hpp
[4.228s] -- Up-to-date: /home/vincentspada/unitree_ws/install/control_msgs/include/control_msgs/control_msgs/msg/detail/mecanum_drive_controller_state__rosidl_typesupport_fastrtps_cpp.hpp
[4.228s] -- Up-to-date: /home/vincentspada/unitree_ws/install/control_msgs/include/control_msgs/control_msgs/msg/detail/gripper_command__rosidl_typesupport_fastrtps_cpp.hpp
[4.229s] -- Up-to-date: /home/vincentspada/unitree_ws/install/control_msgs/include/control_msgs/control_msgs/msg/detail/joint_controller_state__rosidl_typesupport_fastrtps_cpp.hpp
[4.229s] -- Up-to-date: /home/vincentspada/unitree_ws/install/control_msgs/include/control_msgs/control_msgs/msg/detail/joint_tolerance__rosidl_typesupport_fastrtps_cpp.hpp
[4.229s] -- Up-to-date: /home/vincentspada/unitree_ws/install/control_msgs/include/control_msgs/control_msgs/msg/detail/dds_fastrtps
[4.229s] -- Up-to-date: /home/vincentspada/unitree_ws/install/control_msgs/include/control_msgs/control_msgs/msg/detail/joint_component_tolerance__rosidl_typesupport_fastrtps_cpp.hpp
[4.229s] -- Up-to-date: /home/vincentspada/unitree_ws/install/control_msgs/include/control_msgs/control_msgs/msg/detail/steering_controller_status__rosidl_typesupport_fastrtps_cpp.hpp
[4.230s] -- Up-to-date: /home/vincentspada/unitree_ws/install/control_msgs/include/control_msgs/control_msgs/msg/detail/admittance_controller_state__rosidl_typesupport_fastrtps_cpp.hpp
[4.230s] -- Up-to-date: /home/vincentspada/unitree_ws/install/control_msgs/include/control_msgs/control_msgs/msg/detail/dynamic_joint_state__rosidl_typesupport_fastrtps_cpp.hpp
[4.230s] -- Up-to-date: /home/vincentspada/unitree_ws/install/control_msgs/include/control_msgs/control_msgs/msg/detail/joint_trajectory_controller_state__rosidl_typesupport_fastrtps_cpp.hpp
[4.230s] -- Up-to-date: /home/vincentspada/unitree_ws/install/control_msgs/include/control_msgs/control_msgs/msg/detail/joint_jog__rosidl_typesupport_fastrtps_cpp.hpp
[4.230s] -- Up-to-date: /home/vincentspada/unitree_ws/install/control_msgs/include/control_msgs/control_msgs/msg/rosidl_typesupport_fastrtps_cpp__visibility_control.h
[4.231s] -- Up-to-date: /home/vincentspada/unitree_ws/install/control_msgs/lib/libcontrol_msgs__rosidl_typesupport_fastrtps_cpp.so
[4.231s] -- Up-to-date: /home/vincentspada/unitree_ws/install/control_msgs/include/control_msgs/control_msgs
[4.231s] -- Up-to-date: /home/vincentspada/unitree_ws/install/control_msgs/include/control_msgs/control_msgs/action
[4.231s] -- Up-to-date: /home/vincentspada/unitree_ws/install/control_msgs/include/control_msgs/control_msgs/action/detail
[4.231s] -- Up-to-date: /home/vincentspada/unitree_ws/install/control_msgs/include/control_msgs/control_msgs/action/detail/point_head__rosidl_typesupport_introspection_c.h
[4.232s] -- Up-to-date: /home/vincentspada/unitree_ws/install/control_msgs/include/control_msgs/control_msgs/action/detail/single_joint_position__type_support.c
[4.232s] -- Up-to-date: /home/vincentspada/unitree_ws/install/control_msgs/include/control_msgs/control_msgs/action/detail/joint_trajectory__type_support.c
[4.232s] -- Up-to-date: /home/vincentspada/unitree_ws/install/control_msgs/include/control_msgs/control_msgs/action/detail/single_joint_position__rosidl_typesupport_introspection_c.h
[4.232s] -- Up-to-date: /home/vincentspada/unitree_ws/install/control_msgs/include/control_msgs/control_msgs/action/detail/follow_joint_trajectory__type_support.c
[4.232s] -- Up-to-date: /home/vincentspada/unitree_ws/install/control_msgs/include/control_msgs/control_msgs/action/detail/gripper_command__rosidl_typesupport_introspection_c.h
[4.232s] -- Up-to-date: /home/vincentspada/unitree_ws/install/control_msgs/include/control_msgs/control_msgs/action/detail/joint_trajectory__rosidl_typesupport_introspection_c.h
[4.233s] -- Up-to-date: /home/vincentspada/unitree_ws/install/control_msgs/include/control_msgs/control_msgs/action/detail/gripper_command__type_support.c
[4.233s] -- Up-to-date: /home/vincentspada/unitree_ws/install/control_msgs/include/control_msgs/control_msgs/action/detail/point_head__type_support.c
[4.233s] -- Up-to-date: /home/vincentspada/unitree_ws/install/control_msgs/include/control_msgs/control_msgs/action/detail/follow_joint_trajectory__rosidl_typesupport_introspection_c.h
[4.233s] -- Up-to-date: /home/vincentspada/unitree_ws/install/control_msgs/include/control_msgs/control_msgs/srv
[4.233s] -- Up-to-date: /home/vincentspada/unitree_ws/install/control_msgs/include/control_msgs/control_msgs/srv/detail
[4.234s] -- Up-to-date: /home/vincentspada/unitree_ws/install/control_msgs/include/control_msgs/control_msgs/srv/detail/query_calibration_state__rosidl_typesupport_introspection_c.h
[4.234s] -- Up-to-date: /home/vincentspada/unitree_ws/install/control_msgs/include/control_msgs/control_msgs/srv/detail/query_calibration_state__type_support.c
[4.234s] -- Up-to-date: /home/vincentspada/unitree_ws/install/control_msgs/include/control_msgs/control_msgs/srv/detail/query_trajectory_state__rosidl_typesupport_introspection_c.h
[4.234s] -- Up-to-date: /home/vincentspada/unitree_ws/install/control_msgs/include/control_msgs/control_msgs/srv/detail/query_trajectory_state__type_support.c
[4.234s] -- Up-to-date: /home/vincentspada/unitree_ws/install/control_msgs/include/control_msgs/control_msgs/msg
[4.234s] -- Up-to-date: /home/vincentspada/unitree_ws/install/control_msgs/include/control_msgs/control_msgs/msg/rosidl_typesupport_introspection_c__visibility_control.h
[4.235s] -- Up-to-date: /home/vincentspada/unitree_ws/install/control_msgs/include/control_msgs/control_msgs/msg/detail
[4.235s] -- Up-to-date: /home/vincentspada/unitree_ws/install/control_msgs/include/control_msgs/control_msgs/msg/detail/steering_controller_status__rosidl_typesupport_introspection_c.h
[4.235s] -- Up-to-date: /home/vincentspada/unitree_ws/install/control_msgs/include/control_msgs/control_msgs/msg/detail/steering_controller_status__type_support.c
[4.235s] -- Up-to-date: /home/vincentspada/unitree_ws/install/control_msgs/include/control_msgs/control_msgs/msg/detail/joint_jog__rosidl_typesupport_introspection_c.h
[4.235s] -- Up-to-date: /home/vincentspada/unitree_ws/install/control_msgs/include/control_msgs/control_msgs/msg/detail/admittance_controller_state__type_support.c
[4.235s] -- Up-to-date: /home/vincentspada/unitree_ws/install/control_msgs/include/control_msgs/control_msgs/msg/detail/joint_trajectory_controller_state__rosidl_typesupport_introspection_c.h
[4.236s] -- Up-to-date: /home/vincentspada/unitree_ws/install/control_msgs/include/control_msgs/control_msgs/msg/detail/mecanum_drive_controller_state__type_support.c
[4.236s] -- Up-to-date: /home/vincentspada/unitree_ws/install/control_msgs/include/control_msgs/control_msgs/msg/detail/joint_tolerance__type_support.c
[4.236s] -- Up-to-date: /home/vincentspada/unitree_ws/install/control_msgs/include/control_msgs/control_msgs/msg/detail/dynamic_joint_state__rosidl_typesupport_introspection_c.h
[4.236s] -- Up-to-date: /home/vincentspada/unitree_ws/install/control_msgs/include/control_msgs/control_msgs/msg/detail/gripper_command__rosidl_typesupport_introspection_c.h
[4.236s] -- Up-to-date: /home/vincentspada/unitree_ws/install/control_msgs/include/control_msgs/control_msgs/msg/detail/pid_state__type_support.c
[4.236s] -- Up-to-date: /home/vincentspada/unitree_ws/install/control_msgs/include/control_msgs/control_msgs/msg/detail/joint_component_tolerance__rosidl_typesupport_introspection_c.h
[4.237s] -- Up-to-date: /home/vincentspada/unitree_ws/install/control_msgs/include/control_msgs/control_msgs/msg/detail/joint_component_tolerance__type_support.c
[4.237s] -- Up-to-date: /home/vincentspada/unitree_ws/install/control_msgs/include/control_msgs/control_msgs/msg/detail/interface_value__rosidl_typesupport_introspection_c.h
[4.237s] -- Up-to-date: /home/vincentspada/unitree_ws/install/control_msgs/include/control_msgs/control_msgs/msg/detail/joint_controller_state__rosidl_typesupport_introspection_c.h
[4.237s] -- Up-to-date: /home/vincentspada/unitree_ws/install/control_msgs/include/control_msgs/control_msgs/msg/detail/mecanum_drive_controller_state__rosidl_typesupport_introspection_c.h
[4.237s] -- Up-to-date: /home/vincentspada/unitree_ws/install/control_msgs/include/control_msgs/control_msgs/msg/detail/joint_trajectory_controller_state__type_support.c
[4.237s] -- Up-to-date: /home/vincentspada/unitree_ws/install/control_msgs/include/control_msgs/control_msgs/msg/detail/gripper_command__type_support.c
[4.237s] -- Up-to-date: /home/vincentspada/unitree_ws/install/control_msgs/include/control_msgs/control_msgs/msg/detail/interface_value__type_support.c
[4.238s] -- Up-to-date: /home/vincentspada/unitree_ws/install/control_msgs/include/control_msgs/control_msgs/msg/detail/admittance_controller_state__rosidl_typesupport_introspection_c.h
[4.238s] -- Up-to-date: /home/vincentspada/unitree_ws/install/control_msgs/include/control_msgs/control_msgs/msg/detail/pid_state__rosidl_typesupport_introspection_c.h
[4.240s] -- Up-to-date: /home/vincentspada/unitree_ws/install/control_msgs/include/control_msgs/control_msgs/msg/detail/joint_controller_state__type_support.c
[4.240s] -- Up-to-date: /home/vincentspada/unitree_ws/install/control_msgs/include/control_msgs/control_msgs/msg/detail/joint_tolerance__rosidl_typesupport_introspection_c.h
[4.240s] -- Up-to-date: /home/vincentspada/unitree_ws/install/control_msgs/include/control_msgs/control_msgs/msg/detail/joint_jog__type_support.c
[4.240s] -- Up-to-date: /home/vincentspada/unitree_ws/install/control_msgs/include/control_msgs/control_msgs/msg/detail/dynamic_joint_state__type_support.c
[4.241s] -- Up-to-date: /home/vincentspada/unitree_ws/install/control_msgs/lib/libcontrol_msgs__rosidl_typesupport_introspection_c.so
[4.241s] -- Up-to-date: /home/vincentspada/unitree_ws/install/control_msgs/lib/libcontrol_msgs__rosidl_typesupport_c.so
[4.241s] -- Up-to-date: /home/vincentspada/unitree_ws/install/control_msgs/include/control_msgs/control_msgs
[4.241s] -- Up-to-date: /home/vincentspada/unitree_ws/install/control_msgs/include/control_msgs/control_msgs/action
[4.241s] -- Up-to-date: /home/vincentspada/unitree_ws/install/control_msgs/include/control_msgs/control_msgs/action/detail
[4.241s] -- Up-to-date: /home/vincentspada/unitree_ws/install/control_msgs/include/control_msgs/control_msgs/action/detail/single_joint_position__rosidl_typesupport_introspection_cpp.hpp
[4.242s] -- Up-to-date: /home/vincentspada/unitree_ws/install/control_msgs/include/control_msgs/control_msgs/action/detail/point_head__type_support.cpp
[4.242s] -- Up-to-date: /home/vincentspada/unitree_ws/install/control_msgs/include/control_msgs/control_msgs/action/detail/gripper_command__rosidl_typesupport_introspection_cpp.hpp
[4.242s] -- Up-to-date: /home/vincentspada/unitree_ws/install/control_msgs/include/control_msgs/control_msgs/action/detail/single_joint_position__type_support.cpp
[4.242s] -- Up-to-date: /home/vincentspada/unitree_ws/install/control_msgs/include/control_msgs/control_msgs/action/detail/gripper_command__type_support.cpp
[4.242s] -- Up-to-date: /home/vincentspada/unitree_ws/install/control_msgs/include/control_msgs/control_msgs/action/detail/follow_joint_trajectory__type_support.cpp
[4.242s] -- Up-to-date: /home/vincentspada/unitree_ws/install/control_msgs/include/control_msgs/control_msgs/action/detail/follow_joint_trajectory__rosidl_typesupport_introspection_cpp.hpp
[4.243s] -- Up-to-date: /home/vincentspada/unitree_ws/install/control_msgs/include/control_msgs/control_msgs/action/detail/joint_trajectory__type_support.cpp
[4.243s] -- Up-to-date: /home/vincentspada/unitree_ws/install/control_msgs/include/control_msgs/control_msgs/action/detail/joint_trajectory__rosidl_typesupport_introspection_cpp.hpp
[4.243s] -- Up-to-date: /home/vincentspada/unitree_ws/install/control_msgs/include/control_msgs/control_msgs/action/detail/point_head__rosidl_typesupport_introspection_cpp.hpp
[4.243s] -- Up-to-date: /home/vincentspada/unitree_ws/install/control_msgs/include/control_msgs/control_msgs/srv
[4.243s] -- Up-to-date: /home/vincentspada/unitree_ws/install/control_msgs/include/control_msgs/control_msgs/srv/detail
[4.243s] -- Up-to-date: /home/vincentspada/unitree_ws/install/control_msgs/include/control_msgs/control_msgs/srv/detail/query_calibration_state__type_support.cpp
[4.244s] -- Up-to-date: /home/vincentspada/unitree_ws/install/control_msgs/include/control_msgs/control_msgs/srv/detail/query_calibration_state__rosidl_typesupport_introspection_cpp.hpp
[4.244s] -- Up-to-date: /home/vincentspada/unitree_ws/install/control_msgs/include/control_msgs/control_msgs/srv/detail/query_trajectory_state__rosidl_typesupport_introspection_cpp.hpp
[4.244s] -- Up-to-date: /home/vincentspada/unitree_ws/install/control_msgs/include/control_msgs/control_msgs/srv/detail/query_trajectory_state__type_support.cpp
[4.244s] -- Up-to-date: /home/vincentspada/unitree_ws/install/control_msgs/include/control_msgs/control_msgs/msg
[4.244s] -- Up-to-date: /home/vincentspada/unitree_ws/install/control_msgs/include/control_msgs/control_msgs/msg/detail
[4.244s] -- Up-to-date: /home/vincentspada/unitree_ws/install/control_msgs/include/control_msgs/control_msgs/msg/detail/admittance_controller_state__type_support.cpp
[4.245s] -- Up-to-date: /home/vincentspada/unitree_ws/install/control_msgs/include/control_msgs/control_msgs/msg/detail/joint_tolerance__type_support.cpp
[4.245s] -- Up-to-date: /home/vincentspada/unitree_ws/install/control_msgs/include/control_msgs/control_msgs/msg/detail/interface_value__rosidl_typesupport_introspection_cpp.hpp
[4.245s] -- Up-to-date: /home/vincentspada/unitree_ws/install/control_msgs/include/control_msgs/control_msgs/msg/detail/pid_state__type_support.cpp
[4.245s] -- Up-to-date: /home/vincentspada/unitree_ws/install/control_msgs/include/control_msgs/control_msgs/msg/detail/gripper_command__rosidl_typesupport_introspection_cpp.hpp
[4.245s] -- Up-to-date: /home/vincentspada/unitree_ws/install/control_msgs/include/control_msgs/control_msgs/msg/detail/steering_controller_status__type_support.cpp
[4.245s] -- Up-to-date: /home/vincentspada/unitree_ws/install/control_msgs/include/control_msgs/control_msgs/msg/detail/joint_controller_state__type_support.cpp
[4.246s] -- Up-to-date: /home/vincentspada/unitree_ws/install/control_msgs/include/control_msgs/control_msgs/msg/detail/joint_tolerance__rosidl_typesupport_introspection_cpp.hpp
[4.246s] -- Up-to-date: /home/vincentspada/unitree_ws/install/control_msgs/include/control_msgs/control_msgs/msg/detail/steering_controller_status__rosidl_typesupport_introspection_cpp.hpp
[4.246s] -- Up-to-date: /home/vincentspada/unitree_ws/install/control_msgs/include/control_msgs/control_msgs/msg/detail/joint_trajectory_controller_state__rosidl_typesupport_introspection_cpp.hpp
[4.246s] -- Up-to-date: /home/vincentspada/unitree_ws/install/control_msgs/include/control_msgs/control_msgs/msg/detail/pid_state__rosidl_typesupport_introspection_cpp.hpp
[4.246s] -- Up-to-date: /home/vincentspada/unitree_ws/install/control_msgs/include/control_msgs/control_msgs/msg/detail/joint_controller_state__rosidl_typesupport_introspection_cpp.hpp
[4.247s] -- Up-to-date: /home/vincentspada/unitree_ws/install/control_msgs/include/control_msgs/control_msgs/msg/detail/joint_jog__type_support.cpp
[4.247s] -- Up-to-date: /home/vincentspada/unitree_ws/install/control_msgs/include/control_msgs/control_msgs/msg/detail/admittance_controller_state__rosidl_typesupport_introspection_cpp.hpp
[4.247s] -- Up-to-date: /home/vincentspada/unitree_ws/install/control_msgs/include/control_msgs/control_msgs/msg/detail/joint_component_tolerance__type_support.cpp
[4.247s] -- Up-to-date: /home/vincentspada/unitree_ws/install/control_msgs/include/control_msgs/control_msgs/msg/detail/gripper_command__type_support.cpp
[4.248s] -- Up-to-date: /home/vincentspada/unitree_ws/install/control_msgs/include/control_msgs/control_msgs/msg/detail/joint_component_tolerance__rosidl_typesupport_introspection_cpp.hpp
[4.248s] -- Up-to-date: /home/vincentspada/unitree_ws/install/control_msgs/include/control_msgs/control_msgs/msg/detail/dynamic_joint_state__type_support.cpp
[4.248s] -- Up-to-date: /home/vincentspada/unitree_ws/install/control_msgs/include/control_msgs/control_msgs/msg/detail/dynamic_joint_state__rosidl_typesupport_introspection_cpp.hpp
[4.248s] -- Up-to-date: /home/vincentspada/unitree_ws/install/control_msgs/include/control_msgs/control_msgs/msg/detail/mecanum_drive_controller_state__rosidl_typesupport_introspection_cpp.hpp
[4.248s] -- Up-to-date: /home/vincentspada/unitree_ws/install/control_msgs/include/control_msgs/control_msgs/msg/detail/mecanum_drive_controller_state__type_support.cpp
[4.248s] -- Up-to-date: /home/vincentspada/unitree_ws/install/control_msgs/include/control_msgs/control_msgs/msg/detail/interface_value__type_support.cpp
[4.249s] -- Up-to-date: /home/vincentspada/unitree_ws/install/control_msgs/include/control_msgs/control_msgs/msg/detail/joint_jog__rosidl_typesupport_introspection_cpp.hpp
[4.249s] -- Up-to-date: /home/vincentspada/unitree_ws/install/control_msgs/include/control_msgs/control_msgs/msg/detail/joint_trajectory_controller_state__type_support.cpp
[4.249s] -- Up-to-date: /home/vincentspada/unitree_ws/install/control_msgs/lib/libcontrol_msgs__rosidl_typesupport_introspection_cpp.so
[4.249s] -- Up-to-date: /home/vincentspada/unitree_ws/install/control_msgs/lib/libcontrol_msgs__rosidl_typesupport_cpp.so
[4.249s] -- Up-to-date: /home/vincentspada/unitree_ws/install/control_msgs/share/control_msgs/environment/pythonpath.sh
[4.249s] -- Up-to-date: /home/vincentspada/unitree_ws/install/control_msgs/share/control_msgs/environment/pythonpath.dsv
[4.250s] -- Up-to-date: /home/vincentspada/unitree_ws/install/control_msgs/local/lib/python3.10/dist-packages/control_msgs-4.4.0-py3.10.egg-info
[4.250s] -- Installing: /home/vincentspada/unitree_ws/install/control_msgs/local/lib/python3.10/dist-packages/control_msgs-4.4.0-py3.10.egg-info/dependency_links.txt
[4.250s] -- Installing: /home/vincentspada/unitree_ws/install/control_msgs/local/lib/python3.10/dist-packages/control_msgs-4.4.0-py3.10.egg-info/PKG-INFO
[4.250s] -- Installing: /home/vincentspada/unitree_ws/install/control_msgs/local/lib/python3.10/dist-packages/control_msgs-4.4.0-py3.10.egg-info/top_level.txt
[4.250s] -- Installing: /home/vincentspada/unitree_ws/install/control_msgs/local/lib/python3.10/dist-packages/control_msgs-4.4.0-py3.10.egg-info/SOURCES.txt
[4.250s] -- Up-to-date: /home/vincentspada/unitree_ws/install/control_msgs/local/lib/python3.10/dist-packages/control_msgs
[4.251s] -- Up-to-date: /home/vincentspada/unitree_ws/install/control_msgs/local/lib/python3.10/dist-packages/control_msgs/control_msgs_s__rosidl_typesupport_introspection_c.cpython-310-x86_64-linux-gnu.so
[4.251s] -- Up-to-date: /home/vincentspada/unitree_ws/install/control_msgs/local/lib/python3.10/dist-packages/control_msgs/libcontrol_msgs__rosidl_generator_py.so
[4.251s] -- Up-to-date: /home/vincentspada/unitree_ws/install/control_msgs/local/lib/python3.10/dist-packages/control_msgs/_control_msgs_s.ep.rosidl_typesupport_introspection_c.c
[4.251s] -- Up-to-date: /home/vincentspada/unitree_ws/install/control_msgs/local/lib/python3.10/dist-packages/control_msgs/action
[4.251s] -- Up-to-date: /home/vincentspada/unitree_ws/install/control_msgs/local/lib/python3.10/dist-packages/control_msgs/action/_gripper_command.py
[4.251s] -- Up-to-date: /home/vincentspada/unitree_ws/install/control_msgs/local/lib/python3.10/dist-packages/control_msgs/action/_joint_trajectory_s.c
[4.251s] -- Up-to-date: /home/vincentspada/unitree_ws/install/control_msgs/local/lib/python3.10/dist-packages/control_msgs/action/_single_joint_position.py
[4.252s] -- Up-to-date: /home/vincentspada/unitree_ws/install/control_msgs/local/lib/python3.10/dist-packages/control_msgs/action/_follow_joint_trajectory_s.c
[4.252s] -- Up-to-date: /home/vincentspada/unitree_ws/install/control_msgs/local/lib/python3.10/dist-packages/control_msgs/action/__init__.py
[4.252s] -- Up-to-date: /home/vincentspada/unitree_ws/install/control_msgs/local/lib/python3.10/dist-packages/control_msgs/action/_gripper_command_s.c
[4.252s] -- Up-to-date: /home/vincentspada/unitree_ws/install/control_msgs/local/lib/python3.10/dist-packages/control_msgs/action/_single_joint_position_s.c
[4.252s] -- Up-to-date: /home/vincentspada/unitree_ws/install/control_msgs/local/lib/python3.10/dist-packages/control_msgs/action/_joint_trajectory.py
[4.252s] -- Up-to-date: /home/vincentspada/unitree_ws/install/control_msgs/local/lib/python3.10/dist-packages/control_msgs/action/_point_head_s.c
[4.253s] -- Up-to-date: /home/vincentspada/unitree_ws/install/control_msgs/local/lib/python3.10/dist-packages/control_msgs/action/_follow_joint_trajectory.py
[4.253s] -- Up-to-date: /home/vincentspada/unitree_ws/install/control_msgs/local/lib/python3.10/dist-packages/control_msgs/action/_point_head.py
[4.253s] -- Up-to-date: /home/vincentspada/unitree_ws/install/control_msgs/local/lib/python3.10/dist-packages/control_msgs/_control_msgs_s.ep.rosidl_typesupport_c.c
[4.253s] -- Up-to-date: /home/vincentspada/unitree_ws/install/control_msgs/local/lib/python3.10/dist-packages/control_msgs/__init__.py
[4.253s] -- Up-to-date: /home/vincentspada/unitree_ws/install/control_msgs/local/lib/python3.10/dist-packages/control_msgs/srv
[4.253s] -- Up-to-date: /home/vincentspada/unitree_ws/install/control_msgs/local/lib/python3.10/dist-packages/control_msgs/srv/_query_trajectory_state.py
[4.254s] -- Up-to-date: /home/vincentspada/unitree_ws/install/control_msgs/local/lib/python3.10/dist-packages/control_msgs/srv/__init__.py
[4.254s] -- Up-to-date: /home/vincentspada/unitree_ws/install/control_msgs/local/lib/python3.10/dist-packages/control_msgs/srv/_query_trajectory_state_s.c
[4.254s] -- Up-to-date: /home/vincentspada/unitree_ws/install/control_msgs/local/lib/python3.10/dist-packages/control_msgs/srv/_query_calibration_state_s.c
[4.254s] -- Up-to-date: /home/vincentspada/unitree_ws/install/control_msgs/local/lib/python3.10/dist-packages/control_msgs/srv/_query_calibration_state.py
[4.254s] -- Up-to-date: /home/vincentspada/unitree_ws/install/control_msgs/local/lib/python3.10/dist-packages/control_msgs/control_msgs_s__rosidl_typesupport_fastrtps_c.cpython-310-x86_64-linux-gnu.so
[4.254s] -- Up-to-date: /home/vincentspada/unitree_ws/install/control_msgs/local/lib/python3.10/dist-packages/control_msgs/msg
[4.255s] -- Up-to-date: /home/vincentspada/unitree_ws/install/control_msgs/local/lib/python3.10/dist-packages/control_msgs/msg/_admittance_controller_state_s.c
[4.255s] -- Up-to-date: /home/vincentspada/unitree_ws/install/control_msgs/local/lib/python3.10/dist-packages/control_msgs/msg/_joint_tolerance.py
[4.255s] -- Up-to-date: /home/vincentspada/unitree_ws/install/control_msgs/local/lib/python3.10/dist-packages/control_msgs/msg/_mecanum_drive_controller_state_s.c
[4.256s] -- Up-to-date: /home/vincentspada/unitree_ws/install/control_msgs/local/lib/python3.10/dist-packages/control_msgs/msg/_admittance_controller_state.py
[4.256s] -- Up-to-date: /home/vincentspada/unitree_ws/install/control_msgs/local/lib/python3.10/dist-packages/control_msgs/msg/_gripper_command.py
[4.256s] -- Up-to-date: /home/vincentspada/unitree_ws/install/control_msgs/local/lib/python3.10/dist-packages/control_msgs/msg/_interface_value.py
[4.256s] -- Up-to-date: /home/vincentspada/unitree_ws/install/control_msgs/local/lib/python3.10/dist-packages/control_msgs/msg/_joint_component_tolerance.py
[4.256s] -- Up-to-date: /home/vincentspada/unitree_ws/install/control_msgs/local/lib/python3.10/dist-packages/control_msgs/msg/_dynamic_joint_state_s.c
[4.256s] -- Up-to-date: /home/vincentspada/unitree_ws/install/control_msgs/local/lib/python3.10/dist-packages/control_msgs/msg/_joint_trajectory_controller_state_s.c
[4.257s] -- Up-to-date: /home/vincentspada/unitree_ws/install/control_msgs/local/lib/python3.10/dist-packages/control_msgs/msg/__init__.py
[4.257s] -- Up-to-date: /home/vincentspada/unitree_ws/install/control_msgs/local/lib/python3.10/dist-packages/control_msgs/msg/_gripper_command_s.c
[4.257s] -- Up-to-date: /home/vincentspada/unitree_ws/install/control_msgs/local/lib/python3.10/dist-packages/control_msgs/msg/_pid_state_s.c
[4.257s] -- Up-to-date: /home/vincentspada/unitree_ws/install/control_msgs/local/lib/python3.10/dist-packages/control_msgs/msg/_interface_value_s.c
[4.257s] -- Up-to-date: /home/vincentspada/unitree_ws/install/control_msgs/local/lib/python3.10/dist-packages/control_msgs/msg/_joint_jog_s.c
[4.258s] -- Up-to-date: /home/vincentspada/unitree_ws/install/control_msgs/local/lib/python3.10/dist-packages/control_msgs/msg/_joint_controller_state.py
[4.258s] -- Up-to-date: /home/vincentspada/unitree_ws/install/control_msgs/local/lib/python3.10/dist-packages/control_msgs/msg/_pid_state.py
[4.258s] -- Up-to-date: /home/vincentspada/unitree_ws/install/control_msgs/local/lib/python3.10/dist-packages/control_msgs/msg/_mecanum_drive_controller_state.py
[4.258s] -- Up-to-date: /home/vincentspada/unitree_ws/install/control_msgs/local/lib/python3.10/dist-packages/control_msgs/msg/_joint_jog.py
[4.258s] -- Up-to-date: /home/vincentspada/unitree_ws/install/control_msgs/local/lib/python3.10/dist-packages/control_msgs/msg/_joint_controller_state_s.c
[4.258s] -- Up-to-date: /home/vincentspada/unitree_ws/install/control_msgs/local/lib/python3.10/dist-packages/control_msgs/msg/_joint_trajectory_controller_state.py
[4.259s] -- Up-to-date: /home/vincentspada/unitree_ws/install/control_msgs/local/lib/python3.10/dist-packages/control_msgs/msg/_dynamic_joint_state.py
[4.259s] -- Up-to-date: /home/vincentspada/unitree_ws/install/control_msgs/local/lib/python3.10/dist-packages/control_msgs/msg/_steering_controller_status_s.c
[4.259s] -- Up-to-date: /home/vincentspada/unitree_ws/install/control_msgs/local/lib/python3.10/dist-packages/control_msgs/msg/_steering_controller_status.py
[4.259s] -- Up-to-date: /home/vincentspada/unitree_ws/install/control_msgs/local/lib/python3.10/dist-packages/control_msgs/msg/_joint_component_tolerance_s.c
[4.260s] -- Up-to-date: /home/vincentspada/unitree_ws/install/control_msgs/local/lib/python3.10/dist-packages/control_msgs/msg/_joint_tolerance_s.c
[4.260s] -- Up-to-date: /home/vincentspada/unitree_ws/install/control_msgs/local/lib/python3.10/dist-packages/control_msgs/control_msgs_s__rosidl_typesupport_c.cpython-310-x86_64-linux-gnu.so
[4.260s] -- Up-to-date: /home/vincentspada/unitree_ws/install/control_msgs/local/lib/python3.10/dist-packages/control_msgs/_control_msgs_s.ep.rosidl_typesupport_fastrtps_c.c
[4.297s] Listing '/home/vincentspada/unitree_ws/install/control_msgs/local/lib/python3.10/dist-packages/control_msgs'...
[4.297s] Listing '/home/vincentspada/unitree_ws/install/control_msgs/local/lib/python3.10/dist-packages/control_msgs/action'...
[4.297s] Listing '/home/vincentspada/unitree_ws/install/control_msgs/local/lib/python3.10/dist-packages/control_msgs/msg'...
[4.297s] Listing '/home/vincentspada/unitree_ws/install/control_msgs/local/lib/python3.10/dist-packages/control_msgs/srv'...
[4.309s] -- Up-to-date: /home/vincentspada/unitree_ws/install/control_msgs/local/lib/python3.10/dist-packages/control_msgs/control_msgs_s__rosidl_typesupport_fastrtps_c.cpython-310-x86_64-linux-gnu.so
[4.310s] -- Up-to-date: /home/vincentspada/unitree_ws/install/control_msgs/local/lib/python3.10/dist-packages/control_msgs/control_msgs_s__rosidl_typesupport_introspection_c.cpython-310-x86_64-linux-gnu.so
[4.311s] -- Up-to-date: /home/vincentspada/unitree_ws/install/control_msgs/local/lib/python3.10/dist-packages/control_msgs/control_msgs_s__rosidl_typesupport_c.cpython-310-x86_64-linux-gnu.so
[4.312s] -- Up-to-date: /home/vincentspada/unitree_ws/install/control_msgs/lib/libcontrol_msgs__rosidl_generator_py.so
[4.313s] -- Up-to-date: /home/vincentspada/unitree_ws/install/control_msgs/share/control_msgs/action/FollowJointTrajectory.idl
[4.313s] -- Up-to-date: /home/vincentspada/unitree_ws/install/control_msgs/share/control_msgs/action/GripperCommand.idl
[4.313s] -- Up-to-date: /home/vincentspada/unitree_ws/install/control_msgs/share/control_msgs/action/JointTrajectory.idl
[4.314s] -- Up-to-date: /home/vincentspada/unitree_ws/install/control_msgs/share/control_msgs/action/PointHead.idl
[4.314s] -- Up-to-date: /home/vincentspada/unitree_ws/install/control_msgs/share/control_msgs/action/SingleJointPosition.idl
[4.314s] -- Up-to-date: /home/vincentspada/unitree_ws/install/control_msgs/share/control_msgs/msg/AdmittanceControllerState.idl
[4.314s] -- Up-to-date: /home/vincentspada/unitree_ws/install/control_msgs/share/control_msgs/msg/DynamicJointState.idl
[4.315s] -- Up-to-date: /home/vincentspada/unitree_ws/install/control_msgs/share/control_msgs/msg/GripperCommand.idl
[4.315s] -- Up-to-date: /home/vincentspada/unitree_ws/install/control_msgs/share/control_msgs/msg/InterfaceValue.idl
[4.315s] -- Up-to-date: /home/vincentspada/unitree_ws/install/control_msgs/share/control_msgs/msg/JointComponentTolerance.idl
[4.316s] -- Up-to-date: /home/vincentspada/unitree_ws/install/control_msgs/share/control_msgs/msg/JointControllerState.idl
[4.316s] -- Up-to-date: /home/vincentspada/unitree_ws/install/control_msgs/share/control_msgs/msg/JointJog.idl
[4.316s] -- Up-to-date: /home/vincentspada/unitree_ws/install/control_msgs/share/control_msgs/msg/JointTolerance.idl
[4.316s] -- Up-to-date: /home/vincentspada/unitree_ws/install/control_msgs/share/control_msgs/msg/JointTrajectoryControllerState.idl
[4.317s] -- Up-to-date: /home/vincentspada/unitree_ws/install/control_msgs/share/control_msgs/msg/MecanumDriveControllerState.idl
[4.317s] -- Up-to-date: /home/vincentspada/unitree_ws/install/control_msgs/share/control_msgs/msg/PidState.idl
[4.317s] -- Up-to-date: /home/vincentspada/unitree_ws/install/control_msgs/share/control_msgs/msg/SteeringControllerStatus.idl
[4.317s] -- Up-to-date: /home/vincentspada/unitree_ws/install/control_msgs/share/control_msgs/srv/QueryCalibrationState.idl
[4.318s] -- Up-to-date: /home/vincentspada/unitree_ws/install/control_msgs/share/control_msgs/srv/QueryTrajectoryState.idl
[4.318s] -- Up-to-date: /home/vincentspada/unitree_ws/install/control_msgs/share/control_msgs/action/FollowJointTrajectory.action
[4.318s] -- Up-to-date: /home/vincentspada/unitree_ws/install/control_msgs/share/control_msgs/action/GripperCommand.action
[4.319s] -- Up-to-date: /home/vincentspada/unitree_ws/install/control_msgs/share/control_msgs/action/JointTrajectory.action
[4.319s] -- Up-to-date: /home/vincentspada/unitree_ws/install/control_msgs/share/control_msgs/action/PointHead.action
[4.319s] -- Up-to-date: /home/vincentspada/unitree_ws/install/control_msgs/share/control_msgs/action/SingleJointPosition.action
[4.319s] -- Up-to-date: /home/vincentspada/unitree_ws/install/control_msgs/share/control_msgs/msg/AdmittanceControllerState.msg
[4.320s] -- Up-to-date: /home/vincentspada/unitree_ws/install/control_msgs/share/control_msgs/msg/DynamicJointState.msg
[4.320s] -- Up-to-date: /home/vincentspada/unitree_ws/install/control_msgs/share/control_msgs/msg/GripperCommand.msg
[4.320s] -- Up-to-date: /home/vincentspada/unitree_ws/install/control_msgs/share/control_msgs/msg/InterfaceValue.msg
[4.321s] -- Up-to-date: /home/vincentspada/unitree_ws/install/control_msgs/share/control_msgs/msg/JointComponentTolerance.msg
[4.321s] -- Up-to-date: /home/vincentspada/unitree_ws/install/control_msgs/share/control_msgs/msg/JointControllerState.msg
[4.321s] -- Up-to-date: /home/vincentspada/unitree_ws/install/control_msgs/share/control_msgs/msg/JointJog.msg
[4.322s] -- Up-to-date: /home/vincentspada/unitree_ws/install/control_msgs/share/control_msgs/msg/JointTolerance.msg
[4.322s] -- Up-to-date: /home/vincentspada/unitree_ws/install/control_msgs/share/control_msgs/msg/JointTrajectoryControllerState.msg
[4.323s] -- Up-to-date: /home/vincentspada/unitree_ws/install/control_msgs/share/control_msgs/msg/MecanumDriveControllerState.msg
[4.323s] -- Up-to-date: /home/vincentspada/unitree_ws/install/control_msgs/share/control_msgs/msg/PidState.msg
[4.323s] -- Up-to-date: /home/vincentspada/unitree_ws/install/control_msgs/share/control_msgs/msg/SteeringControllerStatus.msg
[4.324s] -- Up-to-date: /home/vincentspada/unitree_ws/install/control_msgs/share/control_msgs/srv/QueryCalibrationState.srv
[4.324s] -- Up-to-date: /home/vincentspada/unitree_ws/install/control_msgs/share/control_msgs/srv/QueryCalibrationState_Request.msg
[4.324s] -- Up-to-date: /home/vincentspada/unitree_ws/install/control_msgs/share/control_msgs/srv/QueryCalibrationState_Response.msg
[4.324s] -- Up-to-date: /home/vincentspada/unitree_ws/install/control_msgs/share/control_msgs/srv/QueryTrajectoryState.srv
[4.325s] -- Up-to-date: /home/vincentspada/unitree_ws/install/control_msgs/share/control_msgs/srv/QueryTrajectoryState_Request.msg
[4.326s] -- Up-to-date: /home/vincentspada/unitree_ws/install/control_msgs/share/control_msgs/srv/QueryTrajectoryState_Response.msg
[4.327s] -- Up-to-date: /home/vincentspada/unitree_ws/install/control_msgs/share/ament_index/resource_index/package_run_dependencies/control_msgs
[4.328s] -- Up-to-date: /home/vincentspada/unitree_ws/install/control_msgs/share/ament_index/resource_index/parent_prefix_path/control_msgs
[4.328s] -- Up-to-date: /home/vincentspada/unitree_ws/install/control_msgs/share/control_msgs/environment/ament_prefix_path.sh
[4.329s] -- Up-to-date: /home/vincentspada/unitree_ws/install/control_msgs/share/control_msgs/environment/ament_prefix_path.dsv
[4.330s] -- Up-to-date: /home/vincentspada/unitree_ws/install/control_msgs/share/control_msgs/environment/path.sh
[4.330s] -- Up-to-date: /home/vincentspada/unitree_ws/install/control_msgs/share/control_msgs/environment/path.dsv
[4.330s] -- Up-to-date: /home/vincentspada/unitree_ws/install/control_msgs/share/control_msgs/local_setup.bash
[4.331s] -- Up-to-date: /home/vincentspada/unitree_ws/install/control_msgs/share/control_msgs/local_setup.sh
[4.331s] -- Up-to-date: /home/vincentspada/unitree_ws/install/control_msgs/share/control_msgs/local_setup.zsh
[4.331s] -- Up-to-date: /home/vincentspada/unitree_ws/install/control_msgs/share/control_msgs/local_setup.dsv
[4.331s] -- Installing: /home/vincentspada/unitree_ws/install/control_msgs/share/control_msgs/package.dsv
[4.331s] -- Up-to-date: /home/vincentspada/unitree_ws/install/control_msgs/share/ament_index/resource_index/packages/control_msgs
[4.334s] -- Up-to-date: /home/vincentspada/unitree_ws/install/control_msgs/share/control_msgs/cmake/export_control_msgs__rosidl_generator_cExport.cmake
[4.335s] -- Up-to-date: /home/vincentspada/unitree_ws/install/control_msgs/share/control_msgs/cmake/export_control_msgs__rosidl_generator_cExport-noconfig.cmake
[4.335s] -- Up-to-date: /home/vincentspada/unitree_ws/install/control_msgs/share/control_msgs/cmake/export_control_msgs__rosidl_typesupport_fastrtps_cExport.cmake
[4.335s] -- Up-to-date: /home/vincentspada/unitree_ws/install/control_msgs/share/control_msgs/cmake/export_control_msgs__rosidl_typesupport_fastrtps_cExport-noconfig.cmake
[4.335s] -- Up-to-date: /home/vincentspada/unitree_ws/install/control_msgs/share/control_msgs/cmake/export_control_msgs__rosidl_generator_cppExport.cmake
[4.336s] -- Up-to-date: /home/vincentspada/unitree_ws/install/control_msgs/share/control_msgs/cmake/export_control_msgs__rosidl_typesupport_fastrtps_cppExport.cmake
[4.336s] -- Up-to-date: /home/vincentspada/unitree_ws/install/control_msgs/share/control_msgs/cmake/export_control_msgs__rosidl_typesupport_fastrtps_cppExport-noconfig.cmake
[4.336s] -- Up-to-date: /home/vincentspada/unitree_ws/install/control_msgs/share/control_msgs/cmake/control_msgs__rosidl_typesupport_introspection_cExport.cmake
[4.336s] -- Up-to-date: /home/vincentspada/unitree_ws/install/control_msgs/share/control_msgs/cmake/control_msgs__rosidl_typesupport_introspection_cExport-noconfig.cmake
[4.336s] -- Up-to-date: /home/vincentspada/unitree_ws/install/control_msgs/share/control_msgs/cmake/control_msgs__rosidl_typesupport_cExport.cmake
[4.351s] -- Up-to-date: /home/vincentspada/unitree_ws/install/control_msgs/share/control_msgs/cmake/control_msgs__rosidl_typesupport_cExport-noconfig.cmake
[4.352s] -- Up-to-date: /home/vincentspada/unitree_ws/install/control_msgs/share/control_msgs/cmake/control_msgs__rosidl_typesupport_introspection_cppExport.cmake
[4.352s] -- Up-to-date: /home/vincentspada/unitree_ws/install/control_msgs/share/control_msgs/cmake/control_msgs__rosidl_typesupport_introspection_cppExport-noconfig.cmake
[4.352s] -- Up-to-date: /home/vincentspada/unitree_ws/install/control_msgs/share/control_msgs/cmake/control_msgs__rosidl_typesupport_cppExport.cmake
[4.352s] -- Up-to-date: /home/vincentspada/unitree_ws/install/control_msgs/share/control_msgs/cmake/control_msgs__rosidl_typesupport_cppExport-noconfig.cmake
[4.352s] -- Up-to-date: /home/vincentspada/unitree_ws/install/control_msgs/share/control_msgs/cmake/export_control_msgs__rosidl_generator_pyExport.cmake
[4.353s] -- Up-to-date: /home/vincentspada/unitree_ws/install/control_msgs/share/control_msgs/cmake/export_control_msgs__rosidl_generator_pyExport-noconfig.cmake
[4.353s] -- Up-to-date: /home/vincentspada/unitree_ws/install/control_msgs/share/control_msgs/cmake/rosidl_cmake-extras.cmake
[4.353s] -- Up-to-date: /home/vincentspada/unitree_ws/install/control_msgs/share/control_msgs/cmake/ament_cmake_export_dependencies-extras.cmake
[4.353s] -- Up-to-date: /home/vincentspada/unitree_ws/install/control_msgs/share/control_msgs/cmake/ament_cmake_export_include_directories-extras.cmake
[4.353s] -- Up-to-date: /home/vincentspada/unitree_ws/install/control_msgs/share/control_msgs/cmake/ament_cmake_export_libraries-extras.cmake
[4.353s] -- Up-to-date: /home/vincentspada/unitree_ws/install/control_msgs/share/control_msgs/cmake/ament_cmake_export_targets-extras.cmake
[4.354s] -- Up-to-date: /home/vincentspada/unitree_ws/install/control_msgs/share/control_msgs/cmake/rosidl_cmake_export_typesupport_targets-extras.cmake
[4.354s] -- Up-to-date: /home/vincentspada/unitree_ws/install/control_msgs/share/control_msgs/cmake/rosidl_cmake_export_typesupport_libraries-extras.cmake
[4.354s] -- Up-to-date: /home/vincentspada/unitree_ws/install/control_msgs/share/control_msgs/cmake/control_msgsConfig.cmake
[4.354s] -- Up-to-date: /home/vincentspada/unitree_ws/install/control_msgs/share/control_msgs/cmake/control_msgsConfig-version.cmake
[4.354s] -- Up-to-date: /home/vincentspada/unitree_ws/install/control_msgs/share/control_msgs/package.xml
[4.355s] Invoked command in '/home/vincentspada/unitree_ws/build/control_msgs' returned '0': CMAKE_PREFIX_PATH=/opt/ros/humble:${CMAKE_PREFIX_PATH} /usr/bin/cmake --install /home/vincentspada/unitree_ws/build/control_msgs
