[0.045s] Invoking command in '/home/vincentspada/unitree_ws/build/controller_manager_msgs': /usr/bin/cmake /home/vincentspada/unitree_ws/src/ros-controls/ros2_control/controller_manager_msgs -DCMAKE_INSTALL_PREFIX=/home/vincentspada/unitree_ws/install/controller_manager_msgs
[0.132s] [31mCMake Error at CMakeLists.txt:8 (find_package):
[0.132s]   By not providing "Findament_cmake.cmake" in CMAKE_MODULE_PATH this project
[0.133s]   has asked CMake to find a package configuration file provided by
[0.133s]   "ament_cmake", but CMake did not find one.
[0.133s] 
[0.133s]   Could not find a package configuration file provided by "ament_cmake" with
[0.133s]   any of the following names:
[0.133s] 
[0.134s]     ament_cmakeConfig.cmake
[0.134s]     ament_cmake-config.cmake
[0.134s] 
[0.134s]   Add the installation prefix of "ament_cmake" to CMAKE_PREFIX_PATH or set
[0.134s]   "ament_cmake_DIR" to a directory containing one of the above files.  If
[0.134s]   "ament_cmake" provides a separate development package or SDK, be sure it
[0.134s]   has been installed.
[0.135s] 
[0.135s] [0m
[0.138s] -- Configuring incomplete, errors occurred!
[0.138s] See also "/home/vincentspada/unitree_ws/build/controller_manager_msgs/CMakeFiles/CMakeOutput.log".
[0.159s] Invoked command in '/home/vincentspada/unitree_ws/build/controller_manager_msgs' returned '1': /usr/bin/cmake /home/vincentspada/unitree_ws/src/ros-controls/ros2_control/controller_manager_msgs -DCMAKE_INSTALL_PREFIX=/home/vincentspada/unitree_ws/install/controller_manager_msgs
