[  3%] [32mBuilding CXX object gmock/CMakeFiles/gmock_main.dir/src/gmock_main.cc.o[0m
[  6%] [32mBuilding CXX object CMakeFiles/control_toolbox.dir/src/dither.cpp.o[0m
[ 10%] [34m[1mRunning `/opt/ros/humble/bin/generate_parameter_library_cpp /home/vincentspada/unitree_ws/build/control_toolbox/low_pass_filter_parameters/include//low_pass_filter_parameters.hpp /home/vincentspada/unitree_ws/src/ros-controls/control_toolbox/src/control_filters/low_pass_filter_parameters.yaml `[0m
[ 13%] [32mBuilding CXX object gmock/CMakeFiles/gmock.dir/opt/ros/humble/src/gtest_vendor/src/gtest-all.cc.o[0m
[ 13%] Built target low_pass_filter_parameters
[ 17%] [32mBuilding CXX object gtest/CMakeFiles/gtest_main.dir/src/gtest_main.cc.o[0m
[ 20%] [32mBuilding CXX object CMakeFiles/control_toolbox.dir/src/limited_proxy.cpp.o[0m
[ 24%] [32mBuilding CXX object CMakeFiles/control_toolbox.dir/src/pid_ros.cpp.o[0m
[ 27%] [32m[1mLinking CXX static library libgtest_main.a[0m
[ 27%] Built target gtest_main
[ 31%] [32mBuilding CXX object gmock/CMakeFiles/gmock.dir/src/gmock-all.cc.o[0m
[ 34%] [32m[1mLinking CXX static library libgmock_main.a[0m
[ 34%] Built target gmock_main
[ 37%] [32mBuilding CXX object CMakeFiles/control_toolbox.dir/src/pid.cpp.o[0m
[ 41%] [32m[1mLinking CXX static library libgmock.a[0m
[ 41%] Built target gmock
[ 44%] [32mBuilding CXX object CMakeFiles/control_toolbox.dir/src/sine_sweep.cpp.o[0m
[ 48%] [32mBuilding CXX object CMakeFiles/control_toolbox.dir/src/sinusoid.cpp.o[0m
[ 51%] [32m[1mLinking CXX shared library libcontrol_toolbox.so[0m
[ 51%] Built target control_toolbox
[ 55%] [32mBuilding CXX object CMakeFiles/low_pass_filter.dir/src/control_filters/low_pass_filter.cpp.o[0m
[ 58%] [32m[1mLinking CXX shared library liblow_pass_filter.so[0m
[ 58%] Built target low_pass_filter
[ 62%] [32mBuilding CXX object CMakeFiles/pid_tests.dir/test/pid_tests.cpp.o[0m
[ 65%] [32m[1mLinking CXX executable pid_tests[0m
[ 65%] Built target pid_tests
[ 68%] [32mBuilding CXX object CMakeFiles/test_load_low_pass_filter.dir/test/control_filters/test_load_low_pass_filter.cpp.o[0m
[ 72%] [32m[1mLinking CXX executable test_load_low_pass_filter[0m
[ 72%] Built target test_load_low_pass_filter
[ 75%] [32mBuilding CXX object CMakeFiles/test_low_pass_filter.dir/test/control_filters/test_low_pass_filter.cpp.o[0m
[ 79%] [32m[1mLinking CXX executable test_low_pass_filter[0m
[ 79%] Built target test_low_pass_filter
[ 82%] [32mBuilding CXX object gtest/CMakeFiles/gtest.dir/src/gtest-all.cc.o[0m
[ 86%] [32m[1mLinking CXX static library libgtest.a[0m
[ 86%] Built target gtest
[ 89%] [32mBuilding CXX object CMakeFiles/pid_publisher_tests.dir/test/pid_publisher_tests.cpp.o[0m
[ 93%] [32mBuilding CXX object CMakeFiles/pid_parameters_tests.dir/test/pid_parameters_tests.cpp.o[0m
[ 96%] [32m[1mLinking CXX executable pid_parameters_tests[0m
[ 96%] Built target pid_parameters_tests
[100%] [32m[1mLinking CXX executable pid_publisher_tests[0m
[100%] Built target pid_publisher_tests
