[0.066s] Invoking command in '/home/vincentspada/unitree_ws/build/controller_manager_msgs': CMAKE_PREFIX_PATH=/opt/ros/humble:${CMAKE_PREFIX_PATH} /usr/bin/cmake --build /home/vincentspada/unitree_ws/build/controller_manager_msgs -- -j4 -l4
[0.424s] [  0%] Built target controller_manager_msgs__cpp
[0.452s] [ 12%] Built target controller_manager_msgs__rosidl_generator_c
[0.528s] [ 12%] Built target ament_cmake_python_copy_controller_manager_msgs
[0.627s] [ 24%] Built target controller_manager_msgs__rosidl_typesupport_cpp
[0.682s] [ 36%] Built target controller_manager_msgs__rosidl_typesupport_fastrtps_cpp
[0.707s] [ 48%] Built target controller_manager_msgs__rosidl_typesupport_introspection_cpp
[0.858s] [ 60%] Built target controller_manager_msgs__rosidl_typesupport_fastrtps_c
[0.872s] [ 72%] Built target controller_manager_msgs__rosidl_typesupport_introspection_c
[0.914s] [ 84%] Built target controller_manager_msgs__rosidl_typesupport_c
[1.014s] [ 84%] Built target controller_manager_msgs
[1.109s] [ 85%] Built target controller_manager_msgs__py
[1.354s] [ 96%] Built target controller_manager_msgs__rosidl_generator_py
[1.452s] [ 97%] Built target controller_manager_msgs__rosidl_typesupport_fastrtps_c__pyext
[1.469s] [100%] Built target controller_manager_msgs__rosidl_typesupport_introspection_c__pyext
[1.471s] [100%] Built target controller_manager_msgs__rosidl_typesupport_c__pyext
[1.878s] running egg_info
[1.879s] writing controller_manager_msgs.egg-info/PKG-INFO
[1.880s] writing dependency_links to controller_manager_msgs.egg-info/dependency_links.txt
[1.880s] writing top-level names to controller_manager_msgs.egg-info/top_level.txt
[1.884s] reading manifest file 'controller_manager_msgs.egg-info/SOURCES.txt'
[1.886s] writing manifest file 'controller_manager_msgs.egg-info/SOURCES.txt'
[1.934s] [100%] Built target ament_cmake_python_build_controller_manager_msgs_egg
[2.296s] Invoked command in '/home/vincentspada/unitree_ws/build/controller_manager_msgs' returned '0': CMAKE_PREFIX_PATH=/opt/ros/humble:${CMAKE_PREFIX_PATH} /usr/bin/cmake --build /home/vincentspada/unitree_ws/build/controller_manager_msgs -- -j4 -l4
[3.421s] Invoking command in '/home/vincentspada/unitree_ws/build/controller_manager_msgs': CMAKE_PREFIX_PATH=/opt/ros/humble:${CMAKE_PREFIX_PATH} /usr/bin/cmake --install /home/vincentspada/unitree_ws/build/controller_manager_msgs
[3.449s] -- Install configuration: ""
[3.452s] -- Up-to-date: /home/vincentspada/unitree_ws/install/controller_manager_msgs/share/ament_index/resource_index/rosidl_interfaces/controller_manager_msgs
[3.454s] -- Up-to-date: /home/vincentspada/unitree_ws/install/controller_manager_msgs/include/controller_manager_msgs/controller_manager_msgs
[3.455s] -- Up-to-date: /home/vincentspada/unitree_ws/install/controller_manager_msgs/include/controller_manager_msgs/controller_manager_msgs/srv
[3.456s] -- Up-to-date: /home/vincentspada/unitree_ws/install/controller_manager_msgs/include/controller_manager_msgs/controller_manager_msgs/srv/list_hardware_components.h
[3.458s] -- Up-to-date: /home/vincentspada/unitree_ws/install/controller_manager_msgs/include/controller_manager_msgs/controller_manager_msgs/srv/load_controller.h
[3.460s] -- Up-to-date: /home/vincentspada/unitree_ws/install/controller_manager_msgs/include/controller_manager_msgs/controller_manager_msgs/srv/list_hardware_interfaces.h
[3.462s] -- Up-to-date: /home/vincentspada/unitree_ws/install/controller_manager_msgs/include/controller_manager_msgs/controller_manager_msgs/srv/list_controller_types.h
[3.464s] -- Up-to-date: /home/vincentspada/unitree_ws/install/controller_manager_msgs/include/controller_manager_msgs/controller_manager_msgs/srv/set_hardware_component_state.h
[3.466s] -- Up-to-date: /home/vincentspada/unitree_ws/install/controller_manager_msgs/include/controller_manager_msgs/controller_manager_msgs/srv/unload_controller.h
[3.467s] -- Up-to-date: /home/vincentspada/unitree_ws/install/controller_manager_msgs/include/controller_manager_msgs/controller_manager_msgs/srv/reload_controller_libraries.h
[3.470s] -- Up-to-date: /home/vincentspada/unitree_ws/install/controller_manager_msgs/include/controller_manager_msgs/controller_manager_msgs/srv/detail
[3.471s] -- Up-to-date: /home/vincentspada/unitree_ws/install/controller_manager_msgs/include/controller_manager_msgs/controller_manager_msgs/srv/detail/list_hardware_components__struct.h
[3.473s] -- Up-to-date: /home/vincentspada/unitree_ws/install/controller_manager_msgs/include/controller_manager_msgs/controller_manager_msgs/srv/detail/configure_controller__functions.h
[3.475s] -- Up-to-date: /home/vincentspada/unitree_ws/install/controller_manager_msgs/include/controller_manager_msgs/controller_manager_msgs/srv/detail/unload_controller__functions.h
[3.477s] -- Up-to-date: /home/vincentspada/unitree_ws/install/controller_manager_msgs/include/controller_manager_msgs/controller_manager_msgs/srv/detail/load_controller__struct.h
[3.478s] -- Up-to-date: /home/vincentspada/unitree_ws/install/controller_manager_msgs/include/controller_manager_msgs/controller_manager_msgs/srv/detail/reload_controller_libraries__functions.c
[3.480s] -- Up-to-date: /home/vincentspada/unitree_ws/install/controller_manager_msgs/include/controller_manager_msgs/controller_manager_msgs/srv/detail/set_hardware_component_state__struct.h
[3.481s] -- Up-to-date: /home/vincentspada/unitree_ws/install/controller_manager_msgs/include/controller_manager_msgs/controller_manager_msgs/srv/detail/list_hardware_interfaces__functions.c
[3.486s] -- Up-to-date: /home/vincentspada/unitree_ws/install/controller_manager_msgs/include/controller_manager_msgs/controller_manager_msgs/srv/detail/load_controller__type_support.h
[3.488s] -- Up-to-date: /home/vincentspada/unitree_ws/install/controller_manager_msgs/include/controller_manager_msgs/controller_manager_msgs/srv/detail/list_hardware_components__functions.h
[3.490s] -- Up-to-date: /home/vincentspada/unitree_ws/install/controller_manager_msgs/include/controller_manager_msgs/controller_manager_msgs/srv/detail/configure_controller__struct.h
[3.491s] -- Up-to-date: /home/vincentspada/unitree_ws/install/controller_manager_msgs/include/controller_manager_msgs/controller_manager_msgs/srv/detail/list_controllers__functions.c
[3.495s] -- Up-to-date: /home/vincentspada/unitree_ws/install/controller_manager_msgs/include/controller_manager_msgs/controller_manager_msgs/srv/detail/list_controllers__struct.h
[3.496s] -- Up-to-date: /home/vincentspada/unitree_ws/install/controller_manager_msgs/include/controller_manager_msgs/controller_manager_msgs/srv/detail/list_hardware_interfaces__type_support.h
[3.498s] -- Up-to-date: /home/vincentspada/unitree_ws/install/controller_manager_msgs/include/controller_manager_msgs/controller_manager_msgs/srv/detail/reload_controller_libraries__functions.h
[3.501s] -- Up-to-date: /home/vincentspada/unitree_ws/install/controller_manager_msgs/include/controller_manager_msgs/controller_manager_msgs/srv/detail/list_hardware_interfaces__functions.h
[3.509s] -- Up-to-date: /home/vincentspada/unitree_ws/install/controller_manager_msgs/include/controller_manager_msgs/controller_manager_msgs/srv/detail/switch_controller__struct.h
[3.510s] -- Up-to-date: /home/vincentspada/unitree_ws/install/controller_manager_msgs/include/controller_manager_msgs/controller_manager_msgs/srv/detail/set_hardware_component_state__functions.h
[3.512s] -- Up-to-date: /home/vincentspada/unitree_ws/install/controller_manager_msgs/include/controller_manager_msgs/controller_manager_msgs/srv/detail/list_controller_types__type_support.h
[3.513s] -- Up-to-date: /home/vincentspada/unitree_ws/install/controller_manager_msgs/include/controller_manager_msgs/controller_manager_msgs/srv/detail/unload_controller__functions.c
[3.514s] -- Up-to-date: /home/vincentspada/unitree_ws/install/controller_manager_msgs/include/controller_manager_msgs/controller_manager_msgs/srv/detail/switch_controller__functions.h
[3.516s] -- Up-to-date: /home/vincentspada/unitree_ws/install/controller_manager_msgs/include/controller_manager_msgs/controller_manager_msgs/srv/detail/configure_controller__functions.c
[3.517s] -- Up-to-date: /home/vincentspada/unitree_ws/install/controller_manager_msgs/include/controller_manager_msgs/controller_manager_msgs/srv/detail/unload_controller__struct.h
[3.518s] -- Up-to-date: /home/vincentspada/unitree_ws/install/controller_manager_msgs/include/controller_manager_msgs/controller_manager_msgs/srv/detail/switch_controller__type_support.h
[3.519s] -- Up-to-date: /home/vincentspada/unitree_ws/install/controller_manager_msgs/include/controller_manager_msgs/controller_manager_msgs/srv/detail/list_hardware_components__functions.c
[3.520s] -- Up-to-date: /home/vincentspada/unitree_ws/install/controller_manager_msgs/include/controller_manager_msgs/controller_manager_msgs/srv/detail/list_controller_types__functions.c
[3.522s] -- Up-to-date: /home/vincentspada/unitree_ws/install/controller_manager_msgs/include/controller_manager_msgs/controller_manager_msgs/srv/detail/set_hardware_component_state__functions.c
[3.523s] -- Up-to-date: /home/vincentspada/unitree_ws/install/controller_manager_msgs/include/controller_manager_msgs/controller_manager_msgs/srv/detail/list_controller_types__functions.h
[3.524s] -- Up-to-date: /home/vincentspada/unitree_ws/install/controller_manager_msgs/include/controller_manager_msgs/controller_manager_msgs/srv/detail/list_hardware_interfaces__struct.h
[3.525s] -- Up-to-date: /home/vincentspada/unitree_ws/install/controller_manager_msgs/include/controller_manager_msgs/controller_manager_msgs/srv/detail/reload_controller_libraries__struct.h
[3.527s] -- Up-to-date: /home/vincentspada/unitree_ws/install/controller_manager_msgs/include/controller_manager_msgs/controller_manager_msgs/srv/detail/list_controller_types__struct.h
[3.528s] -- Up-to-date: /home/vincentspada/unitree_ws/install/controller_manager_msgs/include/controller_manager_msgs/controller_manager_msgs/srv/detail/list_controllers__functions.h
[3.529s] -- Up-to-date: /home/vincentspada/unitree_ws/install/controller_manager_msgs/include/controller_manager_msgs/controller_manager_msgs/srv/detail/list_controllers__type_support.h
[3.531s] -- Up-to-date: /home/vincentspada/unitree_ws/install/controller_manager_msgs/include/controller_manager_msgs/controller_manager_msgs/srv/detail/configure_controller__type_support.h
[3.531s] -- Up-to-date: /home/vincentspada/unitree_ws/install/controller_manager_msgs/include/controller_manager_msgs/controller_manager_msgs/srv/detail/load_controller__functions.c
[3.531s] -- Up-to-date: /home/vincentspada/unitree_ws/install/controller_manager_msgs/include/controller_manager_msgs/controller_manager_msgs/srv/detail/load_controller__functions.h
[3.532s] -- Up-to-date: /home/vincentspada/unitree_ws/install/controller_manager_msgs/include/controller_manager_msgs/controller_manager_msgs/srv/detail/unload_controller__type_support.h
[3.532s] -- Up-to-date: /home/vincentspada/unitree_ws/install/controller_manager_msgs/include/controller_manager_msgs/controller_manager_msgs/srv/detail/list_hardware_components__type_support.h
[3.532s] -- Up-to-date: /home/vincentspada/unitree_ws/install/controller_manager_msgs/include/controller_manager_msgs/controller_manager_msgs/srv/detail/reload_controller_libraries__type_support.h
[3.532s] -- Up-to-date: /home/vincentspada/unitree_ws/install/controller_manager_msgs/include/controller_manager_msgs/controller_manager_msgs/srv/detail/switch_controller__functions.c
[3.532s] -- Up-to-date: /home/vincentspada/unitree_ws/install/controller_manager_msgs/include/controller_manager_msgs/controller_manager_msgs/srv/detail/set_hardware_component_state__type_support.h
[3.533s] -- Up-to-date: /home/vincentspada/unitree_ws/install/controller_manager_msgs/include/controller_manager_msgs/controller_manager_msgs/srv/list_controllers.h
[3.533s] -- Up-to-date: /home/vincentspada/unitree_ws/install/controller_manager_msgs/include/controller_manager_msgs/controller_manager_msgs/srv/configure_controller.h
[3.533s] -- Up-to-date: /home/vincentspada/unitree_ws/install/controller_manager_msgs/include/controller_manager_msgs/controller_manager_msgs/srv/switch_controller.h
[3.533s] -- Up-to-date: /home/vincentspada/unitree_ws/install/controller_manager_msgs/include/controller_manager_msgs/controller_manager_msgs/msg
[3.533s] -- Up-to-date: /home/vincentspada/unitree_ws/install/controller_manager_msgs/include/controller_manager_msgs/controller_manager_msgs/msg/rosidl_generator_c__visibility_control.h
[3.534s] -- Up-to-date: /home/vincentspada/unitree_ws/install/controller_manager_msgs/include/controller_manager_msgs/controller_manager_msgs/msg/controller_state.h
[3.534s] -- Up-to-date: /home/vincentspada/unitree_ws/install/controller_manager_msgs/include/controller_manager_msgs/controller_manager_msgs/msg/hardware_component_state.h
[3.534s] -- Up-to-date: /home/vincentspada/unitree_ws/install/controller_manager_msgs/include/controller_manager_msgs/controller_manager_msgs/msg/chain_connection.h
[3.535s] -- Up-to-date: /home/vincentspada/unitree_ws/install/controller_manager_msgs/include/controller_manager_msgs/controller_manager_msgs/msg/detail
[3.535s] -- Up-to-date: /home/vincentspada/unitree_ws/install/controller_manager_msgs/include/controller_manager_msgs/controller_manager_msgs/msg/detail/chain_connection__type_support.h
[3.535s] -- Up-to-date: /home/vincentspada/unitree_ws/install/controller_manager_msgs/include/controller_manager_msgs/controller_manager_msgs/msg/detail/chain_connection__functions.c
[3.535s] -- Up-to-date: /home/vincentspada/unitree_ws/install/controller_manager_msgs/include/controller_manager_msgs/controller_manager_msgs/msg/detail/hardware_component_state__functions.h
[3.536s] -- Up-to-date: /home/vincentspada/unitree_ws/install/controller_manager_msgs/include/controller_manager_msgs/controller_manager_msgs/msg/detail/controller_state__type_support.h
[3.536s] -- Up-to-date: /home/vincentspada/unitree_ws/install/controller_manager_msgs/include/controller_manager_msgs/controller_manager_msgs/msg/detail/controller_state__struct.h
[3.536s] -- Up-to-date: /home/vincentspada/unitree_ws/install/controller_manager_msgs/include/controller_manager_msgs/controller_manager_msgs/msg/detail/hardware_component_state__functions.c
[3.536s] -- Up-to-date: /home/vincentspada/unitree_ws/install/controller_manager_msgs/include/controller_manager_msgs/controller_manager_msgs/msg/detail/hardware_component_state__type_support.h
[3.536s] -- Up-to-date: /home/vincentspada/unitree_ws/install/controller_manager_msgs/include/controller_manager_msgs/controller_manager_msgs/msg/detail/chain_connection__struct.h
[3.537s] -- Up-to-date: /home/vincentspada/unitree_ws/install/controller_manager_msgs/include/controller_manager_msgs/controller_manager_msgs/msg/detail/controller_state__functions.h
[3.537s] -- Up-to-date: /home/vincentspada/unitree_ws/install/controller_manager_msgs/include/controller_manager_msgs/controller_manager_msgs/msg/detail/hardware_component_state__struct.h
[3.537s] -- Up-to-date: /home/vincentspada/unitree_ws/install/controller_manager_msgs/include/controller_manager_msgs/controller_manager_msgs/msg/detail/hardware_interface__functions.c
[3.537s] -- Up-to-date: /home/vincentspada/unitree_ws/install/controller_manager_msgs/include/controller_manager_msgs/controller_manager_msgs/msg/detail/hardware_interface__functions.h
[3.537s] -- Up-to-date: /home/vincentspada/unitree_ws/install/controller_manager_msgs/include/controller_manager_msgs/controller_manager_msgs/msg/detail/hardware_interface__struct.h
[3.538s] -- Up-to-date: /home/vincentspada/unitree_ws/install/controller_manager_msgs/include/controller_manager_msgs/controller_manager_msgs/msg/detail/controller_state__functions.c
[3.538s] -- Up-to-date: /home/vincentspada/unitree_ws/install/controller_manager_msgs/include/controller_manager_msgs/controller_manager_msgs/msg/detail/hardware_interface__type_support.h
[3.538s] -- Up-to-date: /home/vincentspada/unitree_ws/install/controller_manager_msgs/include/controller_manager_msgs/controller_manager_msgs/msg/detail/chain_connection__functions.h
[3.538s] -- Up-to-date: /home/vincentspada/unitree_ws/install/controller_manager_msgs/include/controller_manager_msgs/controller_manager_msgs/msg/hardware_interface.h
[3.538s] -- Up-to-date: /home/vincentspada/unitree_ws/install/controller_manager_msgs/share/controller_manager_msgs/environment/library_path.sh
[3.538s] -- Up-to-date: /home/vincentspada/unitree_ws/install/controller_manager_msgs/share/controller_manager_msgs/environment/library_path.dsv
[3.539s] -- Up-to-date: /home/vincentspada/unitree_ws/install/controller_manager_msgs/lib/libcontroller_manager_msgs__rosidl_generator_c.so
[3.539s] -- Up-to-date: /home/vincentspada/unitree_ws/install/controller_manager_msgs/include/controller_manager_msgs/controller_manager_msgs
[3.539s] -- Up-to-date: /home/vincentspada/unitree_ws/install/controller_manager_msgs/include/controller_manager_msgs/controller_manager_msgs/srv
[3.539s] -- Up-to-date: /home/vincentspada/unitree_ws/install/controller_manager_msgs/include/controller_manager_msgs/controller_manager_msgs/srv/detail
[3.539s] -- Up-to-date: /home/vincentspada/unitree_ws/install/controller_manager_msgs/include/controller_manager_msgs/controller_manager_msgs/srv/detail/unload_controller__rosidl_typesupport_fastrtps_c.h
[3.540s] -- Up-to-date: /home/vincentspada/unitree_ws/install/controller_manager_msgs/include/controller_manager_msgs/controller_manager_msgs/srv/detail/set_hardware_component_state__rosidl_typesupport_fastrtps_c.h
[3.540s] -- Up-to-date: /home/vincentspada/unitree_ws/install/controller_manager_msgs/include/controller_manager_msgs/controller_manager_msgs/srv/detail/reload_controller_libraries__rosidl_typesupport_fastrtps_c.h
[3.540s] -- Up-to-date: /home/vincentspada/unitree_ws/install/controller_manager_msgs/include/controller_manager_msgs/controller_manager_msgs/srv/detail/load_controller__rosidl_typesupport_fastrtps_c.h
[3.540s] -- Up-to-date: /home/vincentspada/unitree_ws/install/controller_manager_msgs/include/controller_manager_msgs/controller_manager_msgs/srv/detail/switch_controller__rosidl_typesupport_fastrtps_c.h
[3.541s] -- Up-to-date: /home/vincentspada/unitree_ws/install/controller_manager_msgs/include/controller_manager_msgs/controller_manager_msgs/srv/detail/list_controller_types__rosidl_typesupport_fastrtps_c.h
[3.541s] -- Up-to-date: /home/vincentspada/unitree_ws/install/controller_manager_msgs/include/controller_manager_msgs/controller_manager_msgs/srv/detail/list_hardware_components__rosidl_typesupport_fastrtps_c.h
[3.541s] -- Up-to-date: /home/vincentspada/unitree_ws/install/controller_manager_msgs/include/controller_manager_msgs/controller_manager_msgs/srv/detail/list_hardware_interfaces__rosidl_typesupport_fastrtps_c.h
[3.541s] -- Up-to-date: /home/vincentspada/unitree_ws/install/controller_manager_msgs/include/controller_manager_msgs/controller_manager_msgs/srv/detail/list_controllers__rosidl_typesupport_fastrtps_c.h
[3.541s] -- Up-to-date: /home/vincentspada/unitree_ws/install/controller_manager_msgs/include/controller_manager_msgs/controller_manager_msgs/srv/detail/configure_controller__rosidl_typesupport_fastrtps_c.h
[3.542s] -- Up-to-date: /home/vincentspada/unitree_ws/install/controller_manager_msgs/include/controller_manager_msgs/controller_manager_msgs/msg
[3.542s] -- Up-to-date: /home/vincentspada/unitree_ws/install/controller_manager_msgs/include/controller_manager_msgs/controller_manager_msgs/msg/detail
[3.542s] -- Up-to-date: /home/vincentspada/unitree_ws/install/controller_manager_msgs/include/controller_manager_msgs/controller_manager_msgs/msg/detail/chain_connection__rosidl_typesupport_fastrtps_c.h
[3.542s] -- Up-to-date: /home/vincentspada/unitree_ws/install/controller_manager_msgs/include/controller_manager_msgs/controller_manager_msgs/msg/detail/hardware_component_state__rosidl_typesupport_fastrtps_c.h
[3.542s] -- Up-to-date: /home/vincentspada/unitree_ws/install/controller_manager_msgs/include/controller_manager_msgs/controller_manager_msgs/msg/detail/controller_state__rosidl_typesupport_fastrtps_c.h
[3.543s] -- Up-to-date: /home/vincentspada/unitree_ws/install/controller_manager_msgs/include/controller_manager_msgs/controller_manager_msgs/msg/detail/hardware_interface__rosidl_typesupport_fastrtps_c.h
[3.543s] -- Up-to-date: /home/vincentspada/unitree_ws/install/controller_manager_msgs/include/controller_manager_msgs/controller_manager_msgs/msg/rosidl_typesupport_fastrtps_c__visibility_control.h
[3.543s] -- Up-to-date: /home/vincentspada/unitree_ws/install/controller_manager_msgs/lib/libcontroller_manager_msgs__rosidl_typesupport_fastrtps_c.so
[3.543s] -- Up-to-date: /home/vincentspada/unitree_ws/install/controller_manager_msgs/include/controller_manager_msgs/controller_manager_msgs
[3.543s] -- Up-to-date: /home/vincentspada/unitree_ws/install/controller_manager_msgs/include/controller_manager_msgs/controller_manager_msgs/srv
[3.544s] -- Up-to-date: /home/vincentspada/unitree_ws/install/controller_manager_msgs/include/controller_manager_msgs/controller_manager_msgs/srv/set_hardware_component_state.hpp
[3.544s] -- Up-to-date: /home/vincentspada/unitree_ws/install/controller_manager_msgs/include/controller_manager_msgs/controller_manager_msgs/srv/list_controllers.hpp
[3.544s] -- Up-to-date: /home/vincentspada/unitree_ws/install/controller_manager_msgs/include/controller_manager_msgs/controller_manager_msgs/srv/unload_controller.hpp
[3.545s] -- Up-to-date: /home/vincentspada/unitree_ws/install/controller_manager_msgs/include/controller_manager_msgs/controller_manager_msgs/srv/configure_controller.hpp
[3.545s] -- Up-to-date: /home/vincentspada/unitree_ws/install/controller_manager_msgs/include/controller_manager_msgs/controller_manager_msgs/srv/list_controller_types.hpp
[3.545s] -- Up-to-date: /home/vincentspada/unitree_ws/install/controller_manager_msgs/include/controller_manager_msgs/controller_manager_msgs/srv/list_hardware_interfaces.hpp
[3.545s] -- Up-to-date: /home/vincentspada/unitree_ws/install/controller_manager_msgs/include/controller_manager_msgs/controller_manager_msgs/srv/list_hardware_components.hpp
[3.545s] -- Up-to-date: /home/vincentspada/unitree_ws/install/controller_manager_msgs/include/controller_manager_msgs/controller_manager_msgs/srv/detail
[3.545s] -- Up-to-date: /home/vincentspada/unitree_ws/install/controller_manager_msgs/include/controller_manager_msgs/controller_manager_msgs/srv/detail/configure_controller__builder.hpp
[3.546s] -- Up-to-date: /home/vincentspada/unitree_ws/install/controller_manager_msgs/include/controller_manager_msgs/controller_manager_msgs/srv/detail/switch_controller__struct.hpp
[3.546s] -- Up-to-date: /home/vincentspada/unitree_ws/install/controller_manager_msgs/include/controller_manager_msgs/controller_manager_msgs/srv/detail/list_controller_types__struct.hpp
[3.546s] -- Up-to-date: /home/vincentspada/unitree_ws/install/controller_manager_msgs/include/controller_manager_msgs/controller_manager_msgs/srv/detail/load_controller__struct.hpp
[3.546s] -- Up-to-date: /home/vincentspada/unitree_ws/install/controller_manager_msgs/include/controller_manager_msgs/controller_manager_msgs/srv/detail/list_hardware_components__traits.hpp
[3.546s] -- Up-to-date: /home/vincentspada/unitree_ws/install/controller_manager_msgs/include/controller_manager_msgs/controller_manager_msgs/srv/detail/unload_controller__builder.hpp
[3.546s] -- Up-to-date: /home/vincentspada/unitree_ws/install/controller_manager_msgs/include/controller_manager_msgs/controller_manager_msgs/srv/detail/list_controllers__builder.hpp
[3.547s] -- Up-to-date: /home/vincentspada/unitree_ws/install/controller_manager_msgs/include/controller_manager_msgs/controller_manager_msgs/srv/detail/set_hardware_component_state__builder.hpp
[3.547s] -- Up-to-date: /home/vincentspada/unitree_ws/install/controller_manager_msgs/include/controller_manager_msgs/controller_manager_msgs/srv/detail/reload_controller_libraries__struct.hpp
[3.547s] -- Up-to-date: /home/vincentspada/unitree_ws/install/controller_manager_msgs/include/controller_manager_msgs/controller_manager_msgs/srv/detail/list_hardware_interfaces__struct.hpp
[3.547s] -- Up-to-date: /home/vincentspada/unitree_ws/install/controller_manager_msgs/include/controller_manager_msgs/controller_manager_msgs/srv/detail/list_controller_types__builder.hpp
[3.547s] -- Up-to-date: /home/vincentspada/unitree_ws/install/controller_manager_msgs/include/controller_manager_msgs/controller_manager_msgs/srv/detail/reload_controller_libraries__builder.hpp
[3.548s] -- Up-to-date: /home/vincentspada/unitree_ws/install/controller_manager_msgs/include/controller_manager_msgs/controller_manager_msgs/srv/detail/list_hardware_components__builder.hpp
[3.548s] -- Up-to-date: /home/vincentspada/unitree_ws/install/controller_manager_msgs/include/controller_manager_msgs/controller_manager_msgs/srv/detail/list_hardware_interfaces__traits.hpp
[3.552s] -- Up-to-date: /home/vincentspada/unitree_ws/install/controller_manager_msgs/include/controller_manager_msgs/controller_manager_msgs/srv/detail/unload_controller__struct.hpp
[3.552s] -- Up-to-date: /home/vincentspada/unitree_ws/install/controller_manager_msgs/include/controller_manager_msgs/controller_manager_msgs/srv/detail/set_hardware_component_state__traits.hpp
[3.552s] -- Up-to-date: /home/vincentspada/unitree_ws/install/controller_manager_msgs/include/controller_manager_msgs/controller_manager_msgs/srv/detail/configure_controller__struct.hpp
[3.553s] -- Up-to-date: /home/vincentspada/unitree_ws/install/controller_manager_msgs/include/controller_manager_msgs/controller_manager_msgs/srv/detail/configure_controller__traits.hpp
[3.553s] -- Up-to-date: /home/vincentspada/unitree_ws/install/controller_manager_msgs/include/controller_manager_msgs/controller_manager_msgs/srv/detail/set_hardware_component_state__struct.hpp
[3.553s] -- Up-to-date: /home/vincentspada/unitree_ws/install/controller_manager_msgs/include/controller_manager_msgs/controller_manager_msgs/srv/detail/list_hardware_interfaces__builder.hpp
[3.553s] -- Up-to-date: /home/vincentspada/unitree_ws/install/controller_manager_msgs/include/controller_manager_msgs/controller_manager_msgs/srv/detail/unload_controller__traits.hpp
[3.553s] -- Up-to-date: /home/vincentspada/unitree_ws/install/controller_manager_msgs/include/controller_manager_msgs/controller_manager_msgs/srv/detail/list_controller_types__traits.hpp
[3.553s] -- Up-to-date: /home/vincentspada/unitree_ws/install/controller_manager_msgs/include/controller_manager_msgs/controller_manager_msgs/srv/detail/list_controllers__struct.hpp
[3.554s] -- Up-to-date: /home/vincentspada/unitree_ws/install/controller_manager_msgs/include/controller_manager_msgs/controller_manager_msgs/srv/detail/switch_controller__builder.hpp
[3.554s] -- Up-to-date: /home/vincentspada/unitree_ws/install/controller_manager_msgs/include/controller_manager_msgs/controller_manager_msgs/srv/detail/list_hardware_components__struct.hpp
[3.554s] -- Up-to-date: /home/vincentspada/unitree_ws/install/controller_manager_msgs/include/controller_manager_msgs/controller_manager_msgs/srv/detail/reload_controller_libraries__traits.hpp
[3.554s] -- Up-to-date: /home/vincentspada/unitree_ws/install/controller_manager_msgs/include/controller_manager_msgs/controller_manager_msgs/srv/detail/load_controller__traits.hpp
[3.554s] -- Up-to-date: /home/vincentspada/unitree_ws/install/controller_manager_msgs/include/controller_manager_msgs/controller_manager_msgs/srv/detail/load_controller__builder.hpp
[3.555s] -- Up-to-date: /home/vincentspada/unitree_ws/install/controller_manager_msgs/include/controller_manager_msgs/controller_manager_msgs/srv/detail/switch_controller__traits.hpp
[3.555s] -- Up-to-date: /home/vincentspada/unitree_ws/install/controller_manager_msgs/include/controller_manager_msgs/controller_manager_msgs/srv/detail/list_controllers__traits.hpp
[3.555s] -- Up-to-date: /home/vincentspada/unitree_ws/install/controller_manager_msgs/include/controller_manager_msgs/controller_manager_msgs/srv/reload_controller_libraries.hpp
[3.555s] -- Up-to-date: /home/vincentspada/unitree_ws/install/controller_manager_msgs/include/controller_manager_msgs/controller_manager_msgs/srv/switch_controller.hpp
[3.555s] -- Up-to-date: /home/vincentspada/unitree_ws/install/controller_manager_msgs/include/controller_manager_msgs/controller_manager_msgs/srv/load_controller.hpp
[3.556s] -- Up-to-date: /home/vincentspada/unitree_ws/install/controller_manager_msgs/include/controller_manager_msgs/controller_manager_msgs/msg
[3.556s] -- Up-to-date: /home/vincentspada/unitree_ws/install/controller_manager_msgs/include/controller_manager_msgs/controller_manager_msgs/msg/hardware_interface.hpp
[3.557s] -- Up-to-date: /home/vincentspada/unitree_ws/install/controller_manager_msgs/include/controller_manager_msgs/controller_manager_msgs/msg/controller_state.hpp
[3.557s] -- Up-to-date: /home/vincentspada/unitree_ws/install/controller_manager_msgs/include/controller_manager_msgs/controller_manager_msgs/msg/hardware_component_state.hpp
[3.557s] -- Up-to-date: /home/vincentspada/unitree_ws/install/controller_manager_msgs/include/controller_manager_msgs/controller_manager_msgs/msg/chain_connection.hpp
[3.557s] -- Up-to-date: /home/vincentspada/unitree_ws/install/controller_manager_msgs/include/controller_manager_msgs/controller_manager_msgs/msg/detail
[3.557s] -- Up-to-date: /home/vincentspada/unitree_ws/install/controller_manager_msgs/include/controller_manager_msgs/controller_manager_msgs/msg/detail/controller_state__builder.hpp
[3.558s] -- Up-to-date: /home/vincentspada/unitree_ws/install/controller_manager_msgs/include/controller_manager_msgs/controller_manager_msgs/msg/detail/hardware_component_state__struct.hpp
[3.558s] -- Up-to-date: /home/vincentspada/unitree_ws/install/controller_manager_msgs/include/controller_manager_msgs/controller_manager_msgs/msg/detail/controller_state__struct.hpp
[3.558s] -- Up-to-date: /home/vincentspada/unitree_ws/install/controller_manager_msgs/include/controller_manager_msgs/controller_manager_msgs/msg/detail/hardware_component_state__traits.hpp
[3.558s] -- Up-to-date: /home/vincentspada/unitree_ws/install/controller_manager_msgs/include/controller_manager_msgs/controller_manager_msgs/msg/detail/hardware_interface__traits.hpp
[3.558s] -- Up-to-date: /home/vincentspada/unitree_ws/install/controller_manager_msgs/include/controller_manager_msgs/controller_manager_msgs/msg/detail/chain_connection__builder.hpp
[3.558s] -- Up-to-date: /home/vincentspada/unitree_ws/install/controller_manager_msgs/include/controller_manager_msgs/controller_manager_msgs/msg/detail/hardware_interface__struct.hpp
[3.559s] -- Up-to-date: /home/vincentspada/unitree_ws/install/controller_manager_msgs/include/controller_manager_msgs/controller_manager_msgs/msg/detail/chain_connection__traits.hpp
[3.559s] -- Up-to-date: /home/vincentspada/unitree_ws/install/controller_manager_msgs/include/controller_manager_msgs/controller_manager_msgs/msg/detail/controller_state__traits.hpp
[3.559s] -- Up-to-date: /home/vincentspada/unitree_ws/install/controller_manager_msgs/include/controller_manager_msgs/controller_manager_msgs/msg/detail/hardware_interface__builder.hpp
[3.559s] -- Up-to-date: /home/vincentspada/unitree_ws/install/controller_manager_msgs/include/controller_manager_msgs/controller_manager_msgs/msg/detail/chain_connection__struct.hpp
[3.567s] -- Up-to-date: /home/vincentspada/unitree_ws/install/controller_manager_msgs/include/controller_manager_msgs/controller_manager_msgs/msg/detail/hardware_component_state__builder.hpp
[3.567s] -- Up-to-date: /home/vincentspada/unitree_ws/install/controller_manager_msgs/include/controller_manager_msgs/controller_manager_msgs
[3.568s] -- Up-to-date: /home/vincentspada/unitree_ws/install/controller_manager_msgs/include/controller_manager_msgs/controller_manager_msgs/srv
[3.568s] -- Up-to-date: /home/vincentspada/unitree_ws/install/controller_manager_msgs/include/controller_manager_msgs/controller_manager_msgs/srv/detail
[3.568s] -- Up-to-date: /home/vincentspada/unitree_ws/install/controller_manager_msgs/include/controller_manager_msgs/controller_manager_msgs/srv/detail/configure_controller__rosidl_typesupport_fastrtps_cpp.hpp
[3.568s] -- Up-to-date: /home/vincentspada/unitree_ws/install/controller_manager_msgs/include/controller_manager_msgs/controller_manager_msgs/srv/detail/reload_controller_libraries__rosidl_typesupport_fastrtps_cpp.hpp
[3.569s] -- Up-to-date: /home/vincentspada/unitree_ws/install/controller_manager_msgs/include/controller_manager_msgs/controller_manager_msgs/srv/detail/list_controllers__rosidl_typesupport_fastrtps_cpp.hpp
[3.569s] -- Up-to-date: /home/vincentspada/unitree_ws/install/controller_manager_msgs/include/controller_manager_msgs/controller_manager_msgs/srv/detail/list_hardware_components__rosidl_typesupport_fastrtps_cpp.hpp
[3.569s] -- Up-to-date: /home/vincentspada/unitree_ws/install/controller_manager_msgs/include/controller_manager_msgs/controller_manager_msgs/srv/detail/unload_controller__rosidl_typesupport_fastrtps_cpp.hpp
[3.569s] -- Up-to-date: /home/vincentspada/unitree_ws/install/controller_manager_msgs/include/controller_manager_msgs/controller_manager_msgs/srv/detail/list_hardware_interfaces__rosidl_typesupport_fastrtps_cpp.hpp
[3.570s] -- Up-to-date: /home/vincentspada/unitree_ws/install/controller_manager_msgs/include/controller_manager_msgs/controller_manager_msgs/srv/detail/set_hardware_component_state__rosidl_typesupport_fastrtps_cpp.hpp
[3.570s] -- Up-to-date: /home/vincentspada/unitree_ws/install/controller_manager_msgs/include/controller_manager_msgs/controller_manager_msgs/srv/detail/list_controller_types__rosidl_typesupport_fastrtps_cpp.hpp
[3.570s] -- Up-to-date: /home/vincentspada/unitree_ws/install/controller_manager_msgs/include/controller_manager_msgs/controller_manager_msgs/srv/detail/load_controller__rosidl_typesupport_fastrtps_cpp.hpp
[3.570s] -- Up-to-date: /home/vincentspada/unitree_ws/install/controller_manager_msgs/include/controller_manager_msgs/controller_manager_msgs/srv/detail/dds_fastrtps
[3.570s] -- Up-to-date: /home/vincentspada/unitree_ws/install/controller_manager_msgs/include/controller_manager_msgs/controller_manager_msgs/srv/detail/switch_controller__rosidl_typesupport_fastrtps_cpp.hpp
[3.571s] -- Up-to-date: /home/vincentspada/unitree_ws/install/controller_manager_msgs/include/controller_manager_msgs/controller_manager_msgs/msg
[3.571s] -- Up-to-date: /home/vincentspada/unitree_ws/install/controller_manager_msgs/include/controller_manager_msgs/controller_manager_msgs/msg/detail
[3.571s] -- Up-to-date: /home/vincentspada/unitree_ws/install/controller_manager_msgs/include/controller_manager_msgs/controller_manager_msgs/msg/detail/hardware_interface__rosidl_typesupport_fastrtps_cpp.hpp
[3.571s] -- Up-to-date: /home/vincentspada/unitree_ws/install/controller_manager_msgs/include/controller_manager_msgs/controller_manager_msgs/msg/detail/chain_connection__rosidl_typesupport_fastrtps_cpp.hpp
[3.572s] -- Up-to-date: /home/vincentspada/unitree_ws/install/controller_manager_msgs/include/controller_manager_msgs/controller_manager_msgs/msg/detail/hardware_component_state__rosidl_typesupport_fastrtps_cpp.hpp
[3.572s] -- Up-to-date: /home/vincentspada/unitree_ws/install/controller_manager_msgs/include/controller_manager_msgs/controller_manager_msgs/msg/detail/dds_fastrtps
[3.572s] -- Up-to-date: /home/vincentspada/unitree_ws/install/controller_manager_msgs/include/controller_manager_msgs/controller_manager_msgs/msg/detail/controller_state__rosidl_typesupport_fastrtps_cpp.hpp
[3.572s] -- Up-to-date: /home/vincentspada/unitree_ws/install/controller_manager_msgs/include/controller_manager_msgs/controller_manager_msgs/msg/rosidl_typesupport_fastrtps_cpp__visibility_control.h
[3.573s] -- Up-to-date: /home/vincentspada/unitree_ws/install/controller_manager_msgs/lib/libcontroller_manager_msgs__rosidl_typesupport_fastrtps_cpp.so
[3.573s] -- Up-to-date: /home/vincentspada/unitree_ws/install/controller_manager_msgs/include/controller_manager_msgs/controller_manager_msgs
[3.585s] -- Up-to-date: /home/vincentspada/unitree_ws/install/controller_manager_msgs/include/controller_manager_msgs/controller_manager_msgs/srv
[3.585s] -- Up-to-date: /home/vincentspada/unitree_ws/install/controller_manager_msgs/include/controller_manager_msgs/controller_manager_msgs/srv/detail
[3.585s] -- Up-to-date: /home/vincentspada/unitree_ws/install/controller_manager_msgs/include/controller_manager_msgs/controller_manager_msgs/srv/detail/list_controllers__type_support.c
[3.586s] -- Up-to-date: /home/vincentspada/unitree_ws/install/controller_manager_msgs/include/controller_manager_msgs/controller_manager_msgs/srv/detail/list_controller_types__rosidl_typesupport_introspection_c.h
[3.586s] -- Up-to-date: /home/vincentspada/unitree_ws/install/controller_manager_msgs/include/controller_manager_msgs/controller_manager_msgs/srv/detail/configure_controller__rosidl_typesupport_introspection_c.h
[3.586s] -- Up-to-date: /home/vincentspada/unitree_ws/install/controller_manager_msgs/include/controller_manager_msgs/controller_manager_msgs/srv/detail/reload_controller_libraries__rosidl_typesupport_introspection_c.h
[3.586s] -- Up-to-date: /home/vincentspada/unitree_ws/install/controller_manager_msgs/include/controller_manager_msgs/controller_manager_msgs/srv/detail/list_hardware_interfaces__type_support.c
[3.586s] -- Up-to-date: /home/vincentspada/unitree_ws/install/controller_manager_msgs/include/controller_manager_msgs/controller_manager_msgs/srv/detail/list_hardware_interfaces__rosidl_typesupport_introspection_c.h
[3.587s] -- Up-to-date: /home/vincentspada/unitree_ws/install/controller_manager_msgs/include/controller_manager_msgs/controller_manager_msgs/srv/detail/list_hardware_components__type_support.c
[3.587s] -- Up-to-date: /home/vincentspada/unitree_ws/install/controller_manager_msgs/include/controller_manager_msgs/controller_manager_msgs/srv/detail/load_controller__type_support.c
[3.587s] -- Up-to-date: /home/vincentspada/unitree_ws/install/controller_manager_msgs/include/controller_manager_msgs/controller_manager_msgs/srv/detail/load_controller__rosidl_typesupport_introspection_c.h
[3.587s] -- Up-to-date: /home/vincentspada/unitree_ws/install/controller_manager_msgs/include/controller_manager_msgs/controller_manager_msgs/srv/detail/switch_controller__rosidl_typesupport_introspection_c.h
[3.587s] -- Up-to-date: /home/vincentspada/unitree_ws/install/controller_manager_msgs/include/controller_manager_msgs/controller_manager_msgs/srv/detail/set_hardware_component_state__rosidl_typesupport_introspection_c.h
[3.601s] -- Up-to-date: /home/vincentspada/unitree_ws/install/controller_manager_msgs/include/controller_manager_msgs/controller_manager_msgs/srv/detail/unload_controller__type_support.c
[3.602s] -- Up-to-date: /home/vincentspada/unitree_ws/install/controller_manager_msgs/include/controller_manager_msgs/controller_manager_msgs/srv/detail/unload_controller__rosidl_typesupport_introspection_c.h
[3.602s] -- Up-to-date: /home/vincentspada/unitree_ws/install/controller_manager_msgs/include/controller_manager_msgs/controller_manager_msgs/srv/detail/list_controller_types__type_support.c
[3.602s] -- Up-to-date: /home/vincentspada/unitree_ws/install/controller_manager_msgs/include/controller_manager_msgs/controller_manager_msgs/srv/detail/list_hardware_components__rosidl_typesupport_introspection_c.h
[3.602s] -- Up-to-date: /home/vincentspada/unitree_ws/install/controller_manager_msgs/include/controller_manager_msgs/controller_manager_msgs/srv/detail/reload_controller_libraries__type_support.c
[3.603s] -- Up-to-date: /home/vincentspada/unitree_ws/install/controller_manager_msgs/include/controller_manager_msgs/controller_manager_msgs/srv/detail/switch_controller__type_support.c
[3.603s] -- Up-to-date: /home/vincentspada/unitree_ws/install/controller_manager_msgs/include/controller_manager_msgs/controller_manager_msgs/srv/detail/list_controllers__rosidl_typesupport_introspection_c.h
[3.603s] -- Up-to-date: /home/vincentspada/unitree_ws/install/controller_manager_msgs/include/controller_manager_msgs/controller_manager_msgs/srv/detail/configure_controller__type_support.c
[3.603s] -- Up-to-date: /home/vincentspada/unitree_ws/install/controller_manager_msgs/include/controller_manager_msgs/controller_manager_msgs/srv/detail/set_hardware_component_state__type_support.c
[3.603s] -- Up-to-date: /home/vincentspada/unitree_ws/install/controller_manager_msgs/include/controller_manager_msgs/controller_manager_msgs/msg
[3.603s] -- Up-to-date: /home/vincentspada/unitree_ws/install/controller_manager_msgs/include/controller_manager_msgs/controller_manager_msgs/msg/rosidl_typesupport_introspection_c__visibility_control.h
[3.604s] -- Up-to-date: /home/vincentspada/unitree_ws/install/controller_manager_msgs/include/controller_manager_msgs/controller_manager_msgs/msg/detail
[3.604s] -- Up-to-date: /home/vincentspada/unitree_ws/install/controller_manager_msgs/include/controller_manager_msgs/controller_manager_msgs/msg/detail/controller_state__rosidl_typesupport_introspection_c.h
[3.604s] -- Up-to-date: /home/vincentspada/unitree_ws/install/controller_manager_msgs/include/controller_manager_msgs/controller_manager_msgs/msg/detail/hardware_interface__type_support.c
[3.604s] -- Up-to-date: /home/vincentspada/unitree_ws/install/controller_manager_msgs/include/controller_manager_msgs/controller_manager_msgs/msg/detail/hardware_component_state__type_support.c
[3.604s] -- Up-to-date: /home/vincentspada/unitree_ws/install/controller_manager_msgs/include/controller_manager_msgs/controller_manager_msgs/msg/detail/hardware_interface__rosidl_typesupport_introspection_c.h
[3.605s] -- Up-to-date: /home/vincentspada/unitree_ws/install/controller_manager_msgs/include/controller_manager_msgs/controller_manager_msgs/msg/detail/chain_connection__rosidl_typesupport_introspection_c.h
[3.605s] -- Up-to-date: /home/vincentspada/unitree_ws/install/controller_manager_msgs/include/controller_manager_msgs/controller_manager_msgs/msg/detail/controller_state__type_support.c
[3.605s] -- Up-to-date: /home/vincentspada/unitree_ws/install/controller_manager_msgs/include/controller_manager_msgs/controller_manager_msgs/msg/detail/hardware_component_state__rosidl_typesupport_introspection_c.h
[3.605s] -- Up-to-date: /home/vincentspada/unitree_ws/install/controller_manager_msgs/include/controller_manager_msgs/controller_manager_msgs/msg/detail/chain_connection__type_support.c
[3.605s] -- Up-to-date: /home/vincentspada/unitree_ws/install/controller_manager_msgs/lib/libcontroller_manager_msgs__rosidl_typesupport_introspection_c.so
[3.605s] -- Up-to-date: /home/vincentspada/unitree_ws/install/controller_manager_msgs/lib/libcontroller_manager_msgs__rosidl_typesupport_c.so
[3.606s] -- Up-to-date: /home/vincentspada/unitree_ws/install/controller_manager_msgs/include/controller_manager_msgs/controller_manager_msgs
[3.606s] -- Up-to-date: /home/vincentspada/unitree_ws/install/controller_manager_msgs/include/controller_manager_msgs/controller_manager_msgs/srv
[3.606s] -- Up-to-date: /home/vincentspada/unitree_ws/install/controller_manager_msgs/include/controller_manager_msgs/controller_manager_msgs/srv/detail
[3.606s] -- Up-to-date: /home/vincentspada/unitree_ws/install/controller_manager_msgs/include/controller_manager_msgs/controller_manager_msgs/srv/detail/switch_controller__rosidl_typesupport_introspection_cpp.hpp
[3.606s] -- Up-to-date: /home/vincentspada/unitree_ws/install/controller_manager_msgs/include/controller_manager_msgs/controller_manager_msgs/srv/detail/list_hardware_interfaces__rosidl_typesupport_introspection_cpp.hpp
[3.607s] -- Up-to-date: /home/vincentspada/unitree_ws/install/controller_manager_msgs/include/controller_manager_msgs/controller_manager_msgs/srv/detail/unload_controller__type_support.cpp
[3.607s] -- Up-to-date: /home/vincentspada/unitree_ws/install/controller_manager_msgs/include/controller_manager_msgs/controller_manager_msgs/srv/detail/list_hardware_components__rosidl_typesupport_introspection_cpp.hpp
[3.607s] -- Up-to-date: /home/vincentspada/unitree_ws/install/controller_manager_msgs/include/controller_manager_msgs/controller_manager_msgs/srv/detail/list_controller_types__type_support.cpp
[3.607s] -- Up-to-date: /home/vincentspada/unitree_ws/install/controller_manager_msgs/include/controller_manager_msgs/controller_manager_msgs/srv/detail/set_hardware_component_state__type_support.cpp
[3.607s] -- Up-to-date: /home/vincentspada/unitree_ws/install/controller_manager_msgs/include/controller_manager_msgs/controller_manager_msgs/srv/detail/configure_controller__rosidl_typesupport_introspection_cpp.hpp
[3.607s] -- Up-to-date: /home/vincentspada/unitree_ws/install/controller_manager_msgs/include/controller_manager_msgs/controller_manager_msgs/srv/detail/list_controllers__type_support.cpp
[3.608s] -- Up-to-date: /home/vincentspada/unitree_ws/install/controller_manager_msgs/include/controller_manager_msgs/controller_manager_msgs/srv/detail/load_controller__type_support.cpp
[3.608s] -- Up-to-date: /home/vincentspada/unitree_ws/install/controller_manager_msgs/include/controller_manager_msgs/controller_manager_msgs/srv/detail/reload_controller_libraries__rosidl_typesupport_introspection_cpp.hpp
[3.608s] -- Up-to-date: /home/vincentspada/unitree_ws/install/controller_manager_msgs/include/controller_manager_msgs/controller_manager_msgs/srv/detail/load_controller__rosidl_typesupport_introspection_cpp.hpp
[3.608s] -- Up-to-date: /home/vincentspada/unitree_ws/install/controller_manager_msgs/include/controller_manager_msgs/controller_manager_msgs/srv/detail/set_hardware_component_state__rosidl_typesupport_introspection_cpp.hpp
[3.608s] -- Up-to-date: /home/vincentspada/unitree_ws/install/controller_manager_msgs/include/controller_manager_msgs/controller_manager_msgs/srv/detail/configure_controller__type_support.cpp
[3.608s] -- Up-to-date: /home/vincentspada/unitree_ws/install/controller_manager_msgs/include/controller_manager_msgs/controller_manager_msgs/srv/detail/list_hardware_components__type_support.cpp
[3.609s] -- Up-to-date: /home/vincentspada/unitree_ws/install/controller_manager_msgs/include/controller_manager_msgs/controller_manager_msgs/srv/detail/list_controller_types__rosidl_typesupport_introspection_cpp.hpp
[3.609s] -- Up-to-date: /home/vincentspada/unitree_ws/install/controller_manager_msgs/include/controller_manager_msgs/controller_manager_msgs/srv/detail/unload_controller__rosidl_typesupport_introspection_cpp.hpp
[3.609s] -- Up-to-date: /home/vincentspada/unitree_ws/install/controller_manager_msgs/include/controller_manager_msgs/controller_manager_msgs/srv/detail/reload_controller_libraries__type_support.cpp
[3.609s] -- Up-to-date: /home/vincentspada/unitree_ws/install/controller_manager_msgs/include/controller_manager_msgs/controller_manager_msgs/srv/detail/list_controllers__rosidl_typesupport_introspection_cpp.hpp
[3.609s] -- Up-to-date: /home/vincentspada/unitree_ws/install/controller_manager_msgs/include/controller_manager_msgs/controller_manager_msgs/srv/detail/list_hardware_interfaces__type_support.cpp
[3.609s] -- Up-to-date: /home/vincentspada/unitree_ws/install/controller_manager_msgs/include/controller_manager_msgs/controller_manager_msgs/srv/detail/switch_controller__type_support.cpp
[3.610s] -- Up-to-date: /home/vincentspada/unitree_ws/install/controller_manager_msgs/include/controller_manager_msgs/controller_manager_msgs/msg
[3.610s] -- Up-to-date: /home/vincentspada/unitree_ws/install/controller_manager_msgs/include/controller_manager_msgs/controller_manager_msgs/msg/detail
[3.610s] -- Up-to-date: /home/vincentspada/unitree_ws/install/controller_manager_msgs/include/controller_manager_msgs/controller_manager_msgs/msg/detail/hardware_component_state__type_support.cpp
[3.610s] -- Up-to-date: /home/vincentspada/unitree_ws/install/controller_manager_msgs/include/controller_manager_msgs/controller_manager_msgs/msg/detail/chain_connection__type_support.cpp
[3.610s] -- Up-to-date: /home/vincentspada/unitree_ws/install/controller_manager_msgs/include/controller_manager_msgs/controller_manager_msgs/msg/detail/controller_state__rosidl_typesupport_introspection_cpp.hpp
[3.611s] -- Up-to-date: /home/vincentspada/unitree_ws/install/controller_manager_msgs/include/controller_manager_msgs/controller_manager_msgs/msg/detail/chain_connection__rosidl_typesupport_introspection_cpp.hpp
[3.611s] -- Up-to-date: /home/vincentspada/unitree_ws/install/controller_manager_msgs/include/controller_manager_msgs/controller_manager_msgs/msg/detail/hardware_interface__type_support.cpp
[3.611s] -- Up-to-date: /home/vincentspada/unitree_ws/install/controller_manager_msgs/include/controller_manager_msgs/controller_manager_msgs/msg/detail/hardware_interface__rosidl_typesupport_introspection_cpp.hpp
[3.611s] -- Up-to-date: /home/vincentspada/unitree_ws/install/controller_manager_msgs/include/controller_manager_msgs/controller_manager_msgs/msg/detail/hardware_component_state__rosidl_typesupport_introspection_cpp.hpp
[3.611s] -- Up-to-date: /home/vincentspada/unitree_ws/install/controller_manager_msgs/include/controller_manager_msgs/controller_manager_msgs/msg/detail/controller_state__type_support.cpp
[3.612s] -- Up-to-date: /home/vincentspada/unitree_ws/install/controller_manager_msgs/lib/libcontroller_manager_msgs__rosidl_typesupport_introspection_cpp.so
[3.612s] -- Up-to-date: /home/vincentspada/unitree_ws/install/controller_manager_msgs/lib/libcontroller_manager_msgs__rosidl_typesupport_cpp.so
[3.612s] -- Up-to-date: /home/vincentspada/unitree_ws/install/controller_manager_msgs/share/controller_manager_msgs/environment/pythonpath.sh
[3.612s] -- Up-to-date: /home/vincentspada/unitree_ws/install/controller_manager_msgs/share/controller_manager_msgs/environment/pythonpath.dsv
[3.612s] -- Up-to-date: /home/vincentspada/unitree_ws/install/controller_manager_msgs/local/lib/python3.10/dist-packages/controller_manager_msgs-2.31.0-py3.10.egg-info
[3.613s] -- Installing: /home/vincentspada/unitree_ws/install/controller_manager_msgs/local/lib/python3.10/dist-packages/controller_manager_msgs-2.31.0-py3.10.egg-info/dependency_links.txt
[3.613s] -- Installing: /home/vincentspada/unitree_ws/install/controller_manager_msgs/local/lib/python3.10/dist-packages/controller_manager_msgs-2.31.0-py3.10.egg-info/PKG-INFO
[3.613s] -- Installing: /home/vincentspada/unitree_ws/install/controller_manager_msgs/local/lib/python3.10/dist-packages/controller_manager_msgs-2.31.0-py3.10.egg-info/top_level.txt
[3.613s] -- Installing: /home/vincentspada/unitree_ws/install/controller_manager_msgs/local/lib/python3.10/dist-packages/controller_manager_msgs-2.31.0-py3.10.egg-info/SOURCES.txt
[3.613s] -- Up-to-date: /home/vincentspada/unitree_ws/install/controller_manager_msgs/local/lib/python3.10/dist-packages/controller_manager_msgs
[3.614s] -- Up-to-date: /home/vincentspada/unitree_ws/install/controller_manager_msgs/local/lib/python3.10/dist-packages/controller_manager_msgs/_controller_manager_msgs_s.ep.rosidl_typesupport_introspection_c.c
[3.614s] -- Up-to-date: /home/vincentspada/unitree_ws/install/controller_manager_msgs/local/lib/python3.10/dist-packages/controller_manager_msgs/controller_manager_msgs_s__rosidl_typesupport_introspection_c.cpython-310-x86_64-linux-gnu.so
[3.614s] -- Up-to-date: /home/vincentspada/unitree_ws/install/controller_manager_msgs/local/lib/python3.10/dist-packages/controller_manager_msgs/_controller_manager_msgs_s.ep.rosidl_typesupport_c.c
[3.614s] -- Up-to-date: /home/vincentspada/unitree_ws/install/controller_manager_msgs/local/lib/python3.10/dist-packages/controller_manager_msgs/controller_manager_msgs_s__rosidl_typesupport_fastrtps_c.cpython-310-x86_64-linux-gnu.so
[3.615s] -- Up-to-date: /home/vincentspada/unitree_ws/install/controller_manager_msgs/local/lib/python3.10/dist-packages/controller_manager_msgs/libcontroller_manager_msgs__rosidl_generator_py.so
[3.615s] -- Up-to-date: /home/vincentspada/unitree_ws/install/controller_manager_msgs/local/lib/python3.10/dist-packages/controller_manager_msgs/controller_manager_msgs_s__rosidl_typesupport_c.cpython-310-x86_64-linux-gnu.so
[3.615s] -- Up-to-date: /home/vincentspada/unitree_ws/install/controller_manager_msgs/local/lib/python3.10/dist-packages/controller_manager_msgs/__init__.py
[3.615s] -- Up-to-date: /home/vincentspada/unitree_ws/install/controller_manager_msgs/local/lib/python3.10/dist-packages/controller_manager_msgs/srv
[3.615s] -- Up-to-date: /home/vincentspada/unitree_ws/install/controller_manager_msgs/local/lib/python3.10/dist-packages/controller_manager_msgs/srv/_switch_controller_s.c
[3.616s] -- Up-to-date: /home/vincentspada/unitree_ws/install/controller_manager_msgs/local/lib/python3.10/dist-packages/controller_manager_msgs/srv/_configure_controller_s.c
[3.616s] -- Up-to-date: /home/vincentspada/unitree_ws/install/controller_manager_msgs/local/lib/python3.10/dist-packages/controller_manager_msgs/srv/_switch_controller.py
[3.616s] -- Up-to-date: /home/vincentspada/unitree_ws/install/controller_manager_msgs/local/lib/python3.10/dist-packages/controller_manager_msgs/srv/_list_controller_types.py
[3.616s] -- Up-to-date: /home/vincentspada/unitree_ws/install/controller_manager_msgs/local/lib/python3.10/dist-packages/controller_manager_msgs/srv/_unload_controller_s.c
[3.616s] -- Up-to-date: /home/vincentspada/unitree_ws/install/controller_manager_msgs/local/lib/python3.10/dist-packages/controller_manager_msgs/srv/_reload_controller_libraries_s.c
[3.617s] -- Up-to-date: /home/vincentspada/unitree_ws/install/controller_manager_msgs/local/lib/python3.10/dist-packages/controller_manager_msgs/srv/_list_hardware_components.py
[3.617s] -- Up-to-date: /home/vincentspada/unitree_ws/install/controller_manager_msgs/local/lib/python3.10/dist-packages/controller_manager_msgs/srv/__init__.py
[3.617s] -- Up-to-date: /home/vincentspada/unitree_ws/install/controller_manager_msgs/local/lib/python3.10/dist-packages/controller_manager_msgs/srv/_list_controllers.py
[3.618s] -- Up-to-date: /home/vincentspada/unitree_ws/install/controller_manager_msgs/local/lib/python3.10/dist-packages/controller_manager_msgs/srv/_list_hardware_interfaces_s.c
[3.618s] -- Up-to-date: /home/vincentspada/unitree_ws/install/controller_manager_msgs/local/lib/python3.10/dist-packages/controller_manager_msgs/srv/_reload_controller_libraries.py
[3.618s] -- Up-to-date: /home/vincentspada/unitree_ws/install/controller_manager_msgs/local/lib/python3.10/dist-packages/controller_manager_msgs/srv/_load_controller.py
[3.618s] -- Up-to-date: /home/vincentspada/unitree_ws/install/controller_manager_msgs/local/lib/python3.10/dist-packages/controller_manager_msgs/srv/_load_controller_s.c
[3.619s] -- Up-to-date: /home/vincentspada/unitree_ws/install/controller_manager_msgs/local/lib/python3.10/dist-packages/controller_manager_msgs/srv/_configure_controller.py
[3.619s] -- Up-to-date: /home/vincentspada/unitree_ws/install/controller_manager_msgs/local/lib/python3.10/dist-packages/controller_manager_msgs/srv/_list_hardware_interfaces.py
[3.619s] -- Up-to-date: /home/vincentspada/unitree_ws/install/controller_manager_msgs/local/lib/python3.10/dist-packages/controller_manager_msgs/srv/_set_hardware_component_state_s.c
[3.619s] -- Up-to-date: /home/vincentspada/unitree_ws/install/controller_manager_msgs/local/lib/python3.10/dist-packages/controller_manager_msgs/srv/_unload_controller.py
[3.619s] -- Up-to-date: /home/vincentspada/unitree_ws/install/controller_manager_msgs/local/lib/python3.10/dist-packages/controller_manager_msgs/srv/_list_controllers_s.c
[3.620s] -- Up-to-date: /home/vincentspada/unitree_ws/install/controller_manager_msgs/local/lib/python3.10/dist-packages/controller_manager_msgs/srv/_set_hardware_component_state.py
[3.620s] -- Up-to-date: /home/vincentspada/unitree_ws/install/controller_manager_msgs/local/lib/python3.10/dist-packages/controller_manager_msgs/srv/_list_hardware_components_s.c
[3.620s] -- Up-to-date: /home/vincentspada/unitree_ws/install/controller_manager_msgs/local/lib/python3.10/dist-packages/controller_manager_msgs/srv/_list_controller_types_s.c
[3.620s] -- Up-to-date: /home/vincentspada/unitree_ws/install/controller_manager_msgs/local/lib/python3.10/dist-packages/controller_manager_msgs/msg
[3.620s] -- Up-to-date: /home/vincentspada/unitree_ws/install/controller_manager_msgs/local/lib/python3.10/dist-packages/controller_manager_msgs/msg/_hardware_interface_s.c
[3.620s] -- Up-to-date: /home/vincentspada/unitree_ws/install/controller_manager_msgs/local/lib/python3.10/dist-packages/controller_manager_msgs/msg/_controller_state.py
[3.621s] -- Up-to-date: /home/vincentspada/unitree_ws/install/controller_manager_msgs/local/lib/python3.10/dist-packages/controller_manager_msgs/msg/_hardware_interface.py
[3.621s] -- Up-to-date: /home/vincentspada/unitree_ws/install/controller_manager_msgs/local/lib/python3.10/dist-packages/controller_manager_msgs/msg/_hardware_component_state_s.c
[3.621s] -- Up-to-date: /home/vincentspada/unitree_ws/install/controller_manager_msgs/local/lib/python3.10/dist-packages/controller_manager_msgs/msg/__init__.py
[3.621s] -- Up-to-date: /home/vincentspada/unitree_ws/install/controller_manager_msgs/local/lib/python3.10/dist-packages/controller_manager_msgs/msg/_controller_state_s.c
[3.621s] -- Up-to-date: /home/vincentspada/unitree_ws/install/controller_manager_msgs/local/lib/python3.10/dist-packages/controller_manager_msgs/msg/_hardware_component_state.py
[3.622s] -- Up-to-date: /home/vincentspada/unitree_ws/install/controller_manager_msgs/local/lib/python3.10/dist-packages/controller_manager_msgs/msg/_chain_connection_s.c
[3.622s] -- Up-to-date: /home/vincentspada/unitree_ws/install/controller_manager_msgs/local/lib/python3.10/dist-packages/controller_manager_msgs/msg/_chain_connection.py
[3.622s] -- Up-to-date: /home/vincentspada/unitree_ws/install/controller_manager_msgs/local/lib/python3.10/dist-packages/controller_manager_msgs/_controller_manager_msgs_s.ep.rosidl_typesupport_fastrtps_c.c
[3.627s] Listing '/home/vincentspada/unitree_ws/install/controller_manager_msgs/local/lib/python3.10/dist-packages/controller_manager_msgs'...
[3.627s] Listing '/home/vincentspada/unitree_ws/install/controller_manager_msgs/local/lib/python3.10/dist-packages/controller_manager_msgs/msg'...
[3.627s] Listing '/home/vincentspada/unitree_ws/install/controller_manager_msgs/local/lib/python3.10/dist-packages/controller_manager_msgs/srv'...
[3.637s] -- Up-to-date: /home/vincentspada/unitree_ws/install/controller_manager_msgs/local/lib/python3.10/dist-packages/controller_manager_msgs/controller_manager_msgs_s__rosidl_typesupport_fastrtps_c.cpython-310-x86_64-linux-gnu.so
[3.638s] -- Up-to-date: /home/vincentspada/unitree_ws/install/controller_manager_msgs/local/lib/python3.10/dist-packages/controller_manager_msgs/controller_manager_msgs_s__rosidl_typesupport_introspection_c.cpython-310-x86_64-linux-gnu.so
[3.639s] -- Up-to-date: /home/vincentspada/unitree_ws/install/controller_manager_msgs/local/lib/python3.10/dist-packages/controller_manager_msgs/controller_manager_msgs_s__rosidl_typesupport_c.cpython-310-x86_64-linux-gnu.so
[3.640s] -- Up-to-date: /home/vincentspada/unitree_ws/install/controller_manager_msgs/lib/libcontroller_manager_msgs__rosidl_generator_py.so
[3.641s] -- Up-to-date: /home/vincentspada/unitree_ws/install/controller_manager_msgs/share/controller_manager_msgs/msg/ControllerState.idl
[3.642s] -- Up-to-date: /home/vincentspada/unitree_ws/install/controller_manager_msgs/share/controller_manager_msgs/msg/ChainConnection.idl
[3.642s] -- Up-to-date: /home/vincentspada/unitree_ws/install/controller_manager_msgs/share/controller_manager_msgs/msg/HardwareComponentState.idl
[3.642s] -- Up-to-date: /home/vincentspada/unitree_ws/install/controller_manager_msgs/share/controller_manager_msgs/msg/HardwareInterface.idl
[3.643s] -- Up-to-date: /home/vincentspada/unitree_ws/install/controller_manager_msgs/share/controller_manager_msgs/srv/ConfigureController.idl
[3.643s] -- Up-to-date: /home/vincentspada/unitree_ws/install/controller_manager_msgs/share/controller_manager_msgs/srv/ListControllers.idl
[3.643s] -- Up-to-date: /home/vincentspada/unitree_ws/install/controller_manager_msgs/share/controller_manager_msgs/srv/ListControllerTypes.idl
[3.644s] -- Up-to-date: /home/vincentspada/unitree_ws/install/controller_manager_msgs/share/controller_manager_msgs/srv/ListHardwareComponents.idl
[3.644s] -- Up-to-date: /home/vincentspada/unitree_ws/install/controller_manager_msgs/share/controller_manager_msgs/srv/ListHardwareInterfaces.idl
[3.644s] -- Up-to-date: /home/vincentspada/unitree_ws/install/controller_manager_msgs/share/controller_manager_msgs/srv/LoadController.idl
[3.647s] -- Up-to-date: /home/vincentspada/unitree_ws/install/controller_manager_msgs/share/controller_manager_msgs/srv/ReloadControllerLibraries.idl
[3.647s] -- Up-to-date: /home/vincentspada/unitree_ws/install/controller_manager_msgs/share/controller_manager_msgs/srv/SetHardwareComponentState.idl
[3.648s] -- Up-to-date: /home/vincentspada/unitree_ws/install/controller_manager_msgs/share/controller_manager_msgs/srv/SwitchController.idl
[3.648s] -- Up-to-date: /home/vincentspada/unitree_ws/install/controller_manager_msgs/share/controller_manager_msgs/srv/UnloadController.idl
[3.648s] -- Up-to-date: /home/vincentspada/unitree_ws/install/controller_manager_msgs/share/controller_manager_msgs/msg/ControllerState.msg
[3.648s] -- Up-to-date: /home/vincentspada/unitree_ws/install/controller_manager_msgs/share/controller_manager_msgs/msg/ChainConnection.msg
[3.649s] -- Up-to-date: /home/vincentspada/unitree_ws/install/controller_manager_msgs/share/controller_manager_msgs/msg/HardwareComponentState.msg
[3.649s] -- Up-to-date: /home/vincentspada/unitree_ws/install/controller_manager_msgs/share/controller_manager_msgs/msg/HardwareInterface.msg
[3.649s] -- Up-to-date: /home/vincentspada/unitree_ws/install/controller_manager_msgs/share/controller_manager_msgs/srv/ConfigureController.srv
[3.650s] -- Up-to-date: /home/vincentspada/unitree_ws/install/controller_manager_msgs/share/controller_manager_msgs/srv/ConfigureController_Request.msg
[3.650s] -- Up-to-date: /home/vincentspada/unitree_ws/install/controller_manager_msgs/share/controller_manager_msgs/srv/ConfigureController_Response.msg
[3.650s] -- Up-to-date: /home/vincentspada/unitree_ws/install/controller_manager_msgs/share/controller_manager_msgs/srv/ListControllers.srv
[3.650s] -- Up-to-date: /home/vincentspada/unitree_ws/install/controller_manager_msgs/share/controller_manager_msgs/srv/ListControllers_Request.msg
[3.651s] -- Up-to-date: /home/vincentspada/unitree_ws/install/controller_manager_msgs/share/controller_manager_msgs/srv/ListControllers_Response.msg
[3.651s] -- Up-to-date: /home/vincentspada/unitree_ws/install/controller_manager_msgs/share/controller_manager_msgs/srv/ListControllerTypes.srv
[3.651s] -- Up-to-date: /home/vincentspada/unitree_ws/install/controller_manager_msgs/share/controller_manager_msgs/srv/ListControllerTypes_Request.msg
[3.652s] -- Up-to-date: /home/vincentspada/unitree_ws/install/controller_manager_msgs/share/controller_manager_msgs/srv/ListControllerTypes_Response.msg
[3.652s] -- Up-to-date: /home/vincentspada/unitree_ws/install/controller_manager_msgs/share/controller_manager_msgs/srv/ListHardwareComponents.srv
[3.652s] -- Up-to-date: /home/vincentspada/unitree_ws/install/controller_manager_msgs/share/controller_manager_msgs/srv/ListHardwareComponents_Request.msg
[3.652s] -- Up-to-date: /home/vincentspada/unitree_ws/install/controller_manager_msgs/share/controller_manager_msgs/srv/ListHardwareComponents_Response.msg
[3.653s] -- Up-to-date: /home/vincentspada/unitree_ws/install/controller_manager_msgs/share/controller_manager_msgs/srv/ListHardwareInterfaces.srv
[3.653s] -- Up-to-date: /home/vincentspada/unitree_ws/install/controller_manager_msgs/share/controller_manager_msgs/srv/ListHardwareInterfaces_Request.msg
[3.662s] -- Up-to-date: /home/vincentspada/unitree_ws/install/controller_manager_msgs/share/controller_manager_msgs/srv/ListHardwareInterfaces_Response.msg
[3.663s] -- Up-to-date: /home/vincentspada/unitree_ws/install/controller_manager_msgs/share/controller_manager_msgs/srv/LoadController.srv
[3.663s] -- Up-to-date: /home/vincentspada/unitree_ws/install/controller_manager_msgs/share/controller_manager_msgs/srv/LoadController_Request.msg
[3.663s] -- Up-to-date: /home/vincentspada/unitree_ws/install/controller_manager_msgs/share/controller_manager_msgs/srv/LoadController_Response.msg
[3.663s] -- Up-to-date: /home/vincentspada/unitree_ws/install/controller_manager_msgs/share/controller_manager_msgs/srv/ReloadControllerLibraries.srv
[3.664s] -- Up-to-date: /home/vincentspada/unitree_ws/install/controller_manager_msgs/share/controller_manager_msgs/srv/ReloadControllerLibraries_Request.msg
[3.664s] -- Up-to-date: /home/vincentspada/unitree_ws/install/controller_manager_msgs/share/controller_manager_msgs/srv/ReloadControllerLibraries_Response.msg
[3.664s] -- Up-to-date: /home/vincentspada/unitree_ws/install/controller_manager_msgs/share/controller_manager_msgs/srv/SetHardwareComponentState.srv
[3.665s] -- Up-to-date: /home/vincentspada/unitree_ws/install/controller_manager_msgs/share/controller_manager_msgs/srv/SetHardwareComponentState_Request.msg
[3.671s] -- Up-to-date: /home/vincentspada/unitree_ws/install/controller_manager_msgs/share/controller_manager_msgs/srv/SetHardwareComponentState_Response.msg
[3.672s] -- Up-to-date: /home/vincentspada/unitree_ws/install/controller_manager_msgs/share/controller_manager_msgs/srv/SwitchController.srv
[3.672s] -- Up-to-date: /home/vincentspada/unitree_ws/install/controller_manager_msgs/share/controller_manager_msgs/srv/SwitchController_Request.msg
[3.672s] -- Up-to-date: /home/vincentspada/unitree_ws/install/controller_manager_msgs/share/controller_manager_msgs/srv/SwitchController_Response.msg
[3.672s] -- Up-to-date: /home/vincentspada/unitree_ws/install/controller_manager_msgs/share/controller_manager_msgs/srv/UnloadController.srv
[3.673s] -- Up-to-date: /home/vincentspada/unitree_ws/install/controller_manager_msgs/share/controller_manager_msgs/srv/UnloadController_Request.msg
[3.673s] -- Up-to-date: /home/vincentspada/unitree_ws/install/controller_manager_msgs/share/controller_manager_msgs/srv/UnloadController_Response.msg
[3.673s] -- Up-to-date: /home/vincentspada/unitree_ws/install/controller_manager_msgs/share/ament_index/resource_index/package_run_dependencies/controller_manager_msgs
[3.674s] -- Up-to-date: /home/vincentspada/unitree_ws/install/controller_manager_msgs/share/ament_index/resource_index/parent_prefix_path/controller_manager_msgs
[3.674s] -- Up-to-date: /home/vincentspada/unitree_ws/install/controller_manager_msgs/share/controller_manager_msgs/environment/ament_prefix_path.sh
[3.674s] -- Up-to-date: /home/vincentspada/unitree_ws/install/controller_manager_msgs/share/controller_manager_msgs/environment/ament_prefix_path.dsv
[3.674s] -- Up-to-date: /home/vincentspada/unitree_ws/install/controller_manager_msgs/share/controller_manager_msgs/environment/path.sh
[3.675s] -- Up-to-date: /home/vincentspada/unitree_ws/install/controller_manager_msgs/share/controller_manager_msgs/environment/path.dsv
[3.675s] -- Up-to-date: /home/vincentspada/unitree_ws/install/controller_manager_msgs/share/controller_manager_msgs/local_setup.bash
[3.675s] -- Up-to-date: /home/vincentspada/unitree_ws/install/controller_manager_msgs/share/controller_manager_msgs/local_setup.sh
[3.676s] -- Up-to-date: /home/vincentspada/unitree_ws/install/controller_manager_msgs/share/controller_manager_msgs/local_setup.zsh
[3.676s] -- Up-to-date: /home/vincentspada/unitree_ws/install/controller_manager_msgs/share/controller_manager_msgs/local_setup.dsv
[3.676s] -- Installing: /home/vincentspada/unitree_ws/install/controller_manager_msgs/share/controller_manager_msgs/package.dsv
[3.676s] -- Up-to-date: /home/vincentspada/unitree_ws/install/controller_manager_msgs/share/ament_index/resource_index/packages/controller_manager_msgs
[3.676s] -- Up-to-date: /home/vincentspada/unitree_ws/install/controller_manager_msgs/share/controller_manager_msgs/cmake/export_controller_manager_msgs__rosidl_generator_cExport.cmake
[3.677s] -- Up-to-date: /home/vincentspada/unitree_ws/install/controller_manager_msgs/share/controller_manager_msgs/cmake/export_controller_manager_msgs__rosidl_generator_cExport-noconfig.cmake
[3.677s] -- Up-to-date: /home/vincentspada/unitree_ws/install/controller_manager_msgs/share/controller_manager_msgs/cmake/export_controller_manager_msgs__rosidl_typesupport_fastrtps_cExport.cmake
[3.677s] -- Up-to-date: /home/vincentspada/unitree_ws/install/controller_manager_msgs/share/controller_manager_msgs/cmake/export_controller_manager_msgs__rosidl_typesupport_fastrtps_cExport-noconfig.cmake
[3.677s] -- Up-to-date: /home/vincentspada/unitree_ws/install/controller_manager_msgs/share/controller_manager_msgs/cmake/export_controller_manager_msgs__rosidl_generator_cppExport.cmake
[3.677s] -- Up-to-date: /home/vincentspada/unitree_ws/install/controller_manager_msgs/share/controller_manager_msgs/cmake/export_controller_manager_msgs__rosidl_typesupport_fastrtps_cppExport.cmake
[3.678s] -- Up-to-date: /home/vincentspada/unitree_ws/install/controller_manager_msgs/share/controller_manager_msgs/cmake/export_controller_manager_msgs__rosidl_typesupport_fastrtps_cppExport-noconfig.cmake
[3.678s] -- Up-to-date: /home/vincentspada/unitree_ws/install/controller_manager_msgs/share/controller_manager_msgs/cmake/controller_manager_msgs__rosidl_typesupport_introspection_cExport.cmake
[3.678s] -- Up-to-date: /home/vincentspada/unitree_ws/install/controller_manager_msgs/share/controller_manager_msgs/cmake/controller_manager_msgs__rosidl_typesupport_introspection_cExport-noconfig.cmake
[3.678s] -- Up-to-date: /home/vincentspada/unitree_ws/install/controller_manager_msgs/share/controller_manager_msgs/cmake/controller_manager_msgs__rosidl_typesupport_cExport.cmake
[3.678s] -- Up-to-date: /home/vincentspada/unitree_ws/install/controller_manager_msgs/share/controller_manager_msgs/cmake/controller_manager_msgs__rosidl_typesupport_cExport-noconfig.cmake
[3.679s] -- Up-to-date: /home/vincentspada/unitree_ws/install/controller_manager_msgs/share/controller_manager_msgs/cmake/controller_manager_msgs__rosidl_typesupport_introspection_cppExport.cmake
[3.679s] -- Up-to-date: /home/vincentspada/unitree_ws/install/controller_manager_msgs/share/controller_manager_msgs/cmake/controller_manager_msgs__rosidl_typesupport_introspection_cppExport-noconfig.cmake
[3.679s] -- Up-to-date: /home/vincentspada/unitree_ws/install/controller_manager_msgs/share/controller_manager_msgs/cmake/controller_manager_msgs__rosidl_typesupport_cppExport.cmake
[3.679s] -- Up-to-date: /home/vincentspada/unitree_ws/install/controller_manager_msgs/share/controller_manager_msgs/cmake/controller_manager_msgs__rosidl_typesupport_cppExport-noconfig.cmake
[3.680s] -- Up-to-date: /home/vincentspada/unitree_ws/install/controller_manager_msgs/share/controller_manager_msgs/cmake/export_controller_manager_msgs__rosidl_generator_pyExport.cmake
[3.680s] -- Up-to-date: /home/vincentspada/unitree_ws/install/controller_manager_msgs/share/controller_manager_msgs/cmake/export_controller_manager_msgs__rosidl_generator_pyExport-noconfig.cmake
[3.681s] -- Up-to-date: /home/vincentspada/unitree_ws/install/controller_manager_msgs/share/controller_manager_msgs/cmake/rosidl_cmake-extras.cmake
[3.681s] -- Up-to-date: /home/vincentspada/unitree_ws/install/controller_manager_msgs/share/controller_manager_msgs/cmake/ament_cmake_export_dependencies-extras.cmake
[3.681s] -- Up-to-date: /home/vincentspada/unitree_ws/install/controller_manager_msgs/share/controller_manager_msgs/cmake/ament_cmake_export_include_directories-extras.cmake
[3.681s] -- Up-to-date: /home/vincentspada/unitree_ws/install/controller_manager_msgs/share/controller_manager_msgs/cmake/ament_cmake_export_libraries-extras.cmake
[3.681s] -- Up-to-date: /home/vincentspada/unitree_ws/install/controller_manager_msgs/share/controller_manager_msgs/cmake/ament_cmake_export_targets-extras.cmake
[3.681s] -- Up-to-date: /home/vincentspada/unitree_ws/install/controller_manager_msgs/share/controller_manager_msgs/cmake/rosidl_cmake_export_typesupport_targets-extras.cmake
[3.682s] -- Up-to-date: /home/vincentspada/unitree_ws/install/controller_manager_msgs/share/controller_manager_msgs/cmake/rosidl_cmake_export_typesupport_libraries-extras.cmake
[3.682s] -- Up-to-date: /home/vincentspada/unitree_ws/install/controller_manager_msgs/share/controller_manager_msgs/cmake/controller_manager_msgsConfig.cmake
[3.682s] -- Up-to-date: /home/vincentspada/unitree_ws/install/controller_manager_msgs/share/controller_manager_msgs/cmake/controller_manager_msgsConfig-version.cmake
[3.682s] -- Up-to-date: /home/vincentspada/unitree_ws/install/controller_manager_msgs/share/controller_manager_msgs/package.xml
[3.699s] Invoked command in '/home/vincentspada/unitree_ws/build/controller_manager_msgs' returned '0': CMAKE_PREFIX_PATH=/opt/ros/humble:${CMAKE_PREFIX_PATH} /usr/bin/cmake --install /home/vincentspada/unitree_ws/build/controller_manager_msgs
