[35m[1mConsolidate compiler generated dependencies of target control_toolbox[0m
[35m[1mConsolidate compiler generated dependencies of target gmock_main[0m
[35m[1mConsolidate compiler generated dependencies of target gmock[0m
[  3%] Built target low_pass_filter_parameters
[35m[1mConsolidate compiler generated dependencies of target gtest_main[0m
[ 13%] Built target gmock
[ 20%] Built target gmock_main
[35m[1mConsolidate compiler generated dependencies of target gtest[0m
[ 44%] Built target control_toolbox
[35m[1mConsolidate compiler generated dependencies of target low_pass_filter[0m
[ 51%] Built target gtest_main
[35m[1mConsolidate compiler generated dependencies of target pid_tests[0m
[ 58%] Built target gtest
[ 65%] Built target pid_tests
[ 72%] Built target low_pass_filter
[35m[1mConsolidate compiler generated dependencies of target pid_publisher_tests[0m
[35m[1mConsolidate compiler generated dependencies of target pid_parameters_tests[0m
[35m[1mConsolidate compiler generated dependencies of target test_load_low_pass_filter[0m
[35m[1mConsolidate compiler generated dependencies of target test_low_pass_filter[0m
[ 79%] Built target pid_publisher_tests
[ 86%] Built target pid_parameters_tests
[ 93%] Built target test_load_low_pass_filter
[100%] Built target test_low_pass_filter
