[0.055s] Invoking command in '/home/vincentspada/unitree_ws/build/realtime_tools': CMAKE_PREFIX_PATH=/home/vincentspada/unitree_ws/install/ros2_control_test_assets:/home/vincentspada/unitree_ws/install/ros2_control_demo_description:/home/vincentspada/unitree_ws/install/realtime_tools:/home/vincentspada/unitree_ws/install/kinematics_interface_kdl:/home/vincentspada/unitree_ws/install/kinematics_interface:/home/vincentspada/unitree_ws/install/joint_limits:/home/vincentspada/unitree_ws/install/controller_manager_msgs:/home/vincentspada/unitree_ws/install/ros2_controllers_test_nodes:/home/vincentspada/unitree_ws/install/control_msgs:/home/vincentspada/catkin_ws/devel /usr/bin/cmake /home/vincentspada/unitree_ws/src/ros-controls/realtime_tools -DCMAKE_INSTALL_PREFIX=/home/vincentspada/unitree_ws/install/realtime_tools
[0.278s] -- The CXX compiler identification is GNU 11.4.0
[0.299s] -- Detecting CXX compiler ABI info
[0.569s] -- Detecting CXX compiler ABI info - done
[0.591s] -- Check for working CXX compiler: /usr/bin/c++ - skipped
[0.592s] -- Detecting CXX compile features
[0.593s] -- Detecting CXX compile features - done
[0.629s] [31mCMake Error at CMakeLists.txt:14 (find_package):
[0.629s]   By not providing "Findament_cmake.cmake" in CMAKE_MODULE_PATH this project
[0.630s]   has asked CMake to find a package configuration file provided by
[0.630s]   "ament_cmake", but CMake did not find one.
[0.630s] 
[0.631s]   Could not find a package configuration file provided by "ament_cmake" with
[0.631s]   any of the following names:
[0.631s] 
[0.631s]     ament_cmakeConfig.cmake
[0.631s]     ament_cmake-config.cmake
[0.632s] 
[0.632s]   Add the installation prefix of "ament_cmake" to CMAKE_PREFIX_PATH or set
[0.632s]   "ament_cmake_DIR" to a directory containing one of the above files.  If
[0.632s]   "ament_cmake" provides a separate development package or SDK, be sure it
[0.633s]   has been installed.
[0.633s] 
[0.633s] [0m
[0.634s] -- Configuring incomplete, errors occurred!
[0.634s] See also "/home/vincentspada/unitree_ws/build/realtime_tools/CMakeFiles/CMakeOutput.log".
[0.641s] Invoked command in '/home/vincentspada/unitree_ws/build/realtime_tools' returned '1': CMAKE_PREFIX_PATH=/home/vincentspada/unitree_ws/install/ros2_control_test_assets:/home/vincentspada/unitree_ws/install/ros2_control_demo_description:/home/vincentspada/unitree_ws/install/realtime_tools:/home/vincentspada/unitree_ws/install/kinematics_interface_kdl:/home/vincentspada/unitree_ws/install/kinematics_interface:/home/vincentspada/unitree_ws/install/joint_limits:/home/vincentspada/unitree_ws/install/controller_manager_msgs:/home/vincentspada/unitree_ws/install/ros2_controllers_test_nodes:/home/vincentspada/unitree_ws/install/control_msgs:/home/vincentspada/catkin_ws/devel /usr/bin/cmake /home/vincentspada/unitree_ws/src/ros-controls/realtime_tools -DCMAKE_INSTALL_PREFIX=/home/vincentspada/unitree_ws/install/realtime_tools
